[0.417s] Invoking command in '/home/tejaswini/ros2_ws/src/task1_pkg': PYTHONPATH=/home/tejaswini/ros2_ws/build/task1_pkg/prefix_override:/usr/lib/python3/dist-packages/colcon_core/task/python/colcon_distutils_commands:/home/tejaswini/ros2_ws/install/task1_pkg/lib/python3.10/site-packages:${PYTHONPATH} /usr/bin/python3 -W ignore:setup.py install is deprecated -W ignore:easy_install command is deprecated setup.py egg_info --egg-base ../../build/task1_pkg build --build-base /home/tejaswini/ros2_ws/build/task1_pkg/build install --record /home/tejaswini/ros2_ws/build/task1_pkg/install.log --single-version-externally-managed install_data
[0.573s] running egg_info
[0.573s] writing ../../build/task1_pkg/task1_pkg.egg-info/PKG-INFO
[0.573s] writing dependency_links to ../../build/task1_pkg/task1_pkg.egg-info/dependency_links.txt
[0.574s] writing entry points to ../../build/task1_pkg/task1_pkg.egg-info/entry_points.txt
[0.574s] writing requirements to ../../build/task1_pkg/task1_pkg.egg-info/requires.txt
[0.574s] writing top-level names to ../../build/task1_pkg/task1_pkg.egg-info/top_level.txt
[0.574s] reading manifest file '../../build/task1_pkg/task1_pkg.egg-info/SOURCES.txt'
[0.575s] writing manifest file '../../build/task1_pkg/task1_pkg.egg-info/SOURCES.txt'
[0.575s] running build
[0.575s] running build_py
[0.575s] running install
[0.575s] running install_lib
[0.576s] running install_data
[0.576s] running install_egg_info
[0.578s] removing '/home/tejaswini/ros2_ws/install/task1_pkg/lib/python3.10/site-packages/task1_pkg-0.0.0-py3.10.egg-info' (and everything under it)
[0.578s] Copying ../../build/task1_pkg/task1_pkg.egg-info to /home/tejaswini/ros2_ws/install/task1_pkg/lib/python3.10/site-packages/task1_pkg-0.0.0-py3.10.egg-info
[0.578s] running install_scripts
[0.592s] Installing controller script to /home/tejaswini/ros2_ws/install/task1_pkg/lib/task1_pkg
[0.592s] writing list of installed files to '/home/tejaswini/ros2_ws/build/task1_pkg/install.log'
[0.606s] Invoked command in '/home/tejaswini/ros2_ws/src/task1_pkg' returned '0': PYTHONPATH=/home/tejaswini/ros2_ws/build/task1_pkg/prefix_override:/usr/lib/python3/dist-packages/colcon_core/task/python/colcon_distutils_commands:/home/tejaswini/ros2_ws/install/task1_pkg/lib/python3.10/site-packages:${PYTHONPATH} /usr/bin/python3 -W ignore:setup.py install is deprecated -W ignore:easy_install command is deprecated setup.py egg_info --egg-base ../../build/task1_pkg build --build-base /home/tejaswini/ros2_ws/build/task1_pkg/build install --record /home/tejaswini/ros2_ws/build/task1_pkg/install.log --single-version-externally-managed install_data
