[0.321s] Invoking command in '/home/tejaswini/ros2_ws/build/joint_limits': CMAKE_PREFIX_PATH=${CMAKE_PREFIX_PATH}:/home/tejaswini/ros2_ws/install/task1_pkg:/home/tejaswini/ros2_ws/install/rqt_joint_trajectory_controller:/home/tejaswini/ros2_ws/install/rqt_controller_manager:/home/tejaswini/ros2_ws/install/ros2controlcli:/home/tejaswini/ros2_ws/install/ros2_controllers_test_nodes:/home/tejaswini/ros2_ws/install/ros2_control_demo_testing:/opt/ros/humble /usr/bin/cmake /home/tejaswini/ros2_ws/src/ros-controls/ros2_control/joint_limits -DCMAKE_INSTALL_PREFIX=/home/tejaswini/ros2_ws/install/joint_limits
[0.334s] -- Found ament_cmake: 1.3.11 (/opt/ros/humble/share/ament_cmake/cmake)
[0.430s] -- Override CMake install command with custom implementation using symlinks instead of copying resources
[0.434s] -- Found rclcpp: 16.0.11 (/opt/ros/humble/share/rclcpp/cmake)
[0.453s] -- Found rosidl_generator_c: 3.1.6 (/opt/ros/humble/share/rosidl_generator_c/cmake)
[0.454s] -- Found rosidl_adapter: 3.1.6 (/opt/ros/humble/share/rosidl_adapter/cmake)
[0.458s] -- Found rosidl_generator_cpp: 3.1.6 (/opt/ros/humble/share/rosidl_generator_cpp/cmake)
[0.466s] -- Using all available rosidl_typesupport_c: rosidl_typesupport_fastrtps_c;rosidl_typesupport_introspection_c
[0.475s] -- Using all available rosidl_typesupport_cpp: rosidl_typesupport_fastrtps_cpp;rosidl_typesupport_introspection_cpp
[0.498s] -- Found rmw_implementation_cmake: 6.1.2 (/opt/ros/humble/share/rmw_implementation_cmake/cmake)
[0.500s] -- Found rmw_fastrtps_cpp: 6.2.7 (/opt/ros/humble/share/rmw_fastrtps_cpp/cmake)
[0.598s] -- Using RMW implementation 'rmw_fastrtps_cpp' as default
[0.631s] -- Found rclcpp_lifecycle: 16.0.11 (/opt/ros/humble/share/rclcpp_lifecycle/cmake)
[0.646s] -- Found ament_cmake_gtest: 1.3.11 (/opt/ros/humble/share/ament_cmake_gtest/cmake)
[0.646s] -- Found launch_testing_ament_cmake: 1.0.7 (/opt/ros/humble/share/launch_testing_ament_cmake/cmake)
[0.647s] -- Found python_cmake_module: 0.10.0 (/opt/ros/humble/share/python_cmake_module/cmake)
[0.667s] -- Using PYTHON_EXECUTABLE: /usr/bin/python3
[0.667s] -- Using PYTHON_INCLUDE_DIRS: /usr/include/python3.10
[0.667s] -- Using PYTHON_LIBRARIES: /usr/lib/x86_64-linux-gnu/libpython3.10.so
[0.668s] -- Found gtest sources under '/opt/ros/humble/src/gtest_vendor': C++ tests using 'Google Test' will be built
[0.740s] -- Configuring done
[0.754s] -- Generating done
[0.759s] -- Build files have been written to: /home/tejaswini/ros2_ws/build/joint_limits
[0.768s] Invoked command in '/home/tejaswini/ros2_ws/build/joint_limits' returned '0': CMAKE_PREFIX_PATH=${CMAKE_PREFIX_PATH}:/home/tejaswini/ros2_ws/install/task1_pkg:/home/tejaswini/ros2_ws/install/rqt_joint_trajectory_controller:/home/tejaswini/ros2_ws/install/rqt_controller_manager:/home/tejaswini/ros2_ws/install/ros2controlcli:/home/tejaswini/ros2_ws/install/ros2_controllers_test_nodes:/home/tejaswini/ros2_ws/install/ros2_control_demo_testing:/opt/ros/humble /usr/bin/cmake /home/tejaswini/ros2_ws/src/ros-controls/ros2_control/joint_limits -DCMAKE_INSTALL_PREFIX=/home/tejaswini/ros2_ws/install/joint_limits
[0.769s] Invoking command in '/home/tejaswini/ros2_ws/build/joint_limits': CMAKE_PREFIX_PATH=${CMAKE_PREFIX_PATH}:/home/tejaswini/ros2_ws/install/task1_pkg:/home/tejaswini/ros2_ws/install/rqt_joint_trajectory_controller:/home/tejaswini/ros2_ws/install/rqt_controller_manager:/home/tejaswini/ros2_ws/install/ros2controlcli:/home/tejaswini/ros2_ws/install/ros2_controllers_test_nodes:/home/tejaswini/ros2_ws/install/ros2_control_demo_testing:/opt/ros/humble /usr/bin/cmake --build /home/tejaswini/ros2_ws/build/joint_limits -- -j16 -l16
[0.829s] [35m[1mConsolidate compiler generated dependencies of target gtest_main[0m
[0.829s] [35m[1mConsolidate compiler generated dependencies of target gtest[0m
[0.844s] [ 33%] Built target gtest_main
[0.849s] [ 66%] Built target gtest
[0.866s] [35m[1mConsolidate compiler generated dependencies of target joint_limits_rosparam_test[0m
[0.885s] [100%] Built target joint_limits_rosparam_test
[0.895s] Invoked command in '/home/tejaswini/ros2_ws/build/joint_limits' returned '0': CMAKE_PREFIX_PATH=${CMAKE_PREFIX_PATH}:/home/tejaswini/ros2_ws/install/task1_pkg:/home/tejaswini/ros2_ws/install/rqt_joint_trajectory_controller:/home/tejaswini/ros2_ws/install/rqt_controller_manager:/home/tejaswini/ros2_ws/install/ros2controlcli:/home/tejaswini/ros2_ws/install/ros2_controllers_test_nodes:/home/tejaswini/ros2_ws/install/ros2_control_demo_testing:/opt/ros/humble /usr/bin/cmake --build /home/tejaswini/ros2_ws/build/joint_limits -- -j16 -l16
[0.897s] Invoking command in '/home/tejaswini/ros2_ws/build/joint_limits': CMAKE_PREFIX_PATH=${CMAKE_PREFIX_PATH}:/home/tejaswini/ros2_ws/install/task1_pkg:/home/tejaswini/ros2_ws/install/rqt_joint_trajectory_controller:/home/tejaswini/ros2_ws/install/rqt_controller_manager:/home/tejaswini/ros2_ws/install/ros2controlcli:/home/tejaswini/ros2_ws/install/ros2_controllers_test_nodes:/home/tejaswini/ros2_ws/install/ros2_control_demo_testing:/opt/ros/humble /usr/bin/cmake --install /home/tejaswini/ros2_ws/build/joint_limits
[0.905s] -- Install configuration: ""
[0.906s] -- Execute custom install script
[0.906s] -- Up-to-date symlink: /home/tejaswini/ros2_ws/install/joint_limits/include/joint_limits/joint_limits.hpp
[0.906s] -- Up-to-date symlink: /home/tejaswini/ros2_ws/install/joint_limits/include/joint_limits/joint_limits_rosparam.hpp
[0.906s] -- Up-to-date symlink: /home/tejaswini/ros2_ws/install/joint_limits/lib/joint_limits/joint_limits_rosparam_test
[0.906s] -- Up-to-date symlink: /home/tejaswini/ros2_ws/install/joint_limits/share/joint_limits/test/joint_limits_rosparam.yaml
[0.906s] -- Up-to-date symlink: /home/tejaswini/ros2_ws/install/joint_limits/share/ament_index/resource_index/package_run_dependencies/joint_limits
[0.906s] -- Up-to-date symlink: /home/tejaswini/ros2_ws/install/joint_limits/share/ament_index/resource_index/parent_prefix_path/joint_limits
[0.906s] -- Up-to-date symlink: /home/tejaswini/ros2_ws/install/joint_limits/share/joint_limits/environment/ament_prefix_path.sh
[0.906s] -- Up-to-date symlink: /home/tejaswini/ros2_ws/install/joint_limits/share/joint_limits/environment/ament_prefix_path.dsv
[0.907s] -- Up-to-date symlink: /home/tejaswini/ros2_ws/install/joint_limits/share/joint_limits/environment/path.sh
[0.907s] -- Up-to-date symlink: /home/tejaswini/ros2_ws/install/joint_limits/share/joint_limits/environment/path.dsv
[0.907s] -- Up-to-date symlink: /home/tejaswini/ros2_ws/install/joint_limits/share/joint_limits/local_setup.bash
[0.907s] -- Up-to-date symlink: /home/tejaswini/ros2_ws/install/joint_limits/share/joint_limits/local_setup.sh
[0.907s] -- Up-to-date symlink: /home/tejaswini/ros2_ws/install/joint_limits/share/joint_limits/local_setup.zsh
[0.907s] -- Up-to-date symlink: /home/tejaswini/ros2_ws/install/joint_limits/share/joint_limits/local_setup.dsv
[0.907s] -- Symlinking: /home/tejaswini/ros2_ws/install/joint_limits/share/joint_limits/package.dsv
[0.921s] -- Up-to-date symlink: /home/tejaswini/ros2_ws/install/joint_limits/share/ament_index/resource_index/packages/joint_limits
[0.921s] -- Up-to-date symlink: /home/tejaswini/ros2_ws/install/joint_limits/share/joint_limits/cmake/ament_cmake_export_dependencies-extras.cmake
[0.921s] -- Up-to-date symlink: /home/tejaswini/ros2_ws/install/joint_limits/share/joint_limits/cmake/ament_cmake_export_include_directories-extras.cmake
[0.921s] -- Up-to-date symlink: /home/tejaswini/ros2_ws/install/joint_limits/share/joint_limits/cmake/joint_limitsConfig.cmake
[0.921s] -- Up-to-date symlink: /home/tejaswini/ros2_ws/install/joint_limits/share/joint_limits/cmake/joint_limitsConfig-version.cmake
[0.922s] -- Up-to-date symlink: /home/tejaswini/ros2_ws/install/joint_limits/share/joint_limits/package.xml
[0.924s] Invoked command in '/home/tejaswini/ros2_ws/build/joint_limits' returned '0': CMAKE_PREFIX_PATH=${CMAKE_PREFIX_PATH}:/home/tejaswini/ros2_ws/install/task1_pkg:/home/tejaswini/ros2_ws/install/rqt_joint_trajectory_controller:/home/tejaswini/ros2_ws/install/rqt_controller_manager:/home/tejaswini/ros2_ws/install/ros2controlcli:/home/tejaswini/ros2_ws/install/ros2_controllers_test_nodes:/home/tejaswini/ros2_ws/install/ros2_control_demo_testing:/opt/ros/humble /usr/bin/cmake --install /home/tejaswini/ros2_ws/build/joint_limits
