[0.012s] Invoking command in '/home/tejaswini/ros2_ws/build/kinematics_interface_kdl': AMENT_PREFIX_PATH=/home/tejaswini/ros2_ws/install/ros2_control_test_assets:/home/tejaswini/ros2_ws/install/kinematics_interface:${AMENT_PREFIX_PATH} CMAKE_PREFIX_PATH=/home/tejaswini/ros2_ws/install/ros2_control_test_assets:/home/tejaswini/ros2_ws/install/kinematics_interface:/home/tejaswini/ros2_ws/install/task1_pkg:/opt/ros/humble LD_LIBRARY_PATH=/home/tejaswini/ros2_ws/install/kinematics_interface/lib:/usr/lib/x86_64-linux-gnu/gazebo-11/plugins:/opt/ros/humble/opt/rviz_ogre_vendor/lib:/opt/ros/humble/lib/x86_64-linux-gnu:/opt/ros/humble/lib:/usr/lib/x86_64-linux-gnu/gazebo-11/plugins /usr/bin/cmake /home/tejaswini/ros2_ws/src/ros-controls/kinematics_interface/kinematics_interface_kdl -DAMENT_CMAKE_SYMLINK_INSTALL=1 -DCMAKE_INSTALL_PREFIX=/home/tejaswini/ros2_ws/install/kinematics_interface_kdl
[0.093s] -- The CXX compiler identification is GNU 11.4.0
[0.104s] -- Detecting CXX compiler ABI info
[0.202s] -- Detecting CXX compiler ABI info - done
[0.212s] -- Check for working CXX compiler: /usr/bin/c++ - skipped
[0.212s] -- Detecting CXX compile features
[0.213s] -- Detecting CXX compile features - done
[0.216s] -- Found ament_cmake: 1.3.11 (/opt/ros/humble/share/ament_cmake/cmake)
[0.403s] -- Found Python3: /usr/bin/python3 (found version "3.10.12") found components: Interpreter 
[0.489s] -- Override CMake install command with custom implementation using symlinks instead of copying resources
[0.526s] -- Found kdl_parser: 2.6.4 (/opt/ros/humble/share/kdl_parser/cmake)
[0.553s] -- Found eigen3_cmake_module: 0.1.1 (/opt/ros/humble/share/eigen3_cmake_module/cmake)
[0.555s] -- Found Eigen3: TRUE (found version "3.4.0") 
[0.555s] -- Ensuring Eigen3 include directory is part of orocos-kdl CMake target
[0.567s] -- Found kinematics_interface: 0.3.0 (/home/tejaswini/ros2_ws/install/kinematics_interface/share/kinematics_interface/cmake)
[0.613s] -- Found rosidl_generator_c: 3.1.6 (/opt/ros/humble/share/rosidl_generator_c/cmake)
[0.619s] -- Found rosidl_adapter: 3.1.6 (/opt/ros/humble/share/rosidl_adapter/cmake)
[0.630s] -- Found rosidl_generator_cpp: 3.1.6 (/opt/ros/humble/share/rosidl_generator_cpp/cmake)
[0.647s] -- Using all available rosidl_typesupport_c: rosidl_typesupport_fastrtps_c;rosidl_typesupport_introspection_c
[0.669s] -- Using all available rosidl_typesupport_cpp: rosidl_typesupport_fastrtps_cpp;rosidl_typesupport_introspection_cpp
[0.731s] -- Found rmw_implementation_cmake: 6.1.2 (/opt/ros/humble/share/rmw_implementation_cmake/cmake)
[0.734s] -- Found rmw_fastrtps_cpp: 6.2.7 (/opt/ros/humble/share/rmw_fastrtps_cpp/cmake)
[0.839s] -- Found OpenSSL: /usr/lib/x86_64-linux-gnu/libcrypto.so (found version "3.0.2")  
[0.890s] -- Found FastRTPS: /opt/ros/humble/include  
[0.948s] -- Using RMW implementation 'rmw_fastrtps_cpp' as default
[0.961s] -- Looking for C++ include pthread.h
[1.108s] -- Looking for C++ include pthread.h - found
[1.108s] -- Performing Test CMAKE_HAVE_LIBC_PTHREAD
[1.188s] -- Performing Test CMAKE_HAVE_LIBC_PTHREAD - Success
[1.189s] -- Found Threads: TRUE  
[1.248s] -- Found pluginlib: 5.1.0 (/opt/ros/humble/share/pluginlib/cmake)
[1.271s] -- Found tf2_eigen_kdl: 0.25.9 (/opt/ros/humble/share/tf2_eigen_kdl/cmake)
[1.293s] -- Found ament_cmake_gmock: 1.3.11 (/opt/ros/humble/share/ament_cmake_gmock/cmake)
[1.294s] -- Found ros2_control_test_assets: 2.45.0 (/home/tejaswini/ros2_ws/install/ros2_control_test_assets/share/ros2_control_test_assets/cmake)
[1.295s] -- Found gmock sources under '/opt/ros/humble/src/gmock_vendor': C++ tests using 'Google Mock' will be built
[1.332s] -- The C compiler identification is GNU 11.4.0
[1.342s] -- Detecting C compiler ABI info
[1.462s] -- Detecting C compiler ABI info - done
[1.494s] -- Check for working C compiler: /usr/bin/cc - skipped
[1.495s] -- Detecting C compile features
[1.495s] -- Detecting C compile features - done
[1.511s] -- Found ament_cmake_gtest: 1.3.11 (/opt/ros/humble/share/ament_cmake_gtest/cmake)
[1.513s] -- Found gtest sources under '/opt/ros/humble/src/gtest_vendor': C++ tests using 'Google Test' will be built
[1.736s] -- Configuring done
[1.773s] -- Generating done
[1.784s] -- Build files have been written to: /home/tejaswini/ros2_ws/build/kinematics_interface_kdl
[1.805s] Invoked command in '/home/tejaswini/ros2_ws/build/kinematics_interface_kdl' returned '0': AMENT_PREFIX_PATH=/home/tejaswini/ros2_ws/install/ros2_control_test_assets:/home/tejaswini/ros2_ws/install/kinematics_interface:${AMENT_PREFIX_PATH} CMAKE_PREFIX_PATH=/home/tejaswini/ros2_ws/install/ros2_control_test_assets:/home/tejaswini/ros2_ws/install/kinematics_interface:/home/tejaswini/ros2_ws/install/task1_pkg:/opt/ros/humble LD_LIBRARY_PATH=/home/tejaswini/ros2_ws/install/kinematics_interface/lib:/usr/lib/x86_64-linux-gnu/gazebo-11/plugins:/opt/ros/humble/opt/rviz_ogre_vendor/lib:/opt/ros/humble/lib/x86_64-linux-gnu:/opt/ros/humble/lib:/usr/lib/x86_64-linux-gnu/gazebo-11/plugins /usr/bin/cmake /home/tejaswini/ros2_ws/src/ros-controls/kinematics_interface/kinematics_interface_kdl -DAMENT_CMAKE_SYMLINK_INSTALL=1 -DCMAKE_INSTALL_PREFIX=/home/tejaswini/ros2_ws/install/kinematics_interface_kdl
[1.806s] Invoking command in '/home/tejaswini/ros2_ws/build/kinematics_interface_kdl': AMENT_PREFIX_PATH=/home/tejaswini/ros2_ws/install/ros2_control_test_assets:/home/tejaswini/ros2_ws/install/kinematics_interface:${AMENT_PREFIX_PATH} CMAKE_PREFIX_PATH=/home/tejaswini/ros2_ws/install/ros2_control_test_assets:/home/tejaswini/ros2_ws/install/kinematics_interface:/home/tejaswini/ros2_ws/install/task1_pkg:/opt/ros/humble LD_LIBRARY_PATH=/home/tejaswini/ros2_ws/install/kinematics_interface/lib:/usr/lib/x86_64-linux-gnu/gazebo-11/plugins:/opt/ros/humble/opt/rviz_ogre_vendor/lib:/opt/ros/humble/lib/x86_64-linux-gnu:/opt/ros/humble/lib:/usr/lib/x86_64-linux-gnu/gazebo-11/plugins /usr/bin/cmake --build /home/tejaswini/ros2_ws/build/kinematics_interface_kdl -- -j16 -l16
[1.872s] [ 11%] [32mBuilding CXX object gmock/CMakeFiles/gmock_main.dir/src/gmock_main.cc.o[0m
[1.881s] [ 22%] [32mBuilding CXX object CMakeFiles/kinematics_interface_kdl.dir/src/kinematics_interface_kdl.cpp.o[0m
[1.884s] [ 33%] [32mBuilding CXX object gmock/CMakeFiles/gmock.dir/opt/ros/humble/src/gtest_vendor/src/gtest-all.cc.o[0m
[1.893s] [ 44%] [32mBuilding CXX object gmock/CMakeFiles/gmock.dir/src/gmock-all.cc.o[0m
[5.135s] [ 55%] [32m[1mLinking CXX static library libgmock_main.a[0m
[5.210s] [ 55%] Built target gmock_main
[7.397s] [ 66%] [32m[1mLinking CXX static library libgmock.a[0m
[7.477s] [ 66%] Built target gmock
[18.491s] [ 77%] [32m[1mLinking CXX shared library libkinematics_interface_kdl.so[0m
[20.598s] [ 77%] Built target kinematics_interface_kdl
[20.624s] [ 88%] [32mBuilding CXX object CMakeFiles/test_kinematics_interface_kdl.dir/test/test_kinematics_interface_kdl.cpp.o[0m
[28.215s] [100%] [32m[1mLinking CXX executable test_kinematics_interface_kdl[0m
[28.600s] [100%] Built target test_kinematics_interface_kdl
[28.618s] Invoked command in '/home/tejaswini/ros2_ws/build/kinematics_interface_kdl' returned '0': AMENT_PREFIX_PATH=/home/tejaswini/ros2_ws/install/ros2_control_test_assets:/home/tejaswini/ros2_ws/install/kinematics_interface:${AMENT_PREFIX_PATH} CMAKE_PREFIX_PATH=/home/tejaswini/ros2_ws/install/ros2_control_test_assets:/home/tejaswini/ros2_ws/install/kinematics_interface:/home/tejaswini/ros2_ws/install/task1_pkg:/opt/ros/humble LD_LIBRARY_PATH=/home/tejaswini/ros2_ws/install/kinematics_interface/lib:/usr/lib/x86_64-linux-gnu/gazebo-11/plugins:/opt/ros/humble/opt/rviz_ogre_vendor/lib:/opt/ros/humble/lib/x86_64-linux-gnu:/opt/ros/humble/lib:/usr/lib/x86_64-linux-gnu/gazebo-11/plugins /usr/bin/cmake --build /home/tejaswini/ros2_ws/build/kinematics_interface_kdl -- -j16 -l16
[28.625s] Invoking command in '/home/tejaswini/ros2_ws/build/kinematics_interface_kdl': AMENT_PREFIX_PATH=/home/tejaswini/ros2_ws/install/ros2_control_test_assets:/home/tejaswini/ros2_ws/install/kinematics_interface:${AMENT_PREFIX_PATH} CMAKE_PREFIX_PATH=/home/tejaswini/ros2_ws/install/ros2_control_test_assets:/home/tejaswini/ros2_ws/install/kinematics_interface:/home/tejaswini/ros2_ws/install/task1_pkg:/opt/ros/humble LD_LIBRARY_PATH=/home/tejaswini/ros2_ws/install/kinematics_interface/lib:/usr/lib/x86_64-linux-gnu/gazebo-11/plugins:/opt/ros/humble/opt/rviz_ogre_vendor/lib:/opt/ros/humble/lib/x86_64-linux-gnu:/opt/ros/humble/lib:/usr/lib/x86_64-linux-gnu/gazebo-11/plugins /usr/bin/cmake --install /home/tejaswini/ros2_ws/build/kinematics_interface_kdl
[28.633s] -- Install configuration: ""
[28.633s] -- Execute custom install script
[28.634s] -- Symlinking: /home/tejaswini/ros2_ws/install/kinematics_interface_kdl/share/kinematics_interface_kdl//kinematics_interface_kdl.xml
[28.649s] -- Symlinking: /home/tejaswini/ros2_ws/install/kinematics_interface_kdl/include/kinematics_interface_kdl/kinematics_interface_kdl/kinematics_interface_kdl.hpp
[28.666s] -- Symlinking: /home/tejaswini/ros2_ws/install/kinematics_interface_kdl/share/kinematics_interface_kdl/environment/library_path.sh
[28.678s] -- Symlinking: /home/tejaswini/ros2_ws/install/kinematics_interface_kdl/share/kinematics_interface_kdl/environment/library_path.dsv
[28.690s] -- Symlinking: /home/tejaswini/ros2_ws/install/kinematics_interface_kdl/share/ament_index/resource_index/package_run_dependencies/kinematics_interface_kdl
[28.706s] -- Symlinking: /home/tejaswini/ros2_ws/install/kinematics_interface_kdl/share/ament_index/resource_index/parent_prefix_path/kinematics_interface_kdl
[28.721s] -- Symlinking: /home/tejaswini/ros2_ws/install/kinematics_interface_kdl/share/kinematics_interface_kdl/environment/ament_prefix_path.sh
[28.732s] -- Symlinking: /home/tejaswini/ros2_ws/install/kinematics_interface_kdl/share/kinematics_interface_kdl/environment/ament_prefix_path.dsv
[28.746s] -- Symlinking: /home/tejaswini/ros2_ws/install/kinematics_interface_kdl/share/kinematics_interface_kdl/environment/path.sh
[28.760s] -- Symlinking: /home/tejaswini/ros2_ws/install/kinematics_interface_kdl/share/kinematics_interface_kdl/environment/path.dsv
[28.775s] -- Symlinking: /home/tejaswini/ros2_ws/install/kinematics_interface_kdl/share/kinematics_interface_kdl/local_setup.bash
[28.789s] -- Symlinking: /home/tejaswini/ros2_ws/install/kinematics_interface_kdl/share/kinematics_interface_kdl/local_setup.sh
[28.802s] -- Symlinking: /home/tejaswini/ros2_ws/install/kinematics_interface_kdl/share/kinematics_interface_kdl/local_setup.zsh
[28.821s] -- Symlinking: /home/tejaswini/ros2_ws/install/kinematics_interface_kdl/share/kinematics_interface_kdl/local_setup.dsv
[28.839s] -- Symlinking: /home/tejaswini/ros2_ws/install/kinematics_interface_kdl/share/kinematics_interface_kdl/package.dsv
[28.850s] -- Symlinking: /home/tejaswini/ros2_ws/install/kinematics_interface_kdl/share/ament_index/resource_index/packages/kinematics_interface_kdl
[28.864s] -- Symlinking: /home/tejaswini/ros2_ws/install/kinematics_interface_kdl/share/ament_index/resource_index/kinematics_interface__pluginlib__plugin/kinematics_interface_kdl
[28.878s] -- Symlinking: /home/tejaswini/ros2_ws/install/kinematics_interface_kdl/share/kinematics_interface_kdl/cmake/ament_cmake_export_targets-extras.cmake
[28.892s] -- Symlinking: /home/tejaswini/ros2_ws/install/kinematics_interface_kdl/share/kinematics_interface_kdl/cmake/ament_cmake_export_dependencies-extras.cmake
[28.905s] -- Symlinking: /home/tejaswini/ros2_ws/install/kinematics_interface_kdl/share/kinematics_interface_kdl/cmake/kinematics_interface_kdlConfig.cmake
[28.921s] -- Symlinking: /home/tejaswini/ros2_ws/install/kinematics_interface_kdl/share/kinematics_interface_kdl/cmake/kinematics_interface_kdlConfig-version.cmake
[28.934s] -- Symlinking: /home/tejaswini/ros2_ws/install/kinematics_interface_kdl/share/kinematics_interface_kdl/package.xml
[28.945s] -- Installing: /home/tejaswini/ros2_ws/install/kinematics_interface_kdl/lib/libkinematics_interface_kdl.so
[28.948s] -- Set runtime path of "/home/tejaswini/ros2_ws/install/kinematics_interface_kdl/lib/libkinematics_interface_kdl.so" to ""
[28.949s] -- Installing: /home/tejaswini/ros2_ws/install/kinematics_interface_kdl/share/kinematics_interface_kdl/cmake/export_kinematics_interface_kdlExport.cmake
[28.949s] -- Installing: /home/tejaswini/ros2_ws/install/kinematics_interface_kdl/share/kinematics_interface_kdl/cmake/export_kinematics_interface_kdlExport-noconfig.cmake
[28.962s] Invoked command in '/home/tejaswini/ros2_ws/build/kinematics_interface_kdl' returned '0': AMENT_PREFIX_PATH=/home/tejaswini/ros2_ws/install/ros2_control_test_assets:/home/tejaswini/ros2_ws/install/kinematics_interface:${AMENT_PREFIX_PATH} CMAKE_PREFIX_PATH=/home/tejaswini/ros2_ws/install/ros2_control_test_assets:/home/tejaswini/ros2_ws/install/kinematics_interface:/home/tejaswini/ros2_ws/install/task1_pkg:/opt/ros/humble LD_LIBRARY_PATH=/home/tejaswini/ros2_ws/install/kinematics_interface/lib:/usr/lib/x86_64-linux-gnu/gazebo-11/plugins:/opt/ros/humble/opt/rviz_ogre_vendor/lib:/opt/ros/humble/lib/x86_64-linux-gnu:/opt/ros/humble/lib:/usr/lib/x86_64-linux-gnu/gazebo-11/plugins /usr/bin/cmake --install /home/tejaswini/ros2_ws/build/kinematics_interface_kdl
