[0.033s] Invoking command in '/home/tejaswini/ros2_ws/build/hardware_interface': AMENT_PREFIX_PATH=/home/tejaswini/ros2_ws/install/ros2_control_test_assets:/home/tejaswini/ros2_ws/install/control_msgs:${AMENT_PREFIX_PATH} CMAKE_PREFIX_PATH=/home/tejaswini/ros2_ws/install/ros2_control_test_assets:/home/tejaswini/ros2_ws/install/control_msgs:/home/tejaswini/ros2_ws/install/task1_pkg:/opt/ros/humble LD_LIBRARY_PATH=/home/tejaswini/ros2_ws/install/control_msgs/lib:/usr/lib/x86_64-linux-gnu/gazebo-11/plugins:/opt/ros/humble/opt/rviz_ogre_vendor/lib:/opt/ros/humble/lib/x86_64-linux-gnu:/opt/ros/humble/lib:/usr/lib/x86_64-linux-gnu/gazebo-11/plugins PYTHONPATH=/home/tejaswini/ros2_ws/install/control_msgs/local/lib/python3.10/dist-packages:${PYTHONPATH} /usr/bin/cmake /home/tejaswini/ros2_ws/src/ros-controls/ros2_control/hardware_interface -DAMENT_CMAKE_SYMLINK_INSTALL=1 -DCMAKE_INSTALL_PREFIX=/home/tejaswini/ros2_ws/install/hardware_interface
[0.185s] -- The C compiler identification is GNU 11.4.0
[0.309s] -- The CXX compiler identification is GNU 11.4.0
[0.318s] -- Detecting C compiler ABI info
[0.448s] -- Detecting C compiler ABI info - done
[0.469s] -- Check for working C compiler: /usr/bin/cc - skipped
[0.470s] -- Detecting C compile features
[0.470s] -- Detecting C compile features - done
[0.473s] -- Detecting CXX compiler ABI info
[0.629s] -- Detecting CXX compiler ABI info - done
[0.637s] -- Check for working CXX compiler: /usr/bin/c++ - skipped
[0.638s] -- Detecting CXX compile features
[0.638s] -- Detecting CXX compile features - done
[0.640s] -- Found ament_cmake: 1.3.11 (/opt/ros/humble/share/ament_cmake/cmake)
[0.898s] -- Found Python3: /usr/bin/python3 (found version "3.10.12") found components: Interpreter 
[0.979s] -- Override CMake install command with custom implementation using symlinks instead of copying resources
[1.008s] -- Found control_msgs: 4.7.0 (/home/tejaswini/ros2_ws/install/control_msgs/share/control_msgs/cmake)
[1.049s] -- Found rosidl_generator_c: 3.1.6 (/opt/ros/humble/share/rosidl_generator_c/cmake)
[1.054s] -- Found rosidl_adapter: 3.1.6 (/opt/ros/humble/share/rosidl_adapter/cmake)
[1.063s] -- Found rosidl_generator_cpp: 3.1.6 (/opt/ros/humble/share/rosidl_generator_cpp/cmake)
[1.077s] -- Using all available rosidl_typesupport_c: rosidl_typesupport_fastrtps_c;rosidl_typesupport_introspection_c
[1.095s] -- Using all available rosidl_typesupport_cpp: rosidl_typesupport_fastrtps_cpp;rosidl_typesupport_introspection_cpp
[1.235s] -- Found lifecycle_msgs: 1.2.1 (/opt/ros/humble/share/lifecycle_msgs/cmake)
[1.247s] -- Found pluginlib: 5.1.0 (/opt/ros/humble/share/pluginlib/cmake)
[1.276s] -- Found rclcpp_lifecycle: 16.0.11 (/opt/ros/humble/share/rclcpp_lifecycle/cmake)
[1.320s] -- Found rmw_implementation_cmake: 6.1.2 (/opt/ros/humble/share/rmw_implementation_cmake/cmake)
[1.323s] -- Found rmw_fastrtps_cpp: 6.2.7 (/opt/ros/humble/share/rmw_fastrtps_cpp/cmake)
[1.352s] -- Found TinyXML2 via Config file: TinyXML2_DIR-NOTFOUND
[1.539s] -- Found OpenSSL: /usr/lib/x86_64-linux-gnu/libcrypto.so (found version "3.0.2")  
[1.543s] -- Found TinyXML2 via Config file: TinyXML2_DIR-NOTFOUND
[1.565s] -- Found FastRTPS: /opt/ros/humble/include  
[1.569s] -- Found TinyXML2 via Config file: TinyXML2_DIR-NOTFOUND
[1.585s] -- Found TinyXML2 via Config file: TinyXML2_DIR-NOTFOUND
[1.604s] -- Using RMW implementation 'rmw_fastrtps_cpp' as default
[1.613s] -- Looking for pthread.h
[1.754s] -- Looking for pthread.h - found
[1.754s] -- Performing Test CMAKE_HAVE_LIBC_PTHREAD
[1.890s] -- Performing Test CMAKE_HAVE_LIBC_PTHREAD - Success
[1.898s] -- Found Threads: TRUE  
[1.951s] -- Found TinyXML2 via Config file: TinyXML2_DIR-NOTFOUND
[1.957s] -- Found ament_cmake_gmock: 1.3.11 (/opt/ros/humble/share/ament_cmake_gmock/cmake)
[1.958s] -- Found ros2_control_test_assets: 2.45.0 (/home/tejaswini/ros2_ws/install/ros2_control_test_assets/share/ros2_control_test_assets/cmake)
[1.960s] -- Found gmock sources under '/opt/ros/humble/src/gmock_vendor': C++ tests using 'Google Mock' will be built
[1.965s] -- Found ament_cmake_gtest: 1.3.11 (/opt/ros/humble/share/ament_cmake_gtest/cmake)
[1.966s] -- Found gtest sources under '/opt/ros/humble/src/gtest_vendor': C++ tests using 'Google Test' will be built
[2.059s] -- Configuring done
[2.113s] -- Generating done
[2.135s] -- Build files have been written to: /home/tejaswini/ros2_ws/build/hardware_interface
[2.149s] Invoked command in '/home/tejaswini/ros2_ws/build/hardware_interface' returned '0': AMENT_PREFIX_PATH=/home/tejaswini/ros2_ws/install/ros2_control_test_assets:/home/tejaswini/ros2_ws/install/control_msgs:${AMENT_PREFIX_PATH} CMAKE_PREFIX_PATH=/home/tejaswini/ros2_ws/install/ros2_control_test_assets:/home/tejaswini/ros2_ws/install/control_msgs:/home/tejaswini/ros2_ws/install/task1_pkg:/opt/ros/humble LD_LIBRARY_PATH=/home/tejaswini/ros2_ws/install/control_msgs/lib:/usr/lib/x86_64-linux-gnu/gazebo-11/plugins:/opt/ros/humble/opt/rviz_ogre_vendor/lib:/opt/ros/humble/lib/x86_64-linux-gnu:/opt/ros/humble/lib:/usr/lib/x86_64-linux-gnu/gazebo-11/plugins PYTHONPATH=/home/tejaswini/ros2_ws/install/control_msgs/local/lib/python3.10/dist-packages:${PYTHONPATH} /usr/bin/cmake /home/tejaswini/ros2_ws/src/ros-controls/ros2_control/hardware_interface -DAMENT_CMAKE_SYMLINK_INSTALL=1 -DCMAKE_INSTALL_PREFIX=/home/tejaswini/ros2_ws/install/hardware_interface
[2.155s] Invoking command in '/home/tejaswini/ros2_ws/build/hardware_interface': AMENT_PREFIX_PATH=/home/tejaswini/ros2_ws/install/ros2_control_test_assets:/home/tejaswini/ros2_ws/install/control_msgs:${AMENT_PREFIX_PATH} CMAKE_PREFIX_PATH=/home/tejaswini/ros2_ws/install/ros2_control_test_assets:/home/tejaswini/ros2_ws/install/control_msgs:/home/tejaswini/ros2_ws/install/task1_pkg:/opt/ros/humble LD_LIBRARY_PATH=/home/tejaswini/ros2_ws/install/control_msgs/lib:/usr/lib/x86_64-linux-gnu/gazebo-11/plugins:/opt/ros/humble/opt/rviz_ogre_vendor/lib:/opt/ros/humble/lib/x86_64-linux-gnu:/opt/ros/humble/lib:/usr/lib/x86_64-linux-gnu/gazebo-11/plugins PYTHONPATH=/home/tejaswini/ros2_ws/install/control_msgs/local/lib/python3.10/dist-packages:${PYTHONPATH} /usr/bin/cmake --build /home/tejaswini/ros2_ws/build/hardware_interface -- -j16 -l16
[2.252s] [  2%] [32mBuilding CXX object gmock/CMakeFiles/gmock.dir/opt/ros/humble/src/gtest_vendor/src/gtest-all.cc.o[0m
[2.253s] [  5%] [32mBuilding CXX object gmock/CMakeFiles/gmock.dir/src/gmock-all.cc.o[0m
[2.261s] [  8%] [32mBuilding CXX object gmock/CMakeFiles/gmock_main.dir/src/gmock_main.cc.o[0m
[2.311s] [ 11%] [32mBuilding CXX object CMakeFiles/hardware_interface.dir/src/system.cpp.o[0m
[2.313s] [ 14%] [32mBuilding CXX object CMakeFiles/hardware_interface.dir/src/lexical_casts.cpp.o[0m
[2.314s] [ 17%] [32mBuilding CXX object CMakeFiles/hardware_interface.dir/src/component_parser.cpp.o[0m
[2.318s] [ 20%] [32mBuilding CXX object CMakeFiles/hardware_interface.dir/src/actuator.cpp.o[0m
[2.347s] [ 26%] [32mBuilding CXX object CMakeFiles/hardware_interface.dir/src/sensor.cpp.o[0m
[2.348s] [ 26%] [32mBuilding CXX object CMakeFiles/hardware_interface.dir/src/resource_manager.cpp.o[0m
[7.762s] [ 29%] [32m[1mLinking CXX static library libgmock_main.a[0m
[7.796s] [ 29%] Built target gmock_main
[11.080s] [ 32%] [32m[1mLinking CXX static library libgmock.a[0m
[11.301s] [ 32%] Built target gmock
[11.430s] [ 35%] [32mBuilding CXX object CMakeFiles/test_macros.dir/test/test_macros.cpp.o[0m
[12.694s] [ 38%] [32m[1mLinking CXX shared library libhardware_interface.so[0m
[13.645s] [ 41%] [32m[1mLinking CXX executable test_macros[0m
[13.819s] [ 41%] Built target hardware_interface
[13.859s] [ 47%] [32mBuilding CXX object CMakeFiles/test_inst_hardwares.dir/test/test_inst_hardwares.cpp.o[0m
[13.860s] [ 47%] [32mBuilding CXX object CMakeFiles/mock_components.dir/src/mock_components/generic_system.cpp.o[0m
[13.860s] [ 50%] [32mBuilding CXX object CMakeFiles/test_component_interfaces.dir/test/test_component_interfaces.cpp.o[0m
[13.864s] [ 55%] [32mBuilding CXX object CMakeFiles/test_component_parser.dir/test/test_component_parser.cpp.o[0m
[13.865s] [ 55%] [32mBuilding CXX object CMakeFiles/test_hardware_components.dir/test/test_hardware_components/test_single_joint_actuator.cpp.o[0m
[13.865s] [ 58%] [32mBuilding CXX object CMakeFiles/test_hardware_components.dir/test/test_hardware_components/test_force_torque_sensor.cpp.o[0m
[13.875s] [ 61%] [32mBuilding CXX object CMakeFiles/test_generic_system.dir/test/mock_components/test_generic_system.cpp.o[0m
[13.876s] [ 67%] [32mBuilding CXX object CMakeFiles/test_hardware_components.dir/test/test_hardware_components/test_system_with_command_modes.cpp.o[0m
[13.881s] [ 64%] [32mBuilding CXX object CMakeFiles/test_hardware_components.dir/test/test_hardware_components/test_two_joint_system.cpp.o[0m
[13.946s] [ 70%] [32mBuilding CXX object CMakeFiles/fake_components.dir/src/mock_components/fake_generic_system.cpp.o[0m
[13.967s] [ 73%] [32mBuilding CXX object CMakeFiles/test_joint_handle.dir/test/test_handle.cpp.o[0m
[14.012s] [ 76%] [32mBuilding CXX object CMakeFiles/fake_components.dir/src/mock_components/generic_system.cpp.o[0m
[14.461s] [ 76%] Built target test_macros
[17.178s] [ 79%] [32m[1mLinking CXX executable test_inst_hardwares[0m
[17.439s] [ 82%] [32m[1mLinking CXX shared library libmock_components.so[0m
[17.522s] [ 82%] Built target test_inst_hardwares
[17.798s] [ 82%] Built target mock_components
[19.560s] [ 85%] [32m[1mLinking CXX executable test_joint_handle[0m
[19.606s] [ 88%] [32m[1mLinking CXX executable test_component_interfaces[0m
[19.617s] [ 91%] [32m[1mLinking CXX executable test_generic_system[0m
[19.895s] [ 91%] Built target test_joint_handle
[19.994s] [ 91%] Built target test_component_interfaces
[20.228s] [ 91%] Built target test_generic_system
[21.885s] [ 94%] [32m[1mLinking CXX shared library libtest_hardware_components.so[0m
[22.340s] [ 94%] Built target test_hardware_components
[22.550s] [ 97%] [32m[1mLinking CXX executable test_component_parser[0m
[23.399s] [ 97%] Built target test_component_parser
[23.839s] [100%] [32m[1mLinking CXX shared library libfake_components.so[0m
[24.233s] [100%] Built target fake_components
[24.254s] Invoked command in '/home/tejaswini/ros2_ws/build/hardware_interface' returned '0': AMENT_PREFIX_PATH=/home/tejaswini/ros2_ws/install/ros2_control_test_assets:/home/tejaswini/ros2_ws/install/control_msgs:${AMENT_PREFIX_PATH} CMAKE_PREFIX_PATH=/home/tejaswini/ros2_ws/install/ros2_control_test_assets:/home/tejaswini/ros2_ws/install/control_msgs:/home/tejaswini/ros2_ws/install/task1_pkg:/opt/ros/humble LD_LIBRARY_PATH=/home/tejaswini/ros2_ws/install/control_msgs/lib:/usr/lib/x86_64-linux-gnu/gazebo-11/plugins:/opt/ros/humble/opt/rviz_ogre_vendor/lib:/opt/ros/humble/lib/x86_64-linux-gnu:/opt/ros/humble/lib:/usr/lib/x86_64-linux-gnu/gazebo-11/plugins PYTHONPATH=/home/tejaswini/ros2_ws/install/control_msgs/local/lib/python3.10/dist-packages:${PYTHONPATH} /usr/bin/cmake --build /home/tejaswini/ros2_ws/build/hardware_interface -- -j16 -l16
[24.257s] Invoking command in '/home/tejaswini/ros2_ws/build/hardware_interface': AMENT_PREFIX_PATH=/home/tejaswini/ros2_ws/install/ros2_control_test_assets:/home/tejaswini/ros2_ws/install/control_msgs:${AMENT_PREFIX_PATH} CMAKE_PREFIX_PATH=/home/tejaswini/ros2_ws/install/ros2_control_test_assets:/home/tejaswini/ros2_ws/install/control_msgs:/home/tejaswini/ros2_ws/install/task1_pkg:/opt/ros/humble LD_LIBRARY_PATH=/home/tejaswini/ros2_ws/install/control_msgs/lib:/usr/lib/x86_64-linux-gnu/gazebo-11/plugins:/opt/ros/humble/opt/rviz_ogre_vendor/lib:/opt/ros/humble/lib/x86_64-linux-gnu:/opt/ros/humble/lib:/usr/lib/x86_64-linux-gnu/gazebo-11/plugins PYTHONPATH=/home/tejaswini/ros2_ws/install/control_msgs/local/lib/python3.10/dist-packages:${PYTHONPATH} /usr/bin/cmake --install /home/tejaswini/ros2_ws/build/hardware_interface
[24.277s] -- Install configuration: ""
[24.278s] -- Execute custom install script
[24.279s] -- Symlinking: /home/tejaswini/ros2_ws/install/hardware_interface/share/hardware_interface//mock_components_plugin_description.xml
[24.297s] -- Symlinking: /home/tejaswini/ros2_ws/install/hardware_interface/share/hardware_interface//fake_components_plugin_description.xml
[24.314s] -- Symlinking: /home/tejaswini/ros2_ws/install/hardware_interface/include/fake_components/generic_system.hpp
[24.330s] -- Symlinking: /home/tejaswini/ros2_ws/install/hardware_interface/include/fake_components/visibility_control.h
[24.346s] -- Symlinking: /home/tejaswini/ros2_ws/install/hardware_interface/include/hardware_interface/actuator.hpp
[24.362s] -- Symlinking: /home/tejaswini/ros2_ws/install/hardware_interface/include/hardware_interface/actuator_interface.hpp
[24.375s] -- Symlinking: /home/tejaswini/ros2_ws/install/hardware_interface/include/hardware_interface/component_parser.hpp
[24.399s] -- Symlinking: /home/tejaswini/ros2_ws/install/hardware_interface/include/hardware_interface/controller_info.hpp
[24.410s] -- Symlinking: /home/tejaswini/ros2_ws/install/hardware_interface/include/hardware_interface/handle.hpp
[24.426s] -- Symlinking: /home/tejaswini/ros2_ws/install/hardware_interface/include/hardware_interface/hardware_component_info.hpp
[24.452s] -- Symlinking: /home/tejaswini/ros2_ws/install/hardware_interface/include/hardware_interface/hardware_info.hpp
[24.476s] -- Symlinking: /home/tejaswini/ros2_ws/install/hardware_interface/include/hardware_interface/lexical_casts.hpp
[24.491s] -- Symlinking: /home/tejaswini/ros2_ws/install/hardware_interface/include/hardware_interface/loaned_command_interface.hpp
[24.521s] -- Symlinking: /home/tejaswini/ros2_ws/install/hardware_interface/include/hardware_interface/loaned_state_interface.hpp
[24.543s] -- Symlinking: /home/tejaswini/ros2_ws/install/hardware_interface/include/hardware_interface/macros.hpp
[24.557s] -- Symlinking: /home/tejaswini/ros2_ws/install/hardware_interface/include/hardware_interface/resource_manager.hpp
[24.573s] -- Symlinking: /home/tejaswini/ros2_ws/install/hardware_interface/include/hardware_interface/sensor.hpp
[24.623s] -- Symlinking: /home/tejaswini/ros2_ws/install/hardware_interface/include/hardware_interface/sensor_interface.hpp
[24.672s] -- Symlinking: /home/tejaswini/ros2_ws/install/hardware_interface/include/hardware_interface/system.hpp
[24.705s] -- Symlinking: /home/tejaswini/ros2_ws/install/hardware_interface/include/hardware_interface/system_interface.hpp
[24.715s] -- Symlinking: /home/tejaswini/ros2_ws/install/hardware_interface/include/hardware_interface/types/hardware_interface_return_values.hpp
[24.726s] -- Symlinking: /home/tejaswini/ros2_ws/install/hardware_interface/include/hardware_interface/types/hardware_interface_type_values.hpp
[24.744s] -- Symlinking: /home/tejaswini/ros2_ws/install/hardware_interface/include/hardware_interface/types/lifecycle_state_names.hpp
[24.762s] -- Symlinking: /home/tejaswini/ros2_ws/install/hardware_interface/include/hardware_interface/visibility_control.h
[24.775s] -- Symlinking: /home/tejaswini/ros2_ws/install/hardware_interface/include/mock_components/generic_system.hpp
[24.798s] -- Symlinking: /home/tejaswini/ros2_ws/install/hardware_interface/include/mock_components/visibility_control.h
[24.823s] -- Symlinking: /home/tejaswini/ros2_ws/install/hardware_interface/lib/libfake_components.so
[24.847s] -- Symlinking: /home/tejaswini/ros2_ws/install/hardware_interface/lib/libmock_components.so
[24.871s] -- Symlinking: /home/tejaswini/ros2_ws/install/hardware_interface/lib/libhardware_interface.so
[24.892s] -- Symlinking: /home/tejaswini/ros2_ws/install/hardware_interface/lib/libtest_hardware_components.so
[24.924s] -- Symlinking: /home/tejaswini/ros2_ws/install/hardware_interface/share/hardware_interface/test/test_hardware_components/test_hardware_components.xml
[24.938s] -- Symlinking: /home/tejaswini/ros2_ws/install/hardware_interface/share/hardware_interface/environment/library_path.sh
[24.954s] -- Symlinking: /home/tejaswini/ros2_ws/install/hardware_interface/share/hardware_interface/environment/library_path.dsv
[24.970s] -- Symlinking: /home/tejaswini/ros2_ws/install/hardware_interface/share/ament_index/resource_index/package_run_dependencies/hardware_interface
[24.981s] -- Symlinking: /home/tejaswini/ros2_ws/install/hardware_interface/share/ament_index/resource_index/parent_prefix_path/hardware_interface
[24.995s] -- Symlinking: /home/tejaswini/ros2_ws/install/hardware_interface/share/hardware_interface/environment/ament_prefix_path.sh
[25.011s] -- Symlinking: /home/tejaswini/ros2_ws/install/hardware_interface/share/hardware_interface/environment/ament_prefix_path.dsv
[25.027s] -- Symlinking: /home/tejaswini/ros2_ws/install/hardware_interface/share/hardware_interface/environment/path.sh
[25.043s] -- Symlinking: /home/tejaswini/ros2_ws/install/hardware_interface/share/hardware_interface/environment/path.dsv
[25.059s] -- Symlinking: /home/tejaswini/ros2_ws/install/hardware_interface/share/hardware_interface/local_setup.bash
[25.075s] -- Symlinking: /home/tejaswini/ros2_ws/install/hardware_interface/share/hardware_interface/local_setup.sh
[25.091s] -- Symlinking: /home/tejaswini/ros2_ws/install/hardware_interface/share/hardware_interface/local_setup.zsh
[25.107s] -- Symlinking: /home/tejaswini/ros2_ws/install/hardware_interface/share/hardware_interface/local_setup.dsv
[25.123s] -- Symlinking: /home/tejaswini/ros2_ws/install/hardware_interface/share/hardware_interface/package.dsv
[25.134s] -- Symlinking: /home/tejaswini/ros2_ws/install/hardware_interface/share/ament_index/resource_index/packages/hardware_interface
[25.164s] -- Symlinking: /home/tejaswini/ros2_ws/install/hardware_interface/share/ament_index/resource_index/hardware_interface__pluginlib__plugin/hardware_interface
[25.190s] -- Symlinking: /home/tejaswini/ros2_ws/install/hardware_interface/share/hardware_interface/cmake/ament_cmake_export_include_directories-extras.cmake
[25.203s] -- Symlinking: /home/tejaswini/ros2_ws/install/hardware_interface/share/hardware_interface/cmake/ament_cmake_export_libraries-extras.cmake
[25.219s] -- Symlinking: /home/tejaswini/ros2_ws/install/hardware_interface/share/hardware_interface/cmake/ament_cmake_export_dependencies-extras.cmake
[25.236s] -- Symlinking: /home/tejaswini/ros2_ws/install/hardware_interface/share/hardware_interface/cmake/hardware_interfaceConfig.cmake
[25.260s] -- Symlinking: /home/tejaswini/ros2_ws/install/hardware_interface/share/hardware_interface/cmake/hardware_interfaceConfig-version.cmake
[25.270s] -- Symlinking: /home/tejaswini/ros2_ws/install/hardware_interface/share/hardware_interface/package.xml
[25.303s] Invoked command in '/home/tejaswini/ros2_ws/build/hardware_interface' returned '0': AMENT_PREFIX_PATH=/home/tejaswini/ros2_ws/install/ros2_control_test_assets:/home/tejaswini/ros2_ws/install/control_msgs:${AMENT_PREFIX_PATH} CMAKE_PREFIX_PATH=/home/tejaswini/ros2_ws/install/ros2_control_test_assets:/home/tejaswini/ros2_ws/install/control_msgs:/home/tejaswini/ros2_ws/install/task1_pkg:/opt/ros/humble LD_LIBRARY_PATH=/home/tejaswini/ros2_ws/install/control_msgs/lib:/usr/lib/x86_64-linux-gnu/gazebo-11/plugins:/opt/ros/humble/opt/rviz_ogre_vendor/lib:/opt/ros/humble/lib/x86_64-linux-gnu:/opt/ros/humble/lib:/usr/lib/x86_64-linux-gnu/gazebo-11/plugins PYTHONPATH=/home/tejaswini/ros2_ws/install/control_msgs/local/lib/python3.10/dist-packages:${PYTHONPATH} /usr/bin/cmake --install /home/tejaswini/ros2_ws/build/hardware_interface
