running egg_info
creating ../../build/task1_pkg/task1_pkg.egg-info
writing ../../build/task1_pkg/task1_pkg.egg-info/PKG-INFO
writing dependency_links to ../../build/task1_pkg/task1_pkg.egg-info/dependency_links.txt
writing entry points to ../../build/task1_pkg/task1_pkg.egg-info/entry_points.txt
writing requirements to ../../build/task1_pkg/task1_pkg.egg-info/requires.txt
writing top-level names to ../../build/task1_pkg/task1_pkg.egg-info/top_level.txt
writing manifest file '../../build/task1_pkg/task1_pkg.egg-info/SOURCES.txt'
reading manifest file '../../build/task1_pkg/task1_pkg.egg-info/SOURCES.txt'
writing manifest file '../../build/task1_pkg/task1_pkg.egg-info/SOURCES.txt'
running build
running build_py
creating /home/tejaswini/ros2_ws/build/task1_pkg/build
creating /home/tejaswini/ros2_ws/build/task1_pkg/build/lib
creating /home/tejaswini/ros2_ws/build/task1_pkg/build/lib/task1_pkg
copying task1_pkg/__init__.py -> /home/tejaswini/ros2_ws/build/task1_pkg/build/lib/task1_pkg
running install
running install_lib
creating /home/tejaswini/ros2_ws/install/task1_pkg/lib/python3.10/site-packages/task1_pkg
copying /home/tejaswini/ros2_ws/build/task1_pkg/build/lib/task1_pkg/__init__.py -> /home/tejaswini/ros2_ws/install/task1_pkg/lib/python3.10/site-packages/task1_pkg
byte-compiling /home/tejaswini/ros2_ws/install/task1_pkg/lib/python3.10/site-packages/task1_pkg/__init__.py to __init__.cpython-310.pyc
running install_data
creating /home/tejaswini/ros2_ws/install/task1_pkg/share/ament_index
creating /home/tejaswini/ros2_ws/install/task1_pkg/share/ament_index/resource_index
creating /home/tejaswini/ros2_ws/install/task1_pkg/share/ament_index/resource_index/packages
copying resource/task1_pkg -> /home/tejaswini/ros2_ws/install/task1_pkg/share/ament_index/resource_index/packages
copying package.xml -> /home/tejaswini/ros2_ws/install/task1_pkg/share/task1_pkg
creating /home/tejaswini/ros2_ws/install/task1_pkg/share/task1_pkg/urdf
error: can't copy 'urdf/bot.urdf.xacro': doesn't exist or not a regular file
