[0.279s] Invoking command in '/home/tejaswini/ros2_ws/build/effort_controllers': AMENT_PREFIX_PATH=/home/tejaswini/ros2_ws/install/forward_command_controller:/home/tejaswini/ros2_ws/install/controller_manager:/home/tejaswini/ros2_ws/install/hardware_interface_testing:/home/tejaswini/ros2_ws/install/controller_interface:/home/tejaswini/ros2_ws/install/hardware_interface:/home/tejaswini/ros2_ws/install/ros2_control_test_assets:/home/tejaswini/ros2_ws/install/realtime_tools:/home/tejaswini/ros2_ws/install/controller_manager_msgs:/home/tejaswini/ros2_ws/install/control_msgs:${AMENT_PREFIX_PATH} CMAKE_PREFIX_PATH=/home/tejaswini/ros2_ws/install/forward_command_controller:/home/tejaswini/ros2_ws/install/controller_manager:/home/tejaswini/ros2_ws/install/hardware_interface_testing:/home/tejaswini/ros2_ws/install/controller_interface:/home/tejaswini/ros2_ws/install/hardware_interface:/home/tejaswini/ros2_ws/install/ros2_control_test_assets:/home/tejaswini/ros2_ws/install/realtime_tools:/home/tejaswini/ros2_ws/install/controller_manager_msgs:/home/tejaswini/ros2_ws/install/control_msgs:/home/tejaswini/ros2_ws/install/task1_pkg:/opt/ros/humble LD_LIBRARY_PATH=/home/tejaswini/ros2_ws/install/forward_command_controller/lib:/home/tejaswini/ros2_ws/install/controller_manager/lib:/home/tejaswini/ros2_ws/install/hardware_interface_testing/lib:/home/tejaswini/ros2_ws/install/controller_interface/lib:/home/tejaswini/ros2_ws/install/hardware_interface/lib:/home/tejaswini/ros2_ws/install/realtime_tools/lib:/home/tejaswini/ros2_ws/install/controller_manager_msgs/lib:/home/tejaswini/ros2_ws/install/control_msgs/lib:/usr/lib/x86_64-linux-gnu/gazebo-11/plugins:/opt/ros/humble/opt/rviz_ogre_vendor/lib:/opt/ros/humble/lib/x86_64-linux-gnu:/opt/ros/humble/lib:/usr/lib/x86_64-linux-gnu/gazebo-11/plugins PYTHONPATH=/home/tejaswini/ros2_ws/install/controller_manager/local/lib/python3.10/dist-packages:/home/tejaswini/ros2_ws/install/controller_manager_msgs/local/lib/python3.10/dist-packages:/home/tejaswini/ros2_ws/install/control_msgs/local/lib/python3.10/dist-packages:${PYTHONPATH} /usr/bin/cmake /home/tejaswini/ros2_ws/src/ros-controls/ros2_controllers/effort_controllers -DAMENT_CMAKE_SYMLINK_INSTALL=1 -DCMAKE_INSTALL_PREFIX=/home/tejaswini/ros2_ws/install/effort_controllers
[0.458s] -- The CXX compiler identification is GNU 11.4.0
[0.513s] -- Detecting CXX compiler ABI info
[0.695s] -- Detecting CXX compiler ABI info - done
[0.704s] -- Check for working CXX compiler: /usr/bin/c++ - skipped
[0.704s] -- Detecting CXX compile features
[0.705s] -- Detecting CXX compile features - done
[0.708s] -- Found ament_cmake: 1.3.11 (/opt/ros/humble/share/ament_cmake/cmake)
[0.958s] -- Found Python3: /usr/bin/python3 (found version "3.10.12") found components: Interpreter 
[1.366s] -- Override CMake install command with custom implementation using symlinks instead of copying resources
[1.408s] -- Found forward_command_controller: 2.39.0 (/home/tejaswini/ros2_ws/install/forward_command_controller/share/forward_command_controller/cmake)
[1.488s] -- Found rosidl_generator_c: 3.1.6 (/opt/ros/humble/share/rosidl_generator_c/cmake)
[1.494s] -- Found rosidl_adapter: 3.1.6 (/opt/ros/humble/share/rosidl_adapter/cmake)
[1.510s] -- Found rosidl_generator_cpp: 3.1.6 (/opt/ros/humble/share/rosidl_generator_cpp/cmake)
[1.528s] -- Using all available rosidl_typesupport_c: rosidl_typesupport_fastrtps_c;rosidl_typesupport_introspection_c
[1.553s] -- Using all available rosidl_typesupport_cpp: rosidl_typesupport_fastrtps_cpp;rosidl_typesupport_introspection_cpp
[1.895s] -- Found rmw_implementation_cmake: 6.1.2 (/opt/ros/humble/share/rmw_implementation_cmake/cmake)
[1.899s] -- Found rmw_fastrtps_cpp: 6.2.7 (/opt/ros/humble/share/rmw_fastrtps_cpp/cmake)
[1.934s] -- Found TinyXML2 via Config file: TinyXML2_DIR-NOTFOUND
[2.095s] -- Found OpenSSL: /usr/lib/x86_64-linux-gnu/libcrypto.so (found version "3.0.2")  
[2.119s] -- Found TinyXML2 via Config file: TinyXML2_DIR-NOTFOUND
[2.194s] -- Found FastRTPS: /opt/ros/humble/include  
[2.198s] -- Found TinyXML2 via Config file: TinyXML2_DIR-NOTFOUND
[2.208s] -- Found TinyXML2 via Config file: TinyXML2_DIR-NOTFOUND
[2.228s] -- Using RMW implementation 'rmw_fastrtps_cpp' as default
[2.246s] -- Looking for C++ include pthread.h
[2.402s] -- Looking for C++ include pthread.h - found
[2.403s] -- Performing Test CMAKE_HAVE_LIBC_PTHREAD
[2.680s] -- Performing Test CMAKE_HAVE_LIBC_PTHREAD - Success
[2.684s] -- Found Threads: TRUE  
[2.752s] -- Found parameter_traits: 0.3.9 (/opt/ros/humble/share/parameter_traits/cmake)
[2.802s] -- Found ament_cmake_gmock: 1.3.11 (/opt/ros/humble/share/ament_cmake_gmock/cmake)
[2.803s] -- Found controller_manager: 2.45.0 (/home/tejaswini/ros2_ws/install/controller_manager/share/controller_manager/cmake)
[2.831s] -- Found ros2_control_test_assets: 2.45.0 (/home/tejaswini/ros2_ws/install/ros2_control_test_assets/share/ros2_control_test_assets/cmake)
[2.834s] -- Found gmock sources under '/opt/ros/humble/src/gmock_vendor': C++ tests using 'Google Mock' will be built
[2.889s] -- The C compiler identification is GNU 11.4.0
[2.899s] -- Detecting C compiler ABI info
[3.032s] -- Detecting C compiler ABI info - done
[3.040s] -- Check for working C compiler: /usr/bin/cc - skipped
[3.040s] -- Detecting C compile features
[3.041s] -- Detecting C compile features - done
[3.047s] -- Found ament_cmake_gtest: 1.3.11 (/opt/ros/humble/share/ament_cmake_gtest/cmake)
[3.048s] -- Found gtest sources under '/opt/ros/humble/src/gtest_vendor': C++ tests using 'Google Test' will be built
[3.155s] -- Configuring done
[3.230s] -- Generating done
[3.244s] -- Build files have been written to: /home/tejaswini/ros2_ws/build/effort_controllers
[3.289s] Invoked command in '/home/tejaswini/ros2_ws/build/effort_controllers' returned '0': AMENT_PREFIX_PATH=/home/tejaswini/ros2_ws/install/forward_command_controller:/home/tejaswini/ros2_ws/install/controller_manager:/home/tejaswini/ros2_ws/install/hardware_interface_testing:/home/tejaswini/ros2_ws/install/controller_interface:/home/tejaswini/ros2_ws/install/hardware_interface:/home/tejaswini/ros2_ws/install/ros2_control_test_assets:/home/tejaswini/ros2_ws/install/realtime_tools:/home/tejaswini/ros2_ws/install/controller_manager_msgs:/home/tejaswini/ros2_ws/install/control_msgs:${AMENT_PREFIX_PATH} CMAKE_PREFIX_PATH=/home/tejaswini/ros2_ws/install/forward_command_controller:/home/tejaswini/ros2_ws/install/controller_manager:/home/tejaswini/ros2_ws/install/hardware_interface_testing:/home/tejaswini/ros2_ws/install/controller_interface:/home/tejaswini/ros2_ws/install/hardware_interface:/home/tejaswini/ros2_ws/install/ros2_control_test_assets:/home/tejaswini/ros2_ws/install/realtime_tools:/home/tejaswini/ros2_ws/install/controller_manager_msgs:/home/tejaswini/ros2_ws/install/control_msgs:/home/tejaswini/ros2_ws/install/task1_pkg:/opt/ros/humble LD_LIBRARY_PATH=/home/tejaswini/ros2_ws/install/forward_command_controller/lib:/home/tejaswini/ros2_ws/install/controller_manager/lib:/home/tejaswini/ros2_ws/install/hardware_interface_testing/lib:/home/tejaswini/ros2_ws/install/controller_interface/lib:/home/tejaswini/ros2_ws/install/hardware_interface/lib:/home/tejaswini/ros2_ws/install/realtime_tools/lib:/home/tejaswini/ros2_ws/install/controller_manager_msgs/lib:/home/tejaswini/ros2_ws/install/control_msgs/lib:/usr/lib/x86_64-linux-gnu/gazebo-11/plugins:/opt/ros/humble/opt/rviz_ogre_vendor/lib:/opt/ros/humble/lib/x86_64-linux-gnu:/opt/ros/humble/lib:/usr/lib/x86_64-linux-gnu/gazebo-11/plugins PYTHONPATH=/home/tejaswini/ros2_ws/install/controller_manager/local/lib/python3.10/dist-packages:/home/tejaswini/ros2_ws/install/controller_manager_msgs/local/lib/python3.10/dist-packages:/home/tejaswini/ros2_ws/install/control_msgs/local/lib/python3.10/dist-packages:${PYTHONPATH} /usr/bin/cmake /home/tejaswini/ros2_ws/src/ros-controls/ros2_controllers/effort_controllers -DAMENT_CMAKE_SYMLINK_INSTALL=1 -DCMAKE_INSTALL_PREFIX=/home/tejaswini/ros2_ws/install/effort_controllers
[3.290s] Invoking command in '/home/tejaswini/ros2_ws/build/effort_controllers': AMENT_PREFIX_PATH=/home/tejaswini/ros2_ws/install/forward_command_controller:/home/tejaswini/ros2_ws/install/controller_manager:/home/tejaswini/ros2_ws/install/hardware_interface_testing:/home/tejaswini/ros2_ws/install/controller_interface:/home/tejaswini/ros2_ws/install/hardware_interface:/home/tejaswini/ros2_ws/install/ros2_control_test_assets:/home/tejaswini/ros2_ws/install/realtime_tools:/home/tejaswini/ros2_ws/install/controller_manager_msgs:/home/tejaswini/ros2_ws/install/control_msgs:${AMENT_PREFIX_PATH} CMAKE_PREFIX_PATH=/home/tejaswini/ros2_ws/install/forward_command_controller:/home/tejaswini/ros2_ws/install/controller_manager:/home/tejaswini/ros2_ws/install/hardware_interface_testing:/home/tejaswini/ros2_ws/install/controller_interface:/home/tejaswini/ros2_ws/install/hardware_interface:/home/tejaswini/ros2_ws/install/ros2_control_test_assets:/home/tejaswini/ros2_ws/install/realtime_tools:/home/tejaswini/ros2_ws/install/controller_manager_msgs:/home/tejaswini/ros2_ws/install/control_msgs:/home/tejaswini/ros2_ws/install/task1_pkg:/opt/ros/humble LD_LIBRARY_PATH=/home/tejaswini/ros2_ws/install/forward_command_controller/lib:/home/tejaswini/ros2_ws/install/controller_manager/lib:/home/tejaswini/ros2_ws/install/hardware_interface_testing/lib:/home/tejaswini/ros2_ws/install/controller_interface/lib:/home/tejaswini/ros2_ws/install/hardware_interface/lib:/home/tejaswini/ros2_ws/install/realtime_tools/lib:/home/tejaswini/ros2_ws/install/controller_manager_msgs/lib:/home/tejaswini/ros2_ws/install/control_msgs/lib:/usr/lib/x86_64-linux-gnu/gazebo-11/plugins:/opt/ros/humble/opt/rviz_ogre_vendor/lib:/opt/ros/humble/lib/x86_64-linux-gnu:/opt/ros/humble/lib:/usr/lib/x86_64-linux-gnu/gazebo-11/plugins PYTHONPATH=/home/tejaswini/ros2_ws/install/controller_manager/local/lib/python3.10/dist-packages:/home/tejaswini/ros2_ws/install/controller_manager_msgs/local/lib/python3.10/dist-packages:/home/tejaswini/ros2_ws/install/control_msgs/local/lib/python3.10/dist-packages:${PYTHONPATH} /usr/bin/cmake --build /home/tejaswini/ros2_ws/build/effort_controllers -- -j16 -l16
[3.327s] [  9%] [32mBuilding CXX object CMakeFiles/effort_controllers.dir/src/joint_group_effort_controller.cpp.o[0m
[3.332s] [ 36%] [32mBuilding CXX object gmock/CMakeFiles/gmock_main.dir/src/gmock_main.cc.o[0m
[3.333s] [ 36%] [32mBuilding CXX object gmock/CMakeFiles/gmock.dir/src/gmock-all.cc.o[0m
[3.333s] [ 36%] [32mBuilding CXX object gmock/CMakeFiles/gmock.dir/opt/ros/humble/src/gtest_vendor/src/gtest-all.cc.o[0m
[3.757s] In file included from [01m[K/home/tejaswini/ros2_ws/src/ros-controls/ros2_controllers/forward_command_controller/include/forward_command_controller/forward_controllers_base.hpp:27[m[K,
[3.758s]                  from [01m[K/home/tejaswini/ros2_ws/src/ros-controls/ros2_controllers/forward_command_controller/include/forward_command_controller/forward_command_controller.hpp:22[m[K,
[3.758s]                  from [01m[K/home/tejaswini/ros2_ws/src/ros-controls/ros2_controllers/effort_controllers/include/effort_controllers/joint_group_effort_controller.hpp:21[m[K,
[3.759s]                  from [01m[K/home/tejaswini/ros2_ws/src/ros-controls/ros2_controllers/effort_controllers/src/joint_group_effort_controller.cpp:18[m[K:
[3.760s] [01m[K/home/tejaswini/ros2_ws/src/ros-controls/realtime_tools/include/realtime_tools/realtime_buffer.h:25:2:[m[K [01;35m[Kwarning: [m[K#warning "This header include is deprecated. Please update your code to use 'realtime_buffer.hpp' header." [[01;35m[K]8;;https://gcc.gnu.org/onlinedocs/gcc/Warning-Options.html#index-Wcpp-Wcpp]8;;[m[K]
[3.765s]    25 | #[01;35m[Kwarning[m[K \
[3.765s]       |  [01;35m[K^~~~~~~[m[K
[5.517s] [ 45%] [32m[1mLinking CXX static library libgmock_main.a[0m
[5.583s] [ 45%] Built target gmock_main
[23.403s] [ 54%] [32m[1mLinking CXX shared library libeffort_controllers.so[0m
[23.956s] [ 54%] Built target effort_controllers
[24.207s] [ 63%] [32m[1mLinking CXX static library libgmock.a[0m
[24.388s] [ 63%] Built target gmock
[24.451s] [ 72%] [32mBuilding CXX object CMakeFiles/test_load_joint_group_effort_controller.dir/test/test_load_joint_group_effort_controller.cpp.o[0m
[33.566s] [ 81%] [32m[1mLinking CXX executable test_load_joint_group_effort_controller[0m
[35.013s] [ 81%] Built target test_load_joint_group_effort_controller
[35.050s] [ 90%] [32mBuilding CXX object CMakeFiles/test_joint_group_effort_controller.dir/test/test_joint_group_effort_controller.cpp.o[0m
[36.093s] In file included from [01m[K/home/tejaswini/ros2_ws/src/ros-controls/ros2_controllers/forward_command_controller/include/forward_command_controller/forward_controllers_base.hpp:27[m[K,
[36.093s]                  from [01m[K/home/tejaswini/ros2_ws/src/ros-controls/ros2_controllers/forward_command_controller/include/forward_command_controller/forward_command_controller.hpp:22[m[K,
[36.093s]                  from [01m[K/home/tejaswini/ros2_ws/src/ros-controls/ros2_controllers/effort_controllers/include/effort_controllers/joint_group_effort_controller.hpp:21[m[K,
[36.093s]                  from [01m[K/home/tejaswini/ros2_ws/src/ros-controls/ros2_controllers/effort_controllers/test/test_joint_group_effort_controller.hpp:24[m[K,
[36.093s]                  from [01m[K/home/tejaswini/ros2_ws/src/ros-controls/ros2_controllers/effort_controllers/test/test_joint_group_effort_controller.cpp:28[m[K:
[36.093s] [01m[K/home/tejaswini/ros2_ws/src/ros-controls/realtime_tools/include/realtime_tools/realtime_buffer.h:25:2:[m[K [01;35m[Kwarning: [m[K#warning "This header include is deprecated. Please update your code to use 'realtime_buffer.hpp' header." [[01;35m[K]8;;https://gcc.gnu.org/onlinedocs/gcc/Warning-Options.html#index-Wcpp-Wcpp]8;;[m[K]
[36.093s]    25 | #[01;35m[Kwarning[m[K \
[36.093s]       |  [01;35m[K^~~~~~~[m[K
[45.047s] [100%] [32m[1mLinking CXX executable test_joint_group_effort_controller[0m
[45.746s] [100%] Built target test_joint_group_effort_controller
[45.767s] Invoked command in '/home/tejaswini/ros2_ws/build/effort_controllers' returned '0': AMENT_PREFIX_PATH=/home/tejaswini/ros2_ws/install/forward_command_controller:/home/tejaswini/ros2_ws/install/controller_manager:/home/tejaswini/ros2_ws/install/hardware_interface_testing:/home/tejaswini/ros2_ws/install/controller_interface:/home/tejaswini/ros2_ws/install/hardware_interface:/home/tejaswini/ros2_ws/install/ros2_control_test_assets:/home/tejaswini/ros2_ws/install/realtime_tools:/home/tejaswini/ros2_ws/install/controller_manager_msgs:/home/tejaswini/ros2_ws/install/control_msgs:${AMENT_PREFIX_PATH} CMAKE_PREFIX_PATH=/home/tejaswini/ros2_ws/install/forward_command_controller:/home/tejaswini/ros2_ws/install/controller_manager:/home/tejaswini/ros2_ws/install/hardware_interface_testing:/home/tejaswini/ros2_ws/install/controller_interface:/home/tejaswini/ros2_ws/install/hardware_interface:/home/tejaswini/ros2_ws/install/ros2_control_test_assets:/home/tejaswini/ros2_ws/install/realtime_tools:/home/tejaswini/ros2_ws/install/controller_manager_msgs:/home/tejaswini/ros2_ws/install/control_msgs:/home/tejaswini/ros2_ws/install/task1_pkg:/opt/ros/humble LD_LIBRARY_PATH=/home/tejaswini/ros2_ws/install/forward_command_controller/lib:/home/tejaswini/ros2_ws/install/controller_manager/lib:/home/tejaswini/ros2_ws/install/hardware_interface_testing/lib:/home/tejaswini/ros2_ws/install/controller_interface/lib:/home/tejaswini/ros2_ws/install/hardware_interface/lib:/home/tejaswini/ros2_ws/install/realtime_tools/lib:/home/tejaswini/ros2_ws/install/controller_manager_msgs/lib:/home/tejaswini/ros2_ws/install/control_msgs/lib:/usr/lib/x86_64-linux-gnu/gazebo-11/plugins:/opt/ros/humble/opt/rviz_ogre_vendor/lib:/opt/ros/humble/lib/x86_64-linux-gnu:/opt/ros/humble/lib:/usr/lib/x86_64-linux-gnu/gazebo-11/plugins PYTHONPATH=/home/tejaswini/ros2_ws/install/controller_manager/local/lib/python3.10/dist-packages:/home/tejaswini/ros2_ws/install/controller_manager_msgs/local/lib/python3.10/dist-packages:/home/tejaswini/ros2_ws/install/control_msgs/local/lib/python3.10/dist-packages:${PYTHONPATH} /usr/bin/cmake --build /home/tejaswini/ros2_ws/build/effort_controllers -- -j16 -l16
[45.770s] Invoking command in '/home/tejaswini/ros2_ws/build/effort_controllers': AMENT_PREFIX_PATH=/home/tejaswini/ros2_ws/install/forward_command_controller:/home/tejaswini/ros2_ws/install/controller_manager:/home/tejaswini/ros2_ws/install/hardware_interface_testing:/home/tejaswini/ros2_ws/install/controller_interface:/home/tejaswini/ros2_ws/install/hardware_interface:/home/tejaswini/ros2_ws/install/ros2_control_test_assets:/home/tejaswini/ros2_ws/install/realtime_tools:/home/tejaswini/ros2_ws/install/controller_manager_msgs:/home/tejaswini/ros2_ws/install/control_msgs:${AMENT_PREFIX_PATH} CMAKE_PREFIX_PATH=/home/tejaswini/ros2_ws/install/forward_command_controller:/home/tejaswini/ros2_ws/install/controller_manager:/home/tejaswini/ros2_ws/install/hardware_interface_testing:/home/tejaswini/ros2_ws/install/controller_interface:/home/tejaswini/ros2_ws/install/hardware_interface:/home/tejaswini/ros2_ws/install/ros2_control_test_assets:/home/tejaswini/ros2_ws/install/realtime_tools:/home/tejaswini/ros2_ws/install/controller_manager_msgs:/home/tejaswini/ros2_ws/install/control_msgs:/home/tejaswini/ros2_ws/install/task1_pkg:/opt/ros/humble LD_LIBRARY_PATH=/home/tejaswini/ros2_ws/install/forward_command_controller/lib:/home/tejaswini/ros2_ws/install/controller_manager/lib:/home/tejaswini/ros2_ws/install/hardware_interface_testing/lib:/home/tejaswini/ros2_ws/install/controller_interface/lib:/home/tejaswini/ros2_ws/install/hardware_interface/lib:/home/tejaswini/ros2_ws/install/realtime_tools/lib:/home/tejaswini/ros2_ws/install/controller_manager_msgs/lib:/home/tejaswini/ros2_ws/install/control_msgs/lib:/usr/lib/x86_64-linux-gnu/gazebo-11/plugins:/opt/ros/humble/opt/rviz_ogre_vendor/lib:/opt/ros/humble/lib/x86_64-linux-gnu:/opt/ros/humble/lib:/usr/lib/x86_64-linux-gnu/gazebo-11/plugins PYTHONPATH=/home/tejaswini/ros2_ws/install/controller_manager/local/lib/python3.10/dist-packages:/home/tejaswini/ros2_ws/install/controller_manager_msgs/local/lib/python3.10/dist-packages:/home/tejaswini/ros2_ws/install/control_msgs/local/lib/python3.10/dist-packages:${PYTHONPATH} /usr/bin/cmake --install /home/tejaswini/ros2_ws/build/effort_controllers
[45.793s] -- Install configuration: ""
[45.793s] -- Execute custom install script
[45.793s] -- Symlinking: /home/tejaswini/ros2_ws/install/effort_controllers/share/effort_controllers//effort_controllers_plugins.xml
[45.811s] -- Symlinking: /home/tejaswini/ros2_ws/install/effort_controllers/include/effort_controllers/effort_controllers/joint_group_effort_controller.hpp
[45.827s] -- Symlinking: /home/tejaswini/ros2_ws/install/effort_controllers/include/effort_controllers/effort_controllers/visibility_control.h
[45.844s] -- Symlinking: /home/tejaswini/ros2_ws/install/effort_controllers/share/effort_controllers/environment/library_path.sh
[45.861s] -- Symlinking: /home/tejaswini/ros2_ws/install/effort_controllers/share/effort_controllers/environment/library_path.dsv
[45.878s] -- Symlinking: /home/tejaswini/ros2_ws/install/effort_controllers/share/ament_index/resource_index/package_run_dependencies/effort_controllers
[45.892s] -- Symlinking: /home/tejaswini/ros2_ws/install/effort_controllers/share/ament_index/resource_index/parent_prefix_path/effort_controllers
[45.904s] -- Symlinking: /home/tejaswini/ros2_ws/install/effort_controllers/share/effort_controllers/environment/ament_prefix_path.sh
[45.951s] -- Symlinking: /home/tejaswini/ros2_ws/install/effort_controllers/share/effort_controllers/environment/ament_prefix_path.dsv
[45.980s] -- Symlinking: /home/tejaswini/ros2_ws/install/effort_controllers/share/effort_controllers/environment/path.sh
[45.997s] -- Symlinking: /home/tejaswini/ros2_ws/install/effort_controllers/share/effort_controllers/environment/path.dsv
[46.014s] -- Symlinking: /home/tejaswini/ros2_ws/install/effort_controllers/share/effort_controllers/local_setup.bash
[46.026s] -- Symlinking: /home/tejaswini/ros2_ws/install/effort_controllers/share/effort_controllers/local_setup.sh
[46.038s] -- Symlinking: /home/tejaswini/ros2_ws/install/effort_controllers/share/effort_controllers/local_setup.zsh
[46.050s] -- Symlinking: /home/tejaswini/ros2_ws/install/effort_controllers/share/effort_controllers/local_setup.dsv
[46.063s] -- Symlinking: /home/tejaswini/ros2_ws/install/effort_controllers/share/effort_controllers/package.dsv
[46.081s] -- Symlinking: /home/tejaswini/ros2_ws/install/effort_controllers/share/ament_index/resource_index/packages/effort_controllers
[46.103s] -- Symlinking: /home/tejaswini/ros2_ws/install/effort_controllers/share/ament_index/resource_index/controller_interface__pluginlib__plugin/effort_controllers
[46.120s] -- Symlinking: /home/tejaswini/ros2_ws/install/effort_controllers/share/effort_controllers/cmake/ament_cmake_export_targets-extras.cmake
[46.136s] -- Symlinking: /home/tejaswini/ros2_ws/install/effort_controllers/share/effort_controllers/cmake/ament_cmake_export_dependencies-extras.cmake
[46.153s] -- Symlinking: /home/tejaswini/ros2_ws/install/effort_controllers/share/effort_controllers/cmake/effort_controllersConfig.cmake
[46.166s] -- Symlinking: /home/tejaswini/ros2_ws/install/effort_controllers/share/effort_controllers/cmake/effort_controllersConfig-version.cmake
[46.176s] -- Symlinking: /home/tejaswini/ros2_ws/install/effort_controllers/share/effort_controllers/package.xml
[46.188s] -- Installing: /home/tejaswini/ros2_ws/install/effort_controllers/lib/libeffort_controllers.so
[46.188s] -- Set runtime path of "/home/tejaswini/ros2_ws/install/effort_controllers/lib/libeffort_controllers.so" to ""
[46.189s] -- Installing: /home/tejaswini/ros2_ws/install/effort_controllers/share/effort_controllers/cmake/export_effort_controllersExport.cmake
[46.189s] -- Installing: /home/tejaswini/ros2_ws/install/effort_controllers/share/effort_controllers/cmake/export_effort_controllersExport-noconfig.cmake
[46.195s] Invoked command in '/home/tejaswini/ros2_ws/build/effort_controllers' returned '0': AMENT_PREFIX_PATH=/home/tejaswini/ros2_ws/install/forward_command_controller:/home/tejaswini/ros2_ws/install/controller_manager:/home/tejaswini/ros2_ws/install/hardware_interface_testing:/home/tejaswini/ros2_ws/install/controller_interface:/home/tejaswini/ros2_ws/install/hardware_interface:/home/tejaswini/ros2_ws/install/ros2_control_test_assets:/home/tejaswini/ros2_ws/install/realtime_tools:/home/tejaswini/ros2_ws/install/controller_manager_msgs:/home/tejaswini/ros2_ws/install/control_msgs:${AMENT_PREFIX_PATH} CMAKE_PREFIX_PATH=/home/tejaswini/ros2_ws/install/forward_command_controller:/home/tejaswini/ros2_ws/install/controller_manager:/home/tejaswini/ros2_ws/install/hardware_interface_testing:/home/tejaswini/ros2_ws/install/controller_interface:/home/tejaswini/ros2_ws/install/hardware_interface:/home/tejaswini/ros2_ws/install/ros2_control_test_assets:/home/tejaswini/ros2_ws/install/realtime_tools:/home/tejaswini/ros2_ws/install/controller_manager_msgs:/home/tejaswini/ros2_ws/install/control_msgs:/home/tejaswini/ros2_ws/install/task1_pkg:/opt/ros/humble LD_LIBRARY_PATH=/home/tejaswini/ros2_ws/install/forward_command_controller/lib:/home/tejaswini/ros2_ws/install/controller_manager/lib:/home/tejaswini/ros2_ws/install/hardware_interface_testing/lib:/home/tejaswini/ros2_ws/install/controller_interface/lib:/home/tejaswini/ros2_ws/install/hardware_interface/lib:/home/tejaswini/ros2_ws/install/realtime_tools/lib:/home/tejaswini/ros2_ws/install/controller_manager_msgs/lib:/home/tejaswini/ros2_ws/install/control_msgs/lib:/usr/lib/x86_64-linux-gnu/gazebo-11/plugins:/opt/ros/humble/opt/rviz_ogre_vendor/lib:/opt/ros/humble/lib/x86_64-linux-gnu:/opt/ros/humble/lib:/usr/lib/x86_64-linux-gnu/gazebo-11/plugins PYTHONPATH=/home/tejaswini/ros2_ws/install/controller_manager/local/lib/python3.10/dist-packages:/home/tejaswini/ros2_ws/install/controller_manager_msgs/local/lib/python3.10/dist-packages:/home/tejaswini/ros2_ws/install/control_msgs/local/lib/python3.10/dist-packages:${PYTHONPATH} /usr/bin/cmake --install /home/tejaswini/ros2_ws/build/effort_controllers
