[0.060s] Invoking command in '/home/tejaswini/ros2_ws/build/ros2_control_demo_example_7': AMENT_PREFIX_PATH=/home/tejaswini/ros2_ws/install/ros2controlcli:/home/tejaswini/ros2_ws/install/ros2_control_demo_testing:/home/tejaswini/ros2_ws/install/joint_state_broadcaster:/home/tejaswini/ros2_ws/install/controller_manager:/home/tejaswini/ros2_ws/install/hardware_interface_testing:/home/tejaswini/ros2_ws/install/controller_interface:/home/tejaswini/ros2_ws/install/hardware_interface:/home/tejaswini/ros2_ws/install/ros2_control_test_assets:/home/tejaswini/ros2_ws/install/ros2_control_demo_description:/home/tejaswini/ros2_ws/install/realtime_tools:/home/tejaswini/ros2_ws/install/controller_manager_msgs:/home/tejaswini/ros2_ws/install/control_msgs:${AMENT_PREFIX_PATH} CMAKE_PREFIX_PATH=/home/tejaswini/ros2_ws/install/joint_state_broadcaster:/home/tejaswini/ros2_ws/install/controller_manager:/home/tejaswini/ros2_ws/install/hardware_interface_testing:/home/tejaswini/ros2_ws/install/controller_interface:/home/tejaswini/ros2_ws/install/hardware_interface:/home/tejaswini/ros2_ws/install/ros2_control_test_assets:/home/tejaswini/ros2_ws/install/ros2_control_demo_description:/home/tejaswini/ros2_ws/install/realtime_tools:/home/tejaswini/ros2_ws/install/controller_manager_msgs:/home/tejaswini/ros2_ws/install/control_msgs:/home/tejaswini/ros2_ws/install/task1_pkg:/opt/ros/humble LD_LIBRARY_PATH=/home/tejaswini/ros2_ws/install/joint_state_broadcaster/lib:/home/tejaswini/ros2_ws/install/controller_manager/lib:/home/tejaswini/ros2_ws/install/hardware_interface_testing/lib:/home/tejaswini/ros2_ws/install/controller_interface/lib:/home/tejaswini/ros2_ws/install/hardware_interface/lib:/home/tejaswini/ros2_ws/install/realtime_tools/lib:/home/tejaswini/ros2_ws/install/controller_manager_msgs/lib:/home/tejaswini/ros2_ws/install/control_msgs/lib:/usr/lib/x86_64-linux-gnu/gazebo-11/plugins:/opt/ros/humble/opt/rviz_ogre_vendor/lib:/opt/ros/humble/lib/x86_64-linux-gnu:/opt/ros/humble/lib:/usr/lib/x86_64-linux-gnu/gazebo-11/plugins PYTHONPATH=/home/tejaswini/ros2_ws/build/ros2controlcli:/home/tejaswini/ros2_ws/install/ros2controlcli/lib/python3.10/site-packages:/home/tejaswini/ros2_ws/build/ros2_control_demo_testing:/home/tejaswini/ros2_ws/install/ros2_control_demo_testing/lib/python3.10/site-packages:/home/tejaswini/ros2_ws/install/controller_manager/local/lib/python3.10/dist-packages:/home/tejaswini/ros2_ws/install/controller_manager_msgs/local/lib/python3.10/dist-packages:/home/tejaswini/ros2_ws/install/control_msgs/local/lib/python3.10/dist-packages:${PYTHONPATH} /usr/bin/cmake /home/tejaswini/ros2_ws/src/ros-controls/ros2_control_demos/example_7 -DAMENT_CMAKE_SYMLINK_INSTALL=1 -DCMAKE_INSTALL_PREFIX=/home/tejaswini/ros2_ws/install/ros2_control_demo_example_7
[2.804s] -- The CXX compiler identification is GNU 11.4.0
[2.804s] -- Detecting CXX compiler ABI info
[2.805s] -- Detecting CXX compiler ABI info - done
[2.805s] -- Check for working CXX compiler: /usr/bin/c++ - skipped
[2.805s] -- Detecting CXX compile features
[2.805s] -- Detecting CXX compile features - done
[2.805s] -- Found ament_cmake: 1.3.11 (/opt/ros/humble/share/ament_cmake/cmake)
[2.805s] -- Found Python3: /usr/bin/python3 (found version "3.10.12") found components: Interpreter 
[2.805s] -- Override CMake install command with custom implementation using symlinks instead of copying resources
[2.805s] -- Found pluginlib: 5.1.0 (/opt/ros/humble/share/pluginlib/cmake)
[2.806s] -- Found hardware_interface: 2.45.0 (/home/tejaswini/ros2_ws/install/hardware_interface/share/hardware_interface/cmake)
[2.806s] -- Found rosidl_generator_c: 3.1.6 (/opt/ros/humble/share/rosidl_generator_c/cmake)
[2.806s] -- Found rosidl_adapter: 3.1.6 (/opt/ros/humble/share/rosidl_adapter/cmake)
[2.806s] -- Found rosidl_generator_cpp: 3.1.6 (/opt/ros/humble/share/rosidl_generator_cpp/cmake)
[2.806s] -- Using all available rosidl_typesupport_c: rosidl_typesupport_fastrtps_c;rosidl_typesupport_introspection_c
[2.806s] -- Using all available rosidl_typesupport_cpp: rosidl_typesupport_fastrtps_cpp;rosidl_typesupport_introspection_cpp
[2.807s] -- Found rmw_implementation_cmake: 6.1.2 (/opt/ros/humble/share/rmw_implementation_cmake/cmake)
[2.807s] -- Found rmw_fastrtps_cpp: 6.2.7 (/opt/ros/humble/share/rmw_fastrtps_cpp/cmake)
[2.807s] -- Found TinyXML2 via Config file: TinyXML2_DIR-NOTFOUND
[2.807s] -- Found OpenSSL: /usr/lib/x86_64-linux-gnu/libcrypto.so (found version "3.0.2")  
[2.807s] -- Found TinyXML2 via Config file: TinyXML2_DIR-NOTFOUND
[2.807s] -- Found FastRTPS: /opt/ros/humble/include  
[2.807s] -- Found TinyXML2 via Config file: TinyXML2_DIR-NOTFOUND
[2.807s] -- Found TinyXML2 via Config file: TinyXML2_DIR-NOTFOUND
[2.807s] -- Using RMW implementation 'rmw_fastrtps_cpp' as default
[2.807s] -- Looking for C++ include pthread.h
[2.891s] -- Looking for C++ include pthread.h - found
[2.891s] -- Performing Test CMAKE_HAVE_LIBC_PTHREAD
[3.161s] -- Performing Test CMAKE_HAVE_LIBC_PTHREAD - Success
[3.162s] -- Found Threads: TRUE  
[3.220s] -- Found kdl_parser: 2.6.4 (/opt/ros/humble/share/kdl_parser/cmake)
[3.236s] -- Found eigen3_cmake_module: 0.1.1 (/opt/ros/humble/share/eigen3_cmake_module/cmake)
[3.238s] -- Found Eigen3: TRUE (found version "3.4.0") 
[3.238s] -- Ensuring Eigen3 include directory is part of orocos-kdl CMake target
[3.242s] -- Found controller_interface: 2.45.0 (/home/tejaswini/ros2_ws/install/controller_interface/share/controller_interface/cmake)
[3.249s] -- Found realtime_tools: 3.0.0 (/home/tejaswini/ros2_ws/install/realtime_tools/share/realtime_tools/cmake)
[3.286s] -- Found ament_cmake_pytest: 1.3.11 (/opt/ros/humble/share/ament_cmake_pytest/cmake)
[6.845s] -- Configuring done
[7.077s] -- Generating done
[7.085s] -- Build files have been written to: /home/tejaswini/ros2_ws/build/ros2_control_demo_example_7
[7.100s] Invoked command in '/home/tejaswini/ros2_ws/build/ros2_control_demo_example_7' returned '0': AMENT_PREFIX_PATH=/home/tejaswini/ros2_ws/install/ros2controlcli:/home/tejaswini/ros2_ws/install/ros2_control_demo_testing:/home/tejaswini/ros2_ws/install/joint_state_broadcaster:/home/tejaswini/ros2_ws/install/controller_manager:/home/tejaswini/ros2_ws/install/hardware_interface_testing:/home/tejaswini/ros2_ws/install/controller_interface:/home/tejaswini/ros2_ws/install/hardware_interface:/home/tejaswini/ros2_ws/install/ros2_control_test_assets:/home/tejaswini/ros2_ws/install/ros2_control_demo_description:/home/tejaswini/ros2_ws/install/realtime_tools:/home/tejaswini/ros2_ws/install/controller_manager_msgs:/home/tejaswini/ros2_ws/install/control_msgs:${AMENT_PREFIX_PATH} CMAKE_PREFIX_PATH=/home/tejaswini/ros2_ws/install/joint_state_broadcaster:/home/tejaswini/ros2_ws/install/controller_manager:/home/tejaswini/ros2_ws/install/hardware_interface_testing:/home/tejaswini/ros2_ws/install/controller_interface:/home/tejaswini/ros2_ws/install/hardware_interface:/home/tejaswini/ros2_ws/install/ros2_control_test_assets:/home/tejaswini/ros2_ws/install/ros2_control_demo_description:/home/tejaswini/ros2_ws/install/realtime_tools:/home/tejaswini/ros2_ws/install/controller_manager_msgs:/home/tejaswini/ros2_ws/install/control_msgs:/home/tejaswini/ros2_ws/install/task1_pkg:/opt/ros/humble LD_LIBRARY_PATH=/home/tejaswini/ros2_ws/install/joint_state_broadcaster/lib:/home/tejaswini/ros2_ws/install/controller_manager/lib:/home/tejaswini/ros2_ws/install/hardware_interface_testing/lib:/home/tejaswini/ros2_ws/install/controller_interface/lib:/home/tejaswini/ros2_ws/install/hardware_interface/lib:/home/tejaswini/ros2_ws/install/realtime_tools/lib:/home/tejaswini/ros2_ws/install/controller_manager_msgs/lib:/home/tejaswini/ros2_ws/install/control_msgs/lib:/usr/lib/x86_64-linux-gnu/gazebo-11/plugins:/opt/ros/humble/opt/rviz_ogre_vendor/lib:/opt/ros/humble/lib/x86_64-linux-gnu:/opt/ros/humble/lib:/usr/lib/x86_64-linux-gnu/gazebo-11/plugins PYTHONPATH=/home/tejaswini/ros2_ws/build/ros2controlcli:/home/tejaswini/ros2_ws/install/ros2controlcli/lib/python3.10/site-packages:/home/tejaswini/ros2_ws/build/ros2_control_demo_testing:/home/tejaswini/ros2_ws/install/ros2_control_demo_testing/lib/python3.10/site-packages:/home/tejaswini/ros2_ws/install/controller_manager/local/lib/python3.10/dist-packages:/home/tejaswini/ros2_ws/install/controller_manager_msgs/local/lib/python3.10/dist-packages:/home/tejaswini/ros2_ws/install/control_msgs/local/lib/python3.10/dist-packages:${PYTHONPATH} /usr/bin/cmake /home/tejaswini/ros2_ws/src/ros-controls/ros2_control_demos/example_7 -DAMENT_CMAKE_SYMLINK_INSTALL=1 -DCMAKE_INSTALL_PREFIX=/home/tejaswini/ros2_ws/install/ros2_control_demo_example_7
[7.128s] Invoking command in '/home/tejaswini/ros2_ws/build/ros2_control_demo_example_7': AMENT_PREFIX_PATH=/home/tejaswini/ros2_ws/install/ros2controlcli:/home/tejaswini/ros2_ws/install/ros2_control_demo_testing:/home/tejaswini/ros2_ws/install/joint_state_broadcaster:/home/tejaswini/ros2_ws/install/controller_manager:/home/tejaswini/ros2_ws/install/hardware_interface_testing:/home/tejaswini/ros2_ws/install/controller_interface:/home/tejaswini/ros2_ws/install/hardware_interface:/home/tejaswini/ros2_ws/install/ros2_control_test_assets:/home/tejaswini/ros2_ws/install/ros2_control_demo_description:/home/tejaswini/ros2_ws/install/realtime_tools:/home/tejaswini/ros2_ws/install/controller_manager_msgs:/home/tejaswini/ros2_ws/install/control_msgs:${AMENT_PREFIX_PATH} CMAKE_PREFIX_PATH=/home/tejaswini/ros2_ws/install/joint_state_broadcaster:/home/tejaswini/ros2_ws/install/controller_manager:/home/tejaswini/ros2_ws/install/hardware_interface_testing:/home/tejaswini/ros2_ws/install/controller_interface:/home/tejaswini/ros2_ws/install/hardware_interface:/home/tejaswini/ros2_ws/install/ros2_control_test_assets:/home/tejaswini/ros2_ws/install/ros2_control_demo_description:/home/tejaswini/ros2_ws/install/realtime_tools:/home/tejaswini/ros2_ws/install/controller_manager_msgs:/home/tejaswini/ros2_ws/install/control_msgs:/home/tejaswini/ros2_ws/install/task1_pkg:/opt/ros/humble LD_LIBRARY_PATH=/home/tejaswini/ros2_ws/install/joint_state_broadcaster/lib:/home/tejaswini/ros2_ws/install/controller_manager/lib:/home/tejaswini/ros2_ws/install/hardware_interface_testing/lib:/home/tejaswini/ros2_ws/install/controller_interface/lib:/home/tejaswini/ros2_ws/install/hardware_interface/lib:/home/tejaswini/ros2_ws/install/realtime_tools/lib:/home/tejaswini/ros2_ws/install/controller_manager_msgs/lib:/home/tejaswini/ros2_ws/install/control_msgs/lib:/usr/lib/x86_64-linux-gnu/gazebo-11/plugins:/opt/ros/humble/opt/rviz_ogre_vendor/lib:/opt/ros/humble/lib/x86_64-linux-gnu:/opt/ros/humble/lib:/usr/lib/x86_64-linux-gnu/gazebo-11/plugins PYTHONPATH=/home/tejaswini/ros2_ws/build/ros2controlcli:/home/tejaswini/ros2_ws/install/ros2controlcli/lib/python3.10/site-packages:/home/tejaswini/ros2_ws/build/ros2_control_demo_testing:/home/tejaswini/ros2_ws/install/ros2_control_demo_testing/lib/python3.10/site-packages:/home/tejaswini/ros2_ws/install/controller_manager/local/lib/python3.10/dist-packages:/home/tejaswini/ros2_ws/install/controller_manager_msgs/local/lib/python3.10/dist-packages:/home/tejaswini/ros2_ws/install/control_msgs/local/lib/python3.10/dist-packages:${PYTHONPATH} /usr/bin/cmake --build /home/tejaswini/ros2_ws/build/ros2_control_demo_example_7 -- -j16 -l16
[7.189s] [ 20%] [32mBuilding CXX object CMakeFiles/send_trajectory.dir/reference_generator/send_trajectory.cpp.o[0m
[19.688s] [ 40%] [32m[1mLinking CXX executable send_trajectory[0m
[20.095s] [ 40%] Built target send_trajectory
[20.203s] [ 60%] [32mBuilding CXX object CMakeFiles/ros2_control_demo_example_7.dir/hardware/r6bot_hardware.cpp.o[0m
[20.231s] [ 80%] [32mBuilding CXX object CMakeFiles/ros2_control_demo_example_7.dir/controller/r6bot_controller.cpp.o[0m
[21.016s] In file included from [01m[K/home/tejaswini/ros2_ws/src/ros-controls/ros2_control_demos/example_7/controller/include/ros2_control_demo_example_7/r6bot_controller.hpp:36[m[K,
[21.016s]                  from [01m[K/home/tejaswini/ros2_ws/src/ros-controls/ros2_control_demos/example_7/controller/r6bot_controller.cpp:15[m[K:
[21.016s] [01m[K/home/tejaswini/ros2_ws/src/ros-controls/realtime_tools/include/realtime_tools/realtime_buffer.h:25:2:[m[K [01;35m[Kwarning: [m[K#warning "This header include is deprecated. Please update your code to use 'realtime_buffer.hpp' header." [[01;35m[K]8;;https://gcc.gnu.org/onlinedocs/gcc/Warning-Options.html#index-Wcpp-Wcpp]8;;[m[K]
[21.016s]    25 | #[01;35m[Kwarning[m[K \
[21.017s]       |  [01;35m[K^~~~~~~[m[K
[31.113s] [100%] [32m[1mLinking CXX shared library libros2_control_demo_example_7.so[0m
[31.809s] [100%] Built target ros2_control_demo_example_7
[31.827s] Invoked command in '/home/tejaswini/ros2_ws/build/ros2_control_demo_example_7' returned '0': AMENT_PREFIX_PATH=/home/tejaswini/ros2_ws/install/ros2controlcli:/home/tejaswini/ros2_ws/install/ros2_control_demo_testing:/home/tejaswini/ros2_ws/install/joint_state_broadcaster:/home/tejaswini/ros2_ws/install/controller_manager:/home/tejaswini/ros2_ws/install/hardware_interface_testing:/home/tejaswini/ros2_ws/install/controller_interface:/home/tejaswini/ros2_ws/install/hardware_interface:/home/tejaswini/ros2_ws/install/ros2_control_test_assets:/home/tejaswini/ros2_ws/install/ros2_control_demo_description:/home/tejaswini/ros2_ws/install/realtime_tools:/home/tejaswini/ros2_ws/install/controller_manager_msgs:/home/tejaswini/ros2_ws/install/control_msgs:${AMENT_PREFIX_PATH} CMAKE_PREFIX_PATH=/home/tejaswini/ros2_ws/install/joint_state_broadcaster:/home/tejaswini/ros2_ws/install/controller_manager:/home/tejaswini/ros2_ws/install/hardware_interface_testing:/home/tejaswini/ros2_ws/install/controller_interface:/home/tejaswini/ros2_ws/install/hardware_interface:/home/tejaswini/ros2_ws/install/ros2_control_test_assets:/home/tejaswini/ros2_ws/install/ros2_control_demo_description:/home/tejaswini/ros2_ws/install/realtime_tools:/home/tejaswini/ros2_ws/install/controller_manager_msgs:/home/tejaswini/ros2_ws/install/control_msgs:/home/tejaswini/ros2_ws/install/task1_pkg:/opt/ros/humble LD_LIBRARY_PATH=/home/tejaswini/ros2_ws/install/joint_state_broadcaster/lib:/home/tejaswini/ros2_ws/install/controller_manager/lib:/home/tejaswini/ros2_ws/install/hardware_interface_testing/lib:/home/tejaswini/ros2_ws/install/controller_interface/lib:/home/tejaswini/ros2_ws/install/hardware_interface/lib:/home/tejaswini/ros2_ws/install/realtime_tools/lib:/home/tejaswini/ros2_ws/install/controller_manager_msgs/lib:/home/tejaswini/ros2_ws/install/control_msgs/lib:/usr/lib/x86_64-linux-gnu/gazebo-11/plugins:/opt/ros/humble/opt/rviz_ogre_vendor/lib:/opt/ros/humble/lib/x86_64-linux-gnu:/opt/ros/humble/lib:/usr/lib/x86_64-linux-gnu/gazebo-11/plugins PYTHONPATH=/home/tejaswini/ros2_ws/build/ros2controlcli:/home/tejaswini/ros2_ws/install/ros2controlcli/lib/python3.10/site-packages:/home/tejaswini/ros2_ws/build/ros2_control_demo_testing:/home/tejaswini/ros2_ws/install/ros2_control_demo_testing/lib/python3.10/site-packages:/home/tejaswini/ros2_ws/install/controller_manager/local/lib/python3.10/dist-packages:/home/tejaswini/ros2_ws/install/controller_manager_msgs/local/lib/python3.10/dist-packages:/home/tejaswini/ros2_ws/install/control_msgs/local/lib/python3.10/dist-packages:${PYTHONPATH} /usr/bin/cmake --build /home/tejaswini/ros2_ws/build/ros2_control_demo_example_7 -- -j16 -l16
[31.831s] Invoking command in '/home/tejaswini/ros2_ws/build/ros2_control_demo_example_7': AMENT_PREFIX_PATH=/home/tejaswini/ros2_ws/install/ros2controlcli:/home/tejaswini/ros2_ws/install/ros2_control_demo_testing:/home/tejaswini/ros2_ws/install/joint_state_broadcaster:/home/tejaswini/ros2_ws/install/controller_manager:/home/tejaswini/ros2_ws/install/hardware_interface_testing:/home/tejaswini/ros2_ws/install/controller_interface:/home/tejaswini/ros2_ws/install/hardware_interface:/home/tejaswini/ros2_ws/install/ros2_control_test_assets:/home/tejaswini/ros2_ws/install/ros2_control_demo_description:/home/tejaswini/ros2_ws/install/realtime_tools:/home/tejaswini/ros2_ws/install/controller_manager_msgs:/home/tejaswini/ros2_ws/install/control_msgs:${AMENT_PREFIX_PATH} CMAKE_PREFIX_PATH=/home/tejaswini/ros2_ws/install/joint_state_broadcaster:/home/tejaswini/ros2_ws/install/controller_manager:/home/tejaswini/ros2_ws/install/hardware_interface_testing:/home/tejaswini/ros2_ws/install/controller_interface:/home/tejaswini/ros2_ws/install/hardware_interface:/home/tejaswini/ros2_ws/install/ros2_control_test_assets:/home/tejaswini/ros2_ws/install/ros2_control_demo_description:/home/tejaswini/ros2_ws/install/realtime_tools:/home/tejaswini/ros2_ws/install/controller_manager_msgs:/home/tejaswini/ros2_ws/install/control_msgs:/home/tejaswini/ros2_ws/install/task1_pkg:/opt/ros/humble LD_LIBRARY_PATH=/home/tejaswini/ros2_ws/install/joint_state_broadcaster/lib:/home/tejaswini/ros2_ws/install/controller_manager/lib:/home/tejaswini/ros2_ws/install/hardware_interface_testing/lib:/home/tejaswini/ros2_ws/install/controller_interface/lib:/home/tejaswini/ros2_ws/install/hardware_interface/lib:/home/tejaswini/ros2_ws/install/realtime_tools/lib:/home/tejaswini/ros2_ws/install/controller_manager_msgs/lib:/home/tejaswini/ros2_ws/install/control_msgs/lib:/usr/lib/x86_64-linux-gnu/gazebo-11/plugins:/opt/ros/humble/opt/rviz_ogre_vendor/lib:/opt/ros/humble/lib/x86_64-linux-gnu:/opt/ros/humble/lib:/usr/lib/x86_64-linux-gnu/gazebo-11/plugins PYTHONPATH=/home/tejaswini/ros2_ws/build/ros2controlcli:/home/tejaswini/ros2_ws/install/ros2controlcli/lib/python3.10/site-packages:/home/tejaswini/ros2_ws/build/ros2_control_demo_testing:/home/tejaswini/ros2_ws/install/ros2_control_demo_testing/lib/python3.10/site-packages:/home/tejaswini/ros2_ws/install/controller_manager/local/lib/python3.10/dist-packages:/home/tejaswini/ros2_ws/install/controller_manager_msgs/local/lib/python3.10/dist-packages:/home/tejaswini/ros2_ws/install/control_msgs/local/lib/python3.10/dist-packages:${PYTHONPATH} /usr/bin/cmake --install /home/tejaswini/ros2_ws/build/ros2_control_demo_example_7
[31.844s] -- Install configuration: ""
[31.845s] -- Execute custom install script
[31.845s] -- Symlinking: /home/tejaswini/ros2_ws/install/ros2_control_demo_example_7/share/ros2_control_demo_example_7//ros2_control_demo_example_7.xml
[31.856s] -- Up-to-date symlink: /home/tejaswini/ros2_ws/install/ros2_control_demo_example_7/share/ros2_control_demo_example_7//ros2_control_demo_example_7.xml
[31.856s] -- Symlinking: /home/tejaswini/ros2_ws/install/ros2_control_demo_example_7/include/ros2_control_demo_example_7/ros2_control_demo_example_7/r6bot_hardware.hpp
[31.868s] -- Symlinking: /home/tejaswini/ros2_ws/install/ros2_control_demo_example_7/share/ros2_control_demo_example_7/launch/view_r6bot.launch.py
[31.878s] -- Symlinking: /home/tejaswini/ros2_ws/install/ros2_control_demo_example_7/share/ros2_control_demo_example_7/ros2_control/r6bot.ros2_control.xacro
[31.889s] -- Symlinking: /home/tejaswini/ros2_ws/install/ros2_control_demo_example_7/share/ros2_control_demo_example_7/urdf/r6bot.urdf.xacro
[31.900s] -- Symlinking: /home/tejaswini/ros2_ws/install/ros2_control_demo_example_7/share/ros2_control_demo_example_7/launch/r6bot_controller.launch.py
[31.910s] -- Symlinking: /home/tejaswini/ros2_ws/install/ros2_control_demo_example_7/share/ros2_control_demo_example_7/launch/send_trajectory.launch.py
[31.921s] -- Symlinking: /home/tejaswini/ros2_ws/install/ros2_control_demo_example_7/share/ros2_control_demo_example_7/config/r6bot_controller.yaml
[31.931s] -- Symlinking: /home/tejaswini/ros2_ws/install/ros2_control_demo_example_7/lib/ros2_control_demo_example_7/send_trajectory
[31.942s] -- Symlinking: /home/tejaswini/ros2_ws/install/ros2_control_demo_example_7/share/ros2_control_demo_example_7/environment/library_path.sh
[31.952s] -- Symlinking: /home/tejaswini/ros2_ws/install/ros2_control_demo_example_7/share/ros2_control_demo_example_7/environment/library_path.dsv
[31.962s] -- Symlinking: /home/tejaswini/ros2_ws/install/ros2_control_demo_example_7/share/ament_index/resource_index/package_run_dependencies/ros2_control_demo_example_7
[31.973s] -- Symlinking: /home/tejaswini/ros2_ws/install/ros2_control_demo_example_7/share/ament_index/resource_index/parent_prefix_path/ros2_control_demo_example_7
[31.984s] -- Symlinking: /home/tejaswini/ros2_ws/install/ros2_control_demo_example_7/share/ros2_control_demo_example_7/environment/ament_prefix_path.sh
[31.994s] -- Symlinking: /home/tejaswini/ros2_ws/install/ros2_control_demo_example_7/share/ros2_control_demo_example_7/environment/ament_prefix_path.dsv
[32.005s] -- Symlinking: /home/tejaswini/ros2_ws/install/ros2_control_demo_example_7/share/ros2_control_demo_example_7/environment/path.sh
[32.015s] -- Symlinking: /home/tejaswini/ros2_ws/install/ros2_control_demo_example_7/share/ros2_control_demo_example_7/environment/path.dsv
[32.025s] -- Symlinking: /home/tejaswini/ros2_ws/install/ros2_control_demo_example_7/share/ros2_control_demo_example_7/local_setup.bash
[32.036s] -- Symlinking: /home/tejaswini/ros2_ws/install/ros2_control_demo_example_7/share/ros2_control_demo_example_7/local_setup.sh
[32.046s] -- Symlinking: /home/tejaswini/ros2_ws/install/ros2_control_demo_example_7/share/ros2_control_demo_example_7/local_setup.zsh
[32.056s] -- Symlinking: /home/tejaswini/ros2_ws/install/ros2_control_demo_example_7/share/ros2_control_demo_example_7/local_setup.dsv
[32.067s] -- Symlinking: /home/tejaswini/ros2_ws/install/ros2_control_demo_example_7/share/ros2_control_demo_example_7/package.dsv
[32.078s] -- Symlinking: /home/tejaswini/ros2_ws/install/ros2_control_demo_example_7/share/ament_index/resource_index/packages/ros2_control_demo_example_7
[32.088s] -- Symlinking: /home/tejaswini/ros2_ws/install/ros2_control_demo_example_7/share/ament_index/resource_index/hardware_interface__pluginlib__plugin/ros2_control_demo_example_7
[32.099s] -- Symlinking: /home/tejaswini/ros2_ws/install/ros2_control_demo_example_7/share/ament_index/resource_index/controller_interface__pluginlib__plugin/ros2_control_demo_example_7
[32.110s] -- Symlinking: /home/tejaswini/ros2_ws/install/ros2_control_demo_example_7/share/ros2_control_demo_example_7/cmake/ament_cmake_export_targets-extras.cmake
[32.120s] -- Symlinking: /home/tejaswini/ros2_ws/install/ros2_control_demo_example_7/share/ros2_control_demo_example_7/cmake/ament_cmake_export_dependencies-extras.cmake
[32.131s] -- Symlinking: /home/tejaswini/ros2_ws/install/ros2_control_demo_example_7/share/ros2_control_demo_example_7/cmake/ros2_control_demo_example_7Config.cmake
[32.142s] -- Symlinking: /home/tejaswini/ros2_ws/install/ros2_control_demo_example_7/share/ros2_control_demo_example_7/cmake/ros2_control_demo_example_7Config-version.cmake
[32.153s] -- Symlinking: /home/tejaswini/ros2_ws/install/ros2_control_demo_example_7/share/ros2_control_demo_example_7/package.xml
[32.164s] -- Installing: /home/tejaswini/ros2_ws/install/ros2_control_demo_example_7/lib/libros2_control_demo_example_7.so
[32.173s] -- Set runtime path of "/home/tejaswini/ros2_ws/install/ros2_control_demo_example_7/lib/libros2_control_demo_example_7.so" to ""
[32.173s] -- Installing: /home/tejaswini/ros2_ws/install/ros2_control_demo_example_7/share/ros2_control_demo_example_7/cmake/export_ros2_control_demo_example_7Export.cmake
[32.173s] -- Installing: /home/tejaswini/ros2_ws/install/ros2_control_demo_example_7/share/ros2_control_demo_example_7/cmake/export_ros2_control_demo_example_7Export-noconfig.cmake
[32.177s] Invoked command in '/home/tejaswini/ros2_ws/build/ros2_control_demo_example_7' returned '0': AMENT_PREFIX_PATH=/home/tejaswini/ros2_ws/install/ros2controlcli:/home/tejaswini/ros2_ws/install/ros2_control_demo_testing:/home/tejaswini/ros2_ws/install/joint_state_broadcaster:/home/tejaswini/ros2_ws/install/controller_manager:/home/tejaswini/ros2_ws/install/hardware_interface_testing:/home/tejaswini/ros2_ws/install/controller_interface:/home/tejaswini/ros2_ws/install/hardware_interface:/home/tejaswini/ros2_ws/install/ros2_control_test_assets:/home/tejaswini/ros2_ws/install/ros2_control_demo_description:/home/tejaswini/ros2_ws/install/realtime_tools:/home/tejaswini/ros2_ws/install/controller_manager_msgs:/home/tejaswini/ros2_ws/install/control_msgs:${AMENT_PREFIX_PATH} CMAKE_PREFIX_PATH=/home/tejaswini/ros2_ws/install/joint_state_broadcaster:/home/tejaswini/ros2_ws/install/controller_manager:/home/tejaswini/ros2_ws/install/hardware_interface_testing:/home/tejaswini/ros2_ws/install/controller_interface:/home/tejaswini/ros2_ws/install/hardware_interface:/home/tejaswini/ros2_ws/install/ros2_control_test_assets:/home/tejaswini/ros2_ws/install/ros2_control_demo_description:/home/tejaswini/ros2_ws/install/realtime_tools:/home/tejaswini/ros2_ws/install/controller_manager_msgs:/home/tejaswini/ros2_ws/install/control_msgs:/home/tejaswini/ros2_ws/install/task1_pkg:/opt/ros/humble LD_LIBRARY_PATH=/home/tejaswini/ros2_ws/install/joint_state_broadcaster/lib:/home/tejaswini/ros2_ws/install/controller_manager/lib:/home/tejaswini/ros2_ws/install/hardware_interface_testing/lib:/home/tejaswini/ros2_ws/install/controller_interface/lib:/home/tejaswini/ros2_ws/install/hardware_interface/lib:/home/tejaswini/ros2_ws/install/realtime_tools/lib:/home/tejaswini/ros2_ws/install/controller_manager_msgs/lib:/home/tejaswini/ros2_ws/install/control_msgs/lib:/usr/lib/x86_64-linux-gnu/gazebo-11/plugins:/opt/ros/humble/opt/rviz_ogre_vendor/lib:/opt/ros/humble/lib/x86_64-linux-gnu:/opt/ros/humble/lib:/usr/lib/x86_64-linux-gnu/gazebo-11/plugins PYTHONPATH=/home/tejaswini/ros2_ws/build/ros2controlcli:/home/tejaswini/ros2_ws/install/ros2controlcli/lib/python3.10/site-packages:/home/tejaswini/ros2_ws/build/ros2_control_demo_testing:/home/tejaswini/ros2_ws/install/ros2_control_demo_testing/lib/python3.10/site-packages:/home/tejaswini/ros2_ws/install/controller_manager/local/lib/python3.10/dist-packages:/home/tejaswini/ros2_ws/install/controller_manager_msgs/local/lib/python3.10/dist-packages:/home/tejaswini/ros2_ws/install/control_msgs/local/lib/python3.10/dist-packages:${PYTHONPATH} /usr/bin/cmake --install /home/tejaswini/ros2_ws/build/ros2_control_demo_example_7
