[0.020s] Invoking command in '/home/tejaswini/ros2_ws/build/ros2_control_demo_description': CMAKE_PREFIX_PATH=/home/tejaswini/ros2_ws/install/task1_pkg:/opt/ros/humble /usr/bin/cmake /home/tejaswini/ros2_ws/src/ros-controls/ros2_control_demos/ros2_control_demo_description -DAMENT_CMAKE_SYMLINK_INSTALL=1 -DCMAKE_INSTALL_PREFIX=/home/tejaswini/ros2_ws/install/ros2_control_demo_description
[0.229s] -- The C compiler identification is GNU 11.4.0
[0.229s] -- The CXX compiler identification is GNU 11.4.0
[0.229s] -- Detecting C compiler ABI info
[0.248s] -- Detecting C compiler ABI info - done
[0.259s] -- Check for working C compiler: /usr/bin/cc - skipped
[0.260s] -- Detecting C compile features
[0.260s] -- Detecting C compile features - done
[0.264s] -- Detecting CXX compiler ABI info
[0.340s] -- Detecting CXX compiler ABI info - done
[0.346s] -- Check for working CXX compiler: /usr/bin/c++ - skipped
[0.347s] -- Detecting CXX compile features
[0.347s] -- Detecting CXX compile features - done
[0.349s] -- Found ament_cmake: 1.3.11 (/opt/ros/humble/share/ament_cmake/cmake)
[0.514s] -- Found Python3: /usr/bin/python3 (found version "3.10.12") found components: Interpreter 
[0.603s] -- Override CMake install command with custom implementation using symlinks instead of copying resources
[0.724s] -- Configuring done
[0.727s] -- Generating done
[0.729s] -- Build files have been written to: /home/tejaswini/ros2_ws/build/ros2_control_demo_description
[0.735s] Invoked command in '/home/tejaswini/ros2_ws/build/ros2_control_demo_description' returned '0': CMAKE_PREFIX_PATH=/home/tejaswini/ros2_ws/install/task1_pkg:/opt/ros/humble /usr/bin/cmake /home/tejaswini/ros2_ws/src/ros-controls/ros2_control_demos/ros2_control_demo_description -DAMENT_CMAKE_SYMLINK_INSTALL=1 -DCMAKE_INSTALL_PREFIX=/home/tejaswini/ros2_ws/install/ros2_control_demo_description
[0.737s] Invoking command in '/home/tejaswini/ros2_ws/build/ros2_control_demo_description': CMAKE_PREFIX_PATH=/home/tejaswini/ros2_ws/install/task1_pkg:/opt/ros/humble /usr/bin/cmake --build /home/tejaswini/ros2_ws/build/ros2_control_demo_description -- -j16 -l16
[0.775s] Invoked command in '/home/tejaswini/ros2_ws/build/ros2_control_demo_description' returned '0': CMAKE_PREFIX_PATH=/home/tejaswini/ros2_ws/install/task1_pkg:/opt/ros/humble /usr/bin/cmake --build /home/tejaswini/ros2_ws/build/ros2_control_demo_description -- -j16 -l16
[0.776s] Invoking command in '/home/tejaswini/ros2_ws/build/ros2_control_demo_description': CMAKE_PREFIX_PATH=/home/tejaswini/ros2_ws/install/task1_pkg:/opt/ros/humble /usr/bin/cmake --install /home/tejaswini/ros2_ws/build/ros2_control_demo_description
[0.784s] -- Install configuration: ""
[0.785s] -- Execute custom install script
[0.785s] -- Symlinking: /home/tejaswini/ros2_ws/install/ros2_control_demo_description/share/ros2_control_demo_description/rrbot/urdf/rrbot.materials.xacro
[0.796s] -- Symlinking: /home/tejaswini/ros2_ws/install/ros2_control_demo_description/share/ros2_control_demo_description/rrbot/urdf/rrbot_description.urdf.xacro
[0.803s] -- Symlinking: /home/tejaswini/ros2_ws/install/ros2_control_demo_description/share/ros2_control_demo_description/rrbot/rviz/rrbot.rviz
[0.813s] -- Symlinking: /home/tejaswini/ros2_ws/install/ros2_control_demo_description/share/ros2_control_demo_description/diffbot/urdf/diffbot.materials.xacro
[0.825s] -- Symlinking: /home/tejaswini/ros2_ws/install/ros2_control_demo_description/share/ros2_control_demo_description/diffbot/urdf/diffbot_description.urdf.xacro
[0.833s] -- Symlinking: /home/tejaswini/ros2_ws/install/ros2_control_demo_description/share/ros2_control_demo_description/diffbot/rviz/diffbot.rviz
[0.842s] -- Symlinking: /home/tejaswini/ros2_ws/install/ros2_control_demo_description/share/ros2_control_demo_description/diffbot/rviz/diffbot_view.rviz
[0.849s] -- Symlinking: /home/tejaswini/ros2_ws/install/ros2_control_demo_description/share/ros2_control_demo_description/carlikebot/urdf/carlikebot.materials.xacro
[0.859s] -- Symlinking: /home/tejaswini/ros2_ws/install/ros2_control_demo_description/share/ros2_control_demo_description/carlikebot/urdf/carlikebot_description.urdf.xacro
[0.866s] -- Symlinking: /home/tejaswini/ros2_ws/install/ros2_control_demo_description/share/ros2_control_demo_description/carlikebot/rviz/carlikebot.rviz
[0.875s] -- Symlinking: /home/tejaswini/ros2_ws/install/ros2_control_demo_description/share/ros2_control_demo_description/carlikebot/rviz/carlikebot_view.rviz
[0.886s] -- Symlinking: /home/tejaswini/ros2_ws/install/ros2_control_demo_description/share/ros2_control_demo_description/r3bot/urdf/threedofbot_description.urdf.xacro
[0.898s] -- Symlinking: /home/tejaswini/ros2_ws/install/ros2_control_demo_description/share/ros2_control_demo_description/r6bot/meshes/collision/link_0.stl
[0.906s] -- Symlinking: /home/tejaswini/ros2_ws/install/ros2_control_demo_description/share/ros2_control_demo_description/r6bot/meshes/collision/link_1.stl
[0.914s] -- Symlinking: /home/tejaswini/ros2_ws/install/ros2_control_demo_description/share/ros2_control_demo_description/r6bot/meshes/collision/link_2.stl
[0.925s] -- Symlinking: /home/tejaswini/ros2_ws/install/ros2_control_demo_description/share/ros2_control_demo_description/r6bot/meshes/collision/link_3.stl
[0.936s] -- Symlinking: /home/tejaswini/ros2_ws/install/ros2_control_demo_description/share/ros2_control_demo_description/r6bot/meshes/collision/link_4.stl
[0.946s] -- Symlinking: /home/tejaswini/ros2_ws/install/ros2_control_demo_description/share/ros2_control_demo_description/r6bot/meshes/collision/link_5.stl
[0.957s] -- Symlinking: /home/tejaswini/ros2_ws/install/ros2_control_demo_description/share/ros2_control_demo_description/r6bot/meshes/collision/link_6.stl
[0.967s] -- Symlinking: /home/tejaswini/ros2_ws/install/ros2_control_demo_description/share/ros2_control_demo_description/r6bot/meshes/visual/link_0.dae
[0.975s] -- Symlinking: /home/tejaswini/ros2_ws/install/ros2_control_demo_description/share/ros2_control_demo_description/r6bot/meshes/visual/link_1.dae
[0.983s] -- Symlinking: /home/tejaswini/ros2_ws/install/ros2_control_demo_description/share/ros2_control_demo_description/r6bot/meshes/visual/link_2.dae
[0.990s] -- Symlinking: /home/tejaswini/ros2_ws/install/ros2_control_demo_description/share/ros2_control_demo_description/r6bot/meshes/visual/link_3.dae
[1.001s] -- Symlinking: /home/tejaswini/ros2_ws/install/ros2_control_demo_description/share/ros2_control_demo_description/r6bot/meshes/visual/link_4.dae
[1.012s] -- Symlinking: /home/tejaswini/ros2_ws/install/ros2_control_demo_description/share/ros2_control_demo_description/r6bot/meshes/visual/link_5.dae
[1.022s] -- Symlinking: /home/tejaswini/ros2_ws/install/ros2_control_demo_description/share/ros2_control_demo_description/r6bot/meshes/visual/link_6.dae
[1.033s] -- Symlinking: /home/tejaswini/ros2_ws/install/ros2_control_demo_description/share/ros2_control_demo_description/r6bot/srdf/r6bot.srdf
[1.042s] -- Symlinking: /home/tejaswini/ros2_ws/install/ros2_control_demo_description/share/ros2_control_demo_description/r6bot/urdf/inc/create_link.xacro
[1.051s] -- Symlinking: /home/tejaswini/ros2_ws/install/ros2_control_demo_description/share/ros2_control_demo_description/r6bot/urdf/r6bot_description.urdf.xacro
[1.061s] -- Symlinking: /home/tejaswini/ros2_ws/install/ros2_control_demo_description/share/ros2_control_demo_description/r6bot/rviz/view_robot.rviz
[1.071s] -- Symlinking: /home/tejaswini/ros2_ws/install/ros2_control_demo_description/share/ament_index/resource_index/package_run_dependencies/ros2_control_demo_description
[1.082s] -- Symlinking: /home/tejaswini/ros2_ws/install/ros2_control_demo_description/share/ament_index/resource_index/parent_prefix_path/ros2_control_demo_description
[1.092s] -- Symlinking: /home/tejaswini/ros2_ws/install/ros2_control_demo_description/share/ros2_control_demo_description/environment/ament_prefix_path.sh
[1.099s] -- Symlinking: /home/tejaswini/ros2_ws/install/ros2_control_demo_description/share/ros2_control_demo_description/environment/ament_prefix_path.dsv
[1.109s] -- Symlinking: /home/tejaswini/ros2_ws/install/ros2_control_demo_description/share/ros2_control_demo_description/environment/path.sh
[1.120s] -- Symlinking: /home/tejaswini/ros2_ws/install/ros2_control_demo_description/share/ros2_control_demo_description/environment/path.dsv
[1.131s] -- Symlinking: /home/tejaswini/ros2_ws/install/ros2_control_demo_description/share/ros2_control_demo_description/local_setup.bash
[1.141s] -- Symlinking: /home/tejaswini/ros2_ws/install/ros2_control_demo_description/share/ros2_control_demo_description/local_setup.sh
[1.150s] -- Symlinking: /home/tejaswini/ros2_ws/install/ros2_control_demo_description/share/ros2_control_demo_description/local_setup.zsh
[1.160s] -- Symlinking: /home/tejaswini/ros2_ws/install/ros2_control_demo_description/share/ros2_control_demo_description/local_setup.dsv
[1.170s] -- Symlinking: /home/tejaswini/ros2_ws/install/ros2_control_demo_description/share/ros2_control_demo_description/package.dsv
[1.180s] -- Symlinking: /home/tejaswini/ros2_ws/install/ros2_control_demo_description/share/ament_index/resource_index/packages/ros2_control_demo_description
[1.189s] -- Symlinking: /home/tejaswini/ros2_ws/install/ros2_control_demo_description/share/ros2_control_demo_description/cmake/ros2_control_demo_descriptionConfig.cmake
[1.197s] -- Symlinking: /home/tejaswini/ros2_ws/install/ros2_control_demo_description/share/ros2_control_demo_description/cmake/ros2_control_demo_descriptionConfig-version.cmake
[1.204s] -- Symlinking: /home/tejaswini/ros2_ws/install/ros2_control_demo_description/share/ros2_control_demo_description/package.xml
[1.217s] Invoked command in '/home/tejaswini/ros2_ws/build/ros2_control_demo_description' returned '0': CMAKE_PREFIX_PATH=/home/tejaswini/ros2_ws/install/task1_pkg:/opt/ros/humble /usr/bin/cmake --install /home/tejaswini/ros2_ws/build/ros2_control_demo_description
