[0.407s] Invoking command in '/home/tejaswini/ros2_ws/build/ign_ros2_control': CMAKE_PREFIX_PATH=/home/tejaswini/ros2_ws/install/controller_manager:/home/tejaswini/ros2_ws/install/hardware_interface_testing:/home/tejaswini/ros2_ws/install/controller_interface:/home/tejaswini/ros2_ws/install/hardware_interface:/home/tejaswini/ros2_ws/install/ros2_control_test_assets:/home/tejaswini/ros2_ws/install/realtime_tools:/home/tejaswini/ros2_ws/install/controller_manager_msgs:/home/tejaswini/ros2_ws/install/control_msgs:/home/tejaswini/ros2_ws/install/ros2_controllers:/home/tejaswini/ros2_ws/install/ros2_control_demos:/home/tejaswini/ros2_ws/install/ros2_control_demo_example_3:/home/tejaswini/ros2_ws/install/ign_ros2_control_demos:/home/tejaswini/ros2_ws/install/gazebo_ros2_control_demos:/home/tejaswini/ros2_ws/install/velocity_controllers:/home/tejaswini/ros2_ws/install/tricycle_steering_controller:/home/tejaswini/ros2_ws/install/tricycle_controller:/home/tejaswini/ros2_ws/install/ros2_control_demo_example_8:/home/tejaswini/ros2_ws/install/ros2_control:/home/tejaswini/ros2_ws/install/transmission_interface:/home/tejaswini/ros2_ws/install/ros2_control_demo_example_11:/home/tejaswini/ros2_ws/install/bicycle_steering_controller:/home/tejaswini/ros2_ws/install/ackermann_steering_controller:/home/tejaswini/ros2_ws/install/steering_controllers_library:/home/tejaswini/ros2_ws/install/ros2_control_demo_example_9:/home/tejaswini/ros2_ws/install/ros2_control_demo_example_7:/home/tejaswini/ros2_ws/install/ros2_control_demo_example_6:/home/tejaswini/ros2_ws/install/ros2_control_demo_example_15:/home/tejaswini/ros2_ws/install/ros2_control_demo_example_13:/home/tejaswini/ros2_ws/install/ros2_control_demo_example_5:/home/tejaswini/ros2_ws/install/ros2_control_demo_example_4:/home/tejaswini/ros2_ws/install/ros2_control_demo_example_2:/home/tejaswini/ros2_ws/install/ros2_control_demo_example_14:/home/tejaswini/ros2_ws/install/ros2_control_demo_example_12:/home/tejaswini/ros2_ws/install/ros2_control_demo_example_10:/home/tejaswini/ros2_ws/install/ros2_control_demo_example_1:/home/tejaswini/ros2_ws/install/gz_ros2_control_tests:/home/tejaswini/ros2_ws/install/ign_ros2_control:/home/tejaswini/ros2_ws/install/gazebo_ros2_control:/home/tejaswini/ros2_ws/install/ros2_control_demo_description:/home/tejaswini/ros2_ws/install/range_sensor_broadcaster:/home/tejaswini/ros2_ws/install/position_controllers:/home/tejaswini/ros2_ws/install/pose_broadcaster:/home/tejaswini/ros2_ws/install/pid_controller:/home/tejaswini/ros2_ws/install/admittance_controller:/home/tejaswini/ros2_ws/install/joint_trajectory_controller:/home/tejaswini/ros2_ws/install/joint_state_broadcaster:/home/tejaswini/ros2_ws/install/imu_sensor_broadcaster:/home/tejaswini/ros2_ws/install/gripper_controllers:/home/tejaswini/ros2_ws/install/gpio_controllers:/home/tejaswini/ros2_ws/install/effort_controllers:/home/tejaswini/ros2_ws/install/forward_command_controller:/home/tejaswini/ros2_ws/install/force_torque_sensor_broadcaster:/home/tejaswini/ros2_ws/install/diff_drive_controller:/home/tejaswini/ros2_ws/install/control_toolbox:/home/tejaswini/ros2_ws/install/kinematics_interface_kdl:/home/tejaswini/ros2_ws/install/kinematics_interface:/home/tejaswini/ros2_ws/install/joint_limits:/home/tejaswini/ros2_ws/install/task1_pkg:/home/tejaswini/ros2_ws/install/rqt_joint_trajectory_controller:/home/tejaswini/ros2_ws/install/rqt_controller_manager:/home/tejaswini/ros2_ws/install/ros2controlcli:/home/tejaswini/ros2_ws/install/ros2_controllers_test_nodes:/home/tejaswini/ros2_ws/install/ros2_control_demo_testing:/opt/ros/humble LD_LIBRARY_PATH=/home/tejaswini/ros2_ws/install/controller_manager/lib:/home/tejaswini/ros2_ws/install/hardware_interface_testing/lib:/home/tejaswini/ros2_ws/install/controller_interface/lib:/home/tejaswini/ros2_ws/install/hardware_interface/lib:/home/tejaswini/ros2_ws/install/realtime_tools/lib:/home/tejaswini/ros2_ws/install/controller_manager_msgs/lib:/home/tejaswini/ros2_ws/install/control_msgs/lib:/home/tejaswini/ros2_ws/install/ros2_control_demo_example_3/lib:/home/tejaswini/ros2_ws/install/velocity_controllers/lib:/home/tejaswini/ros2_ws/install/tricycle_steering_controller/lib:/home/tejaswini/ros2_ws/install/tricycle_controller/lib:/home/tejaswini/ros2_ws/install/ros2_control_demo_example_8/lib:/home/tejaswini/ros2_ws/install/transmission_interface/lib:/home/tejaswini/ros2_ws/install/ros2_control_demo_example_11/lib:/home/tejaswini/ros2_ws/install/bicycle_steering_controller/lib:/home/tejaswini/ros2_ws/install/ackermann_steering_controller/lib:/home/tejaswini/ros2_ws/install/steering_controllers_library/lib:/home/tejaswini/ros2_ws/install/ros2_control_demo_example_9/lib:/home/tejaswini/ros2_ws/install/ros2_control_demo_example_7/lib:/home/tejaswini/ros2_ws/install/ros2_control_demo_example_6/lib:/home/tejaswini/ros2_ws/install/ros2_control_demo_example_5/lib:/home/tejaswini/ros2_ws/install/ros2_control_demo_example_4/lib:/home/tejaswini/ros2_ws/install/ros2_control_demo_example_2/lib:/home/tejaswini/ros2_ws/install/ros2_control_demo_example_14/lib:/home/tejaswini/ros2_ws/install/ros2_control_demo_example_12/lib:/home/tejaswini/ros2_ws/install/ros2_control_demo_example_10/lib:/home/tejaswini/ros2_ws/install/ros2_control_demo_example_1/lib:/home/tejaswini/ros2_ws/install/ign_ros2_control/lib:/home/tejaswini/ros2_ws/install/gazebo_ros2_control/lib:/home/tejaswini/ros2_ws/install/range_sensor_broadcaster/lib:/home/tejaswini/ros2_ws/install/position_controllers/lib:/home/tejaswini/ros2_ws/install/pose_broadcaster/lib:/home/tejaswini/ros2_ws/install/pid_controller/lib:/home/tejaswini/ros2_ws/install/admittance_controller/lib:/home/tejaswini/ros2_ws/install/joint_trajectory_controller/lib:/home/tejaswini/ros2_ws/install/joint_state_broadcaster/lib:/home/tejaswini/ros2_ws/install/imu_sensor_broadcaster/lib:/home/tejaswini/ros2_ws/install/gripper_controllers/lib:/home/tejaswini/ros2_ws/install/gpio_controllers/lib:/home/tejaswini/ros2_ws/install/effort_controllers/lib:/home/tejaswini/ros2_ws/install/forward_command_controller/lib:/home/tejaswini/ros2_ws/install/force_torque_sensor_broadcaster/lib:/home/tejaswini/ros2_ws/install/diff_drive_controller/lib:/home/tejaswini/ros2_ws/install/control_toolbox/lib:/home/tejaswini/ros2_ws/install/kinematics_interface_kdl/lib:/home/tejaswini/ros2_ws/install/kinematics_interface/lib:/usr/lib/x86_64-linux-gnu/gazebo-11/plugins:/opt/ros/humble/opt/rviz_ogre_vendor/lib:/opt/ros/humble/lib/x86_64-linux-gnu:/opt/ros/humble/lib:/usr/lib/x86_64-linux-gnu/gazebo-11/plugins /usr/bin/cmake /home/tejaswini/ros2_ws/src/ros-controls/gz_ros2_control/ign_ros2_control -DCMAKE_INSTALL_PREFIX=/home/tejaswini/ros2_ws/install/ign_ros2_control
[0.427s] -- Found ament_cmake: 1.3.11 (/opt/ros/humble/share/ament_cmake/cmake)
[0.602s] -- Override CMake install command with custom implementation using symlinks instead of copying resources
[0.607s] -- Found ament_index_cpp: 1.4.0 (/opt/ros/humble/share/ament_index_cpp/cmake)
[0.608s] -- Found controller_manager: 2.45.0 (/home/tejaswini/ros2_ws/install/controller_manager/share/controller_manager/cmake)
[0.647s] -- Found rosidl_generator_c: 3.1.6 (/opt/ros/humble/share/rosidl_generator_c/cmake)
[0.651s] -- Found rosidl_adapter: 3.1.6 (/opt/ros/humble/share/rosidl_adapter/cmake)
[0.658s] -- Found rosidl_generator_cpp: 3.1.6 (/opt/ros/humble/share/rosidl_generator_cpp/cmake)
[0.673s] -- Using all available rosidl_typesupport_c: rosidl_typesupport_fastrtps_c;rosidl_typesupport_introspection_c
[0.692s] -- Using all available rosidl_typesupport_cpp: rosidl_typesupport_fastrtps_cpp;rosidl_typesupport_introspection_cpp
[0.928s] -- Found rmw_implementation_cmake: 6.1.2 (/opt/ros/humble/share/rmw_implementation_cmake/cmake)
[0.935s] -- Found rmw_fastrtps_cpp: 6.2.7 (/opt/ros/humble/share/rmw_fastrtps_cpp/cmake)
[0.958s] -- Found TinyXML2 via Config file: TinyXML2_DIR-NOTFOUND
[0.971s] -- Found TinyXML2 via Config file: TinyXML2_DIR-NOTFOUND
[0.993s] -- Found TinyXML2 via Config file: TinyXML2_DIR-NOTFOUND
[1.007s] -- Found TinyXML2 via Config file: TinyXML2_DIR-NOTFOUND
[1.030s] -- Using RMW implementation 'rmw_fastrtps_cpp' as default
[1.148s] -- Found yaml_cpp_vendor: 8.0.2 (/opt/ros/humble/share/yaml_cpp_vendor/cmake)
[1.148s] -- Looking for ignition-gazebo6 -- found version 6.16.0
[1.153s] -- Searching for dependencies of ignition-gazebo6
[1.154s] -- Looking for sdformat12 -- found version 12.7.2
[1.156s] -- Searching for dependencies of sdformat12
[1.162s] -- Looking for ignition-math6 -- found version 6.15.1
[1.163s] -- Searching for dependencies of ignition-math6
[1.164s] -- Looking for ignition-utils1 -- found version 1.5.1
[1.165s] -- Searching for dependencies of ignition-utils1
[1.166s] -- Looking for ignition-plugin1 -- found version 1.4.0
[1.167s] -- Searching for dependencies of ignition-plugin1
[1.167s] -- Searching for <ignition-plugin1> component [loader]
[1.168s] -- Looking for ignition-plugin1-loader -- found version 1.4.0
[1.168s] -- Searching for dependencies of ignition-plugin1-loader
[1.171s] -- Searching for <ignition-plugin1> component [register]
[1.171s] -- Looking for ignition-plugin1-register -- found version 1.4.0
[1.171s] -- Searching for dependencies of ignition-plugin1-register
[1.171s] -- Looking for ignition-transport11 -- found version 11.4.1
[1.172s] -- Searching for dependencies of ignition-transport11
[1.218s] -- Config-file not installed for ZeroMQ -- checking for pkg-config
[1.226s] -- Checking for module 'libzmq >= 4'
[1.252s] --   Found libzmq , version 4.3.4
[1.335s] -- Checking for module 'uuid'
[1.367s] --   Found uuid, version 2.37.2
[1.432s] -- Looking for ignition-utils1 -- found version 1.5.1
[1.432s] -- Searching for dependencies of ignition-utils1
[1.432s] -- Searching for <ignition-utils1> component [cli]
[1.433s] -- Looking for ignition-utils1-cli -- found version 1.5.1
[1.433s] -- Searching for dependencies of ignition-utils1-cli
[1.434s] -- Looking for ignition-msgs8 -- found version 8.7.0
[1.435s] -- Searching for dependencies of ignition-msgs8
[1.469s] -- Found Protobuf: /usr/lib/x86_64-linux-gnu/libprotobuf.so (found suitable version "3.12.4", minimum required is "3") 
[1.469s] -- Looking for ignition-math6 -- found version 6.15.1
[1.481s] -- Searching for <ignition-transport11> component [log]
[1.481s] -- Looking for ignition-transport11-log -- found version 11.4.1
[1.482s] -- Searching for dependencies of ignition-transport11-log
[1.483s] -- Searching for <ignition-transport11> component [parameters]
[1.484s] -- Looking for ignition-transport11-parameters -- found version 11.4.1
[1.484s] -- Searching for dependencies of ignition-transport11-parameters
[1.485s] -- Looking for ignition-msgs8 -- found version 8.7.0
[1.486s] -- Looking for ignition-common4 -- found version 4.7.0
[1.486s] -- Searching for dependencies of ignition-common4
[1.487s] -- Looking for dlfcn.h - found
[1.487s] -- Looking for libdl - found
[1.503s] -- Searching for <ignition-common4> component [profiler]
[1.503s] -- Looking for ignition-common4-profiler -- found version 4.7.0
[1.503s] -- Searching for dependencies of ignition-common4-profiler
[1.506s] -- Searching for <ignition-common4> component [events]
[1.506s] -- Looking for ignition-common4-events -- found version 4.7.0
[1.506s] -- Searching for dependencies of ignition-common4-events
[1.506s] -- Looking for ignition-math6 -- found version 6.15.1
[1.506s] -- Searching for <ignition-common4> component [av]
[1.506s] -- Looking for ignition-common4-av -- found version 4.7.0
[1.509s] -- Searching for dependencies of ignition-common4-av
[1.517s] -- Checking for module 'libswscale'
[1.554s] --   Found libswscale, version 5.9.100
[1.622s] -- Checking for module 'libavdevice >= 56.4.100'
[1.671s] --   Found libavdevice , version 58.13.100
[1.799s] -- Checking for module 'libavformat'
[1.861s] --   Found libavformat, version 58.76.100
[1.991s] -- Checking for module 'libavcodec'
[2.018s] --   Found libavcodec, version 58.134.100
[2.108s] -- Checking for module 'libavutil'
[2.138s] --   Found libavutil, version 56.70.100
[2.198s] -- Looking for ignition-fuel_tools7 -- found version 7.3.0
[2.199s] -- Searching for dependencies of ignition-fuel_tools7
[2.266s] -- Checking for module 'jsoncpp'
[2.295s] --   Found jsoncpp, version 1.9.5
[2.365s] -- Checking for module 'libzip'
[2.400s] --   Found libzip, version 1.7.3
[2.471s] -- Looking for ignition-common4 -- found version 4.7.0
[2.472s] -- Looking for ignition-math6 -- found version 6.15.1
[2.473s] -- Looking for ignition-msgs8 -- found version 8.7.0
[2.475s] -- Looking for ignition-gui6 -- found version 6.8.0
[2.476s] -- Searching for dependencies of ignition-gui6
[2.521s] -- Looking for ignition-math6 -- found version 6.15.1
[2.521s] -- Looking for ignition-common4 -- found version 4.7.0
[2.522s] -- Looking for ignition-plugin1 -- found version 1.4.0
[2.523s] -- Looking for ignition-transport11 -- found version 11.4.1
[2.525s] -- Looking for ignition-rendering6 -- found version 6.6.3
[2.525s] -- Searching for dependencies of ignition-rendering6
[2.526s] -- Looking for ignition-math6 -- found version 6.15.1
[2.527s] -- Searching for dependencies of ignition-math6
[2.528s] -- Searching for <ignition-math6> component [eigen3]
[2.528s] -- Looking for ignition-math6-eigen3 -- found version 6.15.1
[2.529s] -- Searching for dependencies of ignition-math6-eigen3
[2.533s] -- Looking for ignition-common4 -- found version 4.7.0
[2.533s] -- Searching for dependencies of ignition-common4
[2.533s] -- Looking for dlfcn.h - found
[2.534s] -- Looking for libdl - found
[2.551s] -- Searching for <ignition-common4> component [graphics]
[2.551s] -- Looking for ignition-common4-graphics -- found version 4.7.0
[2.552s] -- Searching for dependencies of ignition-common4-graphics
[2.553s] -- Looking for ignition-math6 -- found version 6.15.1
[2.555s] -- Looking for ignition-utils1 -- found version 1.5.1
[2.556s] -- Searching for <ignition-common4> component [events]
[2.558s] -- Looking for ignition-plugin1 -- found version 1.4.0
[2.559s] -- Searching for dependencies of ignition-plugin1
[2.559s] -- Searching for <ignition-plugin1> component [all]
[2.559s] -- Looking for all libraries of ignition-plugin1 -- found version 1.4.0
[2.560s] -- Looking for ignition-plugin1 -- found version 1.4.0
[2.563s] -- Looking for ignition-msgs8 -- found version 8.7.0
[2.590s] -- Looking for ignition-physics5 -- found version 5.3.2
[2.590s] -- Searching for dependencies of ignition-physics5
[2.590s] -- Looking for ignition-math6 -- found version 6.15.1
[2.590s] -- Looking for ignition-plugin1 -- found version 1.4.0
[2.590s] -- Looking for ignition-utils1 -- found version 1.5.1
[2.590s] -- Searching for <ignition-physics5> component [heightmap]
[2.590s] -- Looking for ignition-physics5-heightmap -- found version 5.3.2
[2.590s] -- Searching for dependencies of ignition-physics5-heightmap
[2.591s] -- Looking for ignition-common4 -- found version 4.7.0
[2.592s] -- Searching for <ignition-physics5> component [mesh]
[2.592s] -- Looking for ignition-physics5-mesh -- found version 5.3.2
[2.593s] -- Searching for dependencies of ignition-physics5-mesh
[2.593s] -- Looking for ignition-common4 -- found version 4.7.0
[2.594s] -- Searching for <ignition-physics5> component [sdf]
[2.595s] -- Looking for ignition-physics5-sdf -- found version 5.3.2
[2.595s] -- Searching for dependencies of ignition-physics5-sdf
[2.596s] -- Looking for sdformat12 -- found version 12.7.2
[2.600s] -- Looking for ignition-sensors6 -- found version 6.8.0
[2.600s] -- Searching for dependencies of ignition-sensors6
[2.627s] -- Found Protobuf: /usr/lib/x86_64-linux-gnu/libprotobuf.so (found version "3.12.4") 
[2.629s] -- Looking for ignition-math6 -- found version 6.15.1
[2.629s] -- Looking for ignition-common4 -- found version 4.7.0
[2.630s] -- Looking for ignition-transport11 -- found version 11.4.1
[2.631s] -- Looking for ignition-rendering6 -- found version 6.6.3
[2.632s] -- Looking for ignition-msgs8 -- found version 8.7.0
[2.632s] -- Looking for sdformat12 -- found version 12.7.2
[2.633s] -- Searching for <ignition-sensors6> component [air_pressure]
[2.634s] -- Looking for ignition-sensors6-air_pressure -- found version 6.8.0
[2.634s] -- Searching for dependencies of ignition-sensors6-air_pressure
[2.635s] -- Searching for <ignition-sensors6> component [altimeter]
[2.636s] -- Looking for ignition-sensors6-altimeter -- found version 6.8.0
[2.639s] -- Searching for dependencies of ignition-sensors6-altimeter
[2.640s] -- Searching for <ignition-sensors6> component [imu]
[2.640s] -- Looking for ignition-sensors6-imu -- found version 6.8.0
[2.640s] -- Searching for dependencies of ignition-sensors6-imu
[2.640s] -- Searching for <ignition-sensors6> component [force_torque]
[2.640s] -- Looking for ignition-sensors6-force_torque -- found version 6.8.0
[2.641s] -- Searching for dependencies of ignition-sensors6-force_torque
[2.641s] -- Searching for <ignition-sensors6> component [logical_camera]
[2.642s] -- Looking for ignition-sensors6-logical_camera -- found version 6.8.0
[2.643s] -- Searching for dependencies of ignition-sensors6-logical_camera
[2.644s] -- Searching for <ignition-sensors6> component [magnetometer]
[2.644s] -- Looking for ignition-sensors6-magnetometer -- found version 6.8.0
[2.648s] -- Searching for dependencies of ignition-sensors6-magnetometer
[2.648s] -- Searching for <ignition-sensors6> component [navsat]
[2.648s] -- Looking for ignition-sensors6-navsat -- found version 6.8.0
[2.648s] -- Searching for dependencies of ignition-sensors6-navsat
[2.648s] -- Searching for <ignition-sensors6> component [rendering]
[2.649s] -- Looking for ignition-sensors6-rendering -- found version 6.8.0
[2.649s] -- Searching for dependencies of ignition-sensors6-rendering
[2.650s] -- Searching for <ignition-sensors6> component [lidar]
[2.651s] -- Looking for ignition-sensors6-lidar -- found version 6.8.0
[2.652s] -- Searching for dependencies of ignition-sensors6-lidar
[2.652s] -- Looking for ignition-sensors6 -- found version 6.8.0
[2.653s] -- Searching for <ignition-sensors6> component [gpu_lidar]
[2.654s] -- Looking for ignition-sensors6-gpu_lidar -- found version 6.8.0
[2.654s] -- Searching for dependencies of ignition-sensors6-gpu_lidar
[2.655s] -- Looking for ignition-sensors6 -- found version 6.8.0
[2.656s] -- Searching for <ignition-sensors6> component [camera]
[2.656s] -- Looking for ignition-sensors6-camera -- found version 6.8.0
[2.658s] -- Searching for dependencies of ignition-sensors6-camera
[2.658s] -- Looking for ignition-sensors6 -- found version 6.8.0
[2.661s] -- Searching for <ignition-sensors6> component [boundingbox_camera]
[2.661s] -- Looking for ignition-sensors6-boundingbox_camera -- found version 6.8.0
[2.661s] -- Searching for dependencies of ignition-sensors6-boundingbox_camera
[2.661s] -- Searching for <ignition-sensors6> component [segmentation_camera]
[2.661s] -- Looking for ignition-sensors6-segmentation_camera -- found version 6.8.0
[2.662s] -- Searching for dependencies of ignition-sensors6-segmentation_camera
[2.663s] -- Searching for <ignition-sensors6> component [depth_camera]
[2.663s] -- Looking for ignition-sensors6-depth_camera -- found version 6.8.0
[2.664s] -- Searching for dependencies of ignition-sensors6-depth_camera
[2.664s] -- Looking for ignition-sensors6 -- found version 6.8.0
[2.665s] -- Searching for <ignition-sensors6> component [rgbd_camera]
[2.666s] -- Looking for ignition-sensors6-rgbd_camera -- found version 6.8.0
[2.666s] -- Searching for dependencies of ignition-sensors6-rgbd_camera
[2.670s] -- Looking for ignition-sensors6 -- found version 6.8.0
[2.670s] -- Searching for <ignition-sensors6> component [thermal_camera]
[2.670s] -- Looking for ignition-sensors6-thermal_camera -- found version 6.8.0
[2.670s] -- Searching for dependencies of ignition-sensors6-thermal_camera
[2.673s] -- Looking for ignition-sensors6 -- found version 6.8.0
[2.673s] -- Looking for ignition-rendering6 -- found version 6.6.3
[2.673s] -- Looking for ignition-math6 -- found version 6.15.1
[2.673s] -- Looking for ignition-utils1 -- found version 1.5.1
[2.708s] -- Compiling against Ignition Fortress
[2.708s] -- Looking for ignition-plugin1 -- found version 1.4.0
[2.806s] -- Found ament_lint_auto: 0.12.11 (/opt/ros/humble/share/ament_lint_auto/cmake)
[2.936s] -- Added test 'copyright' to check source files copyright and LICENSE
[2.938s] -- Added test 'cppcheck' to perform static code analysis on C / C++ code
[2.939s] -- Configured cppcheck include dirs: /home/tejaswini/ros2_ws/src/ros-controls/gz_ros2_control/ign_ros2_control/include
[2.939s] -- Configured cppcheck exclude dirs and/or files: 
[2.941s] -- Added test 'cpplint' to check C / C++ code against the Google style
[2.941s] -- Configured cpplint exclude dirs and/or files: 
[2.944s] -- Added test 'lint_cmake' to check CMake code style
[2.944s] -- Added test 'uncrustify' to check C / C++ code style
[2.944s] -- Configured uncrustify additional arguments: 
[2.947s] -- Added test 'xmllint' to check XML markup files
[2.949s] -- Configuring done
[3.026s] -- Generating done
[3.046s] -- Build files have been written to: /home/tejaswini/ros2_ws/build/ign_ros2_control
[3.077s] Invoked command in '/home/tejaswini/ros2_ws/build/ign_ros2_control' returned '0': CMAKE_PREFIX_PATH=/home/tejaswini/ros2_ws/install/controller_manager:/home/tejaswini/ros2_ws/install/hardware_interface_testing:/home/tejaswini/ros2_ws/install/controller_interface:/home/tejaswini/ros2_ws/install/hardware_interface:/home/tejaswini/ros2_ws/install/ros2_control_test_assets:/home/tejaswini/ros2_ws/install/realtime_tools:/home/tejaswini/ros2_ws/install/controller_manager_msgs:/home/tejaswini/ros2_ws/install/control_msgs:/home/tejaswini/ros2_ws/install/ros2_controllers:/home/tejaswini/ros2_ws/install/ros2_control_demos:/home/tejaswini/ros2_ws/install/ros2_control_demo_example_3:/home/tejaswini/ros2_ws/install/ign_ros2_control_demos:/home/tejaswini/ros2_ws/install/gazebo_ros2_control_demos:/home/tejaswini/ros2_ws/install/velocity_controllers:/home/tejaswini/ros2_ws/install/tricycle_steering_controller:/home/tejaswini/ros2_ws/install/tricycle_controller:/home/tejaswini/ros2_ws/install/ros2_control_demo_example_8:/home/tejaswini/ros2_ws/install/ros2_control:/home/tejaswini/ros2_ws/install/transmission_interface:/home/tejaswini/ros2_ws/install/ros2_control_demo_example_11:/home/tejaswini/ros2_ws/install/bicycle_steering_controller:/home/tejaswini/ros2_ws/install/ackermann_steering_controller:/home/tejaswini/ros2_ws/install/steering_controllers_library:/home/tejaswini/ros2_ws/install/ros2_control_demo_example_9:/home/tejaswini/ros2_ws/install/ros2_control_demo_example_7:/home/tejaswini/ros2_ws/install/ros2_control_demo_example_6:/home/tejaswini/ros2_ws/install/ros2_control_demo_example_15:/home/tejaswini/ros2_ws/install/ros2_control_demo_example_13:/home/tejaswini/ros2_ws/install/ros2_control_demo_example_5:/home/tejaswini/ros2_ws/install/ros2_control_demo_example_4:/home/tejaswini/ros2_ws/install/ros2_control_demo_example_2:/home/tejaswini/ros2_ws/install/ros2_control_demo_example_14:/home/tejaswini/ros2_ws/install/ros2_control_demo_example_12:/home/tejaswini/ros2_ws/install/ros2_control_demo_example_10:/home/tejaswini/ros2_ws/install/ros2_control_demo_example_1:/home/tejaswini/ros2_ws/install/gz_ros2_control_tests:/home/tejaswini/ros2_ws/install/ign_ros2_control:/home/tejaswini/ros2_ws/install/gazebo_ros2_control:/home/tejaswini/ros2_ws/install/ros2_control_demo_description:/home/tejaswini/ros2_ws/install/range_sensor_broadcaster:/home/tejaswini/ros2_ws/install/position_controllers:/home/tejaswini/ros2_ws/install/pose_broadcaster:/home/tejaswini/ros2_ws/install/pid_controller:/home/tejaswini/ros2_ws/install/admittance_controller:/home/tejaswini/ros2_ws/install/joint_trajectory_controller:/home/tejaswini/ros2_ws/install/joint_state_broadcaster:/home/tejaswini/ros2_ws/install/imu_sensor_broadcaster:/home/tejaswini/ros2_ws/install/gripper_controllers:/home/tejaswini/ros2_ws/install/gpio_controllers:/home/tejaswini/ros2_ws/install/effort_controllers:/home/tejaswini/ros2_ws/install/forward_command_controller:/home/tejaswini/ros2_ws/install/force_torque_sensor_broadcaster:/home/tejaswini/ros2_ws/install/diff_drive_controller:/home/tejaswini/ros2_ws/install/control_toolbox:/home/tejaswini/ros2_ws/install/kinematics_interface_kdl:/home/tejaswini/ros2_ws/install/kinematics_interface:/home/tejaswini/ros2_ws/install/joint_limits:/home/tejaswini/ros2_ws/install/task1_pkg:/home/tejaswini/ros2_ws/install/rqt_joint_trajectory_controller:/home/tejaswini/ros2_ws/install/rqt_controller_manager:/home/tejaswini/ros2_ws/install/ros2controlcli:/home/tejaswini/ros2_ws/install/ros2_controllers_test_nodes:/home/tejaswini/ros2_ws/install/ros2_control_demo_testing:/opt/ros/humble LD_LIBRARY_PATH=/home/tejaswini/ros2_ws/install/controller_manager/lib:/home/tejaswini/ros2_ws/install/hardware_interface_testing/lib:/home/tejaswini/ros2_ws/install/controller_interface/lib:/home/tejaswini/ros2_ws/install/hardware_interface/lib:/home/tejaswini/ros2_ws/install/realtime_tools/lib:/home/tejaswini/ros2_ws/install/controller_manager_msgs/lib:/home/tejaswini/ros2_ws/install/control_msgs/lib:/home/tejaswini/ros2_ws/install/ros2_control_demo_example_3/lib:/home/tejaswini/ros2_ws/install/velocity_controllers/lib:/home/tejaswini/ros2_ws/install/tricycle_steering_controller/lib:/home/tejaswini/ros2_ws/install/tricycle_controller/lib:/home/tejaswini/ros2_ws/install/ros2_control_demo_example_8/lib:/home/tejaswini/ros2_ws/install/transmission_interface/lib:/home/tejaswini/ros2_ws/install/ros2_control_demo_example_11/lib:/home/tejaswini/ros2_ws/install/bicycle_steering_controller/lib:/home/tejaswini/ros2_ws/install/ackermann_steering_controller/lib:/home/tejaswini/ros2_ws/install/steering_controllers_library/lib:/home/tejaswini/ros2_ws/install/ros2_control_demo_example_9/lib:/home/tejaswini/ros2_ws/install/ros2_control_demo_example_7/lib:/home/tejaswini/ros2_ws/install/ros2_control_demo_example_6/lib:/home/tejaswini/ros2_ws/install/ros2_control_demo_example_5/lib:/home/tejaswini/ros2_ws/install/ros2_control_demo_example_4/lib:/home/tejaswini/ros2_ws/install/ros2_control_demo_example_2/lib:/home/tejaswini/ros2_ws/install/ros2_control_demo_example_14/lib:/home/tejaswini/ros2_ws/install/ros2_control_demo_example_12/lib:/home/tejaswini/ros2_ws/install/ros2_control_demo_example_10/lib:/home/tejaswini/ros2_ws/install/ros2_control_demo_example_1/lib:/home/tejaswini/ros2_ws/install/ign_ros2_control/lib:/home/tejaswini/ros2_ws/install/gazebo_ros2_control/lib:/home/tejaswini/ros2_ws/install/range_sensor_broadcaster/lib:/home/tejaswini/ros2_ws/install/position_controllers/lib:/home/tejaswini/ros2_ws/install/pose_broadcaster/lib:/home/tejaswini/ros2_ws/install/pid_controller/lib:/home/tejaswini/ros2_ws/install/admittance_controller/lib:/home/tejaswini/ros2_ws/install/joint_trajectory_controller/lib:/home/tejaswini/ros2_ws/install/joint_state_broadcaster/lib:/home/tejaswini/ros2_ws/install/imu_sensor_broadcaster/lib:/home/tejaswini/ros2_ws/install/gripper_controllers/lib:/home/tejaswini/ros2_ws/install/gpio_controllers/lib:/home/tejaswini/ros2_ws/install/effort_controllers/lib:/home/tejaswini/ros2_ws/install/forward_command_controller/lib:/home/tejaswini/ros2_ws/install/force_torque_sensor_broadcaster/lib:/home/tejaswini/ros2_ws/install/diff_drive_controller/lib:/home/tejaswini/ros2_ws/install/control_toolbox/lib:/home/tejaswini/ros2_ws/install/kinematics_interface_kdl/lib:/home/tejaswini/ros2_ws/install/kinematics_interface/lib:/usr/lib/x86_64-linux-gnu/gazebo-11/plugins:/opt/ros/humble/opt/rviz_ogre_vendor/lib:/opt/ros/humble/lib/x86_64-linux-gnu:/opt/ros/humble/lib:/usr/lib/x86_64-linux-gnu/gazebo-11/plugins /usr/bin/cmake /home/tejaswini/ros2_ws/src/ros-controls/gz_ros2_control/ign_ros2_control -DCMAKE_INSTALL_PREFIX=/home/tejaswini/ros2_ws/install/ign_ros2_control
[3.085s] Invoking command in '/home/tejaswini/ros2_ws/build/ign_ros2_control': CMAKE_PREFIX_PATH=/home/tejaswini/ros2_ws/install/controller_manager:/home/tejaswini/ros2_ws/install/hardware_interface_testing:/home/tejaswini/ros2_ws/install/controller_interface:/home/tejaswini/ros2_ws/install/hardware_interface:/home/tejaswini/ros2_ws/install/ros2_control_test_assets:/home/tejaswini/ros2_ws/install/realtime_tools:/home/tejaswini/ros2_ws/install/controller_manager_msgs:/home/tejaswini/ros2_ws/install/control_msgs:/home/tejaswini/ros2_ws/install/ros2_controllers:/home/tejaswini/ros2_ws/install/ros2_control_demos:/home/tejaswini/ros2_ws/install/ros2_control_demo_example_3:/home/tejaswini/ros2_ws/install/ign_ros2_control_demos:/home/tejaswini/ros2_ws/install/gazebo_ros2_control_demos:/home/tejaswini/ros2_ws/install/velocity_controllers:/home/tejaswini/ros2_ws/install/tricycle_steering_controller:/home/tejaswini/ros2_ws/install/tricycle_controller:/home/tejaswini/ros2_ws/install/ros2_control_demo_example_8:/home/tejaswini/ros2_ws/install/ros2_control:/home/tejaswini/ros2_ws/install/transmission_interface:/home/tejaswini/ros2_ws/install/ros2_control_demo_example_11:/home/tejaswini/ros2_ws/install/bicycle_steering_controller:/home/tejaswini/ros2_ws/install/ackermann_steering_controller:/home/tejaswini/ros2_ws/install/steering_controllers_library:/home/tejaswini/ros2_ws/install/ros2_control_demo_example_9:/home/tejaswini/ros2_ws/install/ros2_control_demo_example_7:/home/tejaswini/ros2_ws/install/ros2_control_demo_example_6:/home/tejaswini/ros2_ws/install/ros2_control_demo_example_15:/home/tejaswini/ros2_ws/install/ros2_control_demo_example_13:/home/tejaswini/ros2_ws/install/ros2_control_demo_example_5:/home/tejaswini/ros2_ws/install/ros2_control_demo_example_4:/home/tejaswini/ros2_ws/install/ros2_control_demo_example_2:/home/tejaswini/ros2_ws/install/ros2_control_demo_example_14:/home/tejaswini/ros2_ws/install/ros2_control_demo_example_12:/home/tejaswini/ros2_ws/install/ros2_control_demo_example_10:/home/tejaswini/ros2_ws/install/ros2_control_demo_example_1:/home/tejaswini/ros2_ws/install/gz_ros2_control_tests:/home/tejaswini/ros2_ws/install/ign_ros2_control:/home/tejaswini/ros2_ws/install/gazebo_ros2_control:/home/tejaswini/ros2_ws/install/ros2_control_demo_description:/home/tejaswini/ros2_ws/install/range_sensor_broadcaster:/home/tejaswini/ros2_ws/install/position_controllers:/home/tejaswini/ros2_ws/install/pose_broadcaster:/home/tejaswini/ros2_ws/install/pid_controller:/home/tejaswini/ros2_ws/install/admittance_controller:/home/tejaswini/ros2_ws/install/joint_trajectory_controller:/home/tejaswini/ros2_ws/install/joint_state_broadcaster:/home/tejaswini/ros2_ws/install/imu_sensor_broadcaster:/home/tejaswini/ros2_ws/install/gripper_controllers:/home/tejaswini/ros2_ws/install/gpio_controllers:/home/tejaswini/ros2_ws/install/effort_controllers:/home/tejaswini/ros2_ws/install/forward_command_controller:/home/tejaswini/ros2_ws/install/force_torque_sensor_broadcaster:/home/tejaswini/ros2_ws/install/diff_drive_controller:/home/tejaswini/ros2_ws/install/control_toolbox:/home/tejaswini/ros2_ws/install/kinematics_interface_kdl:/home/tejaswini/ros2_ws/install/kinematics_interface:/home/tejaswini/ros2_ws/install/joint_limits:/home/tejaswini/ros2_ws/install/task1_pkg:/home/tejaswini/ros2_ws/install/rqt_joint_trajectory_controller:/home/tejaswini/ros2_ws/install/rqt_controller_manager:/home/tejaswini/ros2_ws/install/ros2controlcli:/home/tejaswini/ros2_ws/install/ros2_controllers_test_nodes:/home/tejaswini/ros2_ws/install/ros2_control_demo_testing:/opt/ros/humble LD_LIBRARY_PATH=/home/tejaswini/ros2_ws/install/controller_manager/lib:/home/tejaswini/ros2_ws/install/hardware_interface_testing/lib:/home/tejaswini/ros2_ws/install/controller_interface/lib:/home/tejaswini/ros2_ws/install/hardware_interface/lib:/home/tejaswini/ros2_ws/install/realtime_tools/lib:/home/tejaswini/ros2_ws/install/controller_manager_msgs/lib:/home/tejaswini/ros2_ws/install/control_msgs/lib:/home/tejaswini/ros2_ws/install/ros2_control_demo_example_3/lib:/home/tejaswini/ros2_ws/install/velocity_controllers/lib:/home/tejaswini/ros2_ws/install/tricycle_steering_controller/lib:/home/tejaswini/ros2_ws/install/tricycle_controller/lib:/home/tejaswini/ros2_ws/install/ros2_control_demo_example_8/lib:/home/tejaswini/ros2_ws/install/transmission_interface/lib:/home/tejaswini/ros2_ws/install/ros2_control_demo_example_11/lib:/home/tejaswini/ros2_ws/install/bicycle_steering_controller/lib:/home/tejaswini/ros2_ws/install/ackermann_steering_controller/lib:/home/tejaswini/ros2_ws/install/steering_controllers_library/lib:/home/tejaswini/ros2_ws/install/ros2_control_demo_example_9/lib:/home/tejaswini/ros2_ws/install/ros2_control_demo_example_7/lib:/home/tejaswini/ros2_ws/install/ros2_control_demo_example_6/lib:/home/tejaswini/ros2_ws/install/ros2_control_demo_example_5/lib:/home/tejaswini/ros2_ws/install/ros2_control_demo_example_4/lib:/home/tejaswini/ros2_ws/install/ros2_control_demo_example_2/lib:/home/tejaswini/ros2_ws/install/ros2_control_demo_example_14/lib:/home/tejaswini/ros2_ws/install/ros2_control_demo_example_12/lib:/home/tejaswini/ros2_ws/install/ros2_control_demo_example_10/lib:/home/tejaswini/ros2_ws/install/ros2_control_demo_example_1/lib:/home/tejaswini/ros2_ws/install/ign_ros2_control/lib:/home/tejaswini/ros2_ws/install/gazebo_ros2_control/lib:/home/tejaswini/ros2_ws/install/range_sensor_broadcaster/lib:/home/tejaswini/ros2_ws/install/position_controllers/lib:/home/tejaswini/ros2_ws/install/pose_broadcaster/lib:/home/tejaswini/ros2_ws/install/pid_controller/lib:/home/tejaswini/ros2_ws/install/admittance_controller/lib:/home/tejaswini/ros2_ws/install/joint_trajectory_controller/lib:/home/tejaswini/ros2_ws/install/joint_state_broadcaster/lib:/home/tejaswini/ros2_ws/install/imu_sensor_broadcaster/lib:/home/tejaswini/ros2_ws/install/gripper_controllers/lib:/home/tejaswini/ros2_ws/install/gpio_controllers/lib:/home/tejaswini/ros2_ws/install/effort_controllers/lib:/home/tejaswini/ros2_ws/install/forward_command_controller/lib:/home/tejaswini/ros2_ws/install/force_torque_sensor_broadcaster/lib:/home/tejaswini/ros2_ws/install/diff_drive_controller/lib:/home/tejaswini/ros2_ws/install/control_toolbox/lib:/home/tejaswini/ros2_ws/install/kinematics_interface_kdl/lib:/home/tejaswini/ros2_ws/install/kinematics_interface/lib:/usr/lib/x86_64-linux-gnu/gazebo-11/plugins:/opt/ros/humble/opt/rviz_ogre_vendor/lib:/opt/ros/humble/lib/x86_64-linux-gnu:/opt/ros/humble/lib:/usr/lib/x86_64-linux-gnu/gazebo-11/plugins /usr/bin/cmake --build /home/tejaswini/ros2_ws/build/ign_ros2_control -- -j16 -l16
[10.290s] [35m[1mConsolidate compiler generated dependencies of target ign_ros2_control-system[0m
[10.290s] [35m[1mConsolidate compiler generated dependencies of target ign_hardware_plugins[0m
[10.290s] [ 25%] [32mBuilding CXX object CMakeFiles/ign_ros2_control-system.dir/src/ign_ros2_control_plugin.cpp.o[0m
[10.290s] [ 75%] Built target ign_hardware_plugins
[32.169s] [100%] [32m[1mLinking CXX shared library libign_ros2_control-system.so[0m
[34.441s] [100%] Built target ign_ros2_control-system
[34.462s] Invoked command in '/home/tejaswini/ros2_ws/build/ign_ros2_control' returned '0': CMAKE_PREFIX_PATH=/home/tejaswini/ros2_ws/install/controller_manager:/home/tejaswini/ros2_ws/install/hardware_interface_testing:/home/tejaswini/ros2_ws/install/controller_interface:/home/tejaswini/ros2_ws/install/hardware_interface:/home/tejaswini/ros2_ws/install/ros2_control_test_assets:/home/tejaswini/ros2_ws/install/realtime_tools:/home/tejaswini/ros2_ws/install/controller_manager_msgs:/home/tejaswini/ros2_ws/install/control_msgs:/home/tejaswini/ros2_ws/install/ros2_controllers:/home/tejaswini/ros2_ws/install/ros2_control_demos:/home/tejaswini/ros2_ws/install/ros2_control_demo_example_3:/home/tejaswini/ros2_ws/install/ign_ros2_control_demos:/home/tejaswini/ros2_ws/install/gazebo_ros2_control_demos:/home/tejaswini/ros2_ws/install/velocity_controllers:/home/tejaswini/ros2_ws/install/tricycle_steering_controller:/home/tejaswini/ros2_ws/install/tricycle_controller:/home/tejaswini/ros2_ws/install/ros2_control_demo_example_8:/home/tejaswini/ros2_ws/install/ros2_control:/home/tejaswini/ros2_ws/install/transmission_interface:/home/tejaswini/ros2_ws/install/ros2_control_demo_example_11:/home/tejaswini/ros2_ws/install/bicycle_steering_controller:/home/tejaswini/ros2_ws/install/ackermann_steering_controller:/home/tejaswini/ros2_ws/install/steering_controllers_library:/home/tejaswini/ros2_ws/install/ros2_control_demo_example_9:/home/tejaswini/ros2_ws/install/ros2_control_demo_example_7:/home/tejaswini/ros2_ws/install/ros2_control_demo_example_6:/home/tejaswini/ros2_ws/install/ros2_control_demo_example_15:/home/tejaswini/ros2_ws/install/ros2_control_demo_example_13:/home/tejaswini/ros2_ws/install/ros2_control_demo_example_5:/home/tejaswini/ros2_ws/install/ros2_control_demo_example_4:/home/tejaswini/ros2_ws/install/ros2_control_demo_example_2:/home/tejaswini/ros2_ws/install/ros2_control_demo_example_14:/home/tejaswini/ros2_ws/install/ros2_control_demo_example_12:/home/tejaswini/ros2_ws/install/ros2_control_demo_example_10:/home/tejaswini/ros2_ws/install/ros2_control_demo_example_1:/home/tejaswini/ros2_ws/install/gz_ros2_control_tests:/home/tejaswini/ros2_ws/install/ign_ros2_control:/home/tejaswini/ros2_ws/install/gazebo_ros2_control:/home/tejaswini/ros2_ws/install/ros2_control_demo_description:/home/tejaswini/ros2_ws/install/range_sensor_broadcaster:/home/tejaswini/ros2_ws/install/position_controllers:/home/tejaswini/ros2_ws/install/pose_broadcaster:/home/tejaswini/ros2_ws/install/pid_controller:/home/tejaswini/ros2_ws/install/admittance_controller:/home/tejaswini/ros2_ws/install/joint_trajectory_controller:/home/tejaswini/ros2_ws/install/joint_state_broadcaster:/home/tejaswini/ros2_ws/install/imu_sensor_broadcaster:/home/tejaswini/ros2_ws/install/gripper_controllers:/home/tejaswini/ros2_ws/install/gpio_controllers:/home/tejaswini/ros2_ws/install/effort_controllers:/home/tejaswini/ros2_ws/install/forward_command_controller:/home/tejaswini/ros2_ws/install/force_torque_sensor_broadcaster:/home/tejaswini/ros2_ws/install/diff_drive_controller:/home/tejaswini/ros2_ws/install/control_toolbox:/home/tejaswini/ros2_ws/install/kinematics_interface_kdl:/home/tejaswini/ros2_ws/install/kinematics_interface:/home/tejaswini/ros2_ws/install/joint_limits:/home/tejaswini/ros2_ws/install/task1_pkg:/home/tejaswini/ros2_ws/install/rqt_joint_trajectory_controller:/home/tejaswini/ros2_ws/install/rqt_controller_manager:/home/tejaswini/ros2_ws/install/ros2controlcli:/home/tejaswini/ros2_ws/install/ros2_controllers_test_nodes:/home/tejaswini/ros2_ws/install/ros2_control_demo_testing:/opt/ros/humble LD_LIBRARY_PATH=/home/tejaswini/ros2_ws/install/controller_manager/lib:/home/tejaswini/ros2_ws/install/hardware_interface_testing/lib:/home/tejaswini/ros2_ws/install/controller_interface/lib:/home/tejaswini/ros2_ws/install/hardware_interface/lib:/home/tejaswini/ros2_ws/install/realtime_tools/lib:/home/tejaswini/ros2_ws/install/controller_manager_msgs/lib:/home/tejaswini/ros2_ws/install/control_msgs/lib:/home/tejaswini/ros2_ws/install/ros2_control_demo_example_3/lib:/home/tejaswini/ros2_ws/install/velocity_controllers/lib:/home/tejaswini/ros2_ws/install/tricycle_steering_controller/lib:/home/tejaswini/ros2_ws/install/tricycle_controller/lib:/home/tejaswini/ros2_ws/install/ros2_control_demo_example_8/lib:/home/tejaswini/ros2_ws/install/transmission_interface/lib:/home/tejaswini/ros2_ws/install/ros2_control_demo_example_11/lib:/home/tejaswini/ros2_ws/install/bicycle_steering_controller/lib:/home/tejaswini/ros2_ws/install/ackermann_steering_controller/lib:/home/tejaswini/ros2_ws/install/steering_controllers_library/lib:/home/tejaswini/ros2_ws/install/ros2_control_demo_example_9/lib:/home/tejaswini/ros2_ws/install/ros2_control_demo_example_7/lib:/home/tejaswini/ros2_ws/install/ros2_control_demo_example_6/lib:/home/tejaswini/ros2_ws/install/ros2_control_demo_example_5/lib:/home/tejaswini/ros2_ws/install/ros2_control_demo_example_4/lib:/home/tejaswini/ros2_ws/install/ros2_control_demo_example_2/lib:/home/tejaswini/ros2_ws/install/ros2_control_demo_example_14/lib:/home/tejaswini/ros2_ws/install/ros2_control_demo_example_12/lib:/home/tejaswini/ros2_ws/install/ros2_control_demo_example_10/lib:/home/tejaswini/ros2_ws/install/ros2_control_demo_example_1/lib:/home/tejaswini/ros2_ws/install/ign_ros2_control/lib:/home/tejaswini/ros2_ws/install/gazebo_ros2_control/lib:/home/tejaswini/ros2_ws/install/range_sensor_broadcaster/lib:/home/tejaswini/ros2_ws/install/position_controllers/lib:/home/tejaswini/ros2_ws/install/pose_broadcaster/lib:/home/tejaswini/ros2_ws/install/pid_controller/lib:/home/tejaswini/ros2_ws/install/admittance_controller/lib:/home/tejaswini/ros2_ws/install/joint_trajectory_controller/lib:/home/tejaswini/ros2_ws/install/joint_state_broadcaster/lib:/home/tejaswini/ros2_ws/install/imu_sensor_broadcaster/lib:/home/tejaswini/ros2_ws/install/gripper_controllers/lib:/home/tejaswini/ros2_ws/install/gpio_controllers/lib:/home/tejaswini/ros2_ws/install/effort_controllers/lib:/home/tejaswini/ros2_ws/install/forward_command_controller/lib:/home/tejaswini/ros2_ws/install/force_torque_sensor_broadcaster/lib:/home/tejaswini/ros2_ws/install/diff_drive_controller/lib:/home/tejaswini/ros2_ws/install/control_toolbox/lib:/home/tejaswini/ros2_ws/install/kinematics_interface_kdl/lib:/home/tejaswini/ros2_ws/install/kinematics_interface/lib:/usr/lib/x86_64-linux-gnu/gazebo-11/plugins:/opt/ros/humble/opt/rviz_ogre_vendor/lib:/opt/ros/humble/lib/x86_64-linux-gnu:/opt/ros/humble/lib:/usr/lib/x86_64-linux-gnu/gazebo-11/plugins /usr/bin/cmake --build /home/tejaswini/ros2_ws/build/ign_ros2_control -- -j16 -l16
[34.469s] Invoking command in '/home/tejaswini/ros2_ws/build/ign_ros2_control': CMAKE_PREFIX_PATH=/home/tejaswini/ros2_ws/install/controller_manager:/home/tejaswini/ros2_ws/install/hardware_interface_testing:/home/tejaswini/ros2_ws/install/controller_interface:/home/tejaswini/ros2_ws/install/hardware_interface:/home/tejaswini/ros2_ws/install/ros2_control_test_assets:/home/tejaswini/ros2_ws/install/realtime_tools:/home/tejaswini/ros2_ws/install/controller_manager_msgs:/home/tejaswini/ros2_ws/install/control_msgs:/home/tejaswini/ros2_ws/install/ros2_controllers:/home/tejaswini/ros2_ws/install/ros2_control_demos:/home/tejaswini/ros2_ws/install/ros2_control_demo_example_3:/home/tejaswini/ros2_ws/install/ign_ros2_control_demos:/home/tejaswini/ros2_ws/install/gazebo_ros2_control_demos:/home/tejaswini/ros2_ws/install/velocity_controllers:/home/tejaswini/ros2_ws/install/tricycle_steering_controller:/home/tejaswini/ros2_ws/install/tricycle_controller:/home/tejaswini/ros2_ws/install/ros2_control_demo_example_8:/home/tejaswini/ros2_ws/install/ros2_control:/home/tejaswini/ros2_ws/install/transmission_interface:/home/tejaswini/ros2_ws/install/ros2_control_demo_example_11:/home/tejaswini/ros2_ws/install/bicycle_steering_controller:/home/tejaswini/ros2_ws/install/ackermann_steering_controller:/home/tejaswini/ros2_ws/install/steering_controllers_library:/home/tejaswini/ros2_ws/install/ros2_control_demo_example_9:/home/tejaswini/ros2_ws/install/ros2_control_demo_example_7:/home/tejaswini/ros2_ws/install/ros2_control_demo_example_6:/home/tejaswini/ros2_ws/install/ros2_control_demo_example_15:/home/tejaswini/ros2_ws/install/ros2_control_demo_example_13:/home/tejaswini/ros2_ws/install/ros2_control_demo_example_5:/home/tejaswini/ros2_ws/install/ros2_control_demo_example_4:/home/tejaswini/ros2_ws/install/ros2_control_demo_example_2:/home/tejaswini/ros2_ws/install/ros2_control_demo_example_14:/home/tejaswini/ros2_ws/install/ros2_control_demo_example_12:/home/tejaswini/ros2_ws/install/ros2_control_demo_example_10:/home/tejaswini/ros2_ws/install/ros2_control_demo_example_1:/home/tejaswini/ros2_ws/install/gz_ros2_control_tests:/home/tejaswini/ros2_ws/install/ign_ros2_control:/home/tejaswini/ros2_ws/install/gazebo_ros2_control:/home/tejaswini/ros2_ws/install/ros2_control_demo_description:/home/tejaswini/ros2_ws/install/range_sensor_broadcaster:/home/tejaswini/ros2_ws/install/position_controllers:/home/tejaswini/ros2_ws/install/pose_broadcaster:/home/tejaswini/ros2_ws/install/pid_controller:/home/tejaswini/ros2_ws/install/admittance_controller:/home/tejaswini/ros2_ws/install/joint_trajectory_controller:/home/tejaswini/ros2_ws/install/joint_state_broadcaster:/home/tejaswini/ros2_ws/install/imu_sensor_broadcaster:/home/tejaswini/ros2_ws/install/gripper_controllers:/home/tejaswini/ros2_ws/install/gpio_controllers:/home/tejaswini/ros2_ws/install/effort_controllers:/home/tejaswini/ros2_ws/install/forward_command_controller:/home/tejaswini/ros2_ws/install/force_torque_sensor_broadcaster:/home/tejaswini/ros2_ws/install/diff_drive_controller:/home/tejaswini/ros2_ws/install/control_toolbox:/home/tejaswini/ros2_ws/install/kinematics_interface_kdl:/home/tejaswini/ros2_ws/install/kinematics_interface:/home/tejaswini/ros2_ws/install/joint_limits:/home/tejaswini/ros2_ws/install/task1_pkg:/home/tejaswini/ros2_ws/install/rqt_joint_trajectory_controller:/home/tejaswini/ros2_ws/install/rqt_controller_manager:/home/tejaswini/ros2_ws/install/ros2controlcli:/home/tejaswini/ros2_ws/install/ros2_controllers_test_nodes:/home/tejaswini/ros2_ws/install/ros2_control_demo_testing:/opt/ros/humble LD_LIBRARY_PATH=/home/tejaswini/ros2_ws/install/controller_manager/lib:/home/tejaswini/ros2_ws/install/hardware_interface_testing/lib:/home/tejaswini/ros2_ws/install/controller_interface/lib:/home/tejaswini/ros2_ws/install/hardware_interface/lib:/home/tejaswini/ros2_ws/install/realtime_tools/lib:/home/tejaswini/ros2_ws/install/controller_manager_msgs/lib:/home/tejaswini/ros2_ws/install/control_msgs/lib:/home/tejaswini/ros2_ws/install/ros2_control_demo_example_3/lib:/home/tejaswini/ros2_ws/install/velocity_controllers/lib:/home/tejaswini/ros2_ws/install/tricycle_steering_controller/lib:/home/tejaswini/ros2_ws/install/tricycle_controller/lib:/home/tejaswini/ros2_ws/install/ros2_control_demo_example_8/lib:/home/tejaswini/ros2_ws/install/transmission_interface/lib:/home/tejaswini/ros2_ws/install/ros2_control_demo_example_11/lib:/home/tejaswini/ros2_ws/install/bicycle_steering_controller/lib:/home/tejaswini/ros2_ws/install/ackermann_steering_controller/lib:/home/tejaswini/ros2_ws/install/steering_controllers_library/lib:/home/tejaswini/ros2_ws/install/ros2_control_demo_example_9/lib:/home/tejaswini/ros2_ws/install/ros2_control_demo_example_7/lib:/home/tejaswini/ros2_ws/install/ros2_control_demo_example_6/lib:/home/tejaswini/ros2_ws/install/ros2_control_demo_example_5/lib:/home/tejaswini/ros2_ws/install/ros2_control_demo_example_4/lib:/home/tejaswini/ros2_ws/install/ros2_control_demo_example_2/lib:/home/tejaswini/ros2_ws/install/ros2_control_demo_example_14/lib:/home/tejaswini/ros2_ws/install/ros2_control_demo_example_12/lib:/home/tejaswini/ros2_ws/install/ros2_control_demo_example_10/lib:/home/tejaswini/ros2_ws/install/ros2_control_demo_example_1/lib:/home/tejaswini/ros2_ws/install/ign_ros2_control/lib:/home/tejaswini/ros2_ws/install/gazebo_ros2_control/lib:/home/tejaswini/ros2_ws/install/range_sensor_broadcaster/lib:/home/tejaswini/ros2_ws/install/position_controllers/lib:/home/tejaswini/ros2_ws/install/pose_broadcaster/lib:/home/tejaswini/ros2_ws/install/pid_controller/lib:/home/tejaswini/ros2_ws/install/admittance_controller/lib:/home/tejaswini/ros2_ws/install/joint_trajectory_controller/lib:/home/tejaswini/ros2_ws/install/joint_state_broadcaster/lib:/home/tejaswini/ros2_ws/install/imu_sensor_broadcaster/lib:/home/tejaswini/ros2_ws/install/gripper_controllers/lib:/home/tejaswini/ros2_ws/install/gpio_controllers/lib:/home/tejaswini/ros2_ws/install/effort_controllers/lib:/home/tejaswini/ros2_ws/install/forward_command_controller/lib:/home/tejaswini/ros2_ws/install/force_torque_sensor_broadcaster/lib:/home/tejaswini/ros2_ws/install/diff_drive_controller/lib:/home/tejaswini/ros2_ws/install/control_toolbox/lib:/home/tejaswini/ros2_ws/install/kinematics_interface_kdl/lib:/home/tejaswini/ros2_ws/install/kinematics_interface/lib:/usr/lib/x86_64-linux-gnu/gazebo-11/plugins:/opt/ros/humble/opt/rviz_ogre_vendor/lib:/opt/ros/humble/lib/x86_64-linux-gnu:/opt/ros/humble/lib:/usr/lib/x86_64-linux-gnu/gazebo-11/plugins /usr/bin/cmake --install /home/tejaswini/ros2_ws/build/ign_ros2_control
[34.485s] -- Install configuration: ""
[34.490s] -- Execute custom install script
[34.493s] -- Up-to-date symlink: /home/tejaswini/ros2_ws/install/ign_ros2_control/lib/libign_hardware_plugins.so
[34.496s] -- Up-to-date symlink: /home/tejaswini/ros2_ws/install/ign_ros2_control/include/ign_ros2_control/ign_ros2_control_plugin.hpp
[34.497s] -- Up-to-date symlink: /home/tejaswini/ros2_ws/install/ign_ros2_control/include/ign_ros2_control/ign_system.hpp
[34.498s] -- Up-to-date symlink: /home/tejaswini/ros2_ws/install/ign_ros2_control/include/ign_ros2_control/ign_system_interface.hpp
[34.499s] -- Up-to-date symlink: /home/tejaswini/ros2_ws/install/ign_ros2_control/share/ign_ros2_control/environment/library_path.sh
[34.501s] -- Up-to-date symlink: /home/tejaswini/ros2_ws/install/ign_ros2_control/share/ign_ros2_control/environment/library_path.dsv
[34.502s] -- Up-to-date symlink: /home/tejaswini/ros2_ws/install/ign_ros2_control/lib/libign_ros2_control-system.so
[34.504s] -- Up-to-date symlink: /home/tejaswini/ros2_ws/install/ign_ros2_control/share/ign_ros2_control//ign_hardware_plugins.xml
[34.505s] -- Up-to-date symlink: /home/tejaswini/ros2_ws/install/ign_ros2_control/share/ament_index/resource_index/package_run_dependencies/ign_ros2_control
[34.506s] -- Up-to-date symlink: /home/tejaswini/ros2_ws/install/ign_ros2_control/share/ament_index/resource_index/parent_prefix_path/ign_ros2_control
[34.507s] -- Up-to-date symlink: /home/tejaswini/ros2_ws/install/ign_ros2_control/share/ign_ros2_control/environment/ament_prefix_path.sh
[34.508s] -- Up-to-date symlink: /home/tejaswini/ros2_ws/install/ign_ros2_control/share/ign_ros2_control/environment/ament_prefix_path.dsv
[34.510s] -- Up-to-date symlink: /home/tejaswini/ros2_ws/install/ign_ros2_control/share/ign_ros2_control/environment/path.sh
[34.511s] -- Up-to-date symlink: /home/tejaswini/ros2_ws/install/ign_ros2_control/share/ign_ros2_control/environment/path.dsv
[34.513s] -- Up-to-date symlink: /home/tejaswini/ros2_ws/install/ign_ros2_control/share/ign_ros2_control/local_setup.bash
[34.514s] -- Up-to-date symlink: /home/tejaswini/ros2_ws/install/ign_ros2_control/share/ign_ros2_control/local_setup.sh
[34.515s] -- Up-to-date symlink: /home/tejaswini/ros2_ws/install/ign_ros2_control/share/ign_ros2_control/local_setup.zsh
[34.516s] -- Up-to-date symlink: /home/tejaswini/ros2_ws/install/ign_ros2_control/share/ign_ros2_control/local_setup.dsv
[34.517s] -- Symlinking: /home/tejaswini/ros2_ws/install/ign_ros2_control/share/ign_ros2_control/package.dsv
[34.601s] -- Up-to-date symlink: /home/tejaswini/ros2_ws/install/ign_ros2_control/share/ament_index/resource_index/packages/ign_ros2_control
[34.602s] -- Up-to-date symlink: /home/tejaswini/ros2_ws/install/ign_ros2_control/share/ament_index/resource_index/ign_ros2_control__pluginlib__plugin/ign_ros2_control
[34.603s] -- Up-to-date symlink: /home/tejaswini/ros2_ws/install/ign_ros2_control/share/ign_ros2_control/cmake/ament_cmake_export_include_directories-extras.cmake
[34.604s] -- Up-to-date symlink: /home/tejaswini/ros2_ws/install/ign_ros2_control/share/ign_ros2_control/cmake/ament_cmake_export_libraries-extras.cmake
[34.605s] -- Up-to-date symlink: /home/tejaswini/ros2_ws/install/ign_ros2_control/share/ign_ros2_control/cmake/ign_ros2_controlConfig.cmake
[34.606s] -- Up-to-date symlink: /home/tejaswini/ros2_ws/install/ign_ros2_control/share/ign_ros2_control/cmake/ign_ros2_controlConfig-version.cmake
[34.607s] -- Up-to-date symlink: /home/tejaswini/ros2_ws/install/ign_ros2_control/share/ign_ros2_control/package.xml
[34.617s] Invoked command in '/home/tejaswini/ros2_ws/build/ign_ros2_control' returned '0': CMAKE_PREFIX_PATH=/home/tejaswini/ros2_ws/install/controller_manager:/home/tejaswini/ros2_ws/install/hardware_interface_testing:/home/tejaswini/ros2_ws/install/controller_interface:/home/tejaswini/ros2_ws/install/hardware_interface:/home/tejaswini/ros2_ws/install/ros2_control_test_assets:/home/tejaswini/ros2_ws/install/realtime_tools:/home/tejaswini/ros2_ws/install/controller_manager_msgs:/home/tejaswini/ros2_ws/install/control_msgs:/home/tejaswini/ros2_ws/install/ros2_controllers:/home/tejaswini/ros2_ws/install/ros2_control_demos:/home/tejaswini/ros2_ws/install/ros2_control_demo_example_3:/home/tejaswini/ros2_ws/install/ign_ros2_control_demos:/home/tejaswini/ros2_ws/install/gazebo_ros2_control_demos:/home/tejaswini/ros2_ws/install/velocity_controllers:/home/tejaswini/ros2_ws/install/tricycle_steering_controller:/home/tejaswini/ros2_ws/install/tricycle_controller:/home/tejaswini/ros2_ws/install/ros2_control_demo_example_8:/home/tejaswini/ros2_ws/install/ros2_control:/home/tejaswini/ros2_ws/install/transmission_interface:/home/tejaswini/ros2_ws/install/ros2_control_demo_example_11:/home/tejaswini/ros2_ws/install/bicycle_steering_controller:/home/tejaswini/ros2_ws/install/ackermann_steering_controller:/home/tejaswini/ros2_ws/install/steering_controllers_library:/home/tejaswini/ros2_ws/install/ros2_control_demo_example_9:/home/tejaswini/ros2_ws/install/ros2_control_demo_example_7:/home/tejaswini/ros2_ws/install/ros2_control_demo_example_6:/home/tejaswini/ros2_ws/install/ros2_control_demo_example_15:/home/tejaswini/ros2_ws/install/ros2_control_demo_example_13:/home/tejaswini/ros2_ws/install/ros2_control_demo_example_5:/home/tejaswini/ros2_ws/install/ros2_control_demo_example_4:/home/tejaswini/ros2_ws/install/ros2_control_demo_example_2:/home/tejaswini/ros2_ws/install/ros2_control_demo_example_14:/home/tejaswini/ros2_ws/install/ros2_control_demo_example_12:/home/tejaswini/ros2_ws/install/ros2_control_demo_example_10:/home/tejaswini/ros2_ws/install/ros2_control_demo_example_1:/home/tejaswini/ros2_ws/install/gz_ros2_control_tests:/home/tejaswini/ros2_ws/install/ign_ros2_control:/home/tejaswini/ros2_ws/install/gazebo_ros2_control:/home/tejaswini/ros2_ws/install/ros2_control_demo_description:/home/tejaswini/ros2_ws/install/range_sensor_broadcaster:/home/tejaswini/ros2_ws/install/position_controllers:/home/tejaswini/ros2_ws/install/pose_broadcaster:/home/tejaswini/ros2_ws/install/pid_controller:/home/tejaswini/ros2_ws/install/admittance_controller:/home/tejaswini/ros2_ws/install/joint_trajectory_controller:/home/tejaswini/ros2_ws/install/joint_state_broadcaster:/home/tejaswini/ros2_ws/install/imu_sensor_broadcaster:/home/tejaswini/ros2_ws/install/gripper_controllers:/home/tejaswini/ros2_ws/install/gpio_controllers:/home/tejaswini/ros2_ws/install/effort_controllers:/home/tejaswini/ros2_ws/install/forward_command_controller:/home/tejaswini/ros2_ws/install/force_torque_sensor_broadcaster:/home/tejaswini/ros2_ws/install/diff_drive_controller:/home/tejaswini/ros2_ws/install/control_toolbox:/home/tejaswini/ros2_ws/install/kinematics_interface_kdl:/home/tejaswini/ros2_ws/install/kinematics_interface:/home/tejaswini/ros2_ws/install/joint_limits:/home/tejaswini/ros2_ws/install/task1_pkg:/home/tejaswini/ros2_ws/install/rqt_joint_trajectory_controller:/home/tejaswini/ros2_ws/install/rqt_controller_manager:/home/tejaswini/ros2_ws/install/ros2controlcli:/home/tejaswini/ros2_ws/install/ros2_controllers_test_nodes:/home/tejaswini/ros2_ws/install/ros2_control_demo_testing:/opt/ros/humble LD_LIBRARY_PATH=/home/tejaswini/ros2_ws/install/controller_manager/lib:/home/tejaswini/ros2_ws/install/hardware_interface_testing/lib:/home/tejaswini/ros2_ws/install/controller_interface/lib:/home/tejaswini/ros2_ws/install/hardware_interface/lib:/home/tejaswini/ros2_ws/install/realtime_tools/lib:/home/tejaswini/ros2_ws/install/controller_manager_msgs/lib:/home/tejaswini/ros2_ws/install/control_msgs/lib:/home/tejaswini/ros2_ws/install/ros2_control_demo_example_3/lib:/home/tejaswini/ros2_ws/install/velocity_controllers/lib:/home/tejaswini/ros2_ws/install/tricycle_steering_controller/lib:/home/tejaswini/ros2_ws/install/tricycle_controller/lib:/home/tejaswini/ros2_ws/install/ros2_control_demo_example_8/lib:/home/tejaswini/ros2_ws/install/transmission_interface/lib:/home/tejaswini/ros2_ws/install/ros2_control_demo_example_11/lib:/home/tejaswini/ros2_ws/install/bicycle_steering_controller/lib:/home/tejaswini/ros2_ws/install/ackermann_steering_controller/lib:/home/tejaswini/ros2_ws/install/steering_controllers_library/lib:/home/tejaswini/ros2_ws/install/ros2_control_demo_example_9/lib:/home/tejaswini/ros2_ws/install/ros2_control_demo_example_7/lib:/home/tejaswini/ros2_ws/install/ros2_control_demo_example_6/lib:/home/tejaswini/ros2_ws/install/ros2_control_demo_example_5/lib:/home/tejaswini/ros2_ws/install/ros2_control_demo_example_4/lib:/home/tejaswini/ros2_ws/install/ros2_control_demo_example_2/lib:/home/tejaswini/ros2_ws/install/ros2_control_demo_example_14/lib:/home/tejaswini/ros2_ws/install/ros2_control_demo_example_12/lib:/home/tejaswini/ros2_ws/install/ros2_control_demo_example_10/lib:/home/tejaswini/ros2_ws/install/ros2_control_demo_example_1/lib:/home/tejaswini/ros2_ws/install/ign_ros2_control/lib:/home/tejaswini/ros2_ws/install/gazebo_ros2_control/lib:/home/tejaswini/ros2_ws/install/range_sensor_broadcaster/lib:/home/tejaswini/ros2_ws/install/position_controllers/lib:/home/tejaswini/ros2_ws/install/pose_broadcaster/lib:/home/tejaswini/ros2_ws/install/pid_controller/lib:/home/tejaswini/ros2_ws/install/admittance_controller/lib:/home/tejaswini/ros2_ws/install/joint_trajectory_controller/lib:/home/tejaswini/ros2_ws/install/joint_state_broadcaster/lib:/home/tejaswini/ros2_ws/install/imu_sensor_broadcaster/lib:/home/tejaswini/ros2_ws/install/gripper_controllers/lib:/home/tejaswini/ros2_ws/install/gpio_controllers/lib:/home/tejaswini/ros2_ws/install/effort_controllers/lib:/home/tejaswini/ros2_ws/install/forward_command_controller/lib:/home/tejaswini/ros2_ws/install/force_torque_sensor_broadcaster/lib:/home/tejaswini/ros2_ws/install/diff_drive_controller/lib:/home/tejaswini/ros2_ws/install/control_toolbox/lib:/home/tejaswini/ros2_ws/install/kinematics_interface_kdl/lib:/home/tejaswini/ros2_ws/install/kinematics_interface/lib:/usr/lib/x86_64-linux-gnu/gazebo-11/plugins:/opt/ros/humble/opt/rviz_ogre_vendor/lib:/opt/ros/humble/lib/x86_64-linux-gnu:/opt/ros/humble/lib:/usr/lib/x86_64-linux-gnu/gazebo-11/plugins /usr/bin/cmake --install /home/tejaswini/ros2_ws/build/ign_ros2_control
