[0.216s] Invoking command in '/home/tejaswini/ros2_ws/build/kinematics_interface': CMAKE_PREFIX_PATH=/home/tejaswini/ros2_ws/install/task1_pkg:/opt/ros/humble /usr/bin/cmake /home/tejaswini/ros2_ws/src/ros-controls/kinematics_interface/kinematics_interface -DAMENT_CMAKE_SYMLINK_INSTALL=1 -DCMAKE_INSTALL_PREFIX=/home/tejaswini/ros2_ws/install/kinematics_interface
[0.287s] -- The CXX compiler identification is GNU 11.4.0
[0.296s] -- Detecting CXX compiler ABI info
[0.384s] -- Detecting CXX compiler ABI info - done
[0.391s] -- Check for working CXX compiler: /usr/bin/c++ - skipped
[0.391s] -- Detecting CXX compile features
[0.391s] -- Detecting CXX compile features - done
[0.393s] -- Found ament_cmake: 1.3.11 (/opt/ros/humble/share/ament_cmake/cmake)
[0.550s] -- Found Python3: /usr/bin/python3 (found version "3.10.12") found components: Interpreter 
[0.606s] -- Override CMake install command with custom implementation using symlinks instead of copying resources
[0.638s] -- Found rclcpp: 16.0.11 (/opt/ros/humble/share/rclcpp/cmake)
[0.695s] -- Found rosidl_generator_c: 3.1.6 (/opt/ros/humble/share/rosidl_generator_c/cmake)
[0.700s] -- Found rosidl_adapter: 3.1.6 (/opt/ros/humble/share/rosidl_adapter/cmake)
[0.712s] -- Found rosidl_generator_cpp: 3.1.6 (/opt/ros/humble/share/rosidl_generator_cpp/cmake)
[0.729s] -- Using all available rosidl_typesupport_c: rosidl_typesupport_fastrtps_c;rosidl_typesupport_introspection_c
[0.752s] -- Using all available rosidl_typesupport_cpp: rosidl_typesupport_fastrtps_cpp;rosidl_typesupport_introspection_cpp
[0.812s] -- Found rmw_implementation_cmake: 6.1.2 (/opt/ros/humble/share/rmw_implementation_cmake/cmake)
[0.815s] -- Found rmw_fastrtps_cpp: 6.2.7 (/opt/ros/humble/share/rmw_fastrtps_cpp/cmake)
[0.921s] -- Found OpenSSL: /usr/lib/x86_64-linux-gnu/libcrypto.so (found version "3.0.2")  
[0.957s] -- Found FastRTPS: /opt/ros/humble/include  
[1.015s] -- Using RMW implementation 'rmw_fastrtps_cpp' as default
[1.026s] -- Looking for C++ include pthread.h
[1.118s] -- Looking for C++ include pthread.h - found
[1.118s] -- Performing Test CMAKE_HAVE_LIBC_PTHREAD
[1.197s] -- Performing Test CMAKE_HAVE_LIBC_PTHREAD - Success
[1.198s] -- Found Threads: TRUE  
[1.240s] -- Found rclcpp_lifecycle: 16.0.11 (/opt/ros/humble/share/rclcpp_lifecycle/cmake)
[1.332s] -- Configuring done
[1.340s] -- Generating done
[1.342s] -- Build files have been written to: /home/tejaswini/ros2_ws/build/kinematics_interface
[1.351s] Invoked command in '/home/tejaswini/ros2_ws/build/kinematics_interface' returned '0': CMAKE_PREFIX_PATH=/home/tejaswini/ros2_ws/install/task1_pkg:/opt/ros/humble /usr/bin/cmake /home/tejaswini/ros2_ws/src/ros-controls/kinematics_interface/kinematics_interface -DAMENT_CMAKE_SYMLINK_INSTALL=1 -DCMAKE_INSTALL_PREFIX=/home/tejaswini/ros2_ws/install/kinematics_interface
[1.353s] Invoking command in '/home/tejaswini/ros2_ws/build/kinematics_interface': CMAKE_PREFIX_PATH=/home/tejaswini/ros2_ws/install/task1_pkg:/opt/ros/humble /usr/bin/cmake --build /home/tejaswini/ros2_ws/build/kinematics_interface -- -j16 -l16
[1.409s] [ 50%] [32mBuilding CXX object CMakeFiles/kinematics_interface.dir/src/kinematics_interface.cpp.o[0m
[3.239s] [100%] [32m[1mLinking CXX shared library libkinematics_interface.so[0m
[3.363s] [100%] Built target kinematics_interface
[3.377s] Invoked command in '/home/tejaswini/ros2_ws/build/kinematics_interface' returned '0': CMAKE_PREFIX_PATH=/home/tejaswini/ros2_ws/install/task1_pkg:/opt/ros/humble /usr/bin/cmake --build /home/tejaswini/ros2_ws/build/kinematics_interface -- -j16 -l16
[3.379s] Invoking command in '/home/tejaswini/ros2_ws/build/kinematics_interface': CMAKE_PREFIX_PATH=/home/tejaswini/ros2_ws/install/task1_pkg:/opt/ros/humble /usr/bin/cmake --install /home/tejaswini/ros2_ws/build/kinematics_interface
[3.389s] -- Install configuration: ""
[3.390s] -- Execute custom install script
[3.390s] -- Symlinking: /home/tejaswini/ros2_ws/install/kinematics_interface/include/kinematics_interface/kinematics_interface/kinematics_interface.hpp
[3.404s] -- Symlinking: /home/tejaswini/ros2_ws/install/kinematics_interface/include/kinematics_interface/kinematics_interface/visibility_control.h
[3.411s] -- Symlinking: /home/tejaswini/ros2_ws/install/kinematics_interface/share/kinematics_interface/environment/library_path.sh
[3.419s] -- Symlinking: /home/tejaswini/ros2_ws/install/kinematics_interface/share/kinematics_interface/environment/library_path.dsv
[3.435s] -- Symlinking: /home/tejaswini/ros2_ws/install/kinematics_interface/share/ament_index/resource_index/package_run_dependencies/kinematics_interface
[3.444s] -- Symlinking: /home/tejaswini/ros2_ws/install/kinematics_interface/share/ament_index/resource_index/parent_prefix_path/kinematics_interface
[3.457s] -- Symlinking: /home/tejaswini/ros2_ws/install/kinematics_interface/share/kinematics_interface/environment/ament_prefix_path.sh
[3.479s] -- Symlinking: /home/tejaswini/ros2_ws/install/kinematics_interface/share/kinematics_interface/environment/ament_prefix_path.dsv
[3.490s] -- Symlinking: /home/tejaswini/ros2_ws/install/kinematics_interface/share/kinematics_interface/environment/path.sh
[3.505s] -- Symlinking: /home/tejaswini/ros2_ws/install/kinematics_interface/share/kinematics_interface/environment/path.dsv
[3.515s] -- Symlinking: /home/tejaswini/ros2_ws/install/kinematics_interface/share/kinematics_interface/local_setup.bash
[3.530s] -- Symlinking: /home/tejaswini/ros2_ws/install/kinematics_interface/share/kinematics_interface/local_setup.sh
[3.538s] -- Symlinking: /home/tejaswini/ros2_ws/install/kinematics_interface/share/kinematics_interface/local_setup.zsh
[3.549s] -- Symlinking: /home/tejaswini/ros2_ws/install/kinematics_interface/share/kinematics_interface/local_setup.dsv
[3.560s] -- Symlinking: /home/tejaswini/ros2_ws/install/kinematics_interface/share/kinematics_interface/package.dsv
[3.568s] -- Symlinking: /home/tejaswini/ros2_ws/install/kinematics_interface/share/ament_index/resource_index/packages/kinematics_interface
[3.577s] -- Symlinking: /home/tejaswini/ros2_ws/install/kinematics_interface/share/kinematics_interface/cmake/ament_cmake_export_targets-extras.cmake
[3.583s] -- Symlinking: /home/tejaswini/ros2_ws/install/kinematics_interface/share/kinematics_interface/cmake/ament_cmake_export_dependencies-extras.cmake
[3.591s] -- Symlinking: /home/tejaswini/ros2_ws/install/kinematics_interface/share/kinematics_interface/cmake/kinematics_interfaceConfig.cmake
[3.598s] -- Symlinking: /home/tejaswini/ros2_ws/install/kinematics_interface/share/kinematics_interface/cmake/kinematics_interfaceConfig-version.cmake
[3.610s] -- Symlinking: /home/tejaswini/ros2_ws/install/kinematics_interface/share/kinematics_interface/package.xml
[3.621s] -- Installing: /home/tejaswini/ros2_ws/install/kinematics_interface/lib/libkinematics_interface.so
[3.622s] -- Set runtime path of "/home/tejaswini/ros2_ws/install/kinematics_interface/lib/libkinematics_interface.so" to ""
[3.622s] -- Installing: /home/tejaswini/ros2_ws/install/kinematics_interface/share/kinematics_interface/cmake/export_kinematics_interfaceExport.cmake
[3.622s] -- Installing: /home/tejaswini/ros2_ws/install/kinematics_interface/share/kinematics_interface/cmake/export_kinematics_interfaceExport-noconfig.cmake
[3.625s] Invoked command in '/home/tejaswini/ros2_ws/build/kinematics_interface' returned '0': CMAKE_PREFIX_PATH=/home/tejaswini/ros2_ws/install/task1_pkg:/opt/ros/humble /usr/bin/cmake --install /home/tejaswini/ros2_ws/build/kinematics_interface
