[0.070s] Invoking command in '/home/tejaswini/ros2_ws/build/controller_interface': AMENT_PREFIX_PATH=/home/tejaswini/ros2_ws/install/hardware_interface:/home/tejaswini/ros2_ws/install/ros2_control_test_assets:/home/tejaswini/ros2_ws/install/control_msgs:${AMENT_PREFIX_PATH} CMAKE_PREFIX_PATH=/home/tejaswini/ros2_ws/install/hardware_interface:/home/tejaswini/ros2_ws/install/ros2_control_test_assets:/home/tejaswini/ros2_ws/install/control_msgs:/home/tejaswini/ros2_ws/install/task1_pkg:/opt/ros/humble LD_LIBRARY_PATH=/home/tejaswini/ros2_ws/install/hardware_interface/lib:/home/tejaswini/ros2_ws/install/control_msgs/lib:/usr/lib/x86_64-linux-gnu/gazebo-11/plugins:/opt/ros/humble/opt/rviz_ogre_vendor/lib:/opt/ros/humble/lib/x86_64-linux-gnu:/opt/ros/humble/lib:/usr/lib/x86_64-linux-gnu/gazebo-11/plugins PYTHONPATH=/home/tejaswini/ros2_ws/install/control_msgs/local/lib/python3.10/dist-packages:${PYTHONPATH} /usr/bin/cmake /home/tejaswini/ros2_ws/src/ros-controls/ros2_control/controller_interface -DAMENT_CMAKE_SYMLINK_INSTALL=1 -DCMAKE_INSTALL_PREFIX=/home/tejaswini/ros2_ws/install/controller_interface
[0.276s] -- The C compiler identification is GNU 11.4.0
[0.396s] -- The CXX compiler identification is GNU 11.4.0
[0.411s] -- Detecting C compiler ABI info
[0.708s] -- Detecting C compiler ABI info - done
[0.768s] -- Check for working C compiler: /usr/bin/cc - skipped
[0.770s] -- Detecting C compile features
[0.774s] -- Detecting C compile features - done
[0.796s] -- Detecting CXX compiler ABI info
[1.081s] -- Detecting CXX compiler ABI info - done
[1.134s] -- Check for working CXX compiler: /usr/bin/c++ - skipped
[1.135s] -- Detecting CXX compile features
[1.136s] -- Detecting CXX compile features - done
[1.138s] -- Found ament_cmake: 1.3.11 (/opt/ros/humble/share/ament_cmake/cmake)
[1.446s] -- Found Python3: /usr/bin/python3 (found version "3.10.12") found components: Interpreter 
[1.548s] -- Override CMake install command with custom implementation using symlinks instead of copying resources
[1.763s] -- Found hardware_interface: 2.45.0 (/home/tejaswini/ros2_ws/install/hardware_interface/share/hardware_interface/cmake)
[1.817s] -- Found rosidl_generator_c: 3.1.6 (/opt/ros/humble/share/rosidl_generator_c/cmake)
[1.823s] -- Found rosidl_adapter: 3.1.6 (/opt/ros/humble/share/rosidl_adapter/cmake)
[1.832s] -- Found rosidl_generator_cpp: 3.1.6 (/opt/ros/humble/share/rosidl_generator_cpp/cmake)
[1.846s] -- Using all available rosidl_typesupport_c: rosidl_typesupport_fastrtps_c;rosidl_typesupport_introspection_c
[1.865s] -- Using all available rosidl_typesupport_cpp: rosidl_typesupport_fastrtps_cpp;rosidl_typesupport_introspection_cpp
[2.099s] -- Found rmw_implementation_cmake: 6.1.2 (/opt/ros/humble/share/rmw_implementation_cmake/cmake)
[2.102s] -- Found rmw_fastrtps_cpp: 6.2.7 (/opt/ros/humble/share/rmw_fastrtps_cpp/cmake)
[2.132s] -- Found TinyXML2 via Config file: TinyXML2_DIR-NOTFOUND
[2.316s] -- Found OpenSSL: /usr/lib/x86_64-linux-gnu/libcrypto.so (found version "3.0.2")  
[2.321s] -- Found TinyXML2 via Config file: TinyXML2_DIR-NOTFOUND
[2.339s] -- Found FastRTPS: /opt/ros/humble/include  
[2.343s] -- Found TinyXML2 via Config file: TinyXML2_DIR-NOTFOUND
[2.353s] -- Found TinyXML2 via Config file: TinyXML2_DIR-NOTFOUND
[2.365s] -- Using RMW implementation 'rmw_fastrtps_cpp' as default
[2.375s] -- Looking for pthread.h
[2.538s] -- Looking for pthread.h - found
[2.539s] -- Performing Test CMAKE_HAVE_LIBC_PTHREAD
[2.702s] -- Performing Test CMAKE_HAVE_LIBC_PTHREAD - Success
[2.705s] -- Found Threads: TRUE  
[2.766s] -- Found ament_cmake_gmock: 1.3.11 (/opt/ros/humble/share/ament_cmake_gmock/cmake)
[2.769s] -- Found gmock sources under '/opt/ros/humble/src/gmock_vendor': C++ tests using 'Google Mock' will be built
[2.774s] -- Found ament_cmake_gtest: 1.3.11 (/opt/ros/humble/share/ament_cmake_gtest/cmake)
[2.775s] -- Found gtest sources under '/opt/ros/humble/src/gtest_vendor': C++ tests using 'Google Test' will be built
[2.933s] -- Configuring done
[3.094s] -- Generating done
[3.119s] -- Build files have been written to: /home/tejaswini/ros2_ws/build/controller_interface
[3.136s] Invoked command in '/home/tejaswini/ros2_ws/build/controller_interface' returned '0': AMENT_PREFIX_PATH=/home/tejaswini/ros2_ws/install/hardware_interface:/home/tejaswini/ros2_ws/install/ros2_control_test_assets:/home/tejaswini/ros2_ws/install/control_msgs:${AMENT_PREFIX_PATH} CMAKE_PREFIX_PATH=/home/tejaswini/ros2_ws/install/hardware_interface:/home/tejaswini/ros2_ws/install/ros2_control_test_assets:/home/tejaswini/ros2_ws/install/control_msgs:/home/tejaswini/ros2_ws/install/task1_pkg:/opt/ros/humble LD_LIBRARY_PATH=/home/tejaswini/ros2_ws/install/hardware_interface/lib:/home/tejaswini/ros2_ws/install/control_msgs/lib:/usr/lib/x86_64-linux-gnu/gazebo-11/plugins:/opt/ros/humble/opt/rviz_ogre_vendor/lib:/opt/ros/humble/lib/x86_64-linux-gnu:/opt/ros/humble/lib:/usr/lib/x86_64-linux-gnu/gazebo-11/plugins PYTHONPATH=/home/tejaswini/ros2_ws/install/control_msgs/local/lib/python3.10/dist-packages:${PYTHONPATH} /usr/bin/cmake /home/tejaswini/ros2_ws/src/ros-controls/ros2_control/controller_interface -DAMENT_CMAKE_SYMLINK_INSTALL=1 -DCMAKE_INSTALL_PREFIX=/home/tejaswini/ros2_ws/install/controller_interface
[3.140s] Invoking command in '/home/tejaswini/ros2_ws/build/controller_interface': AMENT_PREFIX_PATH=/home/tejaswini/ros2_ws/install/hardware_interface:/home/tejaswini/ros2_ws/install/ros2_control_test_assets:/home/tejaswini/ros2_ws/install/control_msgs:${AMENT_PREFIX_PATH} CMAKE_PREFIX_PATH=/home/tejaswini/ros2_ws/install/hardware_interface:/home/tejaswini/ros2_ws/install/ros2_control_test_assets:/home/tejaswini/ros2_ws/install/control_msgs:/home/tejaswini/ros2_ws/install/task1_pkg:/opt/ros/humble LD_LIBRARY_PATH=/home/tejaswini/ros2_ws/install/hardware_interface/lib:/home/tejaswini/ros2_ws/install/control_msgs/lib:/usr/lib/x86_64-linux-gnu/gazebo-11/plugins:/opt/ros/humble/opt/rviz_ogre_vendor/lib:/opt/ros/humble/lib/x86_64-linux-gnu:/opt/ros/humble/lib:/usr/lib/x86_64-linux-gnu/gazebo-11/plugins PYTHONPATH=/home/tejaswini/ros2_ws/install/control_msgs/local/lib/python3.10/dist-packages:${PYTHONPATH} /usr/bin/cmake --build /home/tejaswini/ros2_ws/build/controller_interface -- -j16 -l16
[3.246s] [  4%] [32mBuilding CXX object gmock/CMakeFiles/gmock_main.dir/src/gmock_main.cc.o[0m
[3.248s] [  8%] [32mBuilding CXX object CMakeFiles/controller_interface.dir/src/controller_interface_base.cpp.o[0m
[3.251s] [ 13%] [32mBuilding CXX object CMakeFiles/controller_interface.dir/src/chainable_controller_interface.cpp.o[0m
[3.253s] [ 17%] [32mBuilding CXX object CMakeFiles/controller_interface.dir/src/controller_interface.cpp.o[0m
[3.297s] [ 21%] [32mBuilding CXX object gmock/CMakeFiles/gmock.dir/src/gmock-all.cc.o[0m
[3.337s] [ 26%] [32mBuilding CXX object gmock/CMakeFiles/gmock.dir/opt/ros/humble/src/gtest_vendor/src/gtest-all.cc.o[0m
[11.482s] [ 30%] [32m[1mLinking CXX static library libgmock_main.a[0m
[11.518s] [ 30%] Built target gmock_main
[18.941s] [ 34%] [32m[1mLinking CXX shared library libcontroller_interface.so[0m
[19.150s] [ 34%] Built target controller_interface
[19.276s] [ 39%] [32m[1mLinking CXX static library libgmock.a[0m
[19.391s] [ 39%] Built target gmock
[19.426s] [ 43%] [32mBuilding CXX object CMakeFiles/test_force_torque_sensor.dir/test/test_force_torque_sensor.cpp.o[0m
[19.426s] [ 47%] [32mBuilding CXX object CMakeFiles/test_chainable_controller_interface.dir/test/test_chainable_controller_interface.cpp.o[0m
[19.427s] [ 52%] [32mBuilding CXX object CMakeFiles/test_controller_interface.dir/test/test_controller_interface.cpp.o[0m
[19.428s] [ 56%] [32mBuilding CXX object CMakeFiles/test_imu_sensor.dir/test/test_imu_sensor.cpp.o[0m
[19.457s] [ 60%] [32mBuilding CXX object CMakeFiles/test_pose_sensor.dir/test/test_pose_sensor.cpp.o[0m
[19.512s] [ 65%] [32mBuilding CXX object CMakeFiles/test_controller_with_options.dir/test/test_controller_with_options.cpp.o[0m
[19.526s] [ 69%] [32mBuilding CXX object CMakeFiles/test_semantic_component_interface.dir/test/test_semantic_component_interface.cpp.o[0m
[21.533s] [ 73%] [32m[1mLinking CXX executable test_imu_sensor[0m
[22.044s] [ 78%] [32m[1mLinking CXX executable test_force_torque_sensor[0m
[22.075s] [ 78%] Built target test_imu_sensor
[22.880s] [ 82%] [32m[1mLinking CXX executable test_pose_sensor[0m
[23.407s] [ 82%] Built target test_pose_sensor
[23.569s] [ 82%] Built target test_force_torque_sensor
[23.769s] [ 86%] [32m[1mLinking CXX executable test_semantic_component_interface[0m
[24.053s] [ 91%] [32m[1mLinking CXX executable test_chainable_controller_interface[0m
[24.097s] [ 95%] [32m[1mLinking CXX executable test_controller_with_options[0m
[24.265s] [ 95%] Built target test_semantic_component_interface
[24.436s] [ 95%] Built target test_chainable_controller_interface
[24.463s] [ 95%] Built target test_controller_with_options
[26.778s] [100%] [32m[1mLinking CXX executable test_controller_interface[0m
[27.142s] [100%] Built target test_controller_interface
[27.159s] Invoked command in '/home/tejaswini/ros2_ws/build/controller_interface' returned '0': AMENT_PREFIX_PATH=/home/tejaswini/ros2_ws/install/hardware_interface:/home/tejaswini/ros2_ws/install/ros2_control_test_assets:/home/tejaswini/ros2_ws/install/control_msgs:${AMENT_PREFIX_PATH} CMAKE_PREFIX_PATH=/home/tejaswini/ros2_ws/install/hardware_interface:/home/tejaswini/ros2_ws/install/ros2_control_test_assets:/home/tejaswini/ros2_ws/install/control_msgs:/home/tejaswini/ros2_ws/install/task1_pkg:/opt/ros/humble LD_LIBRARY_PATH=/home/tejaswini/ros2_ws/install/hardware_interface/lib:/home/tejaswini/ros2_ws/install/control_msgs/lib:/usr/lib/x86_64-linux-gnu/gazebo-11/plugins:/opt/ros/humble/opt/rviz_ogre_vendor/lib:/opt/ros/humble/lib/x86_64-linux-gnu:/opt/ros/humble/lib:/usr/lib/x86_64-linux-gnu/gazebo-11/plugins PYTHONPATH=/home/tejaswini/ros2_ws/install/control_msgs/local/lib/python3.10/dist-packages:${PYTHONPATH} /usr/bin/cmake --build /home/tejaswini/ros2_ws/build/controller_interface -- -j16 -l16
[27.162s] Invoking command in '/home/tejaswini/ros2_ws/build/controller_interface': AMENT_PREFIX_PATH=/home/tejaswini/ros2_ws/install/hardware_interface:/home/tejaswini/ros2_ws/install/ros2_control_test_assets:/home/tejaswini/ros2_ws/install/control_msgs:${AMENT_PREFIX_PATH} CMAKE_PREFIX_PATH=/home/tejaswini/ros2_ws/install/hardware_interface:/home/tejaswini/ros2_ws/install/ros2_control_test_assets:/home/tejaswini/ros2_ws/install/control_msgs:/home/tejaswini/ros2_ws/install/task1_pkg:/opt/ros/humble LD_LIBRARY_PATH=/home/tejaswini/ros2_ws/install/hardware_interface/lib:/home/tejaswini/ros2_ws/install/control_msgs/lib:/usr/lib/x86_64-linux-gnu/gazebo-11/plugins:/opt/ros/humble/opt/rviz_ogre_vendor/lib:/opt/ros/humble/lib/x86_64-linux-gnu:/opt/ros/humble/lib:/usr/lib/x86_64-linux-gnu/gazebo-11/plugins PYTHONPATH=/home/tejaswini/ros2_ws/install/control_msgs/local/lib/python3.10/dist-packages:${PYTHONPATH} /usr/bin/cmake --install /home/tejaswini/ros2_ws/build/controller_interface
[27.177s] -- Install configuration: ""
[27.177s] -- Execute custom install script
[27.178s] -- Symlinking: /home/tejaswini/ros2_ws/install/controller_interface/include/controller_interface/chainable_controller_interface.hpp
[27.201s] -- Symlinking: /home/tejaswini/ros2_ws/install/controller_interface/include/controller_interface/controller_interface.hpp
[27.212s] -- Symlinking: /home/tejaswini/ros2_ws/install/controller_interface/include/controller_interface/controller_interface_base.hpp
[27.227s] -- Symlinking: /home/tejaswini/ros2_ws/install/controller_interface/include/controller_interface/helpers.hpp
[27.243s] -- Symlinking: /home/tejaswini/ros2_ws/install/controller_interface/include/controller_interface/visibility_control.h
[27.260s] -- Symlinking: /home/tejaswini/ros2_ws/install/controller_interface/include/semantic_components/force_torque_sensor.hpp
[27.275s] -- Symlinking: /home/tejaswini/ros2_ws/install/controller_interface/include/semantic_components/imu_sensor.hpp
[27.286s] -- Symlinking: /home/tejaswini/ros2_ws/install/controller_interface/include/semantic_components/pose_sensor.hpp
[27.301s] -- Symlinking: /home/tejaswini/ros2_ws/install/controller_interface/include/semantic_components/range_sensor.hpp
[27.312s] -- Symlinking: /home/tejaswini/ros2_ws/install/controller_interface/include/semantic_components/semantic_component_interface.hpp
[27.335s] -- Symlinking: /home/tejaswini/ros2_ws/install/controller_interface/lib/libcontroller_interface.so
[27.347s] -- Symlinking: /home/tejaswini/ros2_ws/install/controller_interface/share/controller_interface/environment/library_path.sh
[27.361s] -- Symlinking: /home/tejaswini/ros2_ws/install/controller_interface/share/controller_interface/environment/library_path.dsv
[27.376s] -- Symlinking: /home/tejaswini/ros2_ws/install/controller_interface/share/ament_index/resource_index/package_run_dependencies/controller_interface
[27.389s] -- Symlinking: /home/tejaswini/ros2_ws/install/controller_interface/share/ament_index/resource_index/parent_prefix_path/controller_interface
[27.404s] -- Symlinking: /home/tejaswini/ros2_ws/install/controller_interface/share/controller_interface/environment/ament_prefix_path.sh
[27.414s] -- Symlinking: /home/tejaswini/ros2_ws/install/controller_interface/share/controller_interface/environment/ament_prefix_path.dsv
[27.425s] -- Symlinking: /home/tejaswini/ros2_ws/install/controller_interface/share/controller_interface/environment/path.sh
[27.441s] -- Symlinking: /home/tejaswini/ros2_ws/install/controller_interface/share/controller_interface/environment/path.dsv
[27.452s] -- Symlinking: /home/tejaswini/ros2_ws/install/controller_interface/share/controller_interface/local_setup.bash
[27.477s] -- Symlinking: /home/tejaswini/ros2_ws/install/controller_interface/share/controller_interface/local_setup.sh
[27.492s] -- Symlinking: /home/tejaswini/ros2_ws/install/controller_interface/share/controller_interface/local_setup.zsh
[27.502s] -- Symlinking: /home/tejaswini/ros2_ws/install/controller_interface/share/controller_interface/local_setup.dsv
[27.517s] -- Symlinking: /home/tejaswini/ros2_ws/install/controller_interface/share/controller_interface/package.dsv
[27.529s] -- Symlinking: /home/tejaswini/ros2_ws/install/controller_interface/share/ament_index/resource_index/packages/controller_interface
[27.557s] -- Symlinking: /home/tejaswini/ros2_ws/install/controller_interface/share/controller_interface/cmake/ament_cmake_export_dependencies-extras.cmake
[27.569s] -- Symlinking: /home/tejaswini/ros2_ws/install/controller_interface/share/controller_interface/cmake/ament_cmake_export_include_directories-extras.cmake
[27.584s] -- Symlinking: /home/tejaswini/ros2_ws/install/controller_interface/share/controller_interface/cmake/ament_cmake_export_libraries-extras.cmake
[27.598s] -- Symlinking: /home/tejaswini/ros2_ws/install/controller_interface/share/controller_interface/cmake/controller_interfaceConfig.cmake
[27.613s] -- Symlinking: /home/tejaswini/ros2_ws/install/controller_interface/share/controller_interface/cmake/controller_interfaceConfig-version.cmake
[27.627s] -- Symlinking: /home/tejaswini/ros2_ws/install/controller_interface/share/controller_interface/package.xml
[27.643s] Invoked command in '/home/tejaswini/ros2_ws/build/controller_interface' returned '0': AMENT_PREFIX_PATH=/home/tejaswini/ros2_ws/install/hardware_interface:/home/tejaswini/ros2_ws/install/ros2_control_test_assets:/home/tejaswini/ros2_ws/install/control_msgs:${AMENT_PREFIX_PATH} CMAKE_PREFIX_PATH=/home/tejaswini/ros2_ws/install/hardware_interface:/home/tejaswini/ros2_ws/install/ros2_control_test_assets:/home/tejaswini/ros2_ws/install/control_msgs:/home/tejaswini/ros2_ws/install/task1_pkg:/opt/ros/humble LD_LIBRARY_PATH=/home/tejaswini/ros2_ws/install/hardware_interface/lib:/home/tejaswini/ros2_ws/install/control_msgs/lib:/usr/lib/x86_64-linux-gnu/gazebo-11/plugins:/opt/ros/humble/opt/rviz_ogre_vendor/lib:/opt/ros/humble/lib/x86_64-linux-gnu:/opt/ros/humble/lib:/usr/lib/x86_64-linux-gnu/gazebo-11/plugins PYTHONPATH=/home/tejaswini/ros2_ws/install/control_msgs/local/lib/python3.10/dist-packages:${PYTHONPATH} /usr/bin/cmake --install /home/tejaswini/ros2_ws/build/controller_interface
