[0.194s] Invoking command in '/home/tejaswini/ros2_ws/build/gazebo_ros2_control_demos': AMENT_PREFIX_PATH=/home/tejaswini/ros2_ws/install/velocity_controllers:/home/tejaswini/ros2_ws/install/ros2_control:/home/tejaswini/ros2_ws/install/effort_controllers:/home/tejaswini/ros2_ws/install/tricycle_controller:/home/tejaswini/ros2_ws/install/ros2controlcli:/home/tejaswini/ros2_ws/install/joint_trajectory_controller:/home/tejaswini/ros2_ws/install/joint_state_broadcaster:/home/tejaswini/ros2_ws/install/imu_sensor_broadcaster:/home/tejaswini/ros2_ws/install/gazebo_ros2_control:/home/tejaswini/ros2_ws/install/forward_command_controller:/home/tejaswini/ros2_ws/install/diff_drive_controller:/home/tejaswini/ros2_ws/install/controller_manager:/home/tejaswini/ros2_ws/install/transmission_interface:/home/tejaswini/ros2_ws/install/hardware_interface_testing:/home/tejaswini/ros2_ws/install/controller_interface:/home/tejaswini/ros2_ws/install/hardware_interface:/home/tejaswini/ros2_ws/install/control_toolbox:/home/tejaswini/ros2_ws/install/ros2_control_test_assets:/home/tejaswini/ros2_ws/install/realtime_tools:/home/tejaswini/ros2_ws/install/joint_limits:/home/tejaswini/ros2_ws/install/controller_manager_msgs:/home/tejaswini/ros2_ws/install/control_msgs:${AMENT_PREFIX_PATH} CMAKE_PREFIX_PATH=/home/tejaswini/ros2_ws/install/velocity_controllers:/home/tejaswini/ros2_ws/install/ros2_control:/home/tejaswini/ros2_ws/install/effort_controllers:/home/tejaswini/ros2_ws/install/tricycle_controller:/home/tejaswini/ros2_ws/install/joint_trajectory_controller:/home/tejaswini/ros2_ws/install/joint_state_broadcaster:/home/tejaswini/ros2_ws/install/imu_sensor_broadcaster:/home/tejaswini/ros2_ws/install/gazebo_ros2_control:/home/tejaswini/ros2_ws/install/forward_command_controller:/home/tejaswini/ros2_ws/install/diff_drive_controller:/home/tejaswini/ros2_ws/install/controller_manager:/home/tejaswini/ros2_ws/install/transmission_interface:/home/tejaswini/ros2_ws/install/hardware_interface_testing:/home/tejaswini/ros2_ws/install/controller_interface:/home/tejaswini/ros2_ws/install/hardware_interface:/home/tejaswini/ros2_ws/install/control_toolbox:/home/tejaswini/ros2_ws/install/ros2_control_test_assets:/home/tejaswini/ros2_ws/install/realtime_tools:/home/tejaswini/ros2_ws/install/joint_limits:/home/tejaswini/ros2_ws/install/controller_manager_msgs:/home/tejaswini/ros2_ws/install/control_msgs:/home/tejaswini/ros2_ws/install/task1_pkg:/opt/ros/humble LD_LIBRARY_PATH=/home/tejaswini/ros2_ws/install/velocity_controllers/lib:/home/tejaswini/ros2_ws/install/effort_controllers/lib:/home/tejaswini/ros2_ws/install/tricycle_controller/lib:/home/tejaswini/ros2_ws/install/joint_trajectory_controller/lib:/home/tejaswini/ros2_ws/install/joint_state_broadcaster/lib:/home/tejaswini/ros2_ws/install/imu_sensor_broadcaster/lib:/home/tejaswini/ros2_ws/install/gazebo_ros2_control/lib:/home/tejaswini/ros2_ws/install/forward_command_controller/lib:/home/tejaswini/ros2_ws/install/diff_drive_controller/lib:/home/tejaswini/ros2_ws/install/controller_manager/lib:/home/tejaswini/ros2_ws/install/transmission_interface/lib:/home/tejaswini/ros2_ws/install/hardware_interface_testing/lib:/home/tejaswini/ros2_ws/install/controller_interface/lib:/home/tejaswini/ros2_ws/install/hardware_interface/lib:/home/tejaswini/ros2_ws/install/control_toolbox/lib:/home/tejaswini/ros2_ws/install/realtime_tools/lib:/home/tejaswini/ros2_ws/install/controller_manager_msgs/lib:/home/tejaswini/ros2_ws/install/control_msgs/lib:/usr/lib/x86_64-linux-gnu/gazebo-11/plugins:/opt/ros/humble/opt/rviz_ogre_vendor/lib:/opt/ros/humble/lib/x86_64-linux-gnu:/opt/ros/humble/lib:/usr/lib/x86_64-linux-gnu/gazebo-11/plugins PYTHONPATH=/home/tejaswini/ros2_ws/build/ros2controlcli:/home/tejaswini/ros2_ws/install/ros2controlcli/lib/python3.10/site-packages:/home/tejaswini/ros2_ws/install/controller_manager/local/lib/python3.10/dist-packages:/home/tejaswini/ros2_ws/install/controller_manager_msgs/local/lib/python3.10/dist-packages:/home/tejaswini/ros2_ws/install/control_msgs/local/lib/python3.10/dist-packages:${PYTHONPATH} /usr/bin/cmake /home/tejaswini/ros2_ws/src/ros-controls/gazebo_ros2_control/gazebo_ros2_control_demos -DAMENT_CMAKE_SYMLINK_INSTALL=1 -DCMAKE_INSTALL_PREFIX=/home/tejaswini/ros2_ws/install/gazebo_ros2_control_demos
[0.288s] -- The C compiler identification is GNU 11.4.0
[0.412s] -- The CXX compiler identification is GNU 11.4.0
[0.429s] -- Detecting C compiler ABI info
[0.633s] -- Detecting C compiler ABI info - done
[0.647s] -- Check for working C compiler: /usr/bin/cc - skipped
[0.648s] -- Detecting C compile features
[0.649s] -- Detecting C compile features - done
[0.651s] -- Detecting CXX compiler ABI info
[0.785s] -- Detecting CXX compiler ABI info - done
[0.793s] -- Check for working CXX compiler: /usr/bin/c++ - skipped
[0.795s] -- Detecting CXX compile features
[0.795s] -- Detecting CXX compile features - done
[0.798s] -- Found ament_cmake: 1.3.11 (/opt/ros/humble/share/ament_cmake/cmake)
[1.049s] -- Found Python3: /usr/bin/python3 (found version "3.10.12") found components: Interpreter 
[1.127s] -- Override CMake install command with custom implementation using symlinks instead of copying resources
[1.186s] -- Found control_msgs: 4.7.0 (/home/tejaswini/ros2_ws/install/control_msgs/share/control_msgs/cmake)
[1.240s] -- Found rosidl_generator_c: 3.1.6 (/opt/ros/humble/share/rosidl_generator_c/cmake)
[1.248s] -- Found rosidl_adapter: 3.1.6 (/opt/ros/humble/share/rosidl_adapter/cmake)
[1.260s] -- Found rosidl_generator_cpp: 3.1.6 (/opt/ros/humble/share/rosidl_generator_cpp/cmake)
[1.277s] -- Using all available rosidl_typesupport_c: rosidl_typesupport_fastrtps_c;rosidl_typesupport_introspection_c
[1.299s] -- Using all available rosidl_typesupport_cpp: rosidl_typesupport_fastrtps_cpp;rosidl_typesupport_introspection_cpp
[1.448s] -- Found rclcpp: 16.0.11 (/opt/ros/humble/share/rclcpp/cmake)
[1.502s] -- Found rmw_implementation_cmake: 6.1.2 (/opt/ros/humble/share/rmw_implementation_cmake/cmake)
[1.507s] -- Found rmw_fastrtps_cpp: 6.2.7 (/opt/ros/humble/share/rmw_fastrtps_cpp/cmake)
[1.761s] -- Found OpenSSL: /usr/lib/x86_64-linux-gnu/libcrypto.so (found version "3.0.2")  
[1.813s] -- Found FastRTPS: /opt/ros/humble/include  
[1.897s] -- Using RMW implementation 'rmw_fastrtps_cpp' as default
[1.909s] -- Looking for pthread.h
[2.092s] -- Looking for pthread.h - found
[2.094s] -- Performing Test CMAKE_HAVE_LIBC_PTHREAD
[2.255s] -- Performing Test CMAKE_HAVE_LIBC_PTHREAD - Success
[2.260s] -- Found Threads: TRUE  
[2.308s] -- Found rclcpp_action: 16.0.11 (/opt/ros/humble/share/rclcpp_action/cmake)
[2.336s] -- Found ament_cmake_gtest: 1.3.11 (/opt/ros/humble/share/ament_cmake_gtest/cmake)
[2.340s] -- Found ament_lint_auto: 0.12.11 (/opt/ros/humble/share/ament_lint_auto/cmake)
[2.472s] -- Added test 'copyright' to check source files copyright and LICENSE
[2.474s] -- Added test 'cppcheck' to perform static code analysis on C / C++ code
[2.475s] -- Configured cppcheck include dirs: 
[2.475s] -- Configured cppcheck exclude dirs and/or files: 
[2.477s] -- Added test 'cpplint' to check C / C++ code against the Google style
[2.477s] -- Configured cpplint exclude dirs and/or files: 
[2.478s] -- Added test 'flake8' to check Python code syntax and style conventions
[2.479s] -- Added test 'lint_cmake' to check CMake code style
[2.480s] -- Added test 'pep257' to check Python code against some of the docstring style conventions in PEP 257
[2.482s] -- Added test 'uncrustify' to check C / C++ code style
[2.483s] -- Configured uncrustify additional arguments: 
[2.483s] -- Added test 'xmllint' to check XML markup files
[2.484s] -- Configuring done
[2.511s] -- Generating done
[2.522s] -- Build files have been written to: /home/tejaswini/ros2_ws/build/gazebo_ros2_control_demos
[2.537s] Invoked command in '/home/tejaswini/ros2_ws/build/gazebo_ros2_control_demos' returned '0': AMENT_PREFIX_PATH=/home/tejaswini/ros2_ws/install/velocity_controllers:/home/tejaswini/ros2_ws/install/ros2_control:/home/tejaswini/ros2_ws/install/effort_controllers:/home/tejaswini/ros2_ws/install/tricycle_controller:/home/tejaswini/ros2_ws/install/ros2controlcli:/home/tejaswini/ros2_ws/install/joint_trajectory_controller:/home/tejaswini/ros2_ws/install/joint_state_broadcaster:/home/tejaswini/ros2_ws/install/imu_sensor_broadcaster:/home/tejaswini/ros2_ws/install/gazebo_ros2_control:/home/tejaswini/ros2_ws/install/forward_command_controller:/home/tejaswini/ros2_ws/install/diff_drive_controller:/home/tejaswini/ros2_ws/install/controller_manager:/home/tejaswini/ros2_ws/install/transmission_interface:/home/tejaswini/ros2_ws/install/hardware_interface_testing:/home/tejaswini/ros2_ws/install/controller_interface:/home/tejaswini/ros2_ws/install/hardware_interface:/home/tejaswini/ros2_ws/install/control_toolbox:/home/tejaswini/ros2_ws/install/ros2_control_test_assets:/home/tejaswini/ros2_ws/install/realtime_tools:/home/tejaswini/ros2_ws/install/joint_limits:/home/tejaswini/ros2_ws/install/controller_manager_msgs:/home/tejaswini/ros2_ws/install/control_msgs:${AMENT_PREFIX_PATH} CMAKE_PREFIX_PATH=/home/tejaswini/ros2_ws/install/velocity_controllers:/home/tejaswini/ros2_ws/install/ros2_control:/home/tejaswini/ros2_ws/install/effort_controllers:/home/tejaswini/ros2_ws/install/tricycle_controller:/home/tejaswini/ros2_ws/install/joint_trajectory_controller:/home/tejaswini/ros2_ws/install/joint_state_broadcaster:/home/tejaswini/ros2_ws/install/imu_sensor_broadcaster:/home/tejaswini/ros2_ws/install/gazebo_ros2_control:/home/tejaswini/ros2_ws/install/forward_command_controller:/home/tejaswini/ros2_ws/install/diff_drive_controller:/home/tejaswini/ros2_ws/install/controller_manager:/home/tejaswini/ros2_ws/install/transmission_interface:/home/tejaswini/ros2_ws/install/hardware_interface_testing:/home/tejaswini/ros2_ws/install/controller_interface:/home/tejaswini/ros2_ws/install/hardware_interface:/home/tejaswini/ros2_ws/install/control_toolbox:/home/tejaswini/ros2_ws/install/ros2_control_test_assets:/home/tejaswini/ros2_ws/install/realtime_tools:/home/tejaswini/ros2_ws/install/joint_limits:/home/tejaswini/ros2_ws/install/controller_manager_msgs:/home/tejaswini/ros2_ws/install/control_msgs:/home/tejaswini/ros2_ws/install/task1_pkg:/opt/ros/humble LD_LIBRARY_PATH=/home/tejaswini/ros2_ws/install/velocity_controllers/lib:/home/tejaswini/ros2_ws/install/effort_controllers/lib:/home/tejaswini/ros2_ws/install/tricycle_controller/lib:/home/tejaswini/ros2_ws/install/joint_trajectory_controller/lib:/home/tejaswini/ros2_ws/install/joint_state_broadcaster/lib:/home/tejaswini/ros2_ws/install/imu_sensor_broadcaster/lib:/home/tejaswini/ros2_ws/install/gazebo_ros2_control/lib:/home/tejaswini/ros2_ws/install/forward_command_controller/lib:/home/tejaswini/ros2_ws/install/diff_drive_controller/lib:/home/tejaswini/ros2_ws/install/controller_manager/lib:/home/tejaswini/ros2_ws/install/transmission_interface/lib:/home/tejaswini/ros2_ws/install/hardware_interface_testing/lib:/home/tejaswini/ros2_ws/install/controller_interface/lib:/home/tejaswini/ros2_ws/install/hardware_interface/lib:/home/tejaswini/ros2_ws/install/control_toolbox/lib:/home/tejaswini/ros2_ws/install/realtime_tools/lib:/home/tejaswini/ros2_ws/install/controller_manager_msgs/lib:/home/tejaswini/ros2_ws/install/control_msgs/lib:/usr/lib/x86_64-linux-gnu/gazebo-11/plugins:/opt/ros/humble/opt/rviz_ogre_vendor/lib:/opt/ros/humble/lib/x86_64-linux-gnu:/opt/ros/humble/lib:/usr/lib/x86_64-linux-gnu/gazebo-11/plugins PYTHONPATH=/home/tejaswini/ros2_ws/build/ros2controlcli:/home/tejaswini/ros2_ws/install/ros2controlcli/lib/python3.10/site-packages:/home/tejaswini/ros2_ws/install/controller_manager/local/lib/python3.10/dist-packages:/home/tejaswini/ros2_ws/install/controller_manager_msgs/local/lib/python3.10/dist-packages:/home/tejaswini/ros2_ws/install/control_msgs/local/lib/python3.10/dist-packages:${PYTHONPATH} /usr/bin/cmake /home/tejaswini/ros2_ws/src/ros-controls/gazebo_ros2_control/gazebo_ros2_control_demos -DAMENT_CMAKE_SYMLINK_INSTALL=1 -DCMAKE_INSTALL_PREFIX=/home/tejaswini/ros2_ws/install/gazebo_ros2_control_demos
[2.540s] Invoking command in '/home/tejaswini/ros2_ws/build/gazebo_ros2_control_demos': AMENT_PREFIX_PATH=/home/tejaswini/ros2_ws/install/velocity_controllers:/home/tejaswini/ros2_ws/install/ros2_control:/home/tejaswini/ros2_ws/install/effort_controllers:/home/tejaswini/ros2_ws/install/tricycle_controller:/home/tejaswini/ros2_ws/install/ros2controlcli:/home/tejaswini/ros2_ws/install/joint_trajectory_controller:/home/tejaswini/ros2_ws/install/joint_state_broadcaster:/home/tejaswini/ros2_ws/install/imu_sensor_broadcaster:/home/tejaswini/ros2_ws/install/gazebo_ros2_control:/home/tejaswini/ros2_ws/install/forward_command_controller:/home/tejaswini/ros2_ws/install/diff_drive_controller:/home/tejaswini/ros2_ws/install/controller_manager:/home/tejaswini/ros2_ws/install/transmission_interface:/home/tejaswini/ros2_ws/install/hardware_interface_testing:/home/tejaswini/ros2_ws/install/controller_interface:/home/tejaswini/ros2_ws/install/hardware_interface:/home/tejaswini/ros2_ws/install/control_toolbox:/home/tejaswini/ros2_ws/install/ros2_control_test_assets:/home/tejaswini/ros2_ws/install/realtime_tools:/home/tejaswini/ros2_ws/install/joint_limits:/home/tejaswini/ros2_ws/install/controller_manager_msgs:/home/tejaswini/ros2_ws/install/control_msgs:${AMENT_PREFIX_PATH} CMAKE_PREFIX_PATH=/home/tejaswini/ros2_ws/install/velocity_controllers:/home/tejaswini/ros2_ws/install/ros2_control:/home/tejaswini/ros2_ws/install/effort_controllers:/home/tejaswini/ros2_ws/install/tricycle_controller:/home/tejaswini/ros2_ws/install/joint_trajectory_controller:/home/tejaswini/ros2_ws/install/joint_state_broadcaster:/home/tejaswini/ros2_ws/install/imu_sensor_broadcaster:/home/tejaswini/ros2_ws/install/gazebo_ros2_control:/home/tejaswini/ros2_ws/install/forward_command_controller:/home/tejaswini/ros2_ws/install/diff_drive_controller:/home/tejaswini/ros2_ws/install/controller_manager:/home/tejaswini/ros2_ws/install/transmission_interface:/home/tejaswini/ros2_ws/install/hardware_interface_testing:/home/tejaswini/ros2_ws/install/controller_interface:/home/tejaswini/ros2_ws/install/hardware_interface:/home/tejaswini/ros2_ws/install/control_toolbox:/home/tejaswini/ros2_ws/install/ros2_control_test_assets:/home/tejaswini/ros2_ws/install/realtime_tools:/home/tejaswini/ros2_ws/install/joint_limits:/home/tejaswini/ros2_ws/install/controller_manager_msgs:/home/tejaswini/ros2_ws/install/control_msgs:/home/tejaswini/ros2_ws/install/task1_pkg:/opt/ros/humble LD_LIBRARY_PATH=/home/tejaswini/ros2_ws/install/velocity_controllers/lib:/home/tejaswini/ros2_ws/install/effort_controllers/lib:/home/tejaswini/ros2_ws/install/tricycle_controller/lib:/home/tejaswini/ros2_ws/install/joint_trajectory_controller/lib:/home/tejaswini/ros2_ws/install/joint_state_broadcaster/lib:/home/tejaswini/ros2_ws/install/imu_sensor_broadcaster/lib:/home/tejaswini/ros2_ws/install/gazebo_ros2_control/lib:/home/tejaswini/ros2_ws/install/forward_command_controller/lib:/home/tejaswini/ros2_ws/install/diff_drive_controller/lib:/home/tejaswini/ros2_ws/install/controller_manager/lib:/home/tejaswini/ros2_ws/install/transmission_interface/lib:/home/tejaswini/ros2_ws/install/hardware_interface_testing/lib:/home/tejaswini/ros2_ws/install/controller_interface/lib:/home/tejaswini/ros2_ws/install/hardware_interface/lib:/home/tejaswini/ros2_ws/install/control_toolbox/lib:/home/tejaswini/ros2_ws/install/realtime_tools/lib:/home/tejaswini/ros2_ws/install/controller_manager_msgs/lib:/home/tejaswini/ros2_ws/install/control_msgs/lib:/usr/lib/x86_64-linux-gnu/gazebo-11/plugins:/opt/ros/humble/opt/rviz_ogre_vendor/lib:/opt/ros/humble/lib/x86_64-linux-gnu:/opt/ros/humble/lib:/usr/lib/x86_64-linux-gnu/gazebo-11/plugins PYTHONPATH=/home/tejaswini/ros2_ws/build/ros2controlcli:/home/tejaswini/ros2_ws/install/ros2controlcli/lib/python3.10/site-packages:/home/tejaswini/ros2_ws/install/controller_manager/local/lib/python3.10/dist-packages:/home/tejaswini/ros2_ws/install/controller_manager_msgs/local/lib/python3.10/dist-packages:/home/tejaswini/ros2_ws/install/control_msgs/local/lib/python3.10/dist-packages:${PYTHONPATH} /usr/bin/cmake --build /home/tejaswini/ros2_ws/build/gazebo_ros2_control_demos -- -j16 -l16
[2.634s] [  7%] [32mBuilding CXX object CMakeFiles/example_position.dir/examples/example_position.cpp.o[0m
[2.635s] [ 14%] [32mBuilding CXX object CMakeFiles/example_position_pid.dir/examples/example_position_pid.cpp.o[0m
[2.636s] [ 21%] [32mBuilding CXX object CMakeFiles/example_velocity.dir/examples/example_velocity.cpp.o[0m
[2.645s] [ 28%] [32mBuilding CXX object CMakeFiles/example_gripper.dir/examples/example_gripper.cpp.o[0m
[2.677s] [ 35%] [32mBuilding CXX object CMakeFiles/example_diff_drive.dir/examples/example_diff_drive.cpp.o[0m
[2.696s] [ 42%] [32mBuilding CXX object CMakeFiles/example_effort.dir/examples/example_effort.cpp.o[0m
[2.737s] [ 50%] [32mBuilding CXX object CMakeFiles/example_tricycle_drive.dir/examples/example_tricycle_drive.cpp.o[0m
[10.869s] [ 57%] [32m[1mLinking CXX executable example_diff_drive[0m
[11.260s] [ 57%] Built target example_diff_drive
[12.111s] [ 64%] [32m[1mLinking CXX executable example_position[0m
[12.167s] [ 71%] [32m[1mLinking CXX executable example_position_pid[0m
[13.567s] [ 71%] Built target example_position_pid
[14.274s] [ 71%] Built target example_position
[14.817s] [ 78%] [32m[1mLinking CXX executable example_effort[0m
[15.085s] [ 78%] Built target example_effort
[15.913s] [ 85%] [32m[1mLinking CXX executable example_gripper[0m
[16.195s] [ 85%] Built target example_gripper
[17.245s] [ 92%] [32m[1mLinking CXX executable example_tricycle_drive[0m
[17.550s] [ 92%] Built target example_tricycle_drive
[20.740s] [100%] [32m[1mLinking CXX executable example_velocity[0m
[20.983s] [100%] Built target example_velocity
[21.005s] Invoked command in '/home/tejaswini/ros2_ws/build/gazebo_ros2_control_demos' returned '0': AMENT_PREFIX_PATH=/home/tejaswini/ros2_ws/install/velocity_controllers:/home/tejaswini/ros2_ws/install/ros2_control:/home/tejaswini/ros2_ws/install/effort_controllers:/home/tejaswini/ros2_ws/install/tricycle_controller:/home/tejaswini/ros2_ws/install/ros2controlcli:/home/tejaswini/ros2_ws/install/joint_trajectory_controller:/home/tejaswini/ros2_ws/install/joint_state_broadcaster:/home/tejaswini/ros2_ws/install/imu_sensor_broadcaster:/home/tejaswini/ros2_ws/install/gazebo_ros2_control:/home/tejaswini/ros2_ws/install/forward_command_controller:/home/tejaswini/ros2_ws/install/diff_drive_controller:/home/tejaswini/ros2_ws/install/controller_manager:/home/tejaswini/ros2_ws/install/transmission_interface:/home/tejaswini/ros2_ws/install/hardware_interface_testing:/home/tejaswini/ros2_ws/install/controller_interface:/home/tejaswini/ros2_ws/install/hardware_interface:/home/tejaswini/ros2_ws/install/control_toolbox:/home/tejaswini/ros2_ws/install/ros2_control_test_assets:/home/tejaswini/ros2_ws/install/realtime_tools:/home/tejaswini/ros2_ws/install/joint_limits:/home/tejaswini/ros2_ws/install/controller_manager_msgs:/home/tejaswini/ros2_ws/install/control_msgs:${AMENT_PREFIX_PATH} CMAKE_PREFIX_PATH=/home/tejaswini/ros2_ws/install/velocity_controllers:/home/tejaswini/ros2_ws/install/ros2_control:/home/tejaswini/ros2_ws/install/effort_controllers:/home/tejaswini/ros2_ws/install/tricycle_controller:/home/tejaswini/ros2_ws/install/joint_trajectory_controller:/home/tejaswini/ros2_ws/install/joint_state_broadcaster:/home/tejaswini/ros2_ws/install/imu_sensor_broadcaster:/home/tejaswini/ros2_ws/install/gazebo_ros2_control:/home/tejaswini/ros2_ws/install/forward_command_controller:/home/tejaswini/ros2_ws/install/diff_drive_controller:/home/tejaswini/ros2_ws/install/controller_manager:/home/tejaswini/ros2_ws/install/transmission_interface:/home/tejaswini/ros2_ws/install/hardware_interface_testing:/home/tejaswini/ros2_ws/install/controller_interface:/home/tejaswini/ros2_ws/install/hardware_interface:/home/tejaswini/ros2_ws/install/control_toolbox:/home/tejaswini/ros2_ws/install/ros2_control_test_assets:/home/tejaswini/ros2_ws/install/realtime_tools:/home/tejaswini/ros2_ws/install/joint_limits:/home/tejaswini/ros2_ws/install/controller_manager_msgs:/home/tejaswini/ros2_ws/install/control_msgs:/home/tejaswini/ros2_ws/install/task1_pkg:/opt/ros/humble LD_LIBRARY_PATH=/home/tejaswini/ros2_ws/install/velocity_controllers/lib:/home/tejaswini/ros2_ws/install/effort_controllers/lib:/home/tejaswini/ros2_ws/install/tricycle_controller/lib:/home/tejaswini/ros2_ws/install/joint_trajectory_controller/lib:/home/tejaswini/ros2_ws/install/joint_state_broadcaster/lib:/home/tejaswini/ros2_ws/install/imu_sensor_broadcaster/lib:/home/tejaswini/ros2_ws/install/gazebo_ros2_control/lib:/home/tejaswini/ros2_ws/install/forward_command_controller/lib:/home/tejaswini/ros2_ws/install/diff_drive_controller/lib:/home/tejaswini/ros2_ws/install/controller_manager/lib:/home/tejaswini/ros2_ws/install/transmission_interface/lib:/home/tejaswini/ros2_ws/install/hardware_interface_testing/lib:/home/tejaswini/ros2_ws/install/controller_interface/lib:/home/tejaswini/ros2_ws/install/hardware_interface/lib:/home/tejaswini/ros2_ws/install/control_toolbox/lib:/home/tejaswini/ros2_ws/install/realtime_tools/lib:/home/tejaswini/ros2_ws/install/controller_manager_msgs/lib:/home/tejaswini/ros2_ws/install/control_msgs/lib:/usr/lib/x86_64-linux-gnu/gazebo-11/plugins:/opt/ros/humble/opt/rviz_ogre_vendor/lib:/opt/ros/humble/lib/x86_64-linux-gnu:/opt/ros/humble/lib:/usr/lib/x86_64-linux-gnu/gazebo-11/plugins PYTHONPATH=/home/tejaswini/ros2_ws/build/ros2controlcli:/home/tejaswini/ros2_ws/install/ros2controlcli/lib/python3.10/site-packages:/home/tejaswini/ros2_ws/install/controller_manager/local/lib/python3.10/dist-packages:/home/tejaswini/ros2_ws/install/controller_manager_msgs/local/lib/python3.10/dist-packages:/home/tejaswini/ros2_ws/install/control_msgs/local/lib/python3.10/dist-packages:${PYTHONPATH} /usr/bin/cmake --build /home/tejaswini/ros2_ws/build/gazebo_ros2_control_demos -- -j16 -l16
[21.015s] Invoking command in '/home/tejaswini/ros2_ws/build/gazebo_ros2_control_demos': AMENT_PREFIX_PATH=/home/tejaswini/ros2_ws/install/velocity_controllers:/home/tejaswini/ros2_ws/install/ros2_control:/home/tejaswini/ros2_ws/install/effort_controllers:/home/tejaswini/ros2_ws/install/tricycle_controller:/home/tejaswini/ros2_ws/install/ros2controlcli:/home/tejaswini/ros2_ws/install/joint_trajectory_controller:/home/tejaswini/ros2_ws/install/joint_state_broadcaster:/home/tejaswini/ros2_ws/install/imu_sensor_broadcaster:/home/tejaswini/ros2_ws/install/gazebo_ros2_control:/home/tejaswini/ros2_ws/install/forward_command_controller:/home/tejaswini/ros2_ws/install/diff_drive_controller:/home/tejaswini/ros2_ws/install/controller_manager:/home/tejaswini/ros2_ws/install/transmission_interface:/home/tejaswini/ros2_ws/install/hardware_interface_testing:/home/tejaswini/ros2_ws/install/controller_interface:/home/tejaswini/ros2_ws/install/hardware_interface:/home/tejaswini/ros2_ws/install/control_toolbox:/home/tejaswini/ros2_ws/install/ros2_control_test_assets:/home/tejaswini/ros2_ws/install/realtime_tools:/home/tejaswini/ros2_ws/install/joint_limits:/home/tejaswini/ros2_ws/install/controller_manager_msgs:/home/tejaswini/ros2_ws/install/control_msgs:${AMENT_PREFIX_PATH} CMAKE_PREFIX_PATH=/home/tejaswini/ros2_ws/install/velocity_controllers:/home/tejaswini/ros2_ws/install/ros2_control:/home/tejaswini/ros2_ws/install/effort_controllers:/home/tejaswini/ros2_ws/install/tricycle_controller:/home/tejaswini/ros2_ws/install/joint_trajectory_controller:/home/tejaswini/ros2_ws/install/joint_state_broadcaster:/home/tejaswini/ros2_ws/install/imu_sensor_broadcaster:/home/tejaswini/ros2_ws/install/gazebo_ros2_control:/home/tejaswini/ros2_ws/install/forward_command_controller:/home/tejaswini/ros2_ws/install/diff_drive_controller:/home/tejaswini/ros2_ws/install/controller_manager:/home/tejaswini/ros2_ws/install/transmission_interface:/home/tejaswini/ros2_ws/install/hardware_interface_testing:/home/tejaswini/ros2_ws/install/controller_interface:/home/tejaswini/ros2_ws/install/hardware_interface:/home/tejaswini/ros2_ws/install/control_toolbox:/home/tejaswini/ros2_ws/install/ros2_control_test_assets:/home/tejaswini/ros2_ws/install/realtime_tools:/home/tejaswini/ros2_ws/install/joint_limits:/home/tejaswini/ros2_ws/install/controller_manager_msgs:/home/tejaswini/ros2_ws/install/control_msgs:/home/tejaswini/ros2_ws/install/task1_pkg:/opt/ros/humble LD_LIBRARY_PATH=/home/tejaswini/ros2_ws/install/velocity_controllers/lib:/home/tejaswini/ros2_ws/install/effort_controllers/lib:/home/tejaswini/ros2_ws/install/tricycle_controller/lib:/home/tejaswini/ros2_ws/install/joint_trajectory_controller/lib:/home/tejaswini/ros2_ws/install/joint_state_broadcaster/lib:/home/tejaswini/ros2_ws/install/imu_sensor_broadcaster/lib:/home/tejaswini/ros2_ws/install/gazebo_ros2_control/lib:/home/tejaswini/ros2_ws/install/forward_command_controller/lib:/home/tejaswini/ros2_ws/install/diff_drive_controller/lib:/home/tejaswini/ros2_ws/install/controller_manager/lib:/home/tejaswini/ros2_ws/install/transmission_interface/lib:/home/tejaswini/ros2_ws/install/hardware_interface_testing/lib:/home/tejaswini/ros2_ws/install/controller_interface/lib:/home/tejaswini/ros2_ws/install/hardware_interface/lib:/home/tejaswini/ros2_ws/install/control_toolbox/lib:/home/tejaswini/ros2_ws/install/realtime_tools/lib:/home/tejaswini/ros2_ws/install/controller_manager_msgs/lib:/home/tejaswini/ros2_ws/install/control_msgs/lib:/usr/lib/x86_64-linux-gnu/gazebo-11/plugins:/opt/ros/humble/opt/rviz_ogre_vendor/lib:/opt/ros/humble/lib/x86_64-linux-gnu:/opt/ros/humble/lib:/usr/lib/x86_64-linux-gnu/gazebo-11/plugins PYTHONPATH=/home/tejaswini/ros2_ws/build/ros2controlcli:/home/tejaswini/ros2_ws/install/ros2controlcli/lib/python3.10/site-packages:/home/tejaswini/ros2_ws/install/controller_manager/local/lib/python3.10/dist-packages:/home/tejaswini/ros2_ws/install/controller_manager_msgs/local/lib/python3.10/dist-packages:/home/tejaswini/ros2_ws/install/control_msgs/local/lib/python3.10/dist-packages:${PYTHONPATH} /usr/bin/cmake --install /home/tejaswini/ros2_ws/build/gazebo_ros2_control_demos
[21.027s] -- Install configuration: ""
[21.028s] -- Execute custom install script
[21.028s] -- Symlinking: /home/tejaswini/ros2_ws/install/gazebo_ros2_control_demos/share/gazebo_ros2_control_demos//launch/cart_example_effort.launch.py
[21.044s] -- Symlinking: /home/tejaswini/ros2_ws/install/gazebo_ros2_control_demos/share/gazebo_ros2_control_demos//launch/cart_example_position.launch.py
[21.058s] -- Symlinking: /home/tejaswini/ros2_ws/install/gazebo_ros2_control_demos/share/gazebo_ros2_control_demos//launch/cart_example_velocity.launch.py
[21.069s] -- Symlinking: /home/tejaswini/ros2_ws/install/gazebo_ros2_control_demos/share/gazebo_ros2_control_demos//launch/diff_drive.launch.py
[21.085s] -- Symlinking: /home/tejaswini/ros2_ws/install/gazebo_ros2_control_demos/share/gazebo_ros2_control_demos//launch/gripper_mimic_joint_example.launch.py
[21.121s] -- Symlinking: /home/tejaswini/ros2_ws/install/gazebo_ros2_control_demos/share/gazebo_ros2_control_demos//launch/pendulum_example_effort.launch.py
[21.134s] -- Symlinking: /home/tejaswini/ros2_ws/install/gazebo_ros2_control_demos/share/gazebo_ros2_control_demos//launch/pendulum_example_position.launch.py
[21.147s] -- Symlinking: /home/tejaswini/ros2_ws/install/gazebo_ros2_control_demos/share/gazebo_ros2_control_demos//launch/tricycle_drive.launch.py
[21.164s] -- Symlinking: /home/tejaswini/ros2_ws/install/gazebo_ros2_control_demos/share/gazebo_ros2_control_demos//launch/vertical_cart_example_position_pid.launch.py
[21.180s] -- Symlinking: /home/tejaswini/ros2_ws/install/gazebo_ros2_control_demos/share/gazebo_ros2_control_demos//launch/vertical_cart_example_position_pids_in_yaml.launch.py
[21.193s] -- Symlinking: /home/tejaswini/ros2_ws/install/gazebo_ros2_control_demos/share/gazebo_ros2_control_demos//launch/vertical_cart_example_velocity_pid.launch.py
[21.211s] -- Symlinking: /home/tejaswini/ros2_ws/install/gazebo_ros2_control_demos/share/gazebo_ros2_control_demos//config/cart_controller.yaml
[21.225s] -- Symlinking: /home/tejaswini/ros2_ws/install/gazebo_ros2_control_demos/share/gazebo_ros2_control_demos//config/cart_controller_effort.yaml
[21.246s] -- Symlinking: /home/tejaswini/ros2_ws/install/gazebo_ros2_control_demos/share/gazebo_ros2_control_demos//config/cart_controller_position.yaml
[21.269s] -- Symlinking: /home/tejaswini/ros2_ws/install/gazebo_ros2_control_demos/share/gazebo_ros2_control_demos//config/cart_controller_position_with_pids.yaml
[21.279s] -- Symlinking: /home/tejaswini/ros2_ws/install/gazebo_ros2_control_demos/share/gazebo_ros2_control_demos//config/cart_controller_velocity.yaml
[21.291s] -- Symlinking: /home/tejaswini/ros2_ws/install/gazebo_ros2_control_demos/share/gazebo_ros2_control_demos//config/config.rviz
[21.315s] -- Symlinking: /home/tejaswini/ros2_ws/install/gazebo_ros2_control_demos/share/gazebo_ros2_control_demos//config/diff_drive_controller.yaml
[21.327s] -- Symlinking: /home/tejaswini/ros2_ws/install/gazebo_ros2_control_demos/share/gazebo_ros2_control_demos//config/gripper_controller.yaml
[21.342s] -- Symlinking: /home/tejaswini/ros2_ws/install/gazebo_ros2_control_demos/share/gazebo_ros2_control_demos//config/tricycle_drive_controller.yaml
[21.354s] -- Symlinking: /home/tejaswini/ros2_ws/install/gazebo_ros2_control_demos/share/gazebo_ros2_control_demos//urdf/test_cart_effort.xacro.urdf
[21.377s] -- Symlinking: /home/tejaswini/ros2_ws/install/gazebo_ros2_control_demos/share/gazebo_ros2_control_demos//urdf/test_cart_position.xacro.urdf
[21.392s] -- Symlinking: /home/tejaswini/ros2_ws/install/gazebo_ros2_control_demos/share/gazebo_ros2_control_demos//urdf/test_cart_velocity.xacro.urdf
[21.410s] -- Symlinking: /home/tejaswini/ros2_ws/install/gazebo_ros2_control_demos/share/gazebo_ros2_control_demos//urdf/test_diff_drive.xacro.urdf
[21.427s] -- Symlinking: /home/tejaswini/ros2_ws/install/gazebo_ros2_control_demos/share/gazebo_ros2_control_demos//urdf/test_gripper_mimic_joint.xacro.urdf
[21.440s] -- Symlinking: /home/tejaswini/ros2_ws/install/gazebo_ros2_control_demos/share/gazebo_ros2_control_demos//urdf/test_pendulum_effort.xacro.urdf
[21.455s] -- Symlinking: /home/tejaswini/ros2_ws/install/gazebo_ros2_control_demos/share/gazebo_ros2_control_demos//urdf/test_pendulum_position.xacro.urdf
[21.470s] -- Symlinking: /home/tejaswini/ros2_ws/install/gazebo_ros2_control_demos/share/gazebo_ros2_control_demos//urdf/test_tricycle_drive.xacro.urdf
[21.483s] -- Symlinking: /home/tejaswini/ros2_ws/install/gazebo_ros2_control_demos/share/gazebo_ros2_control_demos//urdf/test_vertical_cart_position_pid.xacro.urdf
[21.497s] -- Symlinking: /home/tejaswini/ros2_ws/install/gazebo_ros2_control_demos/share/gazebo_ros2_control_demos//urdf/test_vertical_cart_position_pids_in_yaml.xacro.urdf
[21.510s] -- Symlinking: /home/tejaswini/ros2_ws/install/gazebo_ros2_control_demos/share/gazebo_ros2_control_demos//urdf/test_vertical_cart_velocity_pid.xacro.urdf
[21.524s] -- Symlinking: /home/tejaswini/ros2_ws/install/gazebo_ros2_control_demos/lib/gazebo_ros2_control_demos/example_position
[21.540s] -- Symlinking: /home/tejaswini/ros2_ws/install/gazebo_ros2_control_demos/lib/gazebo_ros2_control_demos/example_position_pid
[21.551s] -- Symlinking: /home/tejaswini/ros2_ws/install/gazebo_ros2_control_demos/lib/gazebo_ros2_control_demos/example_velocity
[21.575s] -- Symlinking: /home/tejaswini/ros2_ws/install/gazebo_ros2_control_demos/lib/gazebo_ros2_control_demos/example_effort
[21.585s] -- Symlinking: /home/tejaswini/ros2_ws/install/gazebo_ros2_control_demos/lib/gazebo_ros2_control_demos/example_diff_drive
[21.597s] -- Symlinking: /home/tejaswini/ros2_ws/install/gazebo_ros2_control_demos/lib/gazebo_ros2_control_demos/example_tricycle_drive
[21.610s] -- Symlinking: /home/tejaswini/ros2_ws/install/gazebo_ros2_control_demos/lib/gazebo_ros2_control_demos/example_gripper
[21.628s] -- Symlinking: /home/tejaswini/ros2_ws/install/gazebo_ros2_control_demos/share/ament_index/resource_index/package_run_dependencies/gazebo_ros2_control_demos
[21.644s] -- Symlinking: /home/tejaswini/ros2_ws/install/gazebo_ros2_control_demos/share/ament_index/resource_index/parent_prefix_path/gazebo_ros2_control_demos
[21.658s] -- Symlinking: /home/tejaswini/ros2_ws/install/gazebo_ros2_control_demos/share/gazebo_ros2_control_demos/environment/ament_prefix_path.sh
[21.672s] -- Symlinking: /home/tejaswini/ros2_ws/install/gazebo_ros2_control_demos/share/gazebo_ros2_control_demos/environment/ament_prefix_path.dsv
[21.687s] -- Symlinking: /home/tejaswini/ros2_ws/install/gazebo_ros2_control_demos/share/gazebo_ros2_control_demos/environment/path.sh
[21.700s] -- Symlinking: /home/tejaswini/ros2_ws/install/gazebo_ros2_control_demos/share/gazebo_ros2_control_demos/environment/path.dsv
[21.716s] -- Symlinking: /home/tejaswini/ros2_ws/install/gazebo_ros2_control_demos/share/gazebo_ros2_control_demos/local_setup.bash
[21.732s] -- Symlinking: /home/tejaswini/ros2_ws/install/gazebo_ros2_control_demos/share/gazebo_ros2_control_demos/local_setup.sh
[21.747s] -- Symlinking: /home/tejaswini/ros2_ws/install/gazebo_ros2_control_demos/share/gazebo_ros2_control_demos/local_setup.zsh
[21.759s] -- Symlinking: /home/tejaswini/ros2_ws/install/gazebo_ros2_control_demos/share/gazebo_ros2_control_demos/local_setup.dsv
[21.775s] -- Symlinking: /home/tejaswini/ros2_ws/install/gazebo_ros2_control_demos/share/gazebo_ros2_control_demos/package.dsv
[21.787s] -- Symlinking: /home/tejaswini/ros2_ws/install/gazebo_ros2_control_demos/share/ament_index/resource_index/packages/gazebo_ros2_control_demos
[21.822s] -- Symlinking: /home/tejaswini/ros2_ws/install/gazebo_ros2_control_demos/share/gazebo_ros2_control_demos/cmake/gazebo_ros2_control_demosConfig.cmake
[21.850s] -- Symlinking: /home/tejaswini/ros2_ws/install/gazebo_ros2_control_demos/share/gazebo_ros2_control_demos/cmake/gazebo_ros2_control_demosConfig-version.cmake
[21.881s] -- Symlinking: /home/tejaswini/ros2_ws/install/gazebo_ros2_control_demos/share/gazebo_ros2_control_demos/package.xml
[21.902s] Invoked command in '/home/tejaswini/ros2_ws/build/gazebo_ros2_control_demos' returned '0': AMENT_PREFIX_PATH=/home/tejaswini/ros2_ws/install/velocity_controllers:/home/tejaswini/ros2_ws/install/ros2_control:/home/tejaswini/ros2_ws/install/effort_controllers:/home/tejaswini/ros2_ws/install/tricycle_controller:/home/tejaswini/ros2_ws/install/ros2controlcli:/home/tejaswini/ros2_ws/install/joint_trajectory_controller:/home/tejaswini/ros2_ws/install/joint_state_broadcaster:/home/tejaswini/ros2_ws/install/imu_sensor_broadcaster:/home/tejaswini/ros2_ws/install/gazebo_ros2_control:/home/tejaswini/ros2_ws/install/forward_command_controller:/home/tejaswini/ros2_ws/install/diff_drive_controller:/home/tejaswini/ros2_ws/install/controller_manager:/home/tejaswini/ros2_ws/install/transmission_interface:/home/tejaswini/ros2_ws/install/hardware_interface_testing:/home/tejaswini/ros2_ws/install/controller_interface:/home/tejaswini/ros2_ws/install/hardware_interface:/home/tejaswini/ros2_ws/install/control_toolbox:/home/tejaswini/ros2_ws/install/ros2_control_test_assets:/home/tejaswini/ros2_ws/install/realtime_tools:/home/tejaswini/ros2_ws/install/joint_limits:/home/tejaswini/ros2_ws/install/controller_manager_msgs:/home/tejaswini/ros2_ws/install/control_msgs:${AMENT_PREFIX_PATH} CMAKE_PREFIX_PATH=/home/tejaswini/ros2_ws/install/velocity_controllers:/home/tejaswini/ros2_ws/install/ros2_control:/home/tejaswini/ros2_ws/install/effort_controllers:/home/tejaswini/ros2_ws/install/tricycle_controller:/home/tejaswini/ros2_ws/install/joint_trajectory_controller:/home/tejaswini/ros2_ws/install/joint_state_broadcaster:/home/tejaswini/ros2_ws/install/imu_sensor_broadcaster:/home/tejaswini/ros2_ws/install/gazebo_ros2_control:/home/tejaswini/ros2_ws/install/forward_command_controller:/home/tejaswini/ros2_ws/install/diff_drive_controller:/home/tejaswini/ros2_ws/install/controller_manager:/home/tejaswini/ros2_ws/install/transmission_interface:/home/tejaswini/ros2_ws/install/hardware_interface_testing:/home/tejaswini/ros2_ws/install/controller_interface:/home/tejaswini/ros2_ws/install/hardware_interface:/home/tejaswini/ros2_ws/install/control_toolbox:/home/tejaswini/ros2_ws/install/ros2_control_test_assets:/home/tejaswini/ros2_ws/install/realtime_tools:/home/tejaswini/ros2_ws/install/joint_limits:/home/tejaswini/ros2_ws/install/controller_manager_msgs:/home/tejaswini/ros2_ws/install/control_msgs:/home/tejaswini/ros2_ws/install/task1_pkg:/opt/ros/humble LD_LIBRARY_PATH=/home/tejaswini/ros2_ws/install/velocity_controllers/lib:/home/tejaswini/ros2_ws/install/effort_controllers/lib:/home/tejaswini/ros2_ws/install/tricycle_controller/lib:/home/tejaswini/ros2_ws/install/joint_trajectory_controller/lib:/home/tejaswini/ros2_ws/install/joint_state_broadcaster/lib:/home/tejaswini/ros2_ws/install/imu_sensor_broadcaster/lib:/home/tejaswini/ros2_ws/install/gazebo_ros2_control/lib:/home/tejaswini/ros2_ws/install/forward_command_controller/lib:/home/tejaswini/ros2_ws/install/diff_drive_controller/lib:/home/tejaswini/ros2_ws/install/controller_manager/lib:/home/tejaswini/ros2_ws/install/transmission_interface/lib:/home/tejaswini/ros2_ws/install/hardware_interface_testing/lib:/home/tejaswini/ros2_ws/install/controller_interface/lib:/home/tejaswini/ros2_ws/install/hardware_interface/lib:/home/tejaswini/ros2_ws/install/control_toolbox/lib:/home/tejaswini/ros2_ws/install/realtime_tools/lib:/home/tejaswini/ros2_ws/install/controller_manager_msgs/lib:/home/tejaswini/ros2_ws/install/control_msgs/lib:/usr/lib/x86_64-linux-gnu/gazebo-11/plugins:/opt/ros/humble/opt/rviz_ogre_vendor/lib:/opt/ros/humble/lib/x86_64-linux-gnu:/opt/ros/humble/lib:/usr/lib/x86_64-linux-gnu/gazebo-11/plugins PYTHONPATH=/home/tejaswini/ros2_ws/build/ros2controlcli:/home/tejaswini/ros2_ws/install/ros2controlcli/lib/python3.10/site-packages:/home/tejaswini/ros2_ws/install/controller_manager/local/lib/python3.10/dist-packages:/home/tejaswini/ros2_ws/install/controller_manager_msgs/local/lib/python3.10/dist-packages:/home/tejaswini/ros2_ws/install/control_msgs/local/lib/python3.10/dist-packages:${PYTHONPATH} /usr/bin/cmake --install /home/tejaswini/ros2_ws/build/gazebo_ros2_control_demos
