running develop
Removing /home/tejaswini/ros2_ws/install/task1_pkg/lib/python3.10/site-packages/task1-pkg.egg-link (link to .)
running egg_info
writing ../../build/task1_pkg/task1_pkg.egg-info/PKG-INFO
writing dependency_links to ../../build/task1_pkg/task1_pkg.egg-info/dependency_links.txt
writing entry points to ../../build/task1_pkg/task1_pkg.egg-info/entry_points.txt
writing requirements to ../../build/task1_pkg/task1_pkg.egg-info/requires.txt
writing top-level names to ../../build/task1_pkg/task1_pkg.egg-info/top_level.txt
reading manifest file '../../build/task1_pkg/task1_pkg.egg-info/SOURCES.txt'
writing manifest file '../../build/task1_pkg/task1_pkg.egg-info/SOURCES.txt'
running build
running build_py
copying task1_pkg/controller.py -> /home/tejaswini/ros2_ws/build/task1_pkg/build/lib/task1_pkg
running install
running install_lib
creating /home/tejaswini/ros2_ws/install/task1_pkg/lib/python3.10/site-packages/task1_pkg
copying /home/tejaswini/ros2_ws/build/task1_pkg/build/lib/task1_pkg/controller.py -> /home/tejaswini/ros2_ws/install/task1_pkg/lib/python3.10/site-packages/task1_pkg
copying /home/tejaswini/ros2_ws/build/task1_pkg/build/lib/task1_pkg/__init__.py -> /home/tejaswini/ros2_ws/install/task1_pkg/lib/python3.10/site-packages/task1_pkg
byte-compiling /home/tejaswini/ros2_ws/install/task1_pkg/lib/python3.10/site-packages/task1_pkg/controller.py to controller.cpython-310.pyc
byte-compiling /home/tejaswini/ros2_ws/install/task1_pkg/lib/python3.10/site-packages/task1_pkg/__init__.py to __init__.cpython-310.pyc
running install_data
copying resource/task1_pkg -> /home/tejaswini/ros2_ws/install/task1_pkg/share/ament_index/resource_index/packages
copying package.xml -> /home/tejaswini/ros2_ws/install/task1_pkg/share/task1_pkg
copying urdf/arm.urdf -> /home/tejaswini/ros2_ws/install/task1_pkg/share/task1_pkg/urdf
copying launch/bot_launch.py -> /home/tejaswini/ros2_ws/install/task1_pkg/share/task1_pkg/launch
copying config/bot_config.yaml -> /home/tejaswini/ros2_ws/install/task1_pkg/share/task1_pkg/config
running install_egg_info
Copying ../../build/task1_pkg/task1_pkg.egg-info to /home/tejaswini/ros2_ws/install/task1_pkg/lib/python3.10/site-packages/task1_pkg-0.0.0-py3.10.egg-info
running install_scripts
Installing controller script to /home/tejaswini/ros2_ws/install/task1_pkg/lib/task1_pkg
writing list of installed files to '/home/tejaswini/ros2_ws/build/task1_pkg/install.log'
