[2.191s] Invoking command in '/home/tejaswini/ros2_ws/build/rqt_controller_manager': AMENT_PREFIX_PATH=/home/tejaswini/ros2_ws/install/controller_manager:/home/tejaswini/ros2_ws/install/hardware_interface_testing:/home/tejaswini/ros2_ws/install/controller_interface:/home/tejaswini/ros2_ws/install/hardware_interface:/home/tejaswini/ros2_ws/install/ros2_control_test_assets:/home/tejaswini/ros2_ws/install/realtime_tools:/home/tejaswini/ros2_ws/install/controller_manager_msgs:/home/tejaswini/ros2_ws/install/control_msgs:${AMENT_PREFIX_PATH} CMAKE_PREFIX_PATH=/home/tejaswini/ros2_ws/install/controller_manager:/home/tejaswini/ros2_ws/install/hardware_interface_testing:/home/tejaswini/ros2_ws/install/controller_interface:/home/tejaswini/ros2_ws/install/hardware_interface:/home/tejaswini/ros2_ws/install/ros2_control_test_assets:/home/tejaswini/ros2_ws/install/realtime_tools:/home/tejaswini/ros2_ws/install/controller_manager_msgs:/home/tejaswini/ros2_ws/install/control_msgs LD_LIBRARY_PATH=/home/tejaswini/ros2_ws/install/controller_manager/lib:/home/tejaswini/ros2_ws/install/hardware_interface_testing/lib:/home/tejaswini/ros2_ws/install/controller_interface/lib:/home/tejaswini/ros2_ws/install/hardware_interface/lib:/home/tejaswini/ros2_ws/install/realtime_tools/lib:/home/tejaswini/ros2_ws/install/controller_manager_msgs/lib:/home/tejaswini/ros2_ws/install/control_msgs/lib:/usr/lib/x86_64-linux-gnu/gazebo-11/plugins:/opt/ros/humble/opt/rviz_ogre_vendor/lib:/opt/ros/humble/lib/x86_64-linux-gnu:/opt/ros/humble/lib:/usr/lib/x86_64-linux-gnu/gazebo-11/plugins PYTHONPATH=/home/tejaswini/ros2_ws/build/rqt_controller_manager/prefix_override:/usr/lib/python3/dist-packages/colcon_core/task/python/colcon_distutils_commands:/home/tejaswini/ros2_ws/install/rqt_controller_manager/lib/python3.10/site-packages:/home/tejaswini/ros2_ws/install/controller_manager/local/lib/python3.10/dist-packages:/home/tejaswini/ros2_ws/install/controller_manager_msgs/local/lib/python3.10/dist-packages:/home/tejaswini/ros2_ws/install/control_msgs/local/lib/python3.10/dist-packages:${PYTHONPATH} /usr/bin/python3 -W ignore:setup.py install is deprecated -W ignore:easy_install command is deprecated setup.py develop --editable --build-directory /home/tejaswini/ros2_ws/build/rqt_controller_manager/build --no-deps symlink_data
[4.379s] running develop
[4.379s] running egg_info
[4.379s] creating rqt_controller_manager.egg-info
[4.379s] writing rqt_controller_manager.egg-info/PKG-INFO
[4.380s] writing dependency_links to rqt_controller_manager.egg-info/dependency_links.txt
[4.380s] writing entry points to rqt_controller_manager.egg-info/entry_points.txt
[4.380s] writing requirements to rqt_controller_manager.egg-info/requires.txt
[4.380s] writing top-level names to rqt_controller_manager.egg-info/top_level.txt
[4.380s] writing manifest file 'rqt_controller_manager.egg-info/SOURCES.txt'
[4.380s] reading manifest file 'rqt_controller_manager.egg-info/SOURCES.txt'
[4.380s] writing manifest file 'rqt_controller_manager.egg-info/SOURCES.txt'
[4.380s] running build_ext
[4.380s] Creating /home/tejaswini/ros2_ws/install/rqt_controller_manager/lib/python3.10/site-packages/rqt-controller-manager.egg-link (link to .)
[4.380s] Installing rqt_controller_manager script to /home/tejaswini/ros2_ws/install/rqt_controller_manager/lib/rqt_controller_manager
[4.380s] 
[4.380s] Installed /home/tejaswini/ros2_ws/build/rqt_controller_manager
[4.381s] running symlink_data
[4.381s] creating /home/tejaswini/ros2_ws/install/rqt_controller_manager/share/ament_index
[4.381s] creating /home/tejaswini/ros2_ws/install/rqt_controller_manager/share/ament_index/resource_index
[4.381s] creating /home/tejaswini/ros2_ws/install/rqt_controller_manager/share/ament_index/resource_index/packages
[4.381s] symbolically linking /home/tejaswini/ros2_ws/build/rqt_controller_manager/resource/rqt_controller_manager -> /home/tejaswini/ros2_ws/install/rqt_controller_manager/share/ament_index/resource_index/packages
[4.381s] symbolically linking /home/tejaswini/ros2_ws/build/rqt_controller_manager/package.xml -> /home/tejaswini/ros2_ws/install/rqt_controller_manager/share/rqt_controller_manager
[4.381s] creating /home/tejaswini/ros2_ws/install/rqt_controller_manager/share/rqt_controller_manager/resource
[4.381s] symbolically linking /home/tejaswini/ros2_ws/build/rqt_controller_manager/resource/led_off.png -> /home/tejaswini/ros2_ws/install/rqt_controller_manager/share/rqt_controller_manager/resource
[4.382s] symbolically linking /home/tejaswini/ros2_ws/build/rqt_controller_manager/resource/led_red.png -> /home/tejaswini/ros2_ws/install/rqt_controller_manager/share/rqt_controller_manager/resource
[4.382s] symbolically linking /home/tejaswini/ros2_ws/build/rqt_controller_manager/resource/led_green.png -> /home/tejaswini/ros2_ws/install/rqt_controller_manager/share/rqt_controller_manager/resource
[4.382s] symbolically linking /home/tejaswini/ros2_ws/build/rqt_controller_manager/resource/popup_info.ui -> /home/tejaswini/ros2_ws/install/rqt_controller_manager/share/rqt_controller_manager/resource
[4.382s] symbolically linking /home/tejaswini/ros2_ws/build/rqt_controller_manager/resource/cm_icon.png -> /home/tejaswini/ros2_ws/install/rqt_controller_manager/share/rqt_controller_manager/resource
[4.382s] symbolically linking /home/tejaswini/ros2_ws/build/rqt_controller_manager/resource/controller_manager.ui -> /home/tejaswini/ros2_ws/install/rqt_controller_manager/share/rqt_controller_manager/resource
[4.382s] symbolically linking /home/tejaswini/ros2_ws/build/rqt_controller_manager/plugin.xml -> /home/tejaswini/ros2_ws/install/rqt_controller_manager/share/rqt_controller_manager
[4.386s] Invoked command in '/home/tejaswini/ros2_ws/build/rqt_controller_manager' returned '0': AMENT_PREFIX_PATH=/home/tejaswini/ros2_ws/install/controller_manager:/home/tejaswini/ros2_ws/install/hardware_interface_testing:/home/tejaswini/ros2_ws/install/controller_interface:/home/tejaswini/ros2_ws/install/hardware_interface:/home/tejaswini/ros2_ws/install/ros2_control_test_assets:/home/tejaswini/ros2_ws/install/realtime_tools:/home/tejaswini/ros2_ws/install/controller_manager_msgs:/home/tejaswini/ros2_ws/install/control_msgs:${AMENT_PREFIX_PATH} CMAKE_PREFIX_PATH=/home/tejaswini/ros2_ws/install/controller_manager:/home/tejaswini/ros2_ws/install/hardware_interface_testing:/home/tejaswini/ros2_ws/install/controller_interface:/home/tejaswini/ros2_ws/install/hardware_interface:/home/tejaswini/ros2_ws/install/ros2_control_test_assets:/home/tejaswini/ros2_ws/install/realtime_tools:/home/tejaswini/ros2_ws/install/controller_manager_msgs:/home/tejaswini/ros2_ws/install/control_msgs LD_LIBRARY_PATH=/home/tejaswini/ros2_ws/install/controller_manager/lib:/home/tejaswini/ros2_ws/install/hardware_interface_testing/lib:/home/tejaswini/ros2_ws/install/controller_interface/lib:/home/tejaswini/ros2_ws/install/hardware_interface/lib:/home/tejaswini/ros2_ws/install/realtime_tools/lib:/home/tejaswini/ros2_ws/install/controller_manager_msgs/lib:/home/tejaswini/ros2_ws/install/control_msgs/lib:/usr/lib/x86_64-linux-gnu/gazebo-11/plugins:/opt/ros/humble/opt/rviz_ogre_vendor/lib:/opt/ros/humble/lib/x86_64-linux-gnu:/opt/ros/humble/lib:/usr/lib/x86_64-linux-gnu/gazebo-11/plugins PYTHONPATH=/home/tejaswini/ros2_ws/build/rqt_controller_manager/prefix_override:/usr/lib/python3/dist-packages/colcon_core/task/python/colcon_distutils_commands:/home/tejaswini/ros2_ws/install/rqt_controller_manager/lib/python3.10/site-packages:/home/tejaswini/ros2_ws/install/controller_manager/local/lib/python3.10/dist-packages:/home/tejaswini/ros2_ws/install/controller_manager_msgs/local/lib/python3.10/dist-packages:/home/tejaswini/ros2_ws/install/control_msgs/local/lib/python3.10/dist-packages:${PYTHONPATH} /usr/bin/python3 -W ignore:setup.py install is deprecated -W ignore:easy_install command is deprecated setup.py develop --editable --build-directory /home/tejaswini/ros2_ws/build/rqt_controller_manager/build --no-deps symlink_data
