[0.371s] Invoking command in '/home/tejaswini/ros2_ws/src/task1_pkg': PYTHONPATH=/home/tejaswini/ros2_ws/build/task1_pkg/prefix_override:/usr/lib/python3/dist-packages/colcon_core/task/python/colcon_distutils_commands:/home/tejaswini/ros2_ws/install/task1_pkg/lib/python3.10/site-packages:${PYTHONPATH} /usr/bin/python3 -W ignore:setup.py install is deprecated -W ignore:easy_install command is deprecated setup.py egg_info --egg-base ../../build/task1_pkg build --build-base /home/tejaswini/ros2_ws/build/task1_pkg/build install --record /home/tejaswini/ros2_ws/build/task1_pkg/install.log --single-version-externally-managed install_data
[0.510s] running egg_info
[0.510s] writing ../../build/task1_pkg/task1_pkg.egg-info/PKG-INFO
[0.510s] writing dependency_links to ../../build/task1_pkg/task1_pkg.egg-info/dependency_links.txt
[0.510s] writing entry points to ../../build/task1_pkg/task1_pkg.egg-info/entry_points.txt
[0.510s] writing requirements to ../../build/task1_pkg/task1_pkg.egg-info/requires.txt
[0.510s] writing top-level names to ../../build/task1_pkg/task1_pkg.egg-info/top_level.txt
[0.511s] reading manifest file '../../build/task1_pkg/task1_pkg.egg-info/SOURCES.txt'
[0.512s] writing manifest file '../../build/task1_pkg/task1_pkg.egg-info/SOURCES.txt'
[0.512s] running build
[0.512s] running build_py
[0.512s] running install
[0.512s] running install_lib
[0.513s] running install_data
[0.513s] copying launch/display_robot.launch.py -> /home/tejaswini/ros2_ws/install/task1_pkg/share/task1_pkg/launch
[0.513s] running install_egg_info
[0.514s] removing '/home/tejaswini/ros2_ws/install/task1_pkg/lib/python3.10/site-packages/task1_pkg-0.0.0-py3.10.egg-info' (and everything under it)
[0.514s] Copying ../../build/task1_pkg/task1_pkg.egg-info to /home/tejaswini/ros2_ws/install/task1_pkg/lib/python3.10/site-packages/task1_pkg-0.0.0-py3.10.egg-info
[0.515s] running install_scripts
[0.528s] writing list of installed files to '/home/tejaswini/ros2_ws/build/task1_pkg/install.log'
[0.542s] Invoked command in '/home/tejaswini/ros2_ws/src/task1_pkg' returned '0': PYTHONPATH=/home/tejaswini/ros2_ws/build/task1_pkg/prefix_override:/usr/lib/python3/dist-packages/colcon_core/task/python/colcon_distutils_commands:/home/tejaswini/ros2_ws/install/task1_pkg/lib/python3.10/site-packages:${PYTHONPATH} /usr/bin/python3 -W ignore:setup.py install is deprecated -W ignore:easy_install command is deprecated setup.py egg_info --egg-base ../../build/task1_pkg build --build-base /home/tejaswini/ros2_ws/build/task1_pkg/build install --record /home/tejaswini/ros2_ws/build/task1_pkg/install.log --single-version-externally-managed install_data
