[0.828s] Invoking command in '/home/tejaswini/ros2_ws/build/pose_broadcaster': AMENT_PREFIX_PATH=/home/tejaswini/ros2_ws/install/controller_manager:/home/tejaswini/ros2_ws/install/hardware_interface_testing:/home/tejaswini/ros2_ws/install/controller_interface:/home/tejaswini/ros2_ws/install/hardware_interface:/home/tejaswini/ros2_ws/install/ros2_control_test_assets:/home/tejaswini/ros2_ws/install/realtime_tools:/home/tejaswini/ros2_ws/install/controller_manager_msgs:/home/tejaswini/ros2_ws/install/control_msgs:${AMENT_PREFIX_PATH} CMAKE_PREFIX_PATH=/home/tejaswini/ros2_ws/install/controller_manager:/home/tejaswini/ros2_ws/install/hardware_interface_testing:/home/tejaswini/ros2_ws/install/controller_interface:/home/tejaswini/ros2_ws/install/hardware_interface:/home/tejaswini/ros2_ws/install/ros2_control_test_assets:/home/tejaswini/ros2_ws/install/realtime_tools:/home/tejaswini/ros2_ws/install/controller_manager_msgs:/home/tejaswini/ros2_ws/install/control_msgs:/home/tejaswini/ros2_ws/install/task1_pkg:/opt/ros/humble LD_LIBRARY_PATH=/home/tejaswini/ros2_ws/install/controller_manager/lib:/home/tejaswini/ros2_ws/install/hardware_interface_testing/lib:/home/tejaswini/ros2_ws/install/controller_interface/lib:/home/tejaswini/ros2_ws/install/hardware_interface/lib:/home/tejaswini/ros2_ws/install/realtime_tools/lib:/home/tejaswini/ros2_ws/install/controller_manager_msgs/lib:/home/tejaswini/ros2_ws/install/control_msgs/lib:/usr/lib/x86_64-linux-gnu/gazebo-11/plugins:/opt/ros/humble/opt/rviz_ogre_vendor/lib:/opt/ros/humble/lib/x86_64-linux-gnu:/opt/ros/humble/lib:/usr/lib/x86_64-linux-gnu/gazebo-11/plugins PYTHONPATH=/home/tejaswini/ros2_ws/install/controller_manager/local/lib/python3.10/dist-packages:/home/tejaswini/ros2_ws/install/controller_manager_msgs/local/lib/python3.10/dist-packages:/home/tejaswini/ros2_ws/install/control_msgs/local/lib/python3.10/dist-packages:${PYTHONPATH} /usr/bin/cmake /home/tejaswini/ros2_ws/src/ros-controls/ros2_controllers/pose_broadcaster -DAMENT_CMAKE_SYMLINK_INSTALL=1 -DCMAKE_INSTALL_PREFIX=/home/tejaswini/ros2_ws/install/pose_broadcaster
[5.441s] -- The CXX compiler identification is GNU 11.4.0
[5.442s] -- Detecting CXX compiler ABI info
[5.442s] -- Detecting CXX compiler ABI info - done
[5.442s] -- Check for working CXX compiler: /usr/bin/c++ - skipped
[5.442s] -- Detecting CXX compile features
[5.442s] -- Detecting CXX compile features - done
[5.442s] -- Found ament_cmake: 1.3.11 (/opt/ros/humble/share/ament_cmake/cmake)
[5.442s] -- Found Python3: /usr/bin/python3 (found version "3.10.12") found components: Interpreter 
[5.442s] -- Override CMake install command with custom implementation using symlinks instead of copying resources
[5.442s] -- Found controller_interface: 2.45.0 (/home/tejaswini/ros2_ws/install/controller_interface/share/controller_interface/cmake)
[5.443s] -- Found rosidl_generator_c: 3.1.6 (/opt/ros/humble/share/rosidl_generator_c/cmake)
[5.443s] -- Found rosidl_adapter: 3.1.6 (/opt/ros/humble/share/rosidl_adapter/cmake)
[5.443s] -- Found rosidl_generator_cpp: 3.1.6 (/opt/ros/humble/share/rosidl_generator_cpp/cmake)
[5.443s] -- Using all available rosidl_typesupport_c: rosidl_typesupport_fastrtps_c;rosidl_typesupport_introspection_c
[5.452s] -- Using all available rosidl_typesupport_cpp: rosidl_typesupport_fastrtps_cpp;rosidl_typesupport_introspection_cpp
[5.456s] -- Found rmw_implementation_cmake: 6.1.2 (/opt/ros/humble/share/rmw_implementation_cmake/cmake)
[5.456s] -- Found rmw_fastrtps_cpp: 6.2.7 (/opt/ros/humble/share/rmw_fastrtps_cpp/cmake)
[5.456s] -- Found TinyXML2 via Config file: TinyXML2_DIR-NOTFOUND
[5.456s] -- Found OpenSSL: /usr/lib/x86_64-linux-gnu/libcrypto.so (found version "3.0.2")  
[5.456s] -- Found TinyXML2 via Config file: TinyXML2_DIR-NOTFOUND
[5.457s] -- Found FastRTPS: /opt/ros/humble/include  
[5.457s] -- Found TinyXML2 via Config file: TinyXML2_DIR-NOTFOUND
[5.457s] -- Found TinyXML2 via Config file: TinyXML2_DIR-NOTFOUND
[5.457s] -- Using RMW implementation 'rmw_fastrtps_cpp' as default
[5.457s] -- Looking for C++ include pthread.h
[5.457s] -- Looking for C++ include pthread.h - found
[5.457s] -- Performing Test CMAKE_HAVE_LIBC_PTHREAD
[5.464s] -- Performing Test CMAKE_HAVE_LIBC_PTHREAD - Success
[5.465s] -- Found Threads: TRUE  
[5.465s] -- Found generate_parameter_library: 0.3.9 (/opt/ros/humble/share/generate_parameter_library/cmake)
[5.465s] -- Found parameter_traits: 0.3.9 (/opt/ros/humble/share/parameter_traits/cmake)
[5.465s] -- Found realtime_tools: 3.0.0 (/home/tejaswini/ros2_ws/install/realtime_tools/share/realtime_tools/cmake)
[5.465s] -- Found tf2_msgs: 0.25.9 (/opt/ros/humble/share/tf2_msgs/cmake)
[5.465s] -- Found ament_cmake_gmock: 1.3.11 (/opt/ros/humble/share/ament_cmake_gmock/cmake)
[5.466s] -- Found controller_manager: 2.45.0 (/home/tejaswini/ros2_ws/install/controller_manager/share/controller_manager/cmake)
[5.466s] -- Found ros2_control_test_assets: 2.45.0 (/home/tejaswini/ros2_ws/install/ros2_control_test_assets/share/ros2_control_test_assets/cmake)
[5.466s] -- Found gmock sources under '/opt/ros/humble/src/gmock_vendor': C++ tests using 'Google Mock' will be built
[5.466s] -- The C compiler identification is GNU 11.4.0
[5.466s] -- Detecting C compiler ABI info
[5.466s] -- Detecting C compiler ABI info - done
[5.466s] -- Check for working C compiler: /usr/bin/cc - skipped
[5.466s] -- Detecting C compile features
[5.466s] -- Detecting C compile features - done
[5.466s] -- Found ament_cmake_gtest: 1.3.11 (/opt/ros/humble/share/ament_cmake_gtest/cmake)
[5.466s] -- Found gtest sources under '/opt/ros/humble/src/gtest_vendor': C++ tests using 'Google Test' will be built
[5.467s] -- Configuring done
[5.467s] -- Generating done
[5.467s] -- Build files have been written to: /home/tejaswini/ros2_ws/build/pose_broadcaster
[5.531s] Invoked command in '/home/tejaswini/ros2_ws/build/pose_broadcaster' returned '0': AMENT_PREFIX_PATH=/home/tejaswini/ros2_ws/install/controller_manager:/home/tejaswini/ros2_ws/install/hardware_interface_testing:/home/tejaswini/ros2_ws/install/controller_interface:/home/tejaswini/ros2_ws/install/hardware_interface:/home/tejaswini/ros2_ws/install/ros2_control_test_assets:/home/tejaswini/ros2_ws/install/realtime_tools:/home/tejaswini/ros2_ws/install/controller_manager_msgs:/home/tejaswini/ros2_ws/install/control_msgs:${AMENT_PREFIX_PATH} CMAKE_PREFIX_PATH=/home/tejaswini/ros2_ws/install/controller_manager:/home/tejaswini/ros2_ws/install/hardware_interface_testing:/home/tejaswini/ros2_ws/install/controller_interface:/home/tejaswini/ros2_ws/install/hardware_interface:/home/tejaswini/ros2_ws/install/ros2_control_test_assets:/home/tejaswini/ros2_ws/install/realtime_tools:/home/tejaswini/ros2_ws/install/controller_manager_msgs:/home/tejaswini/ros2_ws/install/control_msgs:/home/tejaswini/ros2_ws/install/task1_pkg:/opt/ros/humble LD_LIBRARY_PATH=/home/tejaswini/ros2_ws/install/controller_manager/lib:/home/tejaswini/ros2_ws/install/hardware_interface_testing/lib:/home/tejaswini/ros2_ws/install/controller_interface/lib:/home/tejaswini/ros2_ws/install/hardware_interface/lib:/home/tejaswini/ros2_ws/install/realtime_tools/lib:/home/tejaswini/ros2_ws/install/controller_manager_msgs/lib:/home/tejaswini/ros2_ws/install/control_msgs/lib:/usr/lib/x86_64-linux-gnu/gazebo-11/plugins:/opt/ros/humble/opt/rviz_ogre_vendor/lib:/opt/ros/humble/lib/x86_64-linux-gnu:/opt/ros/humble/lib:/usr/lib/x86_64-linux-gnu/gazebo-11/plugins PYTHONPATH=/home/tejaswini/ros2_ws/install/controller_manager/local/lib/python3.10/dist-packages:/home/tejaswini/ros2_ws/install/controller_manager_msgs/local/lib/python3.10/dist-packages:/home/tejaswini/ros2_ws/install/control_msgs/local/lib/python3.10/dist-packages:${PYTHONPATH} /usr/bin/cmake /home/tejaswini/ros2_ws/src/ros-controls/ros2_controllers/pose_broadcaster -DAMENT_CMAKE_SYMLINK_INSTALL=1 -DCMAKE_INSTALL_PREFIX=/home/tejaswini/ros2_ws/install/pose_broadcaster
[5.534s] Invoking command in '/home/tejaswini/ros2_ws/build/pose_broadcaster': AMENT_PREFIX_PATH=/home/tejaswini/ros2_ws/install/controller_manager:/home/tejaswini/ros2_ws/install/hardware_interface_testing:/home/tejaswini/ros2_ws/install/controller_interface:/home/tejaswini/ros2_ws/install/hardware_interface:/home/tejaswini/ros2_ws/install/ros2_control_test_assets:/home/tejaswini/ros2_ws/install/realtime_tools:/home/tejaswini/ros2_ws/install/controller_manager_msgs:/home/tejaswini/ros2_ws/install/control_msgs:${AMENT_PREFIX_PATH} CMAKE_PREFIX_PATH=/home/tejaswini/ros2_ws/install/controller_manager:/home/tejaswini/ros2_ws/install/hardware_interface_testing:/home/tejaswini/ros2_ws/install/controller_interface:/home/tejaswini/ros2_ws/install/hardware_interface:/home/tejaswini/ros2_ws/install/ros2_control_test_assets:/home/tejaswini/ros2_ws/install/realtime_tools:/home/tejaswini/ros2_ws/install/controller_manager_msgs:/home/tejaswini/ros2_ws/install/control_msgs:/home/tejaswini/ros2_ws/install/task1_pkg:/opt/ros/humble LD_LIBRARY_PATH=/home/tejaswini/ros2_ws/install/controller_manager/lib:/home/tejaswini/ros2_ws/install/hardware_interface_testing/lib:/home/tejaswini/ros2_ws/install/controller_interface/lib:/home/tejaswini/ros2_ws/install/hardware_interface/lib:/home/tejaswini/ros2_ws/install/realtime_tools/lib:/home/tejaswini/ros2_ws/install/controller_manager_msgs/lib:/home/tejaswini/ros2_ws/install/control_msgs/lib:/usr/lib/x86_64-linux-gnu/gazebo-11/plugins:/opt/ros/humble/opt/rviz_ogre_vendor/lib:/opt/ros/humble/lib/x86_64-linux-gnu:/opt/ros/humble/lib:/usr/lib/x86_64-linux-gnu/gazebo-11/plugins PYTHONPATH=/home/tejaswini/ros2_ws/install/controller_manager/local/lib/python3.10/dist-packages:/home/tejaswini/ros2_ws/install/controller_manager_msgs/local/lib/python3.10/dist-packages:/home/tejaswini/ros2_ws/install/control_msgs/local/lib/python3.10/dist-packages:${PYTHONPATH} /usr/bin/cmake --build /home/tejaswini/ros2_ws/build/pose_broadcaster -- -j16 -l16
[8.659s] [  8%] [34m[1mRunning `/opt/ros/humble/bin/generate_parameter_library_cpp /home/tejaswini/ros2_ws/build/pose_broadcaster/pose_broadcaster_parameters/include//pose_broadcaster_parameters.hpp /home/tejaswini/ros2_ws/src/ros-controls/ros2_controllers/pose_broadcaster/src/pose_broadcaster_parameters.yaml `[0m
[8.660s] [ 16%] [32mBuilding CXX object gmock/CMakeFiles/gmock.dir/src/gmock-all.cc.o[0m
[8.661s] [ 25%] [32mBuilding CXX object gmock/CMakeFiles/gmock.dir/opt/ros/humble/src/gtest_vendor/src/gtest-all.cc.o[0m
[8.670s] [ 33%] [32mBuilding CXX object gmock/CMakeFiles/gmock_main.dir/src/gmock_main.cc.o[0m
[8.670s] [ 33%] Built target pose_broadcaster_parameters
[8.670s] [ 41%] [32mBuilding CXX object CMakeFiles/pose_broadcaster.dir/src/pose_broadcaster.cpp.o[0m
[9.350s] In file included from [01m[K/home/tejaswini/ros2_ws/src/ros-controls/ros2_controllers/pose_broadcaster/include/pose_broadcaster/pose_broadcaster.hpp:28[m[K,
[9.351s]                  from [01m[K/home/tejaswini/ros2_ws/src/ros-controls/ros2_controllers/pose_broadcaster/src/pose_broadcaster.cpp:14[m[K:
[9.352s] [01m[K/home/tejaswini/ros2_ws/src/ros-controls/realtime_tools/include/realtime_tools/realtime_publisher.h:25:2:[m[K [01;35m[Kwarning: [m[K#warning "This header include is deprecated. Please update your code to use 'realtime_publisher.hpp' header." [[01;35m[K]8;;https://gcc.gnu.org/onlinedocs/gcc/Warning-Options.html#index-Wcpp-Wcpp]8;;[m[K]
[9.352s]    25 | #[01;35m[Kwarning[m[K \
[9.360s]       |  [01;35m[K^~~~~~~[m[K
[19.546s] [ 50%] [32m[1mLinking CXX static library libgmock_main.a[0m
[19.854s] [ 50%] Built target gmock_main
[28.556s] [ 58%] [32m[1mLinking CXX static library libgmock.a[0m
[29.232s] [ 58%] Built target gmock
[41.765s] [ 66%] [32m[1mLinking CXX shared library libpose_broadcaster.so[0m
[42.725s] [ 66%] Built target pose_broadcaster
[42.801s] [ 75%] [32mBuilding CXX object CMakeFiles/test_load_pose_broadcaster.dir/test/test_load_pose_broadcaster.cpp.o[0m
[53.903s] [ 83%] [32m[1mLinking CXX executable test_load_pose_broadcaster[0m
[55.693s] [ 83%] Built target test_load_pose_broadcaster
[55.798s] [ 91%] [32mBuilding CXX object CMakeFiles/test_pose_broadcaster.dir/test/test_pose_broadcaster.cpp.o[0m
[56.335s] In file included from [01m[K/home/tejaswini/ros2_ws/src/ros-controls/ros2_controllers/pose_broadcaster/include/pose_broadcaster/pose_broadcaster.hpp:28[m[K,
[56.336s]                  from [01m[K/home/tejaswini/ros2_ws/src/ros-controls/ros2_controllers/pose_broadcaster/test/test_pose_broadcaster.hpp:25[m[K,
[56.337s]                  from [01m[K/home/tejaswini/ros2_ws/src/ros-controls/ros2_controllers/pose_broadcaster/test/test_pose_broadcaster.cpp:14[m[K:
[56.343s] [01m[K/home/tejaswini/ros2_ws/src/ros-controls/realtime_tools/include/realtime_tools/realtime_publisher.h:25:2:[m[K [01;35m[Kwarning: [m[K#warning "This header include is deprecated. Please update your code to use 'realtime_publisher.hpp' header." [[01;35m[K]8;;https://gcc.gnu.org/onlinedocs/gcc/Warning-Options.html#index-Wcpp-Wcpp]8;;[m[K]
[56.344s]    25 | #[01;35m[Kwarning[m[K \
[56.345s]       |  [01;35m[K^~~~~~~[m[K
[81.795s] [100%] [32m[1mLinking CXX executable test_pose_broadcaster[0m
[89.680s] [100%] Built target test_pose_broadcaster
[89.702s] Invoked command in '/home/tejaswini/ros2_ws/build/pose_broadcaster' returned '0': AMENT_PREFIX_PATH=/home/tejaswini/ros2_ws/install/controller_manager:/home/tejaswini/ros2_ws/install/hardware_interface_testing:/home/tejaswini/ros2_ws/install/controller_interface:/home/tejaswini/ros2_ws/install/hardware_interface:/home/tejaswini/ros2_ws/install/ros2_control_test_assets:/home/tejaswini/ros2_ws/install/realtime_tools:/home/tejaswini/ros2_ws/install/controller_manager_msgs:/home/tejaswini/ros2_ws/install/control_msgs:${AMENT_PREFIX_PATH} CMAKE_PREFIX_PATH=/home/tejaswini/ros2_ws/install/controller_manager:/home/tejaswini/ros2_ws/install/hardware_interface_testing:/home/tejaswini/ros2_ws/install/controller_interface:/home/tejaswini/ros2_ws/install/hardware_interface:/home/tejaswini/ros2_ws/install/ros2_control_test_assets:/home/tejaswini/ros2_ws/install/realtime_tools:/home/tejaswini/ros2_ws/install/controller_manager_msgs:/home/tejaswini/ros2_ws/install/control_msgs:/home/tejaswini/ros2_ws/install/task1_pkg:/opt/ros/humble LD_LIBRARY_PATH=/home/tejaswini/ros2_ws/install/controller_manager/lib:/home/tejaswini/ros2_ws/install/hardware_interface_testing/lib:/home/tejaswini/ros2_ws/install/controller_interface/lib:/home/tejaswini/ros2_ws/install/hardware_interface/lib:/home/tejaswini/ros2_ws/install/realtime_tools/lib:/home/tejaswini/ros2_ws/install/controller_manager_msgs/lib:/home/tejaswini/ros2_ws/install/control_msgs/lib:/usr/lib/x86_64-linux-gnu/gazebo-11/plugins:/opt/ros/humble/opt/rviz_ogre_vendor/lib:/opt/ros/humble/lib/x86_64-linux-gnu:/opt/ros/humble/lib:/usr/lib/x86_64-linux-gnu/gazebo-11/plugins PYTHONPATH=/home/tejaswini/ros2_ws/install/controller_manager/local/lib/python3.10/dist-packages:/home/tejaswini/ros2_ws/install/controller_manager_msgs/local/lib/python3.10/dist-packages:/home/tejaswini/ros2_ws/install/control_msgs/local/lib/python3.10/dist-packages:${PYTHONPATH} /usr/bin/cmake --build /home/tejaswini/ros2_ws/build/pose_broadcaster -- -j16 -l16
[89.703s] Invoking command in '/home/tejaswini/ros2_ws/build/pose_broadcaster': AMENT_PREFIX_PATH=/home/tejaswini/ros2_ws/install/controller_manager:/home/tejaswini/ros2_ws/install/hardware_interface_testing:/home/tejaswini/ros2_ws/install/controller_interface:/home/tejaswini/ros2_ws/install/hardware_interface:/home/tejaswini/ros2_ws/install/ros2_control_test_assets:/home/tejaswini/ros2_ws/install/realtime_tools:/home/tejaswini/ros2_ws/install/controller_manager_msgs:/home/tejaswini/ros2_ws/install/control_msgs:${AMENT_PREFIX_PATH} CMAKE_PREFIX_PATH=/home/tejaswini/ros2_ws/install/controller_manager:/home/tejaswini/ros2_ws/install/hardware_interface_testing:/home/tejaswini/ros2_ws/install/controller_interface:/home/tejaswini/ros2_ws/install/hardware_interface:/home/tejaswini/ros2_ws/install/ros2_control_test_assets:/home/tejaswini/ros2_ws/install/realtime_tools:/home/tejaswini/ros2_ws/install/controller_manager_msgs:/home/tejaswini/ros2_ws/install/control_msgs:/home/tejaswini/ros2_ws/install/task1_pkg:/opt/ros/humble LD_LIBRARY_PATH=/home/tejaswini/ros2_ws/install/controller_manager/lib:/home/tejaswini/ros2_ws/install/hardware_interface_testing/lib:/home/tejaswini/ros2_ws/install/controller_interface/lib:/home/tejaswini/ros2_ws/install/hardware_interface/lib:/home/tejaswini/ros2_ws/install/realtime_tools/lib:/home/tejaswini/ros2_ws/install/controller_manager_msgs/lib:/home/tejaswini/ros2_ws/install/control_msgs/lib:/usr/lib/x86_64-linux-gnu/gazebo-11/plugins:/opt/ros/humble/opt/rviz_ogre_vendor/lib:/opt/ros/humble/lib/x86_64-linux-gnu:/opt/ros/humble/lib:/usr/lib/x86_64-linux-gnu/gazebo-11/plugins PYTHONPATH=/home/tejaswini/ros2_ws/install/controller_manager/local/lib/python3.10/dist-packages:/home/tejaswini/ros2_ws/install/controller_manager_msgs/local/lib/python3.10/dist-packages:/home/tejaswini/ros2_ws/install/control_msgs/local/lib/python3.10/dist-packages:${PYTHONPATH} /usr/bin/cmake --install /home/tejaswini/ros2_ws/build/pose_broadcaster
[91.454s] -- Install configuration: ""
[91.455s] -- Execute custom install script
[91.457s] -- Symlinking: /home/tejaswini/ros2_ws/install/pose_broadcaster/include/pose_broadcaster_parameters/pose_broadcaster_parameters.hpp
[91.457s] -- Symlinking: /home/tejaswini/ros2_ws/install/pose_broadcaster/share/pose_broadcaster//pose_broadcaster.xml
[91.460s] -- Symlinking: /home/tejaswini/ros2_ws/install/pose_broadcaster/include/pose_broadcaster/pose_broadcaster/pose_broadcaster.hpp
[91.462s] -- Symlinking: /home/tejaswini/ros2_ws/install/pose_broadcaster/include/pose_broadcaster/pose_broadcaster/visibility_control.h
[91.464s] -- Symlinking: /home/tejaswini/ros2_ws/install/pose_broadcaster/share/pose_broadcaster/environment/library_path.sh
[91.467s] -- Symlinking: /home/tejaswini/ros2_ws/install/pose_broadcaster/share/pose_broadcaster/environment/library_path.dsv
[91.469s] -- Symlinking: /home/tejaswini/ros2_ws/install/pose_broadcaster/share/ament_index/resource_index/package_run_dependencies/pose_broadcaster
[91.471s] -- Symlinking: /home/tejaswini/ros2_ws/install/pose_broadcaster/share/ament_index/resource_index/parent_prefix_path/pose_broadcaster
[91.474s] -- Symlinking: /home/tejaswini/ros2_ws/install/pose_broadcaster/share/pose_broadcaster/environment/ament_prefix_path.sh
[91.476s] -- Symlinking: /home/tejaswini/ros2_ws/install/pose_broadcaster/share/pose_broadcaster/environment/ament_prefix_path.dsv
[91.477s] -- Symlinking: /home/tejaswini/ros2_ws/install/pose_broadcaster/share/pose_broadcaster/environment/path.sh
[91.486s] -- Symlinking: /home/tejaswini/ros2_ws/install/pose_broadcaster/share/pose_broadcaster/environment/path.dsv
[91.491s] -- Symlinking: /home/tejaswini/ros2_ws/install/pose_broadcaster/share/pose_broadcaster/local_setup.bash
[91.496s] -- Symlinking: /home/tejaswini/ros2_ws/install/pose_broadcaster/share/pose_broadcaster/local_setup.sh
[91.499s] -- Symlinking: /home/tejaswini/ros2_ws/install/pose_broadcaster/share/pose_broadcaster/local_setup.zsh
[91.500s] -- Symlinking: /home/tejaswini/ros2_ws/install/pose_broadcaster/share/pose_broadcaster/local_setup.dsv
[91.505s] -- Symlinking: /home/tejaswini/ros2_ws/install/pose_broadcaster/share/pose_broadcaster/package.dsv
[91.506s] -- Symlinking: /home/tejaswini/ros2_ws/install/pose_broadcaster/share/ament_index/resource_index/packages/pose_broadcaster
[91.507s] -- Symlinking: /home/tejaswini/ros2_ws/install/pose_broadcaster/share/ament_index/resource_index/controller_interface__pluginlib__plugin/pose_broadcaster
[91.509s] -- Symlinking: /home/tejaswini/ros2_ws/install/pose_broadcaster/share/pose_broadcaster/cmake/ament_cmake_export_targets-extras.cmake
[91.511s] -- Symlinking: /home/tejaswini/ros2_ws/install/pose_broadcaster/share/pose_broadcaster/cmake/ament_cmake_export_dependencies-extras.cmake
[91.515s] -- Symlinking: /home/tejaswini/ros2_ws/install/pose_broadcaster/share/pose_broadcaster/cmake/pose_broadcasterConfig.cmake
[91.517s] -- Symlinking: /home/tejaswini/ros2_ws/install/pose_broadcaster/share/pose_broadcaster/cmake/pose_broadcasterConfig-version.cmake
[91.518s] -- Symlinking: /home/tejaswini/ros2_ws/install/pose_broadcaster/share/pose_broadcaster/package.xml
[91.520s] -- Installing: /home/tejaswini/ros2_ws/install/pose_broadcaster/lib/libpose_broadcaster.so
[91.522s] -- Set runtime path of "/home/tejaswini/ros2_ws/install/pose_broadcaster/lib/libpose_broadcaster.so" to ""
[91.526s] -- Installing: /home/tejaswini/ros2_ws/install/pose_broadcaster/share/pose_broadcaster/cmake/export_pose_broadcasterExport.cmake
[91.529s] -- Installing: /home/tejaswini/ros2_ws/install/pose_broadcaster/share/pose_broadcaster/cmake/export_pose_broadcasterExport-noconfig.cmake
[91.709s] Invoked command in '/home/tejaswini/ros2_ws/build/pose_broadcaster' returned '0': AMENT_PREFIX_PATH=/home/tejaswini/ros2_ws/install/controller_manager:/home/tejaswini/ros2_ws/install/hardware_interface_testing:/home/tejaswini/ros2_ws/install/controller_interface:/home/tejaswini/ros2_ws/install/hardware_interface:/home/tejaswini/ros2_ws/install/ros2_control_test_assets:/home/tejaswini/ros2_ws/install/realtime_tools:/home/tejaswini/ros2_ws/install/controller_manager_msgs:/home/tejaswini/ros2_ws/install/control_msgs:${AMENT_PREFIX_PATH} CMAKE_PREFIX_PATH=/home/tejaswini/ros2_ws/install/controller_manager:/home/tejaswini/ros2_ws/install/hardware_interface_testing:/home/tejaswini/ros2_ws/install/controller_interface:/home/tejaswini/ros2_ws/install/hardware_interface:/home/tejaswini/ros2_ws/install/ros2_control_test_assets:/home/tejaswini/ros2_ws/install/realtime_tools:/home/tejaswini/ros2_ws/install/controller_manager_msgs:/home/tejaswini/ros2_ws/install/control_msgs:/home/tejaswini/ros2_ws/install/task1_pkg:/opt/ros/humble LD_LIBRARY_PATH=/home/tejaswini/ros2_ws/install/controller_manager/lib:/home/tejaswini/ros2_ws/install/hardware_interface_testing/lib:/home/tejaswini/ros2_ws/install/controller_interface/lib:/home/tejaswini/ros2_ws/install/hardware_interface/lib:/home/tejaswini/ros2_ws/install/realtime_tools/lib:/home/tejaswini/ros2_ws/install/controller_manager_msgs/lib:/home/tejaswini/ros2_ws/install/control_msgs/lib:/usr/lib/x86_64-linux-gnu/gazebo-11/plugins:/opt/ros/humble/opt/rviz_ogre_vendor/lib:/opt/ros/humble/lib/x86_64-linux-gnu:/opt/ros/humble/lib:/usr/lib/x86_64-linux-gnu/gazebo-11/plugins PYTHONPATH=/home/tejaswini/ros2_ws/install/controller_manager/local/lib/python3.10/dist-packages:/home/tejaswini/ros2_ws/install/controller_manager_msgs/local/lib/python3.10/dist-packages:/home/tejaswini/ros2_ws/install/control_msgs/local/lib/python3.10/dist-packages:${PYTHONPATH} /usr/bin/cmake --install /home/tejaswini/ros2_ws/build/pose_broadcaster
