[0.176s] Invoking command in '/home/tejaswini/ros2_ws/build/ign_ros2_control_demos': AMENT_PREFIX_PATH=/home/tejaswini/ros2_ws/install/velocity_controllers:/home/tejaswini/ros2_ws/install/effort_controllers:/home/tejaswini/ros2_ws/install/ackermann_steering_controller:/home/tejaswini/ros2_ws/install/tricycle_controller:/home/tejaswini/ros2_ws/install/steering_controllers_library:/home/tejaswini/ros2_ws/install/ros2controlcli:/home/tejaswini/ros2_ws/install/joint_trajectory_controller:/home/tejaswini/ros2_ws/install/joint_state_broadcaster:/home/tejaswini/ros2_ws/install/imu_sensor_broadcaster:/home/tejaswini/ros2_ws/install/ign_ros2_control:/home/tejaswini/ros2_ws/install/forward_command_controller:/home/tejaswini/ros2_ws/install/diff_drive_controller:/home/tejaswini/ros2_ws/install/controller_manager:/home/tejaswini/ros2_ws/install/hardware_interface_testing:/home/tejaswini/ros2_ws/install/controller_interface:/home/tejaswini/ros2_ws/install/hardware_interface:/home/tejaswini/ros2_ws/install/control_toolbox:/home/tejaswini/ros2_ws/install/ros2_control_test_assets:/home/tejaswini/ros2_ws/install/realtime_tools:/home/tejaswini/ros2_ws/install/controller_manager_msgs:/home/tejaswini/ros2_ws/install/control_msgs:${AMENT_PREFIX_PATH} CMAKE_PREFIX_PATH=/home/tejaswini/ros2_ws/install/velocity_controllers:/home/tejaswini/ros2_ws/install/effort_controllers:/home/tejaswini/ros2_ws/install/ackermann_steering_controller:/home/tejaswini/ros2_ws/install/tricycle_controller:/home/tejaswini/ros2_ws/install/steering_controllers_library:/home/tejaswini/ros2_ws/install/joint_trajectory_controller:/home/tejaswini/ros2_ws/install/joint_state_broadcaster:/home/tejaswini/ros2_ws/install/imu_sensor_broadcaster:/home/tejaswini/ros2_ws/install/ign_ros2_control:/home/tejaswini/ros2_ws/install/forward_command_controller:/home/tejaswini/ros2_ws/install/diff_drive_controller:/home/tejaswini/ros2_ws/install/controller_manager:/home/tejaswini/ros2_ws/install/hardware_interface_testing:/home/tejaswini/ros2_ws/install/controller_interface:/home/tejaswini/ros2_ws/install/hardware_interface:/home/tejaswini/ros2_ws/install/control_toolbox:/home/tejaswini/ros2_ws/install/ros2_control_test_assets:/home/tejaswini/ros2_ws/install/realtime_tools:/home/tejaswini/ros2_ws/install/controller_manager_msgs:/home/tejaswini/ros2_ws/install/control_msgs:/home/tejaswini/ros2_ws/install/task1_pkg:/opt/ros/humble LD_LIBRARY_PATH=/home/tejaswini/ros2_ws/install/velocity_controllers/lib:/home/tejaswini/ros2_ws/install/effort_controllers/lib:/home/tejaswini/ros2_ws/install/ackermann_steering_controller/lib:/home/tejaswini/ros2_ws/install/tricycle_controller/lib:/home/tejaswini/ros2_ws/install/steering_controllers_library/lib:/home/tejaswini/ros2_ws/install/joint_trajectory_controller/lib:/home/tejaswini/ros2_ws/install/joint_state_broadcaster/lib:/home/tejaswini/ros2_ws/install/imu_sensor_broadcaster/lib:/home/tejaswini/ros2_ws/install/ign_ros2_control/lib:/home/tejaswini/ros2_ws/install/forward_command_controller/lib:/home/tejaswini/ros2_ws/install/diff_drive_controller/lib:/home/tejaswini/ros2_ws/install/controller_manager/lib:/home/tejaswini/ros2_ws/install/hardware_interface_testing/lib:/home/tejaswini/ros2_ws/install/controller_interface/lib:/home/tejaswini/ros2_ws/install/hardware_interface/lib:/home/tejaswini/ros2_ws/install/control_toolbox/lib:/home/tejaswini/ros2_ws/install/realtime_tools/lib:/home/tejaswini/ros2_ws/install/controller_manager_msgs/lib:/home/tejaswini/ros2_ws/install/control_msgs/lib:/usr/lib/x86_64-linux-gnu/gazebo-11/plugins:/opt/ros/humble/opt/rviz_ogre_vendor/lib:/opt/ros/humble/lib/x86_64-linux-gnu:/opt/ros/humble/lib:/usr/lib/x86_64-linux-gnu/gazebo-11/plugins PYTHONPATH=/home/tejaswini/ros2_ws/build/ros2controlcli:/home/tejaswini/ros2_ws/install/ros2controlcli/lib/python3.10/site-packages:/home/tejaswini/ros2_ws/install/controller_manager/local/lib/python3.10/dist-packages:/home/tejaswini/ros2_ws/install/controller_manager_msgs/local/lib/python3.10/dist-packages:/home/tejaswini/ros2_ws/install/control_msgs/local/lib/python3.10/dist-packages:${PYTHONPATH} /usr/bin/cmake /home/tejaswini/ros2_ws/src/ros-controls/gz_ros2_control/ign_ros2_control_demos -DAMENT_CMAKE_SYMLINK_INSTALL=1 -DCMAKE_INSTALL_PREFIX=/home/tejaswini/ros2_ws/install/ign_ros2_control_demos
[0.285s] -- The C compiler identification is GNU 11.4.0
[0.416s] -- The CXX compiler identification is GNU 11.4.0
[0.436s] -- Detecting C compiler ABI info
[0.589s] -- Detecting C compiler ABI info - done
[0.598s] -- Check for working C compiler: /usr/bin/cc - skipped
[0.599s] -- Detecting C compile features
[0.600s] -- Detecting C compile features - done
[0.602s] -- Detecting CXX compiler ABI info
[0.788s] -- Detecting CXX compiler ABI info - done
[0.797s] -- Check for working CXX compiler: /usr/bin/c++ - skipped
[0.798s] -- Detecting CXX compile features
[0.799s] -- Detecting CXX compile features - done
[0.801s] -- Found ament_cmake: 1.3.11 (/opt/ros/humble/share/ament_cmake/cmake)
[1.072s] -- Found Python3: /usr/bin/python3 (found version "3.10.12") found components: Interpreter 
[1.181s] -- Override CMake install command with custom implementation using symlinks instead of copying resources
[1.243s] -- Found control_msgs: 4.7.0 (/home/tejaswini/ros2_ws/install/control_msgs/share/control_msgs/cmake)
[1.296s] -- Found rosidl_generator_c: 3.1.6 (/opt/ros/humble/share/rosidl_generator_c/cmake)
[1.304s] -- Found rosidl_adapter: 3.1.6 (/opt/ros/humble/share/rosidl_adapter/cmake)
[1.316s] -- Found rosidl_generator_cpp: 3.1.6 (/opt/ros/humble/share/rosidl_generator_cpp/cmake)
[1.332s] -- Using all available rosidl_typesupport_c: rosidl_typesupport_fastrtps_c;rosidl_typesupport_introspection_c
[1.355s] -- Using all available rosidl_typesupport_cpp: rosidl_typesupport_fastrtps_cpp;rosidl_typesupport_introspection_cpp
[1.503s] -- Found rclcpp: 16.0.11 (/opt/ros/humble/share/rclcpp/cmake)
[1.557s] -- Found rmw_implementation_cmake: 6.1.2 (/opt/ros/humble/share/rmw_implementation_cmake/cmake)
[1.562s] -- Found rmw_fastrtps_cpp: 6.2.7 (/opt/ros/humble/share/rmw_fastrtps_cpp/cmake)
[1.777s] -- Found OpenSSL: /usr/lib/x86_64-linux-gnu/libcrypto.so (found version "3.0.2")  
[1.820s] -- Found FastRTPS: /opt/ros/humble/include  
[1.885s] -- Using RMW implementation 'rmw_fastrtps_cpp' as default
[1.897s] -- Looking for pthread.h
[2.055s] -- Looking for pthread.h - found
[2.055s] -- Performing Test CMAKE_HAVE_LIBC_PTHREAD
[2.208s] -- Performing Test CMAKE_HAVE_LIBC_PTHREAD - Success
[2.209s] -- Found Threads: TRUE  
[2.258s] -- Found rclcpp_action: 16.0.11 (/opt/ros/humble/share/rclcpp_action/cmake)
[2.286s] -- Found ament_cmake_gtest: 1.3.11 (/opt/ros/humble/share/ament_cmake_gtest/cmake)
[2.289s] -- Found ament_lint_auto: 0.12.11 (/opt/ros/humble/share/ament_lint_auto/cmake)
[2.423s] -- Added test 'copyright' to check source files copyright and LICENSE
[2.425s] -- Added test 'cppcheck' to perform static code analysis on C / C++ code
[2.425s] -- Configured cppcheck include dirs: 
[2.426s] -- Configured cppcheck exclude dirs and/or files: 
[2.427s] -- Added test 'cpplint' to check C / C++ code against the Google style
[2.429s] -- Configured cpplint exclude dirs and/or files: 
[2.430s] -- Added test 'flake8' to check Python code syntax and style conventions
[2.430s] -- Added test 'lint_cmake' to check CMake code style
[2.431s] -- Added test 'pep257' to check Python code against some of the docstring style conventions in PEP 257
[2.432s] -- Added test 'uncrustify' to check C / C++ code style
[2.433s] -- Configured uncrustify additional arguments: 
[2.433s] -- Added test 'xmllint' to check XML markup files
[2.434s] -- Configuring done
[2.461s] -- Generating done
[2.473s] -- Build files have been written to: /home/tejaswini/ros2_ws/build/ign_ros2_control_demos
[2.489s] Invoked command in '/home/tejaswini/ros2_ws/build/ign_ros2_control_demos' returned '0': AMENT_PREFIX_PATH=/home/tejaswini/ros2_ws/install/velocity_controllers:/home/tejaswini/ros2_ws/install/effort_controllers:/home/tejaswini/ros2_ws/install/ackermann_steering_controller:/home/tejaswini/ros2_ws/install/tricycle_controller:/home/tejaswini/ros2_ws/install/steering_controllers_library:/home/tejaswini/ros2_ws/install/ros2controlcli:/home/tejaswini/ros2_ws/install/joint_trajectory_controller:/home/tejaswini/ros2_ws/install/joint_state_broadcaster:/home/tejaswini/ros2_ws/install/imu_sensor_broadcaster:/home/tejaswini/ros2_ws/install/ign_ros2_control:/home/tejaswini/ros2_ws/install/forward_command_controller:/home/tejaswini/ros2_ws/install/diff_drive_controller:/home/tejaswini/ros2_ws/install/controller_manager:/home/tejaswini/ros2_ws/install/hardware_interface_testing:/home/tejaswini/ros2_ws/install/controller_interface:/home/tejaswini/ros2_ws/install/hardware_interface:/home/tejaswini/ros2_ws/install/control_toolbox:/home/tejaswini/ros2_ws/install/ros2_control_test_assets:/home/tejaswini/ros2_ws/install/realtime_tools:/home/tejaswini/ros2_ws/install/controller_manager_msgs:/home/tejaswini/ros2_ws/install/control_msgs:${AMENT_PREFIX_PATH} CMAKE_PREFIX_PATH=/home/tejaswini/ros2_ws/install/velocity_controllers:/home/tejaswini/ros2_ws/install/effort_controllers:/home/tejaswini/ros2_ws/install/ackermann_steering_controller:/home/tejaswini/ros2_ws/install/tricycle_controller:/home/tejaswini/ros2_ws/install/steering_controllers_library:/home/tejaswini/ros2_ws/install/joint_trajectory_controller:/home/tejaswini/ros2_ws/install/joint_state_broadcaster:/home/tejaswini/ros2_ws/install/imu_sensor_broadcaster:/home/tejaswini/ros2_ws/install/ign_ros2_control:/home/tejaswini/ros2_ws/install/forward_command_controller:/home/tejaswini/ros2_ws/install/diff_drive_controller:/home/tejaswini/ros2_ws/install/controller_manager:/home/tejaswini/ros2_ws/install/hardware_interface_testing:/home/tejaswini/ros2_ws/install/controller_interface:/home/tejaswini/ros2_ws/install/hardware_interface:/home/tejaswini/ros2_ws/install/control_toolbox:/home/tejaswini/ros2_ws/install/ros2_control_test_assets:/home/tejaswini/ros2_ws/install/realtime_tools:/home/tejaswini/ros2_ws/install/controller_manager_msgs:/home/tejaswini/ros2_ws/install/control_msgs:/home/tejaswini/ros2_ws/install/task1_pkg:/opt/ros/humble LD_LIBRARY_PATH=/home/tejaswini/ros2_ws/install/velocity_controllers/lib:/home/tejaswini/ros2_ws/install/effort_controllers/lib:/home/tejaswini/ros2_ws/install/ackermann_steering_controller/lib:/home/tejaswini/ros2_ws/install/tricycle_controller/lib:/home/tejaswini/ros2_ws/install/steering_controllers_library/lib:/home/tejaswini/ros2_ws/install/joint_trajectory_controller/lib:/home/tejaswini/ros2_ws/install/joint_state_broadcaster/lib:/home/tejaswini/ros2_ws/install/imu_sensor_broadcaster/lib:/home/tejaswini/ros2_ws/install/ign_ros2_control/lib:/home/tejaswini/ros2_ws/install/forward_command_controller/lib:/home/tejaswini/ros2_ws/install/diff_drive_controller/lib:/home/tejaswini/ros2_ws/install/controller_manager/lib:/home/tejaswini/ros2_ws/install/hardware_interface_testing/lib:/home/tejaswini/ros2_ws/install/controller_interface/lib:/home/tejaswini/ros2_ws/install/hardware_interface/lib:/home/tejaswini/ros2_ws/install/control_toolbox/lib:/home/tejaswini/ros2_ws/install/realtime_tools/lib:/home/tejaswini/ros2_ws/install/controller_manager_msgs/lib:/home/tejaswini/ros2_ws/install/control_msgs/lib:/usr/lib/x86_64-linux-gnu/gazebo-11/plugins:/opt/ros/humble/opt/rviz_ogre_vendor/lib:/opt/ros/humble/lib/x86_64-linux-gnu:/opt/ros/humble/lib:/usr/lib/x86_64-linux-gnu/gazebo-11/plugins PYTHONPATH=/home/tejaswini/ros2_ws/build/ros2controlcli:/home/tejaswini/ros2_ws/install/ros2controlcli/lib/python3.10/site-packages:/home/tejaswini/ros2_ws/install/controller_manager/local/lib/python3.10/dist-packages:/home/tejaswini/ros2_ws/install/controller_manager_msgs/local/lib/python3.10/dist-packages:/home/tejaswini/ros2_ws/install/control_msgs/local/lib/python3.10/dist-packages:${PYTHONPATH} /usr/bin/cmake /home/tejaswini/ros2_ws/src/ros-controls/gz_ros2_control/ign_ros2_control_demos -DAMENT_CMAKE_SYMLINK_INSTALL=1 -DCMAKE_INSTALL_PREFIX=/home/tejaswini/ros2_ws/install/ign_ros2_control_demos
[2.493s] Invoking command in '/home/tejaswini/ros2_ws/build/ign_ros2_control_demos': AMENT_PREFIX_PATH=/home/tejaswini/ros2_ws/install/velocity_controllers:/home/tejaswini/ros2_ws/install/effort_controllers:/home/tejaswini/ros2_ws/install/ackermann_steering_controller:/home/tejaswini/ros2_ws/install/tricycle_controller:/home/tejaswini/ros2_ws/install/steering_controllers_library:/home/tejaswini/ros2_ws/install/ros2controlcli:/home/tejaswini/ros2_ws/install/joint_trajectory_controller:/home/tejaswini/ros2_ws/install/joint_state_broadcaster:/home/tejaswini/ros2_ws/install/imu_sensor_broadcaster:/home/tejaswini/ros2_ws/install/ign_ros2_control:/home/tejaswini/ros2_ws/install/forward_command_controller:/home/tejaswini/ros2_ws/install/diff_drive_controller:/home/tejaswini/ros2_ws/install/controller_manager:/home/tejaswini/ros2_ws/install/hardware_interface_testing:/home/tejaswini/ros2_ws/install/controller_interface:/home/tejaswini/ros2_ws/install/hardware_interface:/home/tejaswini/ros2_ws/install/control_toolbox:/home/tejaswini/ros2_ws/install/ros2_control_test_assets:/home/tejaswini/ros2_ws/install/realtime_tools:/home/tejaswini/ros2_ws/install/controller_manager_msgs:/home/tejaswini/ros2_ws/install/control_msgs:${AMENT_PREFIX_PATH} CMAKE_PREFIX_PATH=/home/tejaswini/ros2_ws/install/velocity_controllers:/home/tejaswini/ros2_ws/install/effort_controllers:/home/tejaswini/ros2_ws/install/ackermann_steering_controller:/home/tejaswini/ros2_ws/install/tricycle_controller:/home/tejaswini/ros2_ws/install/steering_controllers_library:/home/tejaswini/ros2_ws/install/joint_trajectory_controller:/home/tejaswini/ros2_ws/install/joint_state_broadcaster:/home/tejaswini/ros2_ws/install/imu_sensor_broadcaster:/home/tejaswini/ros2_ws/install/ign_ros2_control:/home/tejaswini/ros2_ws/install/forward_command_controller:/home/tejaswini/ros2_ws/install/diff_drive_controller:/home/tejaswini/ros2_ws/install/controller_manager:/home/tejaswini/ros2_ws/install/hardware_interface_testing:/home/tejaswini/ros2_ws/install/controller_interface:/home/tejaswini/ros2_ws/install/hardware_interface:/home/tejaswini/ros2_ws/install/control_toolbox:/home/tejaswini/ros2_ws/install/ros2_control_test_assets:/home/tejaswini/ros2_ws/install/realtime_tools:/home/tejaswini/ros2_ws/install/controller_manager_msgs:/home/tejaswini/ros2_ws/install/control_msgs:/home/tejaswini/ros2_ws/install/task1_pkg:/opt/ros/humble LD_LIBRARY_PATH=/home/tejaswini/ros2_ws/install/velocity_controllers/lib:/home/tejaswini/ros2_ws/install/effort_controllers/lib:/home/tejaswini/ros2_ws/install/ackermann_steering_controller/lib:/home/tejaswini/ros2_ws/install/tricycle_controller/lib:/home/tejaswini/ros2_ws/install/steering_controllers_library/lib:/home/tejaswini/ros2_ws/install/joint_trajectory_controller/lib:/home/tejaswini/ros2_ws/install/joint_state_broadcaster/lib:/home/tejaswini/ros2_ws/install/imu_sensor_broadcaster/lib:/home/tejaswini/ros2_ws/install/ign_ros2_control/lib:/home/tejaswini/ros2_ws/install/forward_command_controller/lib:/home/tejaswini/ros2_ws/install/diff_drive_controller/lib:/home/tejaswini/ros2_ws/install/controller_manager/lib:/home/tejaswini/ros2_ws/install/hardware_interface_testing/lib:/home/tejaswini/ros2_ws/install/controller_interface/lib:/home/tejaswini/ros2_ws/install/hardware_interface/lib:/home/tejaswini/ros2_ws/install/control_toolbox/lib:/home/tejaswini/ros2_ws/install/realtime_tools/lib:/home/tejaswini/ros2_ws/install/controller_manager_msgs/lib:/home/tejaswini/ros2_ws/install/control_msgs/lib:/usr/lib/x86_64-linux-gnu/gazebo-11/plugins:/opt/ros/humble/opt/rviz_ogre_vendor/lib:/opt/ros/humble/lib/x86_64-linux-gnu:/opt/ros/humble/lib:/usr/lib/x86_64-linux-gnu/gazebo-11/plugins PYTHONPATH=/home/tejaswini/ros2_ws/build/ros2controlcli:/home/tejaswini/ros2_ws/install/ros2controlcli/lib/python3.10/site-packages:/home/tejaswini/ros2_ws/install/controller_manager/local/lib/python3.10/dist-packages:/home/tejaswini/ros2_ws/install/controller_manager_msgs/local/lib/python3.10/dist-packages:/home/tejaswini/ros2_ws/install/control_msgs/local/lib/python3.10/dist-packages:${PYTHONPATH} /usr/bin/cmake --build /home/tejaswini/ros2_ws/build/ign_ros2_control_demos -- -j16 -l16
[2.618s] [  7%] [32mBuilding CXX object CMakeFiles/example_ackermann_drive.dir/examples/example_ackermann_drive.cpp.o[0m
[2.624s] [ 14%] [32mBuilding CXX object CMakeFiles/example_gripper.dir/examples/example_gripper.cpp.o[0m
[2.628s] [ 21%] [32mBuilding CXX object CMakeFiles/example_tricycle_drive.dir/examples/example_tricycle_drive.cpp.o[0m
[2.680s] [ 28%] [32mBuilding CXX object CMakeFiles/example_velocity.dir/examples/example_velocity.cpp.o[0m
[2.687s] [ 35%] [32mBuilding CXX object CMakeFiles/example_effort.dir/examples/example_effort.cpp.o[0m
[2.706s] [ 42%] [32mBuilding CXX object CMakeFiles/example_diff_drive.dir/examples/example_diff_drive.cpp.o[0m
[2.743s] [ 50%] [32mBuilding CXX object CMakeFiles/example_position.dir/examples/example_position.cpp.o[0m
[12.897s] [ 57%] [32m[1mLinking CXX executable example_gripper[0m
[13.353s] [ 57%] Built target example_gripper
[14.629s] [ 64%] [32m[1mLinking CXX executable example_diff_drive[0m
[15.292s] [ 71%] [32m[1mLinking CXX executable example_effort[0m
[15.309s] [ 78%] [32m[1mLinking CXX executable example_velocity[0m
[15.374s] [ 78%] Built target example_diff_drive
[15.539s] [ 78%] Built target example_effort
[15.776s] [ 85%] [32m[1mLinking CXX executable example_ackermann_drive[0m
[16.623s] [ 85%] Built target example_velocity
[16.927s] [ 92%] [32m[1mLinking CXX executable example_tricycle_drive[0m
[17.098s] [ 92%] Built target example_ackermann_drive
[17.304s] [ 92%] Built target example_tricycle_drive
[18.440s] [100%] [32m[1mLinking CXX executable example_position[0m
[19.147s] [100%] Built target example_position
[19.186s] Invoked command in '/home/tejaswini/ros2_ws/build/ign_ros2_control_demos' returned '0': AMENT_PREFIX_PATH=/home/tejaswini/ros2_ws/install/velocity_controllers:/home/tejaswini/ros2_ws/install/effort_controllers:/home/tejaswini/ros2_ws/install/ackermann_steering_controller:/home/tejaswini/ros2_ws/install/tricycle_controller:/home/tejaswini/ros2_ws/install/steering_controllers_library:/home/tejaswini/ros2_ws/install/ros2controlcli:/home/tejaswini/ros2_ws/install/joint_trajectory_controller:/home/tejaswini/ros2_ws/install/joint_state_broadcaster:/home/tejaswini/ros2_ws/install/imu_sensor_broadcaster:/home/tejaswini/ros2_ws/install/ign_ros2_control:/home/tejaswini/ros2_ws/install/forward_command_controller:/home/tejaswini/ros2_ws/install/diff_drive_controller:/home/tejaswini/ros2_ws/install/controller_manager:/home/tejaswini/ros2_ws/install/hardware_interface_testing:/home/tejaswini/ros2_ws/install/controller_interface:/home/tejaswini/ros2_ws/install/hardware_interface:/home/tejaswini/ros2_ws/install/control_toolbox:/home/tejaswini/ros2_ws/install/ros2_control_test_assets:/home/tejaswini/ros2_ws/install/realtime_tools:/home/tejaswini/ros2_ws/install/controller_manager_msgs:/home/tejaswini/ros2_ws/install/control_msgs:${AMENT_PREFIX_PATH} CMAKE_PREFIX_PATH=/home/tejaswini/ros2_ws/install/velocity_controllers:/home/tejaswini/ros2_ws/install/effort_controllers:/home/tejaswini/ros2_ws/install/ackermann_steering_controller:/home/tejaswini/ros2_ws/install/tricycle_controller:/home/tejaswini/ros2_ws/install/steering_controllers_library:/home/tejaswini/ros2_ws/install/joint_trajectory_controller:/home/tejaswini/ros2_ws/install/joint_state_broadcaster:/home/tejaswini/ros2_ws/install/imu_sensor_broadcaster:/home/tejaswini/ros2_ws/install/ign_ros2_control:/home/tejaswini/ros2_ws/install/forward_command_controller:/home/tejaswini/ros2_ws/install/diff_drive_controller:/home/tejaswini/ros2_ws/install/controller_manager:/home/tejaswini/ros2_ws/install/hardware_interface_testing:/home/tejaswini/ros2_ws/install/controller_interface:/home/tejaswini/ros2_ws/install/hardware_interface:/home/tejaswini/ros2_ws/install/control_toolbox:/home/tejaswini/ros2_ws/install/ros2_control_test_assets:/home/tejaswini/ros2_ws/install/realtime_tools:/home/tejaswini/ros2_ws/install/controller_manager_msgs:/home/tejaswini/ros2_ws/install/control_msgs:/home/tejaswini/ros2_ws/install/task1_pkg:/opt/ros/humble LD_LIBRARY_PATH=/home/tejaswini/ros2_ws/install/velocity_controllers/lib:/home/tejaswini/ros2_ws/install/effort_controllers/lib:/home/tejaswini/ros2_ws/install/ackermann_steering_controller/lib:/home/tejaswini/ros2_ws/install/tricycle_controller/lib:/home/tejaswini/ros2_ws/install/steering_controllers_library/lib:/home/tejaswini/ros2_ws/install/joint_trajectory_controller/lib:/home/tejaswini/ros2_ws/install/joint_state_broadcaster/lib:/home/tejaswini/ros2_ws/install/imu_sensor_broadcaster/lib:/home/tejaswini/ros2_ws/install/ign_ros2_control/lib:/home/tejaswini/ros2_ws/install/forward_command_controller/lib:/home/tejaswini/ros2_ws/install/diff_drive_controller/lib:/home/tejaswini/ros2_ws/install/controller_manager/lib:/home/tejaswini/ros2_ws/install/hardware_interface_testing/lib:/home/tejaswini/ros2_ws/install/controller_interface/lib:/home/tejaswini/ros2_ws/install/hardware_interface/lib:/home/tejaswini/ros2_ws/install/control_toolbox/lib:/home/tejaswini/ros2_ws/install/realtime_tools/lib:/home/tejaswini/ros2_ws/install/controller_manager_msgs/lib:/home/tejaswini/ros2_ws/install/control_msgs/lib:/usr/lib/x86_64-linux-gnu/gazebo-11/plugins:/opt/ros/humble/opt/rviz_ogre_vendor/lib:/opt/ros/humble/lib/x86_64-linux-gnu:/opt/ros/humble/lib:/usr/lib/x86_64-linux-gnu/gazebo-11/plugins PYTHONPATH=/home/tejaswini/ros2_ws/build/ros2controlcli:/home/tejaswini/ros2_ws/install/ros2controlcli/lib/python3.10/site-packages:/home/tejaswini/ros2_ws/install/controller_manager/local/lib/python3.10/dist-packages:/home/tejaswini/ros2_ws/install/controller_manager_msgs/local/lib/python3.10/dist-packages:/home/tejaswini/ros2_ws/install/control_msgs/local/lib/python3.10/dist-packages:${PYTHONPATH} /usr/bin/cmake --build /home/tejaswini/ros2_ws/build/ign_ros2_control_demos -- -j16 -l16
[19.193s] Invoking command in '/home/tejaswini/ros2_ws/build/ign_ros2_control_demos': AMENT_PREFIX_PATH=/home/tejaswini/ros2_ws/install/velocity_controllers:/home/tejaswini/ros2_ws/install/effort_controllers:/home/tejaswini/ros2_ws/install/ackermann_steering_controller:/home/tejaswini/ros2_ws/install/tricycle_controller:/home/tejaswini/ros2_ws/install/steering_controllers_library:/home/tejaswini/ros2_ws/install/ros2controlcli:/home/tejaswini/ros2_ws/install/joint_trajectory_controller:/home/tejaswini/ros2_ws/install/joint_state_broadcaster:/home/tejaswini/ros2_ws/install/imu_sensor_broadcaster:/home/tejaswini/ros2_ws/install/ign_ros2_control:/home/tejaswini/ros2_ws/install/forward_command_controller:/home/tejaswini/ros2_ws/install/diff_drive_controller:/home/tejaswini/ros2_ws/install/controller_manager:/home/tejaswini/ros2_ws/install/hardware_interface_testing:/home/tejaswini/ros2_ws/install/controller_interface:/home/tejaswini/ros2_ws/install/hardware_interface:/home/tejaswini/ros2_ws/install/control_toolbox:/home/tejaswini/ros2_ws/install/ros2_control_test_assets:/home/tejaswini/ros2_ws/install/realtime_tools:/home/tejaswini/ros2_ws/install/controller_manager_msgs:/home/tejaswini/ros2_ws/install/control_msgs:${AMENT_PREFIX_PATH} CMAKE_PREFIX_PATH=/home/tejaswini/ros2_ws/install/velocity_controllers:/home/tejaswini/ros2_ws/install/effort_controllers:/home/tejaswini/ros2_ws/install/ackermann_steering_controller:/home/tejaswini/ros2_ws/install/tricycle_controller:/home/tejaswini/ros2_ws/install/steering_controllers_library:/home/tejaswini/ros2_ws/install/joint_trajectory_controller:/home/tejaswini/ros2_ws/install/joint_state_broadcaster:/home/tejaswini/ros2_ws/install/imu_sensor_broadcaster:/home/tejaswini/ros2_ws/install/ign_ros2_control:/home/tejaswini/ros2_ws/install/forward_command_controller:/home/tejaswini/ros2_ws/install/diff_drive_controller:/home/tejaswini/ros2_ws/install/controller_manager:/home/tejaswini/ros2_ws/install/hardware_interface_testing:/home/tejaswini/ros2_ws/install/controller_interface:/home/tejaswini/ros2_ws/install/hardware_interface:/home/tejaswini/ros2_ws/install/control_toolbox:/home/tejaswini/ros2_ws/install/ros2_control_test_assets:/home/tejaswini/ros2_ws/install/realtime_tools:/home/tejaswini/ros2_ws/install/controller_manager_msgs:/home/tejaswini/ros2_ws/install/control_msgs:/home/tejaswini/ros2_ws/install/task1_pkg:/opt/ros/humble LD_LIBRARY_PATH=/home/tejaswini/ros2_ws/install/velocity_controllers/lib:/home/tejaswini/ros2_ws/install/effort_controllers/lib:/home/tejaswini/ros2_ws/install/ackermann_steering_controller/lib:/home/tejaswini/ros2_ws/install/tricycle_controller/lib:/home/tejaswini/ros2_ws/install/steering_controllers_library/lib:/home/tejaswini/ros2_ws/install/joint_trajectory_controller/lib:/home/tejaswini/ros2_ws/install/joint_state_broadcaster/lib:/home/tejaswini/ros2_ws/install/imu_sensor_broadcaster/lib:/home/tejaswini/ros2_ws/install/ign_ros2_control/lib:/home/tejaswini/ros2_ws/install/forward_command_controller/lib:/home/tejaswini/ros2_ws/install/diff_drive_controller/lib:/home/tejaswini/ros2_ws/install/controller_manager/lib:/home/tejaswini/ros2_ws/install/hardware_interface_testing/lib:/home/tejaswini/ros2_ws/install/controller_interface/lib:/home/tejaswini/ros2_ws/install/hardware_interface/lib:/home/tejaswini/ros2_ws/install/control_toolbox/lib:/home/tejaswini/ros2_ws/install/realtime_tools/lib:/home/tejaswini/ros2_ws/install/controller_manager_msgs/lib:/home/tejaswini/ros2_ws/install/control_msgs/lib:/usr/lib/x86_64-linux-gnu/gazebo-11/plugins:/opt/ros/humble/opt/rviz_ogre_vendor/lib:/opt/ros/humble/lib/x86_64-linux-gnu:/opt/ros/humble/lib:/usr/lib/x86_64-linux-gnu/gazebo-11/plugins PYTHONPATH=/home/tejaswini/ros2_ws/build/ros2controlcli:/home/tejaswini/ros2_ws/install/ros2controlcli/lib/python3.10/site-packages:/home/tejaswini/ros2_ws/install/controller_manager/local/lib/python3.10/dist-packages:/home/tejaswini/ros2_ws/install/controller_manager_msgs/local/lib/python3.10/dist-packages:/home/tejaswini/ros2_ws/install/control_msgs/local/lib/python3.10/dist-packages:${PYTHONPATH} /usr/bin/cmake --install /home/tejaswini/ros2_ws/build/ign_ros2_control_demos
[19.199s] -- Install configuration: ""
[19.199s] -- Execute custom install script
[19.200s] -- Symlinking: /home/tejaswini/ros2_ws/install/ign_ros2_control_demos/share/ign_ros2_control_demos//launch/ackermann_drive_example.launch.py
[19.213s] -- Symlinking: /home/tejaswini/ros2_ws/install/ign_ros2_control_demos/share/ign_ros2_control_demos//launch/cart_example_effort.launch.py
[19.230s] -- Symlinking: /home/tejaswini/ros2_ws/install/ign_ros2_control_demos/share/ign_ros2_control_demos//launch/cart_example_position.launch.py
[19.246s] -- Symlinking: /home/tejaswini/ros2_ws/install/ign_ros2_control_demos/share/ign_ros2_control_demos//launch/cart_example_velocity.launch.py
[19.274s] -- Symlinking: /home/tejaswini/ros2_ws/install/ign_ros2_control_demos/share/ign_ros2_control_demos//launch/diff_drive_example.launch.py
[19.292s] -- Symlinking: /home/tejaswini/ros2_ws/install/ign_ros2_control_demos/share/ign_ros2_control_demos//launch/gripper_mimic_joint_example.launch.py
[19.308s] -- Symlinking: /home/tejaswini/ros2_ws/install/ign_ros2_control_demos/share/ign_ros2_control_demos//launch/pendulum_example_effort.launch.py
[19.325s] -- Symlinking: /home/tejaswini/ros2_ws/install/ign_ros2_control_demos/share/ign_ros2_control_demos//launch/pendulum_example_position.launch.py
[19.348s] -- Symlinking: /home/tejaswini/ros2_ws/install/ign_ros2_control_demos/share/ign_ros2_control_demos//launch/tricycle_drive_example.launch.py
[19.390s] -- Symlinking: /home/tejaswini/ros2_ws/install/ign_ros2_control_demos/share/ign_ros2_control_demos//config/ackermann_drive_controller.yaml
[19.405s] -- Symlinking: /home/tejaswini/ros2_ws/install/ign_ros2_control_demos/share/ign_ros2_control_demos//config/cart_controller_effort.yaml
[19.426s] -- Symlinking: /home/tejaswini/ros2_ws/install/ign_ros2_control_demos/share/ign_ros2_control_demos//config/cart_controller_position.yaml
[19.458s] -- Symlinking: /home/tejaswini/ros2_ws/install/ign_ros2_control_demos/share/ign_ros2_control_demos//config/cart_controller_velocity.yaml
[19.472s] -- Symlinking: /home/tejaswini/ros2_ws/install/ign_ros2_control_demos/share/ign_ros2_control_demos//config/diff_drive_controller_velocity.yaml
[19.490s] -- Symlinking: /home/tejaswini/ros2_ws/install/ign_ros2_control_demos/share/ign_ros2_control_demos//config/gripper_controller.yaml
[19.511s] -- Symlinking: /home/tejaswini/ros2_ws/install/ign_ros2_control_demos/share/ign_ros2_control_demos//config/tricycle_drive_controller.yaml
[19.527s] -- Symlinking: /home/tejaswini/ros2_ws/install/ign_ros2_control_demos/share/ign_ros2_control_demos//urdf/test_ackermann_drive.xacro.urdf
[19.541s] -- Symlinking: /home/tejaswini/ros2_ws/install/ign_ros2_control_demos/share/ign_ros2_control_demos//urdf/test_cart_effort.xacro.urdf
[19.552s] -- Symlinking: /home/tejaswini/ros2_ws/install/ign_ros2_control_demos/share/ign_ros2_control_demos//urdf/test_cart_position.xacro.urdf
[19.564s] -- Symlinking: /home/tejaswini/ros2_ws/install/ign_ros2_control_demos/share/ign_ros2_control_demos//urdf/test_cart_velocity.xacro.urdf
[19.599s] -- Symlinking: /home/tejaswini/ros2_ws/install/ign_ros2_control_demos/share/ign_ros2_control_demos//urdf/test_diff_drive.xacro.urdf
[19.614s] -- Symlinking: /home/tejaswini/ros2_ws/install/ign_ros2_control_demos/share/ign_ros2_control_demos//urdf/test_gripper_mimic_joint.xacro.urdf
[19.675s] -- Symlinking: /home/tejaswini/ros2_ws/install/ign_ros2_control_demos/share/ign_ros2_control_demos//urdf/test_pendulum_effort.xacro.urdf
[19.708s] -- Symlinking: /home/tejaswini/ros2_ws/install/ign_ros2_control_demos/share/ign_ros2_control_demos//urdf/test_pendulum_position.xacro.urdf
[19.726s] -- Symlinking: /home/tejaswini/ros2_ws/install/ign_ros2_control_demos/share/ign_ros2_control_demos//urdf/test_tricycle_drive.xacro.urdf
[19.791s] -- Symlinking: /home/tejaswini/ros2_ws/install/ign_ros2_control_demos/lib/ign_ros2_control_demos/example_position
[19.809s] -- Symlinking: /home/tejaswini/ros2_ws/install/ign_ros2_control_demos/lib/ign_ros2_control_demos/example_velocity
[19.826s] -- Symlinking: /home/tejaswini/ros2_ws/install/ign_ros2_control_demos/lib/ign_ros2_control_demos/example_effort
[19.842s] -- Symlinking: /home/tejaswini/ros2_ws/install/ign_ros2_control_demos/lib/ign_ros2_control_demos/example_diff_drive
[19.858s] -- Symlinking: /home/tejaswini/ros2_ws/install/ign_ros2_control_demos/lib/ign_ros2_control_demos/example_tricycle_drive
[19.870s] -- Symlinking: /home/tejaswini/ros2_ws/install/ign_ros2_control_demos/lib/ign_ros2_control_demos/example_ackermann_drive
[19.932s] -- Symlinking: /home/tejaswini/ros2_ws/install/ign_ros2_control_demos/lib/ign_ros2_control_demos/example_gripper
[19.956s] -- Symlinking: /home/tejaswini/ros2_ws/install/ign_ros2_control_demos/share/ament_index/resource_index/package_run_dependencies/ign_ros2_control_demos
[19.980s] -- Symlinking: /home/tejaswini/ros2_ws/install/ign_ros2_control_demos/share/ament_index/resource_index/parent_prefix_path/ign_ros2_control_demos
[20.028s] -- Symlinking: /home/tejaswini/ros2_ws/install/ign_ros2_control_demos/share/ign_ros2_control_demos/environment/ament_prefix_path.sh
[20.049s] -- Symlinking: /home/tejaswini/ros2_ws/install/ign_ros2_control_demos/share/ign_ros2_control_demos/environment/ament_prefix_path.dsv
[20.067s] -- Symlinking: /home/tejaswini/ros2_ws/install/ign_ros2_control_demos/share/ign_ros2_control_demos/environment/path.sh
[20.086s] -- Symlinking: /home/tejaswini/ros2_ws/install/ign_ros2_control_demos/share/ign_ros2_control_demos/environment/path.dsv
[20.103s] -- Symlinking: /home/tejaswini/ros2_ws/install/ign_ros2_control_demos/share/ign_ros2_control_demos/local_setup.bash
[20.120s] -- Symlinking: /home/tejaswini/ros2_ws/install/ign_ros2_control_demos/share/ign_ros2_control_demos/local_setup.sh
[20.166s] -- Symlinking: /home/tejaswini/ros2_ws/install/ign_ros2_control_demos/share/ign_ros2_control_demos/local_setup.zsh
[20.187s] -- Symlinking: /home/tejaswini/ros2_ws/install/ign_ros2_control_demos/share/ign_ros2_control_demos/local_setup.dsv
[20.211s] -- Symlinking: /home/tejaswini/ros2_ws/install/ign_ros2_control_demos/share/ign_ros2_control_demos/package.dsv
[20.225s] -- Symlinking: /home/tejaswini/ros2_ws/install/ign_ros2_control_demos/share/ament_index/resource_index/packages/ign_ros2_control_demos
[20.251s] -- Symlinking: /home/tejaswini/ros2_ws/install/ign_ros2_control_demos/share/ign_ros2_control_demos/cmake/ign_ros2_control_demosConfig.cmake
[20.269s] -- Symlinking: /home/tejaswini/ros2_ws/install/ign_ros2_control_demos/share/ign_ros2_control_demos/cmake/ign_ros2_control_demosConfig-version.cmake
[20.297s] -- Symlinking: /home/tejaswini/ros2_ws/install/ign_ros2_control_demos/share/ign_ros2_control_demos/package.xml
[20.351s] Invoked command in '/home/tejaswini/ros2_ws/build/ign_ros2_control_demos' returned '0': AMENT_PREFIX_PATH=/home/tejaswini/ros2_ws/install/velocity_controllers:/home/tejaswini/ros2_ws/install/effort_controllers:/home/tejaswini/ros2_ws/install/ackermann_steering_controller:/home/tejaswini/ros2_ws/install/tricycle_controller:/home/tejaswini/ros2_ws/install/steering_controllers_library:/home/tejaswini/ros2_ws/install/ros2controlcli:/home/tejaswini/ros2_ws/install/joint_trajectory_controller:/home/tejaswini/ros2_ws/install/joint_state_broadcaster:/home/tejaswini/ros2_ws/install/imu_sensor_broadcaster:/home/tejaswini/ros2_ws/install/ign_ros2_control:/home/tejaswini/ros2_ws/install/forward_command_controller:/home/tejaswini/ros2_ws/install/diff_drive_controller:/home/tejaswini/ros2_ws/install/controller_manager:/home/tejaswini/ros2_ws/install/hardware_interface_testing:/home/tejaswini/ros2_ws/install/controller_interface:/home/tejaswini/ros2_ws/install/hardware_interface:/home/tejaswini/ros2_ws/install/control_toolbox:/home/tejaswini/ros2_ws/install/ros2_control_test_assets:/home/tejaswini/ros2_ws/install/realtime_tools:/home/tejaswini/ros2_ws/install/controller_manager_msgs:/home/tejaswini/ros2_ws/install/control_msgs:${AMENT_PREFIX_PATH} CMAKE_PREFIX_PATH=/home/tejaswini/ros2_ws/install/velocity_controllers:/home/tejaswini/ros2_ws/install/effort_controllers:/home/tejaswini/ros2_ws/install/ackermann_steering_controller:/home/tejaswini/ros2_ws/install/tricycle_controller:/home/tejaswini/ros2_ws/install/steering_controllers_library:/home/tejaswini/ros2_ws/install/joint_trajectory_controller:/home/tejaswini/ros2_ws/install/joint_state_broadcaster:/home/tejaswini/ros2_ws/install/imu_sensor_broadcaster:/home/tejaswini/ros2_ws/install/ign_ros2_control:/home/tejaswini/ros2_ws/install/forward_command_controller:/home/tejaswini/ros2_ws/install/diff_drive_controller:/home/tejaswini/ros2_ws/install/controller_manager:/home/tejaswini/ros2_ws/install/hardware_interface_testing:/home/tejaswini/ros2_ws/install/controller_interface:/home/tejaswini/ros2_ws/install/hardware_interface:/home/tejaswini/ros2_ws/install/control_toolbox:/home/tejaswini/ros2_ws/install/ros2_control_test_assets:/home/tejaswini/ros2_ws/install/realtime_tools:/home/tejaswini/ros2_ws/install/controller_manager_msgs:/home/tejaswini/ros2_ws/install/control_msgs:/home/tejaswini/ros2_ws/install/task1_pkg:/opt/ros/humble LD_LIBRARY_PATH=/home/tejaswini/ros2_ws/install/velocity_controllers/lib:/home/tejaswini/ros2_ws/install/effort_controllers/lib:/home/tejaswini/ros2_ws/install/ackermann_steering_controller/lib:/home/tejaswini/ros2_ws/install/tricycle_controller/lib:/home/tejaswini/ros2_ws/install/steering_controllers_library/lib:/home/tejaswini/ros2_ws/install/joint_trajectory_controller/lib:/home/tejaswini/ros2_ws/install/joint_state_broadcaster/lib:/home/tejaswini/ros2_ws/install/imu_sensor_broadcaster/lib:/home/tejaswini/ros2_ws/install/ign_ros2_control/lib:/home/tejaswini/ros2_ws/install/forward_command_controller/lib:/home/tejaswini/ros2_ws/install/diff_drive_controller/lib:/home/tejaswini/ros2_ws/install/controller_manager/lib:/home/tejaswini/ros2_ws/install/hardware_interface_testing/lib:/home/tejaswini/ros2_ws/install/controller_interface/lib:/home/tejaswini/ros2_ws/install/hardware_interface/lib:/home/tejaswini/ros2_ws/install/control_toolbox/lib:/home/tejaswini/ros2_ws/install/realtime_tools/lib:/home/tejaswini/ros2_ws/install/controller_manager_msgs/lib:/home/tejaswini/ros2_ws/install/control_msgs/lib:/usr/lib/x86_64-linux-gnu/gazebo-11/plugins:/opt/ros/humble/opt/rviz_ogre_vendor/lib:/opt/ros/humble/lib/x86_64-linux-gnu:/opt/ros/humble/lib:/usr/lib/x86_64-linux-gnu/gazebo-11/plugins PYTHONPATH=/home/tejaswini/ros2_ws/build/ros2controlcli:/home/tejaswini/ros2_ws/install/ros2controlcli/lib/python3.10/site-packages:/home/tejaswini/ros2_ws/install/controller_manager/local/lib/python3.10/dist-packages:/home/tejaswini/ros2_ws/install/controller_manager_msgs/local/lib/python3.10/dist-packages:/home/tejaswini/ros2_ws/install/control_msgs/local/lib/python3.10/dist-packages:${PYTHONPATH} /usr/bin/cmake --install /home/tejaswini/ros2_ws/build/ign_ros2_control_demos
