[0.870s] Invoking command in '/home/tejaswini/ros2_ws/build/ign_ros2_control': AMENT_PREFIX_PATH=/home/tejaswini/ros2_ws/install/controller_manager:/home/tejaswini/ros2_ws/install/hardware_interface_testing:/home/tejaswini/ros2_ws/install/controller_interface:/home/tejaswini/ros2_ws/install/hardware_interface:/home/tejaswini/ros2_ws/install/ros2_control_test_assets:/home/tejaswini/ros2_ws/install/realtime_tools:/home/tejaswini/ros2_ws/install/controller_manager_msgs:/home/tejaswini/ros2_ws/install/control_msgs:${AMENT_PREFIX_PATH} CMAKE_PREFIX_PATH=/home/tejaswini/ros2_ws/install/controller_manager:/home/tejaswini/ros2_ws/install/hardware_interface_testing:/home/tejaswini/ros2_ws/install/controller_interface:/home/tejaswini/ros2_ws/install/hardware_interface:/home/tejaswini/ros2_ws/install/ros2_control_test_assets:/home/tejaswini/ros2_ws/install/realtime_tools:/home/tejaswini/ros2_ws/install/controller_manager_msgs:/home/tejaswini/ros2_ws/install/control_msgs:/home/tejaswini/ros2_ws/install/task1_pkg:/opt/ros/humble LD_LIBRARY_PATH=/home/tejaswini/ros2_ws/install/controller_manager/lib:/home/tejaswini/ros2_ws/install/hardware_interface_testing/lib:/home/tejaswini/ros2_ws/install/controller_interface/lib:/home/tejaswini/ros2_ws/install/hardware_interface/lib:/home/tejaswini/ros2_ws/install/realtime_tools/lib:/home/tejaswini/ros2_ws/install/controller_manager_msgs/lib:/home/tejaswini/ros2_ws/install/control_msgs/lib:/usr/lib/x86_64-linux-gnu/gazebo-11/plugins:/opt/ros/humble/opt/rviz_ogre_vendor/lib:/opt/ros/humble/lib/x86_64-linux-gnu:/opt/ros/humble/lib:/usr/lib/x86_64-linux-gnu/gazebo-11/plugins PYTHONPATH=/home/tejaswini/ros2_ws/install/controller_manager/local/lib/python3.10/dist-packages:/home/tejaswini/ros2_ws/install/controller_manager_msgs/local/lib/python3.10/dist-packages:/home/tejaswini/ros2_ws/install/control_msgs/local/lib/python3.10/dist-packages:${PYTHONPATH} /usr/bin/cmake /home/tejaswini/ros2_ws/src/ros-controls/gz_ros2_control/ign_ros2_control -DAMENT_CMAKE_SYMLINK_INSTALL=1 -DCMAKE_INSTALL_PREFIX=/home/tejaswini/ros2_ws/install/ign_ros2_control
[1.066s] -- The C compiler identification is GNU 11.4.0
[1.290s] -- The CXX compiler identification is GNU 11.4.0
[1.304s] -- Detecting C compiler ABI info
[1.512s] -- Detecting C compiler ABI info - done
[1.526s] -- Check for working C compiler: /usr/bin/cc - skipped
[1.527s] -- Detecting C compile features
[1.528s] -- Detecting C compile features - done
[1.534s] -- Detecting CXX compiler ABI info
[1.656s] -- Detecting CXX compiler ABI info - done
[1.672s] -- Check for working CXX compiler: /usr/bin/c++ - skipped
[1.672s] -- Detecting CXX compile features
[1.673s] -- Detecting CXX compile features - done
[1.681s] -- Found ament_cmake: 1.3.11 (/opt/ros/humble/share/ament_cmake/cmake)
[1.949s] -- Found Python3: /usr/bin/python3 (found version "3.10.12") found components: Interpreter 
[2.058s] -- Override CMake install command with custom implementation using symlinks instead of copying resources
[2.114s] -- Found ament_index_cpp: 1.4.0 (/opt/ros/humble/share/ament_index_cpp/cmake)
[2.116s] -- Found controller_manager: 2.45.0 (/home/tejaswini/ros2_ws/install/controller_manager/share/controller_manager/cmake)
[2.200s] -- Found rosidl_generator_c: 3.1.6 (/opt/ros/humble/share/rosidl_generator_c/cmake)
[2.210s] -- Found rosidl_adapter: 3.1.6 (/opt/ros/humble/share/rosidl_adapter/cmake)
[2.227s] -- Found rosidl_generator_cpp: 3.1.6 (/opt/ros/humble/share/rosidl_generator_cpp/cmake)
[2.252s] -- Using all available rosidl_typesupport_c: rosidl_typesupport_fastrtps_c;rosidl_typesupport_introspection_c
[2.283s] -- Using all available rosidl_typesupport_cpp: rosidl_typesupport_fastrtps_cpp;rosidl_typesupport_introspection_cpp
[2.668s] -- Found rmw_implementation_cmake: 6.1.2 (/opt/ros/humble/share/rmw_implementation_cmake/cmake)
[2.673s] -- Found rmw_fastrtps_cpp: 6.2.7 (/opt/ros/humble/share/rmw_fastrtps_cpp/cmake)
[2.723s] -- Found TinyXML2 via Config file: TinyXML2_DIR-NOTFOUND
[2.816s] -- Found OpenSSL: /usr/lib/x86_64-linux-gnu/libcrypto.so (found version "3.0.2")  
[2.822s] -- Found TinyXML2 via Config file: TinyXML2_DIR-NOTFOUND
[2.850s] -- Found FastRTPS: /opt/ros/humble/include  
[2.861s] -- Found TinyXML2 via Config file: TinyXML2_DIR-NOTFOUND
[2.870s] -- Found TinyXML2 via Config file: TinyXML2_DIR-NOTFOUND
[2.887s] -- Using RMW implementation 'rmw_fastrtps_cpp' as default
[2.906s] -- Looking for pthread.h
[3.033s] -- Looking for pthread.h - found
[3.033s] -- Performing Test CMAKE_HAVE_LIBC_PTHREAD
[3.256s] -- Performing Test CMAKE_HAVE_LIBC_PTHREAD - Success
[3.259s] -- Found Threads: TRUE  
[3.426s] -- Found yaml_cpp_vendor: 8.0.2 (/opt/ros/humble/share/yaml_cpp_vendor/cmake)
[3.436s] -- Looking for ignition-gazebo6 -- found version 6.16.0
[3.473s] -- Searching for dependencies of ignition-gazebo6
[3.473s] -- Looking for sdformat12 -- found version 12.7.2
[3.476s] -- Searching for dependencies of sdformat12
[3.506s] -- Checking for module 'tinyxml2'
[3.534s] --   Found tinyxml2, version 9.0.0
[3.596s] -- Looking for ignition-math6 -- found version 6.15.1
[3.597s] -- Searching for dependencies of ignition-math6
[3.604s] -- Looking for ignition-utils1 -- found version 1.5.1
[3.604s] -- Searching for dependencies of ignition-utils1
[3.609s] -- Looking for ignition-plugin1 -- found version 1.4.0
[3.609s] -- Searching for dependencies of ignition-plugin1
[3.610s] -- Searching for <ignition-plugin1> component [loader]
[3.614s] -- Looking for ignition-plugin1-loader -- found version 1.4.0
[3.615s] -- Searching for dependencies of ignition-plugin1-loader
[3.615s] -- Searching for <ignition-plugin1> component [register]
[3.618s] -- Looking for ignition-plugin1-register -- found version 1.4.0
[3.621s] -- Searching for dependencies of ignition-plugin1-register
[3.624s] -- Looking for ignition-transport11 -- found version 11.4.1
[3.624s] -- Searching for dependencies of ignition-transport11
[3.697s] -- Found Protobuf: /usr/lib/x86_64-linux-gnu/libprotobuf.so (found version "3.12.4") 
[3.711s] -- Config-file not installed for ZeroMQ -- checking for pkg-config
[3.717s] -- Checking for module 'libzmq >= 4'
[3.750s] --   Found libzmq , version 4.3.4
[3.815s] -- Found ZeroMQ: TRUE (Required is at least version "4") 
[3.834s] -- Checking for module 'uuid'
[3.869s] --   Found uuid, version 2.37.2
[3.944s] -- Found UUID: TRUE  
[3.945s] -- Looking for ignition-utils1 -- found version 1.5.1
[3.946s] -- Searching for dependencies of ignition-utils1
[3.946s] -- Searching for <ignition-utils1> component [cli]
[3.950s] -- Looking for ignition-utils1-cli -- found version 1.5.1
[3.950s] -- Searching for dependencies of ignition-utils1-cli
[3.960s] -- Looking for ignition-msgs8 -- found version 8.7.0
[3.960s] -- Searching for dependencies of ignition-msgs8
[3.980s] -- Found Protobuf: /usr/lib/x86_64-linux-gnu/libprotobuf.so (found suitable version "3.12.4", minimum required is "3") 
[3.983s] -- Looking for ignition-math6 -- found version 6.15.1
[3.999s] -- Searching for <ignition-transport11> component [log]
[4.001s] -- Looking for ignition-transport11-log -- found version 11.4.1
[4.003s] -- Searching for dependencies of ignition-transport11-log
[4.004s] -- Searching for <ignition-transport11> component [parameters]
[4.008s] -- Looking for ignition-transport11-parameters -- found version 11.4.1
[4.008s] -- Searching for dependencies of ignition-transport11-parameters
[4.009s] -- Looking for ignition-msgs8 -- found version 8.7.0
[4.020s] -- Looking for ignition-common4 -- found version 4.7.0
[4.025s] -- Searching for dependencies of ignition-common4
[4.029s] -- Looking for dlfcn.h - found
[4.034s] -- Looking for libdl - found
[4.045s] -- Found DL: TRUE  
[4.060s] -- Searching for <ignition-common4> component [profiler]
[4.065s] -- Looking for ignition-common4-profiler -- found version 4.7.0
[4.065s] -- Searching for dependencies of ignition-common4-profiler
[4.066s] -- Searching for <ignition-common4> component [events]
[4.070s] -- Looking for ignition-common4-events -- found version 4.7.0
[4.071s] -- Searching for dependencies of ignition-common4-events
[4.072s] -- Looking for ignition-math6 -- found version 6.15.1
[4.072s] -- Searching for <ignition-common4> component [av]
[4.077s] -- Looking for ignition-common4-av -- found version 4.7.0
[4.078s] -- Searching for dependencies of ignition-common4-av
[4.088s] -- Checking for module 'libswscale'
[4.110s] --   Found libswscale, version 5.9.100
[4.165s] -- Found SWSCALE: TRUE  
[4.178s] -- Checking for module 'libavdevice >= 56.4.100'
[4.200s] --   Found libavdevice , version 58.13.100
[4.260s] -- Found AVDEVICE: TRUE (Required is at least version "56.4.100") 
[4.269s] -- Checking for module 'libavformat'
[4.291s] --   Found libavformat, version 58.76.100
[4.356s] -- Found AVFORMAT: TRUE  
[4.362s] -- Checking for module 'libavcodec'
[4.384s] --   Found libavcodec, version 58.134.100
[4.454s] -- Found AVCODEC: TRUE  
[4.460s] -- Checking for module 'libavutil'
[4.490s] --   Found libavutil, version 56.70.100
[4.547s] -- Found AVUTIL: TRUE  
[4.551s] -- Looking for ignition-fuel_tools7 -- found version 7.3.0
[4.553s] -- Searching for dependencies of ignition-fuel_tools7
[4.698s] -- Found CURL: /usr/lib/x86_64-linux-gnu/libcurl.so (found version "7.81.0")  
[4.711s] -- Checking for module 'jsoncpp'
[4.740s] --   Found jsoncpp, version 1.9.5
[4.851s] -- Found JSONCPP: TRUE  
[4.873s] -- Checking for module 'libzip'
[5.005s] --   Found libzip, version 1.7.3
[5.252s] -- Found ZIP: TRUE  
[5.254s] -- Looking for ignition-common4 -- found version 4.7.0
[5.255s] -- Looking for ignition-math6 -- found version 6.15.1
[5.256s] -- Looking for ignition-msgs8 -- found version 8.7.0
[5.266s] -- Looking for ignition-gui6 -- found version 6.8.0
[5.320s] -- Searching for dependencies of ignition-gui6
[5.356s] -- Looking for ignition-math6 -- found version 6.15.1
[5.357s] -- Looking for ignition-common4 -- found version 4.7.0
[5.357s] -- Looking for ignition-plugin1 -- found version 1.4.0
[5.360s] -- Looking for ignition-transport11 -- found version 11.4.1
[5.364s] -- Looking for ignition-rendering6 -- found version 6.6.3
[5.370s] -- Searching for dependencies of ignition-rendering6
[5.370s] -- Looking for ignition-math6 -- found version 6.15.1
[5.371s] -- Searching for dependencies of ignition-math6
[5.371s] -- Searching for <ignition-math6> component [eigen3]
[5.372s] -- Looking for ignition-math6-eigen3 -- found version 6.15.1
[5.373s] -- Searching for dependencies of ignition-math6-eigen3
[5.396s] -- Looking for ignition-common4 -- found version 4.7.0
[5.396s] -- Searching for dependencies of ignition-common4
[5.396s] -- Looking for dlfcn.h - found
[5.396s] -- Looking for libdl - found
[5.444s] -- Searching for <ignition-common4> component [graphics]
[5.457s] -- Looking for ignition-common4-graphics -- found version 4.7.0
[5.457s] -- Searching for dependencies of ignition-common4-graphics
[5.457s] -- Looking for ignition-math6 -- found version 6.15.1
[5.461s] -- Looking for ignition-utils1 -- found version 1.5.1
[5.463s] -- Searching for <ignition-common4> component [events]
[5.464s] -- Looking for ignition-plugin1 -- found version 1.4.0
[5.472s] -- Searching for dependencies of ignition-plugin1
[5.472s] -- Searching for <ignition-plugin1> component [all]
[5.477s] -- Looking for all libraries of ignition-plugin1 -- found version 1.4.0
[5.478s] -- Looking for ignition-plugin1 -- found version 1.4.0
[5.490s] -- Looking for ignition-msgs8 -- found version 8.7.0
[5.625s] -- Looking for ignition-physics5 -- found version 5.3.2
[5.626s] -- Searching for dependencies of ignition-physics5
[5.626s] -- Looking for ignition-math6 -- found version 6.15.1
[5.627s] -- Looking for ignition-plugin1 -- found version 1.4.0
[5.627s] -- Looking for ignition-utils1 -- found version 1.5.1
[5.637s] -- Searching for <ignition-physics5> component [heightmap]
[5.639s] -- Looking for ignition-physics5-heightmap -- found version 5.3.2
[5.640s] -- Searching for dependencies of ignition-physics5-heightmap
[5.641s] -- Looking for ignition-common4 -- found version 4.7.0
[5.654s] -- Searching for <ignition-physics5> component [mesh]
[5.654s] -- Looking for ignition-physics5-mesh -- found version 5.3.2
[5.655s] -- Searching for dependencies of ignition-physics5-mesh
[5.656s] -- Looking for ignition-common4 -- found version 4.7.0
[5.656s] -- Searching for <ignition-physics5> component [sdf]
[5.687s] -- Looking for ignition-physics5-sdf -- found version 5.3.2
[5.688s] -- Searching for dependencies of ignition-physics5-sdf
[5.688s] -- Looking for sdformat12 -- found version 12.7.2
[5.689s] -- Looking for ignition-sensors6 -- found version 6.8.0
[5.690s] -- Searching for dependencies of ignition-sensors6
[5.754s] -- Found Protobuf: /usr/lib/x86_64-linux-gnu/libprotobuf.so (found version "3.12.4") 
[5.766s] -- Looking for ignition-math6 -- found version 6.15.1
[5.767s] -- Looking for ignition-common4 -- found version 4.7.0
[5.768s] -- Looking for ignition-transport11 -- found version 11.4.1
[5.782s] -- Looking for ignition-rendering6 -- found version 6.6.3
[5.782s] -- Looking for ignition-msgs8 -- found version 8.7.0
[5.785s] -- Looking for sdformat12 -- found version 12.7.2
[5.788s] -- Searching for <ignition-sensors6> component [air_pressure]
[5.803s] -- Looking for ignition-sensors6-air_pressure -- found version 6.8.0
[5.805s] -- Searching for dependencies of ignition-sensors6-air_pressure
[5.805s] -- Searching for <ignition-sensors6> component [altimeter]
[5.821s] -- Looking for ignition-sensors6-altimeter -- found version 6.8.0
[5.824s] -- Searching for dependencies of ignition-sensors6-altimeter
[5.846s] -- Searching for <ignition-sensors6> component [imu]
[5.865s] -- Looking for ignition-sensors6-imu -- found version 6.8.0
[5.877s] -- Searching for dependencies of ignition-sensors6-imu
[5.878s] -- Searching for <ignition-sensors6> component [force_torque]
[5.885s] -- Looking for ignition-sensors6-force_torque -- found version 6.8.0
[5.885s] -- Searching for dependencies of ignition-sensors6-force_torque
[5.886s] -- Searching for <ignition-sensors6> component [logical_camera]
[5.903s] -- Looking for ignition-sensors6-logical_camera -- found version 6.8.0
[5.904s] -- Searching for dependencies of ignition-sensors6-logical_camera
[5.905s] -- Searching for <ignition-sensors6> component [magnetometer]
[5.920s] -- Looking for ignition-sensors6-magnetometer -- found version 6.8.0
[5.931s] -- Searching for dependencies of ignition-sensors6-magnetometer
[5.952s] -- Searching for <ignition-sensors6> component [navsat]
[5.953s] -- Looking for ignition-sensors6-navsat -- found version 6.8.0
[5.954s] -- Searching for dependencies of ignition-sensors6-navsat
[5.975s] -- Searching for <ignition-sensors6> component [rendering]
[5.976s] -- Looking for ignition-sensors6-rendering -- found version 6.8.0
[5.976s] -- Searching for dependencies of ignition-sensors6-rendering
[5.992s] -- Searching for <ignition-sensors6> component [lidar]
[5.995s] -- Looking for ignition-sensors6-lidar -- found version 6.8.0
[5.996s] -- Searching for dependencies of ignition-sensors6-lidar
[6.022s] -- Looking for ignition-sensors6 -- found version 6.8.0
[6.023s] -- Searching for <ignition-sensors6> component [gpu_lidar]
[6.036s] -- Looking for ignition-sensors6-gpu_lidar -- found version 6.8.0
[6.037s] -- Searching for dependencies of ignition-sensors6-gpu_lidar
[6.038s] -- Looking for ignition-sensors6 -- found version 6.8.0
[6.039s] -- Searching for <ignition-sensors6> component [camera]
[6.062s] -- Looking for ignition-sensors6-camera -- found version 6.8.0
[6.063s] -- Searching for dependencies of ignition-sensors6-camera
[6.088s] -- Looking for ignition-sensors6 -- found version 6.8.0
[6.103s] -- Searching for <ignition-sensors6> component [boundingbox_camera]
[6.127s] -- Looking for ignition-sensors6-boundingbox_camera -- found version 6.8.0
[6.128s] -- Searching for dependencies of ignition-sensors6-boundingbox_camera
[6.129s] -- Searching for <ignition-sensors6> component [segmentation_camera]
[6.174s] -- Looking for ignition-sensors6-segmentation_camera -- found version 6.8.0
[6.180s] -- Searching for dependencies of ignition-sensors6-segmentation_camera
[6.186s] -- Searching for <ignition-sensors6> component [depth_camera]
[6.206s] -- Looking for ignition-sensors6-depth_camera -- found version 6.8.0
[6.214s] -- Searching for dependencies of ignition-sensors6-depth_camera
[6.218s] -- Looking for ignition-sensors6 -- found version 6.8.0
[6.247s] -- Searching for <ignition-sensors6> component [rgbd_camera]
[6.249s] -- Looking for ignition-sensors6-rgbd_camera -- found version 6.8.0
[6.250s] -- Searching for dependencies of ignition-sensors6-rgbd_camera
[6.252s] -- Looking for ignition-sensors6 -- found version 6.8.0
[6.259s] -- Searching for <ignition-sensors6> component [thermal_camera]
[6.260s] -- Looking for ignition-sensors6-thermal_camera -- found version 6.8.0
[6.263s] -- Searching for dependencies of ignition-sensors6-thermal_camera
[6.264s] -- Looking for ignition-sensors6 -- found version 6.8.0
[6.294s] -- Looking for ignition-rendering6 -- found version 6.6.3
[6.296s] -- Looking for ignition-math6 -- found version 6.15.1
[6.316s] -- Looking for ignition-utils1 -- found version 1.5.1
[6.504s] -- Compiling against Ignition Fortress
[6.512s] -- Looking for ignition-plugin1 -- found version 1.4.0
[7.028s] -- Found ament_lint_auto: 0.12.11 (/opt/ros/humble/share/ament_lint_auto/cmake)
[8.129s] -- Added test 'copyright' to check source files copyright and LICENSE
[8.165s] -- Added test 'cppcheck' to perform static code analysis on C / C++ code
[8.177s] -- Configured cppcheck include dirs: /home/tejaswini/ros2_ws/src/ros-controls/gz_ros2_control/ign_ros2_control/include
[8.181s] -- Configured cppcheck exclude dirs and/or files: 
[8.207s] -- Added test 'cpplint' to check C / C++ code against the Google style
[8.208s] -- Configured cpplint exclude dirs and/or files: 
[8.232s] -- Added test 'lint_cmake' to check CMake code style
[8.273s] -- Added test 'uncrustify' to check C / C++ code style
[8.274s] -- Configured uncrustify additional arguments: 
[8.283s] -- Added test 'xmllint' to check XML markup files
[8.366s] -- Configuring done
[9.739s] -- Generating done
[10.025s] -- Build files have been written to: /home/tejaswini/ros2_ws/build/ign_ros2_control
[10.488s] Invoked command in '/home/tejaswini/ros2_ws/build/ign_ros2_control' returned '0': AMENT_PREFIX_PATH=/home/tejaswini/ros2_ws/install/controller_manager:/home/tejaswini/ros2_ws/install/hardware_interface_testing:/home/tejaswini/ros2_ws/install/controller_interface:/home/tejaswini/ros2_ws/install/hardware_interface:/home/tejaswini/ros2_ws/install/ros2_control_test_assets:/home/tejaswini/ros2_ws/install/realtime_tools:/home/tejaswini/ros2_ws/install/controller_manager_msgs:/home/tejaswini/ros2_ws/install/control_msgs:${AMENT_PREFIX_PATH} CMAKE_PREFIX_PATH=/home/tejaswini/ros2_ws/install/controller_manager:/home/tejaswini/ros2_ws/install/hardware_interface_testing:/home/tejaswini/ros2_ws/install/controller_interface:/home/tejaswini/ros2_ws/install/hardware_interface:/home/tejaswini/ros2_ws/install/ros2_control_test_assets:/home/tejaswini/ros2_ws/install/realtime_tools:/home/tejaswini/ros2_ws/install/controller_manager_msgs:/home/tejaswini/ros2_ws/install/control_msgs:/home/tejaswini/ros2_ws/install/task1_pkg:/opt/ros/humble LD_LIBRARY_PATH=/home/tejaswini/ros2_ws/install/controller_manager/lib:/home/tejaswini/ros2_ws/install/hardware_interface_testing/lib:/home/tejaswini/ros2_ws/install/controller_interface/lib:/home/tejaswini/ros2_ws/install/hardware_interface/lib:/home/tejaswini/ros2_ws/install/realtime_tools/lib:/home/tejaswini/ros2_ws/install/controller_manager_msgs/lib:/home/tejaswini/ros2_ws/install/control_msgs/lib:/usr/lib/x86_64-linux-gnu/gazebo-11/plugins:/opt/ros/humble/opt/rviz_ogre_vendor/lib:/opt/ros/humble/lib/x86_64-linux-gnu:/opt/ros/humble/lib:/usr/lib/x86_64-linux-gnu/gazebo-11/plugins PYTHONPATH=/home/tejaswini/ros2_ws/install/controller_manager/local/lib/python3.10/dist-packages:/home/tejaswini/ros2_ws/install/controller_manager_msgs/local/lib/python3.10/dist-packages:/home/tejaswini/ros2_ws/install/control_msgs/local/lib/python3.10/dist-packages:${PYTHONPATH} /usr/bin/cmake /home/tejaswini/ros2_ws/src/ros-controls/gz_ros2_control/ign_ros2_control -DAMENT_CMAKE_SYMLINK_INSTALL=1 -DCMAKE_INSTALL_PREFIX=/home/tejaswini/ros2_ws/install/ign_ros2_control
[10.494s] Invoking command in '/home/tejaswini/ros2_ws/build/ign_ros2_control': AMENT_PREFIX_PATH=/home/tejaswini/ros2_ws/install/controller_manager:/home/tejaswini/ros2_ws/install/hardware_interface_testing:/home/tejaswini/ros2_ws/install/controller_interface:/home/tejaswini/ros2_ws/install/hardware_interface:/home/tejaswini/ros2_ws/install/ros2_control_test_assets:/home/tejaswini/ros2_ws/install/realtime_tools:/home/tejaswini/ros2_ws/install/controller_manager_msgs:/home/tejaswini/ros2_ws/install/control_msgs:${AMENT_PREFIX_PATH} CMAKE_PREFIX_PATH=/home/tejaswini/ros2_ws/install/controller_manager:/home/tejaswini/ros2_ws/install/hardware_interface_testing:/home/tejaswini/ros2_ws/install/controller_interface:/home/tejaswini/ros2_ws/install/hardware_interface:/home/tejaswini/ros2_ws/install/ros2_control_test_assets:/home/tejaswini/ros2_ws/install/realtime_tools:/home/tejaswini/ros2_ws/install/controller_manager_msgs:/home/tejaswini/ros2_ws/install/control_msgs:/home/tejaswini/ros2_ws/install/task1_pkg:/opt/ros/humble LD_LIBRARY_PATH=/home/tejaswini/ros2_ws/install/controller_manager/lib:/home/tejaswini/ros2_ws/install/hardware_interface_testing/lib:/home/tejaswini/ros2_ws/install/controller_interface/lib:/home/tejaswini/ros2_ws/install/hardware_interface/lib:/home/tejaswini/ros2_ws/install/realtime_tools/lib:/home/tejaswini/ros2_ws/install/controller_manager_msgs/lib:/home/tejaswini/ros2_ws/install/control_msgs/lib:/usr/lib/x86_64-linux-gnu/gazebo-11/plugins:/opt/ros/humble/opt/rviz_ogre_vendor/lib:/opt/ros/humble/lib/x86_64-linux-gnu:/opt/ros/humble/lib:/usr/lib/x86_64-linux-gnu/gazebo-11/plugins PYTHONPATH=/home/tejaswini/ros2_ws/install/controller_manager/local/lib/python3.10/dist-packages:/home/tejaswini/ros2_ws/install/controller_manager_msgs/local/lib/python3.10/dist-packages:/home/tejaswini/ros2_ws/install/control_msgs/local/lib/python3.10/dist-packages:${PYTHONPATH} /usr/bin/cmake --build /home/tejaswini/ros2_ws/build/ign_ros2_control -- -j16 -l16
[85.869s] [ 25%] [32mBuilding CXX object CMakeFiles/ign_hardware_plugins.dir/src/ign_system.cpp.o[0m
[85.869s] [ 50%] [32mBuilding CXX object CMakeFiles/ign_ros2_control-system.dir/src/ign_ros2_control_plugin.cpp.o[0m
[85.870s] [ 75%] [32m[1mLinking CXX shared library libign_hardware_plugins.so[0m
[85.870s] [ 75%] Built target ign_hardware_plugins
[85.870s] [100%] [32m[1mLinking CXX shared library libign_ros2_control-system.so[0m
[86.208s] [100%] Built target ign_ros2_control-system
[86.229s] Invoked command in '/home/tejaswini/ros2_ws/build/ign_ros2_control' returned '0': AMENT_PREFIX_PATH=/home/tejaswini/ros2_ws/install/controller_manager:/home/tejaswini/ros2_ws/install/hardware_interface_testing:/home/tejaswini/ros2_ws/install/controller_interface:/home/tejaswini/ros2_ws/install/hardware_interface:/home/tejaswini/ros2_ws/install/ros2_control_test_assets:/home/tejaswini/ros2_ws/install/realtime_tools:/home/tejaswini/ros2_ws/install/controller_manager_msgs:/home/tejaswini/ros2_ws/install/control_msgs:${AMENT_PREFIX_PATH} CMAKE_PREFIX_PATH=/home/tejaswini/ros2_ws/install/controller_manager:/home/tejaswini/ros2_ws/install/hardware_interface_testing:/home/tejaswini/ros2_ws/install/controller_interface:/home/tejaswini/ros2_ws/install/hardware_interface:/home/tejaswini/ros2_ws/install/ros2_control_test_assets:/home/tejaswini/ros2_ws/install/realtime_tools:/home/tejaswini/ros2_ws/install/controller_manager_msgs:/home/tejaswini/ros2_ws/install/control_msgs:/home/tejaswini/ros2_ws/install/task1_pkg:/opt/ros/humble LD_LIBRARY_PATH=/home/tejaswini/ros2_ws/install/controller_manager/lib:/home/tejaswini/ros2_ws/install/hardware_interface_testing/lib:/home/tejaswini/ros2_ws/install/controller_interface/lib:/home/tejaswini/ros2_ws/install/hardware_interface/lib:/home/tejaswini/ros2_ws/install/realtime_tools/lib:/home/tejaswini/ros2_ws/install/controller_manager_msgs/lib:/home/tejaswini/ros2_ws/install/control_msgs/lib:/usr/lib/x86_64-linux-gnu/gazebo-11/plugins:/opt/ros/humble/opt/rviz_ogre_vendor/lib:/opt/ros/humble/lib/x86_64-linux-gnu:/opt/ros/humble/lib:/usr/lib/x86_64-linux-gnu/gazebo-11/plugins PYTHONPATH=/home/tejaswini/ros2_ws/install/controller_manager/local/lib/python3.10/dist-packages:/home/tejaswini/ros2_ws/install/controller_manager_msgs/local/lib/python3.10/dist-packages:/home/tejaswini/ros2_ws/install/control_msgs/local/lib/python3.10/dist-packages:${PYTHONPATH} /usr/bin/cmake --build /home/tejaswini/ros2_ws/build/ign_ros2_control -- -j16 -l16
[86.233s] Invoking command in '/home/tejaswini/ros2_ws/build/ign_ros2_control': AMENT_PREFIX_PATH=/home/tejaswini/ros2_ws/install/controller_manager:/home/tejaswini/ros2_ws/install/hardware_interface_testing:/home/tejaswini/ros2_ws/install/controller_interface:/home/tejaswini/ros2_ws/install/hardware_interface:/home/tejaswini/ros2_ws/install/ros2_control_test_assets:/home/tejaswini/ros2_ws/install/realtime_tools:/home/tejaswini/ros2_ws/install/controller_manager_msgs:/home/tejaswini/ros2_ws/install/control_msgs:${AMENT_PREFIX_PATH} CMAKE_PREFIX_PATH=/home/tejaswini/ros2_ws/install/controller_manager:/home/tejaswini/ros2_ws/install/hardware_interface_testing:/home/tejaswini/ros2_ws/install/controller_interface:/home/tejaswini/ros2_ws/install/hardware_interface:/home/tejaswini/ros2_ws/install/ros2_control_test_assets:/home/tejaswini/ros2_ws/install/realtime_tools:/home/tejaswini/ros2_ws/install/controller_manager_msgs:/home/tejaswini/ros2_ws/install/control_msgs:/home/tejaswini/ros2_ws/install/task1_pkg:/opt/ros/humble LD_LIBRARY_PATH=/home/tejaswini/ros2_ws/install/controller_manager/lib:/home/tejaswini/ros2_ws/install/hardware_interface_testing/lib:/home/tejaswini/ros2_ws/install/controller_interface/lib:/home/tejaswini/ros2_ws/install/hardware_interface/lib:/home/tejaswini/ros2_ws/install/realtime_tools/lib:/home/tejaswini/ros2_ws/install/controller_manager_msgs/lib:/home/tejaswini/ros2_ws/install/control_msgs/lib:/usr/lib/x86_64-linux-gnu/gazebo-11/plugins:/opt/ros/humble/opt/rviz_ogre_vendor/lib:/opt/ros/humble/lib/x86_64-linux-gnu:/opt/ros/humble/lib:/usr/lib/x86_64-linux-gnu/gazebo-11/plugins PYTHONPATH=/home/tejaswini/ros2_ws/install/controller_manager/local/lib/python3.10/dist-packages:/home/tejaswini/ros2_ws/install/controller_manager_msgs/local/lib/python3.10/dist-packages:/home/tejaswini/ros2_ws/install/control_msgs/local/lib/python3.10/dist-packages:${PYTHONPATH} /usr/bin/cmake --install /home/tejaswini/ros2_ws/build/ign_ros2_control
[91.445s] -- Install configuration: ""
[91.445s] -- Execute custom install script
[91.445s] -- Symlinking: /home/tejaswini/ros2_ws/install/ign_ros2_control/lib/libign_hardware_plugins.so
[91.445s] -- Symlinking: /home/tejaswini/ros2_ws/install/ign_ros2_control/include/ign_ros2_control/ign_ros2_control_plugin.hpp
[91.445s] -- Symlinking: /home/tejaswini/ros2_ws/install/ign_ros2_control/include/ign_ros2_control/ign_system.hpp
[91.446s] -- Symlinking: /home/tejaswini/ros2_ws/install/ign_ros2_control/include/ign_ros2_control/ign_system_interface.hpp
[91.446s] -- Symlinking: /home/tejaswini/ros2_ws/install/ign_ros2_control/share/ign_ros2_control/environment/library_path.sh
[91.446s] -- Symlinking: /home/tejaswini/ros2_ws/install/ign_ros2_control/share/ign_ros2_control/environment/library_path.dsv
[91.446s] -- Symlinking: /home/tejaswini/ros2_ws/install/ign_ros2_control/lib/libign_ros2_control-system.so
[91.447s] -- Symlinking: /home/tejaswini/ros2_ws/install/ign_ros2_control/share/ign_ros2_control//ign_hardware_plugins.xml
[91.450s] -- Symlinking: /home/tejaswini/ros2_ws/install/ign_ros2_control/share/ament_index/resource_index/package_run_dependencies/ign_ros2_control
[91.455s] -- Symlinking: /home/tejaswini/ros2_ws/install/ign_ros2_control/share/ament_index/resource_index/parent_prefix_path/ign_ros2_control
[91.457s] -- Symlinking: /home/tejaswini/ros2_ws/install/ign_ros2_control/share/ign_ros2_control/environment/ament_prefix_path.sh
[91.457s] -- Symlinking: /home/tejaswini/ros2_ws/install/ign_ros2_control/share/ign_ros2_control/environment/ament_prefix_path.dsv
[91.461s] -- Symlinking: /home/tejaswini/ros2_ws/install/ign_ros2_control/share/ign_ros2_control/environment/path.sh
[91.462s] -- Symlinking: /home/tejaswini/ros2_ws/install/ign_ros2_control/share/ign_ros2_control/environment/path.dsv
[91.463s] -- Symlinking: /home/tejaswini/ros2_ws/install/ign_ros2_control/share/ign_ros2_control/local_setup.bash
[91.464s] -- Symlinking: /home/tejaswini/ros2_ws/install/ign_ros2_control/share/ign_ros2_control/local_setup.sh
[91.467s] -- Symlinking: /home/tejaswini/ros2_ws/install/ign_ros2_control/share/ign_ros2_control/local_setup.zsh
[91.468s] -- Symlinking: /home/tejaswini/ros2_ws/install/ign_ros2_control/share/ign_ros2_control/local_setup.dsv
[91.471s] -- Symlinking: /home/tejaswini/ros2_ws/install/ign_ros2_control/share/ign_ros2_control/package.dsv
[91.472s] -- Symlinking: /home/tejaswini/ros2_ws/install/ign_ros2_control/share/ament_index/resource_index/packages/ign_ros2_control
[91.473s] -- Symlinking: /home/tejaswini/ros2_ws/install/ign_ros2_control/share/ament_index/resource_index/ign_ros2_control__pluginlib__plugin/ign_ros2_control
[91.474s] -- Symlinking: /home/tejaswini/ros2_ws/install/ign_ros2_control/share/ign_ros2_control/cmake/ament_cmake_export_include_directories-extras.cmake
[91.482s] -- Symlinking: /home/tejaswini/ros2_ws/install/ign_ros2_control/share/ign_ros2_control/cmake/ament_cmake_export_libraries-extras.cmake
[91.484s] -- Symlinking: /home/tejaswini/ros2_ws/install/ign_ros2_control/share/ign_ros2_control/cmake/ign_ros2_controlConfig.cmake
[91.486s] -- Symlinking: /home/tejaswini/ros2_ws/install/ign_ros2_control/share/ign_ros2_control/cmake/ign_ros2_controlConfig-version.cmake
[91.487s] -- Symlinking: /home/tejaswini/ros2_ws/install/ign_ros2_control/share/ign_ros2_control/package.xml
[91.632s] Invoked command in '/home/tejaswini/ros2_ws/build/ign_ros2_control' returned '0': AMENT_PREFIX_PATH=/home/tejaswini/ros2_ws/install/controller_manager:/home/tejaswini/ros2_ws/install/hardware_interface_testing:/home/tejaswini/ros2_ws/install/controller_interface:/home/tejaswini/ros2_ws/install/hardware_interface:/home/tejaswini/ros2_ws/install/ros2_control_test_assets:/home/tejaswini/ros2_ws/install/realtime_tools:/home/tejaswini/ros2_ws/install/controller_manager_msgs:/home/tejaswini/ros2_ws/install/control_msgs:${AMENT_PREFIX_PATH} CMAKE_PREFIX_PATH=/home/tejaswini/ros2_ws/install/controller_manager:/home/tejaswini/ros2_ws/install/hardware_interface_testing:/home/tejaswini/ros2_ws/install/controller_interface:/home/tejaswini/ros2_ws/install/hardware_interface:/home/tejaswini/ros2_ws/install/ros2_control_test_assets:/home/tejaswini/ros2_ws/install/realtime_tools:/home/tejaswini/ros2_ws/install/controller_manager_msgs:/home/tejaswini/ros2_ws/install/control_msgs:/home/tejaswini/ros2_ws/install/task1_pkg:/opt/ros/humble LD_LIBRARY_PATH=/home/tejaswini/ros2_ws/install/controller_manager/lib:/home/tejaswini/ros2_ws/install/hardware_interface_testing/lib:/home/tejaswini/ros2_ws/install/controller_interface/lib:/home/tejaswini/ros2_ws/install/hardware_interface/lib:/home/tejaswini/ros2_ws/install/realtime_tools/lib:/home/tejaswini/ros2_ws/install/controller_manager_msgs/lib:/home/tejaswini/ros2_ws/install/control_msgs/lib:/usr/lib/x86_64-linux-gnu/gazebo-11/plugins:/opt/ros/humble/opt/rviz_ogre_vendor/lib:/opt/ros/humble/lib/x86_64-linux-gnu:/opt/ros/humble/lib:/usr/lib/x86_64-linux-gnu/gazebo-11/plugins PYTHONPATH=/home/tejaswini/ros2_ws/install/controller_manager/local/lib/python3.10/dist-packages:/home/tejaswini/ros2_ws/install/controller_manager_msgs/local/lib/python3.10/dist-packages:/home/tejaswini/ros2_ws/install/control_msgs/local/lib/python3.10/dist-packages:${PYTHONPATH} /usr/bin/cmake --install /home/tejaswini/ros2_ws/build/ign_ros2_control
