[0.289s] Invoking command in '/home/tejaswini/ros2_ws/build/position_controllers': AMENT_PREFIX_PATH=/home/tejaswini/ros2_ws/install/forward_command_controller:/home/tejaswini/ros2_ws/install/controller_manager:/home/tejaswini/ros2_ws/install/hardware_interface_testing:/home/tejaswini/ros2_ws/install/controller_interface:/home/tejaswini/ros2_ws/install/hardware_interface:/home/tejaswini/ros2_ws/install/ros2_control_test_assets:/home/tejaswini/ros2_ws/install/realtime_tools:/home/tejaswini/ros2_ws/install/controller_manager_msgs:/home/tejaswini/ros2_ws/install/control_msgs:${AMENT_PREFIX_PATH} CMAKE_PREFIX_PATH=/home/tejaswini/ros2_ws/install/forward_command_controller:/home/tejaswini/ros2_ws/install/controller_manager:/home/tejaswini/ros2_ws/install/hardware_interface_testing:/home/tejaswini/ros2_ws/install/controller_interface:/home/tejaswini/ros2_ws/install/hardware_interface:/home/tejaswini/ros2_ws/install/ros2_control_test_assets:/home/tejaswini/ros2_ws/install/realtime_tools:/home/tejaswini/ros2_ws/install/controller_manager_msgs:/home/tejaswini/ros2_ws/install/control_msgs:/home/tejaswini/ros2_ws/install/task1_pkg:/opt/ros/humble LD_LIBRARY_PATH=/home/tejaswini/ros2_ws/install/forward_command_controller/lib:/home/tejaswini/ros2_ws/install/controller_manager/lib:/home/tejaswini/ros2_ws/install/hardware_interface_testing/lib:/home/tejaswini/ros2_ws/install/controller_interface/lib:/home/tejaswini/ros2_ws/install/hardware_interface/lib:/home/tejaswini/ros2_ws/install/realtime_tools/lib:/home/tejaswini/ros2_ws/install/controller_manager_msgs/lib:/home/tejaswini/ros2_ws/install/control_msgs/lib:/usr/lib/x86_64-linux-gnu/gazebo-11/plugins:/opt/ros/humble/opt/rviz_ogre_vendor/lib:/opt/ros/humble/lib/x86_64-linux-gnu:/opt/ros/humble/lib:/usr/lib/x86_64-linux-gnu/gazebo-11/plugins PYTHONPATH=/home/tejaswini/ros2_ws/install/controller_manager/local/lib/python3.10/dist-packages:/home/tejaswini/ros2_ws/install/controller_manager_msgs/local/lib/python3.10/dist-packages:/home/tejaswini/ros2_ws/install/control_msgs/local/lib/python3.10/dist-packages:${PYTHONPATH} /usr/bin/cmake /home/tejaswini/ros2_ws/src/ros-controls/ros2_controllers/position_controllers -DAMENT_CMAKE_SYMLINK_INSTALL=1 -DCMAKE_INSTALL_PREFIX=/home/tejaswini/ros2_ws/install/position_controllers
[0.400s] -- The CXX compiler identification is GNU 11.4.0
[0.416s] -- Detecting CXX compiler ABI info
[0.520s] -- Detecting CXX compiler ABI info - done
[0.582s] -- Check for working CXX compiler: /usr/bin/c++ - skipped
[0.583s] -- Detecting CXX compile features
[0.583s] -- Detecting CXX compile features - done
[0.587s] -- Found ament_cmake: 1.3.11 (/opt/ros/humble/share/ament_cmake/cmake)
[1.348s] -- Found Python3: /usr/bin/python3 (found version "3.10.12") found components: Interpreter 
[1.806s] -- Override CMake install command with custom implementation using symlinks instead of copying resources
[1.846s] -- Found forward_command_controller: 2.39.0 (/home/tejaswini/ros2_ws/install/forward_command_controller/share/forward_command_controller/cmake)
[1.905s] -- Found rosidl_generator_c: 3.1.6 (/opt/ros/humble/share/rosidl_generator_c/cmake)
[1.912s] -- Found rosidl_adapter: 3.1.6 (/opt/ros/humble/share/rosidl_adapter/cmake)
[1.924s] -- Found rosidl_generator_cpp: 3.1.6 (/opt/ros/humble/share/rosidl_generator_cpp/cmake)
[1.940s] -- Using all available rosidl_typesupport_c: rosidl_typesupport_fastrtps_c;rosidl_typesupport_introspection_c
[1.962s] -- Using all available rosidl_typesupport_cpp: rosidl_typesupport_fastrtps_cpp;rosidl_typesupport_introspection_cpp
[2.239s] -- Found rmw_implementation_cmake: 6.1.2 (/opt/ros/humble/share/rmw_implementation_cmake/cmake)
[2.240s] -- Found rmw_fastrtps_cpp: 6.2.7 (/opt/ros/humble/share/rmw_fastrtps_cpp/cmake)
[2.268s] -- Found TinyXML2 via Config file: TinyXML2_DIR-NOTFOUND
[2.435s] -- Found OpenSSL: /usr/lib/x86_64-linux-gnu/libcrypto.so (found version "3.0.2")  
[2.457s] -- Found TinyXML2 via Config file: TinyXML2_DIR-NOTFOUND
[2.535s] -- Found FastRTPS: /opt/ros/humble/include  
[2.551s] -- Found TinyXML2 via Config file: TinyXML2_DIR-NOTFOUND
[2.582s] -- Found TinyXML2 via Config file: TinyXML2_DIR-NOTFOUND
[2.605s] -- Using RMW implementation 'rmw_fastrtps_cpp' as default
[2.617s] -- Looking for C++ include pthread.h
[2.813s] -- Looking for C++ include pthread.h - found
[2.813s] -- Performing Test CMAKE_HAVE_LIBC_PTHREAD
[2.950s] -- Performing Test CMAKE_HAVE_LIBC_PTHREAD - Success
[2.959s] -- Found Threads: TRUE  
[3.283s] -- Found parameter_traits: 0.3.9 (/opt/ros/humble/share/parameter_traits/cmake)
[3.350s] -- Found ament_cmake_gmock: 1.3.11 (/opt/ros/humble/share/ament_cmake_gmock/cmake)
[3.351s] -- Found controller_manager: 2.45.0 (/home/tejaswini/ros2_ws/install/controller_manager/share/controller_manager/cmake)
[3.398s] -- Found ros2_control_test_assets: 2.45.0 (/home/tejaswini/ros2_ws/install/ros2_control_test_assets/share/ros2_control_test_assets/cmake)
[3.409s] -- Found gmock sources under '/opt/ros/humble/src/gmock_vendor': C++ tests using 'Google Mock' will be built
[3.494s] -- The C compiler identification is GNU 11.4.0
[3.494s] -- Detecting C compiler ABI info
[3.850s] -- Detecting C compiler ABI info - done
[3.889s] -- Check for working C compiler: /usr/bin/cc - skipped
[3.889s] -- Detecting C compile features
[3.890s] -- Detecting C compile features - done
[3.905s] -- Found ament_cmake_gtest: 1.3.11 (/opt/ros/humble/share/ament_cmake_gtest/cmake)
[3.914s] -- Found gtest sources under '/opt/ros/humble/src/gtest_vendor': C++ tests using 'Google Test' will be built
[4.204s] -- Configuring done
[4.345s] -- Generating done
[4.370s] -- Build files have been written to: /home/tejaswini/ros2_ws/build/position_controllers
[4.391s] Invoked command in '/home/tejaswini/ros2_ws/build/position_controllers' returned '0': AMENT_PREFIX_PATH=/home/tejaswini/ros2_ws/install/forward_command_controller:/home/tejaswini/ros2_ws/install/controller_manager:/home/tejaswini/ros2_ws/install/hardware_interface_testing:/home/tejaswini/ros2_ws/install/controller_interface:/home/tejaswini/ros2_ws/install/hardware_interface:/home/tejaswini/ros2_ws/install/ros2_control_test_assets:/home/tejaswini/ros2_ws/install/realtime_tools:/home/tejaswini/ros2_ws/install/controller_manager_msgs:/home/tejaswini/ros2_ws/install/control_msgs:${AMENT_PREFIX_PATH} CMAKE_PREFIX_PATH=/home/tejaswini/ros2_ws/install/forward_command_controller:/home/tejaswini/ros2_ws/install/controller_manager:/home/tejaswini/ros2_ws/install/hardware_interface_testing:/home/tejaswini/ros2_ws/install/controller_interface:/home/tejaswini/ros2_ws/install/hardware_interface:/home/tejaswini/ros2_ws/install/ros2_control_test_assets:/home/tejaswini/ros2_ws/install/realtime_tools:/home/tejaswini/ros2_ws/install/controller_manager_msgs:/home/tejaswini/ros2_ws/install/control_msgs:/home/tejaswini/ros2_ws/install/task1_pkg:/opt/ros/humble LD_LIBRARY_PATH=/home/tejaswini/ros2_ws/install/forward_command_controller/lib:/home/tejaswini/ros2_ws/install/controller_manager/lib:/home/tejaswini/ros2_ws/install/hardware_interface_testing/lib:/home/tejaswini/ros2_ws/install/controller_interface/lib:/home/tejaswini/ros2_ws/install/hardware_interface/lib:/home/tejaswini/ros2_ws/install/realtime_tools/lib:/home/tejaswini/ros2_ws/install/controller_manager_msgs/lib:/home/tejaswini/ros2_ws/install/control_msgs/lib:/usr/lib/x86_64-linux-gnu/gazebo-11/plugins:/opt/ros/humble/opt/rviz_ogre_vendor/lib:/opt/ros/humble/lib/x86_64-linux-gnu:/opt/ros/humble/lib:/usr/lib/x86_64-linux-gnu/gazebo-11/plugins PYTHONPATH=/home/tejaswini/ros2_ws/install/controller_manager/local/lib/python3.10/dist-packages:/home/tejaswini/ros2_ws/install/controller_manager_msgs/local/lib/python3.10/dist-packages:/home/tejaswini/ros2_ws/install/control_msgs/local/lib/python3.10/dist-packages:${PYTHONPATH} /usr/bin/cmake /home/tejaswini/ros2_ws/src/ros-controls/ros2_controllers/position_controllers -DAMENT_CMAKE_SYMLINK_INSTALL=1 -DCMAKE_INSTALL_PREFIX=/home/tejaswini/ros2_ws/install/position_controllers
[4.393s] Invoking command in '/home/tejaswini/ros2_ws/build/position_controllers': AMENT_PREFIX_PATH=/home/tejaswini/ros2_ws/install/forward_command_controller:/home/tejaswini/ros2_ws/install/controller_manager:/home/tejaswini/ros2_ws/install/hardware_interface_testing:/home/tejaswini/ros2_ws/install/controller_interface:/home/tejaswini/ros2_ws/install/hardware_interface:/home/tejaswini/ros2_ws/install/ros2_control_test_assets:/home/tejaswini/ros2_ws/install/realtime_tools:/home/tejaswini/ros2_ws/install/controller_manager_msgs:/home/tejaswini/ros2_ws/install/control_msgs:${AMENT_PREFIX_PATH} CMAKE_PREFIX_PATH=/home/tejaswini/ros2_ws/install/forward_command_controller:/home/tejaswini/ros2_ws/install/controller_manager:/home/tejaswini/ros2_ws/install/hardware_interface_testing:/home/tejaswini/ros2_ws/install/controller_interface:/home/tejaswini/ros2_ws/install/hardware_interface:/home/tejaswini/ros2_ws/install/ros2_control_test_assets:/home/tejaswini/ros2_ws/install/realtime_tools:/home/tejaswini/ros2_ws/install/controller_manager_msgs:/home/tejaswini/ros2_ws/install/control_msgs:/home/tejaswini/ros2_ws/install/task1_pkg:/opt/ros/humble LD_LIBRARY_PATH=/home/tejaswini/ros2_ws/install/forward_command_controller/lib:/home/tejaswini/ros2_ws/install/controller_manager/lib:/home/tejaswini/ros2_ws/install/hardware_interface_testing/lib:/home/tejaswini/ros2_ws/install/controller_interface/lib:/home/tejaswini/ros2_ws/install/hardware_interface/lib:/home/tejaswini/ros2_ws/install/realtime_tools/lib:/home/tejaswini/ros2_ws/install/controller_manager_msgs/lib:/home/tejaswini/ros2_ws/install/control_msgs/lib:/usr/lib/x86_64-linux-gnu/gazebo-11/plugins:/opt/ros/humble/opt/rviz_ogre_vendor/lib:/opt/ros/humble/lib/x86_64-linux-gnu:/opt/ros/humble/lib:/usr/lib/x86_64-linux-gnu/gazebo-11/plugins PYTHONPATH=/home/tejaswini/ros2_ws/install/controller_manager/local/lib/python3.10/dist-packages:/home/tejaswini/ros2_ws/install/controller_manager_msgs/local/lib/python3.10/dist-packages:/home/tejaswini/ros2_ws/install/control_msgs/local/lib/python3.10/dist-packages:${PYTHONPATH} /usr/bin/cmake --build /home/tejaswini/ros2_ws/build/position_controllers -- -j16 -l16
[11.994s] [  9%] [32mBuilding CXX object gmock/CMakeFiles/gmock_main.dir/src/gmock_main.cc.o[0m
[11.995s] [ 18%] [32mBuilding CXX object gmock/CMakeFiles/gmock.dir/opt/ros/humble/src/gtest_vendor/src/gtest-all.cc.o[0m
[11.995s] [ 27%] [32mBuilding CXX object gmock/CMakeFiles/gmock.dir/src/gmock-all.cc.o[0m
[11.995s] [ 36%] [32mBuilding CXX object CMakeFiles/position_controllers.dir/src/joint_group_position_controller.cpp.o[0m
[11.999s] [ 45%] [32m[1mLinking CXX static library libgmock_main.a[0m
[12.000s] [ 45%] Built target gmock_main
[12.000s] In file included from [01m[K/home/tejaswini/ros2_ws/src/ros-controls/ros2_controllers/forward_command_controller/include/forward_command_controller/forward_controllers_base.hpp:27[m[K,
[12.000s]                  from [01m[K/home/tejaswini/ros2_ws/src/ros-controls/ros2_controllers/forward_command_controller/include/forward_command_controller/forward_command_controller.hpp:22[m[K,
[12.000s]                  from [01m[K/home/tejaswini/ros2_ws/src/ros-controls/ros2_controllers/position_controllers/include/position_controllers/joint_group_position_controller.hpp:20[m[K,
[12.000s]                  from [01m[K/home/tejaswini/ros2_ws/src/ros-controls/ros2_controllers/position_controllers/src/joint_group_position_controller.cpp:19[m[K:
[12.000s] [01m[K/home/tejaswini/ros2_ws/src/ros-controls/realtime_tools/include/realtime_tools/realtime_buffer.h:25:2:[m[K [01;35m[Kwarning: [m[K#warning "This header include is deprecated. Please update your code to use 'realtime_buffer.hpp' header." [[01;35m[K]8;;https://gcc.gnu.org/onlinedocs/gcc/Warning-Options.html#index-Wcpp-Wcpp]8;;[m[K]
[12.000s]    25 | #[01;35m[Kwarning[m[K \
[12.000s]       |  [01;35m[K^~~~~~~[m[K
[14.221s] [ 54%] [32m[1mLinking CXX shared library libposition_controllers.so[0m
[15.559s] [ 54%] Built target position_controllers
[22.157s] [ 63%] [32m[1mLinking CXX static library libgmock.a[0m
[22.364s] [ 63%] Built target gmock
[22.407s] [ 72%] [32mBuilding CXX object CMakeFiles/test_joint_group_position_controller.dir/test/test_joint_group_position_controller.cpp.o[0m
[22.493s] [ 81%] [32mBuilding CXX object CMakeFiles/test_load_joint_group_position_controller.dir/test/test_load_joint_group_position_controller.cpp.o[0m
[23.219s] In file included from [01m[K/home/tejaswini/ros2_ws/src/ros-controls/ros2_controllers/forward_command_controller/include/forward_command_controller/forward_controllers_base.hpp:27[m[K,
[23.220s]                  from [01m[K/home/tejaswini/ros2_ws/src/ros-controls/ros2_controllers/forward_command_controller/include/forward_command_controller/forward_command_controller.hpp:22[m[K,
[23.220s]                  from [01m[K/home/tejaswini/ros2_ws/src/ros-controls/ros2_controllers/position_controllers/include/position_controllers/joint_group_position_controller.hpp:20[m[K,
[23.220s]                  from [01m[K/home/tejaswini/ros2_ws/src/ros-controls/ros2_controllers/position_controllers/test/test_joint_group_position_controller.hpp:26[m[K,
[23.220s]                  from [01m[K/home/tejaswini/ros2_ws/src/ros-controls/ros2_controllers/position_controllers/test/test_joint_group_position_controller.cpp:28[m[K:
[23.220s] [01m[K/home/tejaswini/ros2_ws/src/ros-controls/realtime_tools/include/realtime_tools/realtime_buffer.h:25:2:[m[K [01;35m[Kwarning: [m[K#warning "This header include is deprecated. Please update your code to use 'realtime_buffer.hpp' header." [[01;35m[K]8;;https://gcc.gnu.org/onlinedocs/gcc/Warning-Options.html#index-Wcpp-Wcpp]8;;[m[K]
[23.220s]    25 | #[01;35m[Kwarning[m[K \
[23.220s]       |  [01;35m[K^~~~~~~[m[K
[30.627s] [ 90%] [32m[1mLinking CXX executable test_load_joint_group_position_controller[0m
[33.047s] [ 90%] Built target test_load_joint_group_position_controller
[42.548s] [100%] [32m[1mLinking CXX executable test_joint_group_position_controller[0m
[43.306s] [100%] Built target test_joint_group_position_controller
[43.329s] Invoked command in '/home/tejaswini/ros2_ws/build/position_controllers' returned '0': AMENT_PREFIX_PATH=/home/tejaswini/ros2_ws/install/forward_command_controller:/home/tejaswini/ros2_ws/install/controller_manager:/home/tejaswini/ros2_ws/install/hardware_interface_testing:/home/tejaswini/ros2_ws/install/controller_interface:/home/tejaswini/ros2_ws/install/hardware_interface:/home/tejaswini/ros2_ws/install/ros2_control_test_assets:/home/tejaswini/ros2_ws/install/realtime_tools:/home/tejaswini/ros2_ws/install/controller_manager_msgs:/home/tejaswini/ros2_ws/install/control_msgs:${AMENT_PREFIX_PATH} CMAKE_PREFIX_PATH=/home/tejaswini/ros2_ws/install/forward_command_controller:/home/tejaswini/ros2_ws/install/controller_manager:/home/tejaswini/ros2_ws/install/hardware_interface_testing:/home/tejaswini/ros2_ws/install/controller_interface:/home/tejaswini/ros2_ws/install/hardware_interface:/home/tejaswini/ros2_ws/install/ros2_control_test_assets:/home/tejaswini/ros2_ws/install/realtime_tools:/home/tejaswini/ros2_ws/install/controller_manager_msgs:/home/tejaswini/ros2_ws/install/control_msgs:/home/tejaswini/ros2_ws/install/task1_pkg:/opt/ros/humble LD_LIBRARY_PATH=/home/tejaswini/ros2_ws/install/forward_command_controller/lib:/home/tejaswini/ros2_ws/install/controller_manager/lib:/home/tejaswini/ros2_ws/install/hardware_interface_testing/lib:/home/tejaswini/ros2_ws/install/controller_interface/lib:/home/tejaswini/ros2_ws/install/hardware_interface/lib:/home/tejaswini/ros2_ws/install/realtime_tools/lib:/home/tejaswini/ros2_ws/install/controller_manager_msgs/lib:/home/tejaswini/ros2_ws/install/control_msgs/lib:/usr/lib/x86_64-linux-gnu/gazebo-11/plugins:/opt/ros/humble/opt/rviz_ogre_vendor/lib:/opt/ros/humble/lib/x86_64-linux-gnu:/opt/ros/humble/lib:/usr/lib/x86_64-linux-gnu/gazebo-11/plugins PYTHONPATH=/home/tejaswini/ros2_ws/install/controller_manager/local/lib/python3.10/dist-packages:/home/tejaswini/ros2_ws/install/controller_manager_msgs/local/lib/python3.10/dist-packages:/home/tejaswini/ros2_ws/install/control_msgs/local/lib/python3.10/dist-packages:${PYTHONPATH} /usr/bin/cmake --build /home/tejaswini/ros2_ws/build/position_controllers -- -j16 -l16
[43.336s] Invoking command in '/home/tejaswini/ros2_ws/build/position_controllers': AMENT_PREFIX_PATH=/home/tejaswini/ros2_ws/install/forward_command_controller:/home/tejaswini/ros2_ws/install/controller_manager:/home/tejaswini/ros2_ws/install/hardware_interface_testing:/home/tejaswini/ros2_ws/install/controller_interface:/home/tejaswini/ros2_ws/install/hardware_interface:/home/tejaswini/ros2_ws/install/ros2_control_test_assets:/home/tejaswini/ros2_ws/install/realtime_tools:/home/tejaswini/ros2_ws/install/controller_manager_msgs:/home/tejaswini/ros2_ws/install/control_msgs:${AMENT_PREFIX_PATH} CMAKE_PREFIX_PATH=/home/tejaswini/ros2_ws/install/forward_command_controller:/home/tejaswini/ros2_ws/install/controller_manager:/home/tejaswini/ros2_ws/install/hardware_interface_testing:/home/tejaswini/ros2_ws/install/controller_interface:/home/tejaswini/ros2_ws/install/hardware_interface:/home/tejaswini/ros2_ws/install/ros2_control_test_assets:/home/tejaswini/ros2_ws/install/realtime_tools:/home/tejaswini/ros2_ws/install/controller_manager_msgs:/home/tejaswini/ros2_ws/install/control_msgs:/home/tejaswini/ros2_ws/install/task1_pkg:/opt/ros/humble LD_LIBRARY_PATH=/home/tejaswini/ros2_ws/install/forward_command_controller/lib:/home/tejaswini/ros2_ws/install/controller_manager/lib:/home/tejaswini/ros2_ws/install/hardware_interface_testing/lib:/home/tejaswini/ros2_ws/install/controller_interface/lib:/home/tejaswini/ros2_ws/install/hardware_interface/lib:/home/tejaswini/ros2_ws/install/realtime_tools/lib:/home/tejaswini/ros2_ws/install/controller_manager_msgs/lib:/home/tejaswini/ros2_ws/install/control_msgs/lib:/usr/lib/x86_64-linux-gnu/gazebo-11/plugins:/opt/ros/humble/opt/rviz_ogre_vendor/lib:/opt/ros/humble/lib/x86_64-linux-gnu:/opt/ros/humble/lib:/usr/lib/x86_64-linux-gnu/gazebo-11/plugins PYTHONPATH=/home/tejaswini/ros2_ws/install/controller_manager/local/lib/python3.10/dist-packages:/home/tejaswini/ros2_ws/install/controller_manager_msgs/local/lib/python3.10/dist-packages:/home/tejaswini/ros2_ws/install/control_msgs/local/lib/python3.10/dist-packages:${PYTHONPATH} /usr/bin/cmake --install /home/tejaswini/ros2_ws/build/position_controllers
[43.345s] -- Install configuration: ""
[43.346s] -- Execute custom install script
[43.346s] -- Symlinking: /home/tejaswini/ros2_ws/install/position_controllers/share/position_controllers//position_controllers_plugins.xml
[43.359s] -- Symlinking: /home/tejaswini/ros2_ws/install/position_controllers/include/position_controllers/position_controllers/joint_group_position_controller.hpp
[43.375s] -- Symlinking: /home/tejaswini/ros2_ws/install/position_controllers/include/position_controllers/position_controllers/visibility_control.h
[43.388s] -- Symlinking: /home/tejaswini/ros2_ws/install/position_controllers/share/position_controllers/environment/library_path.sh
[43.409s] -- Symlinking: /home/tejaswini/ros2_ws/install/position_controllers/share/position_controllers/environment/library_path.dsv
[43.424s] -- Symlinking: /home/tejaswini/ros2_ws/install/position_controllers/share/ament_index/resource_index/package_run_dependencies/position_controllers
[43.448s] -- Symlinking: /home/tejaswini/ros2_ws/install/position_controllers/share/ament_index/resource_index/parent_prefix_path/position_controllers
[43.461s] -- Symlinking: /home/tejaswini/ros2_ws/install/position_controllers/share/position_controllers/environment/ament_prefix_path.sh
[43.477s] -- Symlinking: /home/tejaswini/ros2_ws/install/position_controllers/share/position_controllers/environment/ament_prefix_path.dsv
[43.489s] -- Symlinking: /home/tejaswini/ros2_ws/install/position_controllers/share/position_controllers/environment/path.sh
[43.511s] -- Symlinking: /home/tejaswini/ros2_ws/install/position_controllers/share/position_controllers/environment/path.dsv
[43.522s] -- Symlinking: /home/tejaswini/ros2_ws/install/position_controllers/share/position_controllers/local_setup.bash
[43.537s] -- Symlinking: /home/tejaswini/ros2_ws/install/position_controllers/share/position_controllers/local_setup.sh
[43.566s] -- Symlinking: /home/tejaswini/ros2_ws/install/position_controllers/share/position_controllers/local_setup.zsh
[43.591s] -- Symlinking: /home/tejaswini/ros2_ws/install/position_controllers/share/position_controllers/local_setup.dsv
[43.601s] -- Symlinking: /home/tejaswini/ros2_ws/install/position_controllers/share/position_controllers/package.dsv
[43.615s] -- Symlinking: /home/tejaswini/ros2_ws/install/position_controllers/share/ament_index/resource_index/packages/position_controllers
[43.629s] -- Symlinking: /home/tejaswini/ros2_ws/install/position_controllers/share/ament_index/resource_index/controller_interface__pluginlib__plugin/position_controllers
[43.644s] -- Symlinking: /home/tejaswini/ros2_ws/install/position_controllers/share/position_controllers/cmake/ament_cmake_export_targets-extras.cmake
[43.658s] -- Symlinking: /home/tejaswini/ros2_ws/install/position_controllers/share/position_controllers/cmake/ament_cmake_export_dependencies-extras.cmake
[43.675s] -- Symlinking: /home/tejaswini/ros2_ws/install/position_controllers/share/position_controllers/cmake/position_controllersConfig.cmake
[43.691s] -- Symlinking: /home/tejaswini/ros2_ws/install/position_controllers/share/position_controllers/cmake/position_controllersConfig-version.cmake
[43.707s] -- Symlinking: /home/tejaswini/ros2_ws/install/position_controllers/share/position_controllers/package.xml
[43.719s] -- Installing: /home/tejaswini/ros2_ws/install/position_controllers/lib/libposition_controllers.so
[43.720s] -- Set runtime path of "/home/tejaswini/ros2_ws/install/position_controllers/lib/libposition_controllers.so" to ""
[43.720s] -- Installing: /home/tejaswini/ros2_ws/install/position_controllers/share/position_controllers/cmake/export_position_controllersExport.cmake
[43.720s] -- Installing: /home/tejaswini/ros2_ws/install/position_controllers/share/position_controllers/cmake/export_position_controllersExport-noconfig.cmake
[43.726s] Invoked command in '/home/tejaswini/ros2_ws/build/position_controllers' returned '0': AMENT_PREFIX_PATH=/home/tejaswini/ros2_ws/install/forward_command_controller:/home/tejaswini/ros2_ws/install/controller_manager:/home/tejaswini/ros2_ws/install/hardware_interface_testing:/home/tejaswini/ros2_ws/install/controller_interface:/home/tejaswini/ros2_ws/install/hardware_interface:/home/tejaswini/ros2_ws/install/ros2_control_test_assets:/home/tejaswini/ros2_ws/install/realtime_tools:/home/tejaswini/ros2_ws/install/controller_manager_msgs:/home/tejaswini/ros2_ws/install/control_msgs:${AMENT_PREFIX_PATH} CMAKE_PREFIX_PATH=/home/tejaswini/ros2_ws/install/forward_command_controller:/home/tejaswini/ros2_ws/install/controller_manager:/home/tejaswini/ros2_ws/install/hardware_interface_testing:/home/tejaswini/ros2_ws/install/controller_interface:/home/tejaswini/ros2_ws/install/hardware_interface:/home/tejaswini/ros2_ws/install/ros2_control_test_assets:/home/tejaswini/ros2_ws/install/realtime_tools:/home/tejaswini/ros2_ws/install/controller_manager_msgs:/home/tejaswini/ros2_ws/install/control_msgs:/home/tejaswini/ros2_ws/install/task1_pkg:/opt/ros/humble LD_LIBRARY_PATH=/home/tejaswini/ros2_ws/install/forward_command_controller/lib:/home/tejaswini/ros2_ws/install/controller_manager/lib:/home/tejaswini/ros2_ws/install/hardware_interface_testing/lib:/home/tejaswini/ros2_ws/install/controller_interface/lib:/home/tejaswini/ros2_ws/install/hardware_interface/lib:/home/tejaswini/ros2_ws/install/realtime_tools/lib:/home/tejaswini/ros2_ws/install/controller_manager_msgs/lib:/home/tejaswini/ros2_ws/install/control_msgs/lib:/usr/lib/x86_64-linux-gnu/gazebo-11/plugins:/opt/ros/humble/opt/rviz_ogre_vendor/lib:/opt/ros/humble/lib/x86_64-linux-gnu:/opt/ros/humble/lib:/usr/lib/x86_64-linux-gnu/gazebo-11/plugins PYTHONPATH=/home/tejaswini/ros2_ws/install/controller_manager/local/lib/python3.10/dist-packages:/home/tejaswini/ros2_ws/install/controller_manager_msgs/local/lib/python3.10/dist-packages:/home/tejaswini/ros2_ws/install/control_msgs/local/lib/python3.10/dist-packages:${PYTHONPATH} /usr/bin/cmake --install /home/tejaswini/ros2_ws/build/position_controllers
