[0.312s] Invoking command in '/home/tejaswini/ros2_ws/build/kinematics_interface': CMAKE_PREFIX_PATH=${CMAKE_PREFIX_PATH}:/home/tejaswini/ros2_ws/install/task1_pkg:/home/tejaswini/ros2_ws/install/rqt_joint_trajectory_controller:/home/tejaswini/ros2_ws/install/rqt_controller_manager:/home/tejaswini/ros2_ws/install/ros2controlcli:/home/tejaswini/ros2_ws/install/ros2_controllers_test_nodes:/home/tejaswini/ros2_ws/install/ros2_control_demo_testing:/opt/ros/humble /usr/bin/cmake /home/tejaswini/ros2_ws/src/ros-controls/kinematics_interface/kinematics_interface -DCMAKE_INSTALL_PREFIX=/home/tejaswini/ros2_ws/install/kinematics_interface
[0.322s] -- Found ament_cmake: 1.3.11 (/opt/ros/humble/share/ament_cmake/cmake)
[0.434s] -- Override CMake install command with custom implementation using symlinks instead of copying resources
[0.437s] -- Found rclcpp: 16.0.11 (/opt/ros/humble/share/rclcpp/cmake)
[0.457s] -- Found rosidl_generator_c: 3.1.6 (/opt/ros/humble/share/rosidl_generator_c/cmake)
[0.458s] -- Found rosidl_adapter: 3.1.6 (/opt/ros/humble/share/rosidl_adapter/cmake)
[0.462s] -- Found rosidl_generator_cpp: 3.1.6 (/opt/ros/humble/share/rosidl_generator_cpp/cmake)
[0.469s] -- Using all available rosidl_typesupport_c: rosidl_typesupport_fastrtps_c;rosidl_typesupport_introspection_c
[0.479s] -- Using all available rosidl_typesupport_cpp: rosidl_typesupport_fastrtps_cpp;rosidl_typesupport_introspection_cpp
[0.502s] -- Found rmw_implementation_cmake: 6.1.2 (/opt/ros/humble/share/rmw_implementation_cmake/cmake)
[0.504s] -- Found rmw_fastrtps_cpp: 6.2.7 (/opt/ros/humble/share/rmw_fastrtps_cpp/cmake)
[0.590s] -- Using RMW implementation 'rmw_fastrtps_cpp' as default
[0.622s] -- Found rclcpp_lifecycle: 16.0.11 (/opt/ros/humble/share/rclcpp_lifecycle/cmake)
[0.703s] -- Configuring done
[0.714s] -- Generating done
[0.716s] -- Build files have been written to: /home/tejaswini/ros2_ws/build/kinematics_interface
[0.722s] Invoked command in '/home/tejaswini/ros2_ws/build/kinematics_interface' returned '0': CMAKE_PREFIX_PATH=${CMAKE_PREFIX_PATH}:/home/tejaswini/ros2_ws/install/task1_pkg:/home/tejaswini/ros2_ws/install/rqt_joint_trajectory_controller:/home/tejaswini/ros2_ws/install/rqt_controller_manager:/home/tejaswini/ros2_ws/install/ros2controlcli:/home/tejaswini/ros2_ws/install/ros2_controllers_test_nodes:/home/tejaswini/ros2_ws/install/ros2_control_demo_testing:/opt/ros/humble /usr/bin/cmake /home/tejaswini/ros2_ws/src/ros-controls/kinematics_interface/kinematics_interface -DCMAKE_INSTALL_PREFIX=/home/tejaswini/ros2_ws/install/kinematics_interface
[0.724s] Invoking command in '/home/tejaswini/ros2_ws/build/kinematics_interface': CMAKE_PREFIX_PATH=${CMAKE_PREFIX_PATH}:/home/tejaswini/ros2_ws/install/task1_pkg:/home/tejaswini/ros2_ws/install/rqt_joint_trajectory_controller:/home/tejaswini/ros2_ws/install/rqt_controller_manager:/home/tejaswini/ros2_ws/install/ros2controlcli:/home/tejaswini/ros2_ws/install/ros2_controllers_test_nodes:/home/tejaswini/ros2_ws/install/ros2_control_demo_testing:/opt/ros/humble /usr/bin/cmake --build /home/tejaswini/ros2_ws/build/kinematics_interface -- -j16 -l16
[0.782s] [35m[1mConsolidate compiler generated dependencies of target kinematics_interface[0m
[0.805s] [100%] Built target kinematics_interface
[0.820s] Invoked command in '/home/tejaswini/ros2_ws/build/kinematics_interface' returned '0': CMAKE_PREFIX_PATH=${CMAKE_PREFIX_PATH}:/home/tejaswini/ros2_ws/install/task1_pkg:/home/tejaswini/ros2_ws/install/rqt_joint_trajectory_controller:/home/tejaswini/ros2_ws/install/rqt_controller_manager:/home/tejaswini/ros2_ws/install/ros2controlcli:/home/tejaswini/ros2_ws/install/ros2_controllers_test_nodes:/home/tejaswini/ros2_ws/install/ros2_control_demo_testing:/opt/ros/humble /usr/bin/cmake --build /home/tejaswini/ros2_ws/build/kinematics_interface -- -j16 -l16
[0.821s] Invoking command in '/home/tejaswini/ros2_ws/build/kinematics_interface': CMAKE_PREFIX_PATH=${CMAKE_PREFIX_PATH}:/home/tejaswini/ros2_ws/install/task1_pkg:/home/tejaswini/ros2_ws/install/rqt_joint_trajectory_controller:/home/tejaswini/ros2_ws/install/rqt_controller_manager:/home/tejaswini/ros2_ws/install/ros2controlcli:/home/tejaswini/ros2_ws/install/ros2_controllers_test_nodes:/home/tejaswini/ros2_ws/install/ros2_control_demo_testing:/opt/ros/humble /usr/bin/cmake --install /home/tejaswini/ros2_ws/build/kinematics_interface
[0.831s] -- Install configuration: ""
[0.831s] -- Execute custom install script
[0.831s] -- Up-to-date symlink: /home/tejaswini/ros2_ws/install/kinematics_interface/include/kinematics_interface/kinematics_interface/kinematics_interface.hpp
[0.832s] -- Up-to-date symlink: /home/tejaswini/ros2_ws/install/kinematics_interface/include/kinematics_interface/kinematics_interface/visibility_control.h
[0.832s] -- Up-to-date symlink: /home/tejaswini/ros2_ws/install/kinematics_interface/share/kinematics_interface/environment/library_path.sh
[0.832s] -- Up-to-date symlink: /home/tejaswini/ros2_ws/install/kinematics_interface/share/kinematics_interface/environment/library_path.dsv
[0.832s] -- Up-to-date symlink: /home/tejaswini/ros2_ws/install/kinematics_interface/share/ament_index/resource_index/package_run_dependencies/kinematics_interface
[0.832s] -- Up-to-date symlink: /home/tejaswini/ros2_ws/install/kinematics_interface/share/ament_index/resource_index/parent_prefix_path/kinematics_interface
[0.832s] -- Up-to-date symlink: /home/tejaswini/ros2_ws/install/kinematics_interface/share/kinematics_interface/environment/ament_prefix_path.sh
[0.832s] -- Up-to-date symlink: /home/tejaswini/ros2_ws/install/kinematics_interface/share/kinematics_interface/environment/ament_prefix_path.dsv
[0.832s] -- Up-to-date symlink: /home/tejaswini/ros2_ws/install/kinematics_interface/share/kinematics_interface/environment/path.sh
[0.832s] -- Up-to-date symlink: /home/tejaswini/ros2_ws/install/kinematics_interface/share/kinematics_interface/environment/path.dsv
[0.832s] -- Up-to-date symlink: /home/tejaswini/ros2_ws/install/kinematics_interface/share/kinematics_interface/local_setup.bash
[0.833s] -- Up-to-date symlink: /home/tejaswini/ros2_ws/install/kinematics_interface/share/kinematics_interface/local_setup.sh
[0.833s] -- Up-to-date symlink: /home/tejaswini/ros2_ws/install/kinematics_interface/share/kinematics_interface/local_setup.zsh
[0.833s] -- Up-to-date symlink: /home/tejaswini/ros2_ws/install/kinematics_interface/share/kinematics_interface/local_setup.dsv
[0.833s] -- Symlinking: /home/tejaswini/ros2_ws/install/kinematics_interface/share/kinematics_interface/package.dsv
[0.840s] -- Up-to-date symlink: /home/tejaswini/ros2_ws/install/kinematics_interface/share/ament_index/resource_index/packages/kinematics_interface
[0.840s] -- Up-to-date symlink: /home/tejaswini/ros2_ws/install/kinematics_interface/share/kinematics_interface/cmake/ament_cmake_export_targets-extras.cmake
[0.841s] -- Up-to-date symlink: /home/tejaswini/ros2_ws/install/kinematics_interface/share/kinematics_interface/cmake/ament_cmake_export_dependencies-extras.cmake
[0.841s] -- Up-to-date symlink: /home/tejaswini/ros2_ws/install/kinematics_interface/share/kinematics_interface/cmake/kinematics_interfaceConfig.cmake
[0.841s] -- Up-to-date symlink: /home/tejaswini/ros2_ws/install/kinematics_interface/share/kinematics_interface/cmake/kinematics_interfaceConfig-version.cmake
[0.841s] -- Up-to-date symlink: /home/tejaswini/ros2_ws/install/kinematics_interface/share/kinematics_interface/package.xml
[0.841s] -- Up-to-date: /home/tejaswini/ros2_ws/install/kinematics_interface/lib/libkinematics_interface.so
[0.841s] -- Up-to-date: /home/tejaswini/ros2_ws/install/kinematics_interface/share/kinematics_interface/cmake/export_kinematics_interfaceExport.cmake
[0.841s] -- Up-to-date: /home/tejaswini/ros2_ws/install/kinematics_interface/share/kinematics_interface/cmake/export_kinematics_interfaceExport-noconfig.cmake
[0.844s] Invoked command in '/home/tejaswini/ros2_ws/build/kinematics_interface' returned '0': CMAKE_PREFIX_PATH=${CMAKE_PREFIX_PATH}:/home/tejaswini/ros2_ws/install/task1_pkg:/home/tejaswini/ros2_ws/install/rqt_joint_trajectory_controller:/home/tejaswini/ros2_ws/install/rqt_controller_manager:/home/tejaswini/ros2_ws/install/ros2controlcli:/home/tejaswini/ros2_ws/install/ros2_controllers_test_nodes:/home/tejaswini/ros2_ws/install/ros2_control_demo_testing:/opt/ros/humble /usr/bin/cmake --install /home/tejaswini/ros2_ws/build/kinematics_interface
