[0.030s] Invoking command in '/home/tejaswini/ros2_ws/build/realtime_tools': CMAKE_PREFIX_PATH=${CMAKE_PREFIX_PATH}:/home/tejaswini/ros2_ws/install/task1_pkg:/home/tejaswini/ros2_ws/install/rqt_joint_trajectory_controller:/home/tejaswini/ros2_ws/install/rqt_controller_manager:/home/tejaswini/ros2_ws/install/ros2controlcli:/home/tejaswini/ros2_ws/install/ros2_controllers_test_nodes:/home/tejaswini/ros2_ws/install/ros2_control_demo_testing:/opt/ros/humble /usr/bin/cmake /home/tejaswini/ros2_ws/src/ros-controls/realtime_tools -DCMAKE_INSTALL_PREFIX=/home/tejaswini/ros2_ws/install/realtime_tools
[0.331s] -- Found ament_cmake: 1.3.11 (/opt/ros/humble/share/ament_cmake/cmake)
[0.331s] -- Override CMake install command with custom implementation using symlinks instead of copying resources
[0.331s] -- Found rclcpp: 16.0.11 (/opt/ros/humble/share/rclcpp/cmake)
[0.331s] -- Found rosidl_generator_c: 3.1.6 (/opt/ros/humble/share/rosidl_generator_c/cmake)
[0.331s] -- Found rosidl_adapter: 3.1.6 (/opt/ros/humble/share/rosidl_adapter/cmake)
[0.332s] -- Found rosidl_generator_cpp: 3.1.6 (/opt/ros/humble/share/rosidl_generator_cpp/cmake)
[0.332s] -- Using all available rosidl_typesupport_c: rosidl_typesupport_fastrtps_c;rosidl_typesupport_introspection_c
[0.333s] -- Using all available rosidl_typesupport_cpp: rosidl_typesupport_fastrtps_cpp;rosidl_typesupport_introspection_cpp
[0.333s] -- Found rmw_implementation_cmake: 6.1.2 (/opt/ros/humble/share/rmw_implementation_cmake/cmake)
[0.333s] -- Found rmw_fastrtps_cpp: 6.2.7 (/opt/ros/humble/share/rmw_fastrtps_cpp/cmake)
[0.333s] -- Using RMW implementation 'rmw_fastrtps_cpp' as default
[0.357s] -- Found rclcpp_action: 16.0.11 (/opt/ros/humble/share/rclcpp_action/cmake)
[0.410s] -- Found ament_cmake_gmock: 1.3.11 (/opt/ros/humble/share/ament_cmake_gmock/cmake)
[0.410s] -- Found lifecycle_msgs: 1.2.1 (/opt/ros/humble/share/lifecycle_msgs/cmake)
[0.421s] -- Found rclcpp_lifecycle: 16.0.11 (/opt/ros/humble/share/rclcpp_lifecycle/cmake)
[0.430s] -- Found test_msgs: 1.2.1 (/opt/ros/humble/share/test_msgs/cmake)
[0.448s] -- Found gmock sources under '/opt/ros/humble/src/gmock_vendor': C++ tests using 'Google Mock' will be built
[0.450s] -- Found ament_cmake_gtest: 1.3.11 (/opt/ros/humble/share/ament_cmake_gtest/cmake)
[0.450s] -- Found gtest sources under '/opt/ros/humble/src/gtest_vendor': C++ tests using 'Google Test' will be built
[0.515s] -- Configuring done
[0.564s] -- Generating done
[0.585s] -- Build files have been written to: /home/tejaswini/ros2_ws/build/realtime_tools
[0.595s] Invoked command in '/home/tejaswini/ros2_ws/build/realtime_tools' returned '0': CMAKE_PREFIX_PATH=${CMAKE_PREFIX_PATH}:/home/tejaswini/ros2_ws/install/task1_pkg:/home/tejaswini/ros2_ws/install/rqt_joint_trajectory_controller:/home/tejaswini/ros2_ws/install/rqt_controller_manager:/home/tejaswini/ros2_ws/install/ros2controlcli:/home/tejaswini/ros2_ws/install/ros2_controllers_test_nodes:/home/tejaswini/ros2_ws/install/ros2_control_demo_testing:/opt/ros/humble /usr/bin/cmake /home/tejaswini/ros2_ws/src/ros-controls/realtime_tools -DCMAKE_INSTALL_PREFIX=/home/tejaswini/ros2_ws/install/realtime_tools
[0.596s] Invoking command in '/home/tejaswini/ros2_ws/build/realtime_tools': CMAKE_PREFIX_PATH=${CMAKE_PREFIX_PATH}:/home/tejaswini/ros2_ws/install/task1_pkg:/home/tejaswini/ros2_ws/install/rqt_joint_trajectory_controller:/home/tejaswini/ros2_ws/install/rqt_controller_manager:/home/tejaswini/ros2_ws/install/ros2controlcli:/home/tejaswini/ros2_ws/install/ros2_controllers_test_nodes:/home/tejaswini/ros2_ws/install/ros2_control_demo_testing:/opt/ros/humble /usr/bin/cmake --build /home/tejaswini/ros2_ws/build/realtime_tools -- -j16 -l16
[0.655s] [35m[1mConsolidate compiler generated dependencies of target gmock[0m
[0.657s] [35m[1mConsolidate compiler generated dependencies of target gmock_main[0m
[0.659s] [35m[1mConsolidate compiler generated dependencies of target realtime_tools[0m
[0.660s] [35m[1mConsolidate compiler generated dependencies of target thread_priority[0m
[0.668s] [ 11%] Built target gmock
[0.672s] [ 19%] Built target thread_priority
[0.677s] [ 38%] Built target realtime_tools
[0.677s] [ 38%] Built target gmock_main
[0.690s] [35m[1mConsolidate compiler generated dependencies of target realtime_clock_tests[0m
[0.692s] [35m[1mConsolidate compiler generated dependencies of target realtime_publisher_tests[0m
[0.693s] [35m[1mConsolidate compiler generated dependencies of target realtime_publisher_tests_non_polling[0m
[0.694s] [35m[1mConsolidate compiler generated dependencies of target realtime_buffer_tests[0m
[0.694s] [35m[1mConsolidate compiler generated dependencies of target thread_priority_tests[0m
[0.694s] [35m[1mConsolidate compiler generated dependencies of target realtime_box_tests[0m
[0.695s] [35m[1mConsolidate compiler generated dependencies of target realtime_server_goal_handle_tests[0m
[0.696s] [35m[1mConsolidate compiler generated dependencies of target test_async_function_handler[0m
[0.708s] [ 46%] Built target realtime_clock_tests
[0.709s] [ 53%] Built target realtime_publisher_tests
[0.710s] [ 61%] Built target realtime_publisher_tests_non_polling
[0.711s] [ 69%] Built target thread_priority_tests
[0.714s] [ 76%] Built target realtime_server_goal_handle_tests
[0.714s] [ 92%] Built target realtime_box_tests
[0.714s] [ 92%] Built target realtime_buffer_tests
[0.719s] [100%] Built target test_async_function_handler
[0.731s] Invoked command in '/home/tejaswini/ros2_ws/build/realtime_tools' returned '0': CMAKE_PREFIX_PATH=${CMAKE_PREFIX_PATH}:/home/tejaswini/ros2_ws/install/task1_pkg:/home/tejaswini/ros2_ws/install/rqt_joint_trajectory_controller:/home/tejaswini/ros2_ws/install/rqt_controller_manager:/home/tejaswini/ros2_ws/install/ros2controlcli:/home/tejaswini/ros2_ws/install/ros2_controllers_test_nodes:/home/tejaswini/ros2_ws/install/ros2_control_demo_testing:/opt/ros/humble /usr/bin/cmake --build /home/tejaswini/ros2_ws/build/realtime_tools -- -j16 -l16
[0.733s] Invoking command in '/home/tejaswini/ros2_ws/build/realtime_tools': CMAKE_PREFIX_PATH=${CMAKE_PREFIX_PATH}:/home/tejaswini/ros2_ws/install/task1_pkg:/home/tejaswini/ros2_ws/install/rqt_joint_trajectory_controller:/home/tejaswini/ros2_ws/install/rqt_controller_manager:/home/tejaswini/ros2_ws/install/ros2controlcli:/home/tejaswini/ros2_ws/install/ros2_controllers_test_nodes:/home/tejaswini/ros2_ws/install/ros2_control_demo_testing:/opt/ros/humble /usr/bin/cmake --install /home/tejaswini/ros2_ws/build/realtime_tools
[0.741s] -- Install configuration: ""
[0.741s] -- Execute custom install script
[0.742s] -- Up-to-date symlink: /home/tejaswini/ros2_ws/install/realtime_tools/include/realtime_tools/realtime_tools/async_function_handler.hpp
[0.742s] -- Up-to-date symlink: /home/tejaswini/ros2_ws/install/realtime_tools/include/realtime_tools/realtime_tools/realtime_box.h
[0.742s] -- Up-to-date symlink: /home/tejaswini/ros2_ws/install/realtime_tools/include/realtime_tools/realtime_tools/realtime_box.hpp
[0.742s] -- Up-to-date symlink: /home/tejaswini/ros2_ws/install/realtime_tools/include/realtime_tools/realtime_tools/realtime_box_best_effort.h
[0.742s] -- Up-to-date symlink: /home/tejaswini/ros2_ws/install/realtime_tools/include/realtime_tools/realtime_tools/realtime_buffer.h
[0.742s] -- Up-to-date symlink: /home/tejaswini/ros2_ws/install/realtime_tools/include/realtime_tools/realtime_tools/realtime_buffer.hpp
[0.743s] -- Up-to-date symlink: /home/tejaswini/ros2_ws/install/realtime_tools/include/realtime_tools/realtime_tools/realtime_clock.h
[0.743s] -- Up-to-date symlink: /home/tejaswini/ros2_ws/install/realtime_tools/include/realtime_tools/realtime_tools/realtime_clock.hpp
[0.743s] -- Up-to-date symlink: /home/tejaswini/ros2_ws/install/realtime_tools/include/realtime_tools/realtime_tools/realtime_helpers.hpp
[0.743s] -- Up-to-date symlink: /home/tejaswini/ros2_ws/install/realtime_tools/include/realtime_tools/realtime_tools/realtime_publisher.h
[0.743s] -- Up-to-date symlink: /home/tejaswini/ros2_ws/install/realtime_tools/include/realtime_tools/realtime_tools/realtime_publisher.hpp
[0.743s] -- Up-to-date symlink: /home/tejaswini/ros2_ws/install/realtime_tools/include/realtime_tools/realtime_tools/realtime_server_goal_handle.h
[0.744s] -- Up-to-date symlink: /home/tejaswini/ros2_ws/install/realtime_tools/include/realtime_tools/realtime_tools/realtime_server_goal_handle.hpp
[0.744s] -- Up-to-date symlink: /home/tejaswini/ros2_ws/install/realtime_tools/include/realtime_tools/realtime_tools/thread_priority.hpp
[0.744s] -- Up-to-date symlink: /home/tejaswini/ros2_ws/install/realtime_tools/share/realtime_tools/environment/library_path.sh
[0.745s] -- Up-to-date symlink: /home/tejaswini/ros2_ws/install/realtime_tools/share/realtime_tools/environment/library_path.dsv
[0.745s] -- Up-to-date symlink: /home/tejaswini/ros2_ws/install/realtime_tools/share/ament_index/resource_index/package_run_dependencies/realtime_tools
[0.745s] -- Up-to-date symlink: /home/tejaswini/ros2_ws/install/realtime_tools/share/ament_index/resource_index/parent_prefix_path/realtime_tools
[0.745s] -- Up-to-date symlink: /home/tejaswini/ros2_ws/install/realtime_tools/share/realtime_tools/environment/ament_prefix_path.sh
[0.745s] -- Up-to-date symlink: /home/tejaswini/ros2_ws/install/realtime_tools/share/realtime_tools/environment/ament_prefix_path.dsv
[0.745s] -- Up-to-date symlink: /home/tejaswini/ros2_ws/install/realtime_tools/share/realtime_tools/environment/path.sh
[0.745s] -- Up-to-date symlink: /home/tejaswini/ros2_ws/install/realtime_tools/share/realtime_tools/environment/path.dsv
[0.745s] -- Up-to-date symlink: /home/tejaswini/ros2_ws/install/realtime_tools/share/realtime_tools/local_setup.bash
[0.745s] -- Up-to-date symlink: /home/tejaswini/ros2_ws/install/realtime_tools/share/realtime_tools/local_setup.sh
[0.745s] -- Up-to-date symlink: /home/tejaswini/ros2_ws/install/realtime_tools/share/realtime_tools/local_setup.zsh
[0.746s] -- Up-to-date symlink: /home/tejaswini/ros2_ws/install/realtime_tools/share/realtime_tools/local_setup.dsv
[0.746s] -- Symlinking: /home/tejaswini/ros2_ws/install/realtime_tools/share/realtime_tools/package.dsv
[0.757s] -- Up-to-date symlink: /home/tejaswini/ros2_ws/install/realtime_tools/share/ament_index/resource_index/packages/realtime_tools
[0.757s] -- Up-to-date symlink: /home/tejaswini/ros2_ws/install/realtime_tools/share/realtime_tools/cmake/ament_cmake_export_targets-extras.cmake
[0.758s] -- Up-to-date symlink: /home/tejaswini/ros2_ws/install/realtime_tools/share/realtime_tools/cmake/ament_cmake_export_dependencies-extras.cmake
[0.758s] -- Up-to-date symlink: /home/tejaswini/ros2_ws/install/realtime_tools/share/realtime_tools/cmake/realtime_toolsConfig.cmake
[0.758s] -- Up-to-date symlink: /home/tejaswini/ros2_ws/install/realtime_tools/share/realtime_tools/cmake/realtime_toolsConfig-version.cmake
[0.758s] -- Up-to-date symlink: /home/tejaswini/ros2_ws/install/realtime_tools/share/realtime_tools/package.xml
[0.758s] -- Up-to-date: /home/tejaswini/ros2_ws/install/realtime_tools/lib/librealtime_tools.so
[0.758s] -- Up-to-date: /home/tejaswini/ros2_ws/install/realtime_tools/lib/libthread_priority.so
[0.758s] -- Up-to-date: /home/tejaswini/ros2_ws/install/realtime_tools/share/realtime_tools/cmake/export_realtime_toolsExport.cmake
[0.759s] -- Up-to-date: /home/tejaswini/ros2_ws/install/realtime_tools/share/realtime_tools/cmake/export_realtime_toolsExport-noconfig.cmake
[0.761s] Invoked command in '/home/tejaswini/ros2_ws/build/realtime_tools' returned '0': CMAKE_PREFIX_PATH=${CMAKE_PREFIX_PATH}:/home/tejaswini/ros2_ws/install/task1_pkg:/home/tejaswini/ros2_ws/install/rqt_joint_trajectory_controller:/home/tejaswini/ros2_ws/install/rqt_controller_manager:/home/tejaswini/ros2_ws/install/ros2controlcli:/home/tejaswini/ros2_ws/install/ros2_controllers_test_nodes:/home/tejaswini/ros2_ws/install/ros2_control_demo_testing:/opt/ros/humble /usr/bin/cmake --install /home/tejaswini/ros2_ws/build/realtime_tools
