running egg_info
writing ../../build/task1_pkg/task1_pkg.egg-info/PKG-INFO
writing dependency_links to ../../build/task1_pkg/task1_pkg.egg-info/dependency_links.txt
writing entry points to ../../build/task1_pkg/task1_pkg.egg-info/entry_points.txt
writing requirements to ../../build/task1_pkg/task1_pkg.egg-info/requires.txt
writing top-level names to ../../build/task1_pkg/task1_pkg.egg-info/top_level.txt
reading manifest file '../../build/task1_pkg/task1_pkg.egg-info/SOURCES.txt'
writing manifest file '../../build/task1_pkg/task1_pkg.egg-info/SOURCES.txt'
running build
running build_py
copying task1_pkg/controller.py -> /home/tejaswini/ros2_ws/build/task1_pkg/build/lib/task1_pkg
running install
running install_lib
copying /home/tejaswini/ros2_ws/build/task1_pkg/build/lib/task1_pkg/controller.py -> /home/tejaswini/ros2_ws/install/task1_pkg/lib/python3.10/site-packages/task1_pkg
byte-compiling /home/tejaswini/ros2_ws/install/task1_pkg/lib/python3.10/site-packages/task1_pkg/controller.py to controller.cpython-310.pyc
Sorry: IndentationError: expected an indented block after 'if' statement on line 80 (controller.py, line 81)
running install_data
running install_egg_info
removing '/home/tejaswini/ros2_ws/install/task1_pkg/lib/python3.10/site-packages/task1_pkg-0.0.0-py3.10.egg-info' (and everything under it)
Copying ../../build/task1_pkg/task1_pkg.egg-info to /home/tejaswini/ros2_ws/install/task1_pkg/lib/python3.10/site-packages/task1_pkg-0.0.0-py3.10.egg-info
running install_scripts
Installing controller script to /home/tejaswini/ros2_ws/install/task1_pkg/lib/task1_pkg
writing list of installed files to '/home/tejaswini/ros2_ws/build/task1_pkg/install.log'
