[0.861s] Invoking command in '/home/tejaswini/ros2_ws/build/gazebo_ros2_control': AMENT_PREFIX_PATH=/home/tejaswini/ros2_ws/install/controller_manager:/home/tejaswini/ros2_ws/install/hardware_interface_testing:/home/tejaswini/ros2_ws/install/controller_interface:/home/tejaswini/ros2_ws/install/hardware_interface:/home/tejaswini/ros2_ws/install/control_toolbox:/home/tejaswini/ros2_ws/install/ros2_control_test_assets:/home/tejaswini/ros2_ws/install/realtime_tools:/home/tejaswini/ros2_ws/install/controller_manager_msgs:/home/tejaswini/ros2_ws/install/control_msgs:${AMENT_PREFIX_PATH} CMAKE_PREFIX_PATH=/home/tejaswini/ros2_ws/install/controller_manager:/home/tejaswini/ros2_ws/install/hardware_interface_testing:/home/tejaswini/ros2_ws/install/controller_interface:/home/tejaswini/ros2_ws/install/hardware_interface:/home/tejaswini/ros2_ws/install/control_toolbox:/home/tejaswini/ros2_ws/install/ros2_control_test_assets:/home/tejaswini/ros2_ws/install/realtime_tools:/home/tejaswini/ros2_ws/install/controller_manager_msgs:/home/tejaswini/ros2_ws/install/control_msgs:/home/tejaswini/ros2_ws/install/task1_pkg:/opt/ros/humble LD_LIBRARY_PATH=/home/tejaswini/ros2_ws/install/controller_manager/lib:/home/tejaswini/ros2_ws/install/hardware_interface_testing/lib:/home/tejaswini/ros2_ws/install/controller_interface/lib:/home/tejaswini/ros2_ws/install/hardware_interface/lib:/home/tejaswini/ros2_ws/install/control_toolbox/lib:/home/tejaswini/ros2_ws/install/realtime_tools/lib:/home/tejaswini/ros2_ws/install/controller_manager_msgs/lib:/home/tejaswini/ros2_ws/install/control_msgs/lib:/usr/lib/x86_64-linux-gnu/gazebo-11/plugins:/opt/ros/humble/opt/rviz_ogre_vendor/lib:/opt/ros/humble/lib/x86_64-linux-gnu:/opt/ros/humble/lib:/usr/lib/x86_64-linux-gnu/gazebo-11/plugins PYTHONPATH=/home/tejaswini/ros2_ws/install/controller_manager/local/lib/python3.10/dist-packages:/home/tejaswini/ros2_ws/install/controller_manager_msgs/local/lib/python3.10/dist-packages:/home/tejaswini/ros2_ws/install/control_msgs/local/lib/python3.10/dist-packages:${PYTHONPATH} /usr/bin/cmake /home/tejaswini/ros2_ws/src/ros-controls/gazebo_ros2_control/gazebo_ros2_control -DAMENT_CMAKE_SYMLINK_INSTALL=1 -DCMAKE_INSTALL_PREFIX=/home/tejaswini/ros2_ws/install/gazebo_ros2_control
[0.985s] -- The C compiler identification is GNU 11.4.0
[1.139s] -- The CXX compiler identification is GNU 11.4.0
[1.197s] -- Detecting C compiler ABI info
[1.497s] -- Detecting C compiler ABI info - done
[1.571s] -- Check for working C compiler: /usr/bin/cc - skipped
[1.575s] -- Detecting C compile features
[1.581s] -- Detecting C compile features - done
[1.603s] -- Detecting CXX compiler ABI info
[1.772s] -- Detecting CXX compiler ABI info - done
[1.786s] -- Check for working CXX compiler: /usr/bin/c++ - skipped
[1.788s] -- Detecting CXX compile features
[1.789s] -- Detecting CXX compile features - done
[1.792s] -- Found ament_cmake: 1.3.11 (/opt/ros/humble/share/ament_cmake/cmake)
[2.056s] -- Found Python3: /usr/bin/python3 (found version "3.10.12") found components: Interpreter 
[2.168s] -- Override CMake install command with custom implementation using symlinks instead of copying resources
[2.225s] -- Found angles: 1.15.0 (/opt/ros/humble/share/angles/cmake)
[2.228s] -- Found controller_manager: 2.45.0 (/home/tejaswini/ros2_ws/install/controller_manager/share/controller_manager/cmake)
[2.321s] -- Found rosidl_generator_c: 3.1.6 (/opt/ros/humble/share/rosidl_generator_c/cmake)
[2.336s] -- Found rosidl_adapter: 3.1.6 (/opt/ros/humble/share/rosidl_adapter/cmake)
[2.350s] -- Found rosidl_generator_cpp: 3.1.6 (/opt/ros/humble/share/rosidl_generator_cpp/cmake)
[2.371s] -- Using all available rosidl_typesupport_c: rosidl_typesupport_fastrtps_c;rosidl_typesupport_introspection_c
[2.402s] -- Using all available rosidl_typesupport_cpp: rosidl_typesupport_fastrtps_cpp;rosidl_typesupport_introspection_cpp
[2.751s] -- Found rmw_implementation_cmake: 6.1.2 (/opt/ros/humble/share/rmw_implementation_cmake/cmake)
[2.758s] -- Found rmw_fastrtps_cpp: 6.2.7 (/opt/ros/humble/share/rmw_fastrtps_cpp/cmake)
[2.802s] -- Found TinyXML2 via Config file: TinyXML2_DIR-NOTFOUND
[2.894s] -- Found OpenSSL: /usr/lib/x86_64-linux-gnu/libcrypto.so (found version "3.0.2")  
[2.900s] -- Found TinyXML2 via Config file: TinyXML2_DIR-NOTFOUND
[2.929s] -- Found FastRTPS: /opt/ros/humble/include  
[2.938s] -- Found TinyXML2 via Config file: TinyXML2_DIR-NOTFOUND
[2.951s] -- Found TinyXML2 via Config file: TinyXML2_DIR-NOTFOUND
[2.969s] -- Using RMW implementation 'rmw_fastrtps_cpp' as default
[2.984s] -- Looking for pthread.h
[3.113s] -- Looking for pthread.h - found
[3.113s] -- Performing Test CMAKE_HAVE_LIBC_PTHREAD
[3.276s] -- Performing Test CMAKE_HAVE_LIBC_PTHREAD - Success
[3.277s] -- Found Threads: TRUE  
[3.412s] -- Found control_toolbox: 3.4.0 (/home/tejaswini/ros2_ws/install/control_toolbox/share/control_toolbox/cmake)
[3.432s] -- Found parameter_traits: 0.3.9 (/opt/ros/humble/share/parameter_traits/cmake)
[3.471s] -- Found gazebo_dev: 3.7.0 (/opt/ros/humble/share/gazebo_dev/cmake)
[3.484s] -- Found PkgConfig: /usr/bin/pkg-config (found version "0.29.2") 
[3.486s] -- Checking for module 'bullet>=2.82'
[3.510s] --   Found bullet, version 3.05
[3.732s] -- Found fcl: /usr/include (found suitable version "0.7.0", minimum required is "0.5.0") 
[3.850s] -- Found assimp: /usr/include (found version "5.2.0") 
[3.914s] -- Found DART: /usr/include (Required is at least version "6.6") found components: dart 
[4.055s] -- Found Boost: /usr/lib/x86_64-linux-gnu/cmake/Boost-1.74.0/BoostConfig.cmake (found suitable version "1.74.0", minimum required is "1.40.0") found components: thread system filesystem program_options regex iostreams date_time 
[4.079s] -- Found Protobuf: /usr/lib/x86_64-linux-gnu/libprotobuf.so (found version "3.12.4") 
[4.087s] -- Looking for ignition-math6 -- found version 6.15.1
[4.095s] -- Searching for dependencies of ignition-math6
[4.097s] -- Looking for OGRE...
[4.098s] -- OGRE_PREFIX_WATCH changed.
[4.119s] -- Checking for module 'OGRE'
[4.144s] --   Found OGRE, version 1.9.0
[4.203s] -- Found Ogre Ghadamon (1.9.0)
[4.215s] -- Found OGRE: optimized;/usr/lib/x86_64-linux-gnu/libOgreMain.so;debug;/usr/lib/x86_64-linux-gnu/libOgreMain.so
[4.230s] -- Looking for OGRE_Paging...
[4.245s] -- Found OGRE_Paging: optimized;/usr/lib/x86_64-linux-gnu/libOgrePaging.so;debug;/usr/lib/x86_64-linux-gnu/libOgrePaging.so
[4.246s] -- Looking for OGRE_Terrain...
[4.253s] -- Found OGRE_Terrain: optimized;/usr/lib/x86_64-linux-gnu/libOgreTerrain.so;debug;/usr/lib/x86_64-linux-gnu/libOgreTerrain.so
[4.253s] -- Looking for OGRE_Property...
[4.264s] -- Found OGRE_Property: optimized;/usr/lib/x86_64-linux-gnu/libOgreProperty.so;debug;/usr/lib/x86_64-linux-gnu/libOgreProperty.so
[4.264s] -- Looking for OGRE_RTShaderSystem...
[4.274s] -- Found OGRE_RTShaderSystem: optimized;/usr/lib/x86_64-linux-gnu/libOgreRTShaderSystem.so;debug;/usr/lib/x86_64-linux-gnu/libOgreRTShaderSystem.so
[4.274s] -- Looking for OGRE_Volume...
[4.283s] -- Found OGRE_Volume: optimized;/usr/lib/x86_64-linux-gnu/libOgreVolume.so;debug;/usr/lib/x86_64-linux-gnu/libOgreVolume.so
[4.283s] -- Looking for OGRE_Overlay...
[4.293s] -- Found OGRE_Overlay: optimized;/usr/lib/x86_64-linux-gnu/libOgreOverlay.so;debug;/usr/lib/x86_64-linux-gnu/libOgreOverlay.so
[4.513s] -- Looking for ignition-math6 -- found version 6.15.1
[4.518s] -- Looking for ignition-transport8 -- found version 8.2.1
[4.519s] -- Searching for dependencies of ignition-transport8
[4.546s] -- Found Protobuf: /usr/lib/x86_64-linux-gnu/libprotobuf.so (found suitable version "3.12.4", minimum required is "3") 
[4.562s] -- Config-file not installed for ZeroMQ -- checking for pkg-config
[4.574s] -- Checking for module 'libzmq >= 4'
[4.601s] --   Found libzmq , version 4.3.4
[4.667s] -- Found ZeroMQ: TRUE (Required is at least version "4") 
[4.675s] -- Checking for module 'uuid'
[4.699s] --   Found uuid, version 2.37.2
[4.774s] -- Found UUID: TRUE  
[4.785s] -- Looking for ignition-msgs5 -- found version 5.8.1
[4.792s] -- Searching for dependencies of ignition-msgs5
[4.993s] -- Looking for ignition-math6 -- found version 6.15.1
[5.037s] -- Checking for module 'tinyxml2'
[5.198s] --   Found tinyxml2, version 9.0.0
[5.782s] -- Looking for ignition-msgs5 -- found version 5.8.1
[5.841s] -- Looking for ignition-common3 -- found version 3.14.0
[5.871s] -- Searching for dependencies of ignition-common3
[5.887s] -- Looking for dlfcn.h - found
[5.888s] -- Looking for libdl - found
[5.910s] -- Found DL: TRUE  
[6.150s] -- Found tinyobjloader: /usr/lib/x86_64-linux-gnu/cmake/tinyobjloader/tinyobjloader-config.cmake (found version "2.0.0") 
[6.150s] -- Searching for <ignition-common3> component [graphics]
[6.172s] -- Looking for ignition-common3-graphics -- found version 3.14.0
[6.208s] -- Searching for dependencies of ignition-common3-graphics
[6.209s] -- Looking for ignition-math6 -- found version 6.15.1
[6.271s] -- Looking for ignition-fuel_tools4 -- found version 4.4.0
[6.274s] -- Searching for dependencies of ignition-fuel_tools4
[7.240s] -- Found CURL: /usr/lib/x86_64-linux-gnu/libcurl.so (found version "7.81.0")  
[7.318s] -- Checking for module 'jsoncpp'
[7.479s] --   Found jsoncpp, version 1.9.5
[7.912s] -- Found JSONCPP: TRUE  
[8.027s] -- Checking for module 'libzip'
[8.137s] --   Found libzip, version 1.7.3
[8.664s] -- Found ZIP: TRUE  
[8.672s] -- Looking for ignition-common3 -- found version 3.14.0
[8.681s] -- Looking for ignition-math6 -- found version 6.15.1
[8.691s] -- Looking for ignition-msgs5 -- found version 5.8.1
[8.778s] -- Gazebo version: 11.14
[8.781s] -- Checking for module 'tbb'
[9.080s] --   Found tbb, version 2021.5.0
[9.517s] -- Found gazebo_ros: 3.7.0 (/opt/ros/humble/share/gazebo_ros/cmake)
[9.633s] -- Found yaml_cpp_vendor: 8.0.2 (/opt/ros/humble/share/yaml_cpp_vendor/cmake)
[11.335s] -- Found ament_cmake_gtest: 1.3.11 (/opt/ros/humble/share/ament_cmake_gtest/cmake)
[11.416s] -- Found ament_lint_auto: 0.12.11 (/opt/ros/humble/share/ament_lint_auto/cmake)
[13.762s] -- Added test 'copyright' to check source files copyright and LICENSE
[13.790s] -- Added test 'cppcheck' to perform static code analysis on C / C++ code
[13.817s] -- Configured cppcheck include dirs: /home/tejaswini/ros2_ws/src/ros-controls/gazebo_ros2_control/gazebo_ros2_control/include
[13.817s] -- Configured cppcheck exclude dirs and/or files: 
[13.850s] -- Added test 'cpplint' to check C / C++ code against the Google style
[13.851s] -- Configured cpplint exclude dirs and/or files: 
[13.870s] -- Added test 'lint_cmake' to check CMake code style
[13.898s] -- Added test 'uncrustify' to check C / C++ code style
[13.899s] -- Configured uncrustify additional arguments: 
[13.914s] -- Added test 'xmllint' to check XML markup files
[13.994s] -- Configuring done
[15.954s] -- Generating done
[16.334s] -- Build files have been written to: /home/tejaswini/ros2_ws/build/gazebo_ros2_control
[16.775s] Invoked command in '/home/tejaswini/ros2_ws/build/gazebo_ros2_control' returned '0': AMENT_PREFIX_PATH=/home/tejaswini/ros2_ws/install/controller_manager:/home/tejaswini/ros2_ws/install/hardware_interface_testing:/home/tejaswini/ros2_ws/install/controller_interface:/home/tejaswini/ros2_ws/install/hardware_interface:/home/tejaswini/ros2_ws/install/control_toolbox:/home/tejaswini/ros2_ws/install/ros2_control_test_assets:/home/tejaswini/ros2_ws/install/realtime_tools:/home/tejaswini/ros2_ws/install/controller_manager_msgs:/home/tejaswini/ros2_ws/install/control_msgs:${AMENT_PREFIX_PATH} CMAKE_PREFIX_PATH=/home/tejaswini/ros2_ws/install/controller_manager:/home/tejaswini/ros2_ws/install/hardware_interface_testing:/home/tejaswini/ros2_ws/install/controller_interface:/home/tejaswini/ros2_ws/install/hardware_interface:/home/tejaswini/ros2_ws/install/control_toolbox:/home/tejaswini/ros2_ws/install/ros2_control_test_assets:/home/tejaswini/ros2_ws/install/realtime_tools:/home/tejaswini/ros2_ws/install/controller_manager_msgs:/home/tejaswini/ros2_ws/install/control_msgs:/home/tejaswini/ros2_ws/install/task1_pkg:/opt/ros/humble LD_LIBRARY_PATH=/home/tejaswini/ros2_ws/install/controller_manager/lib:/home/tejaswini/ros2_ws/install/hardware_interface_testing/lib:/home/tejaswini/ros2_ws/install/controller_interface/lib:/home/tejaswini/ros2_ws/install/hardware_interface/lib:/home/tejaswini/ros2_ws/install/control_toolbox/lib:/home/tejaswini/ros2_ws/install/realtime_tools/lib:/home/tejaswini/ros2_ws/install/controller_manager_msgs/lib:/home/tejaswini/ros2_ws/install/control_msgs/lib:/usr/lib/x86_64-linux-gnu/gazebo-11/plugins:/opt/ros/humble/opt/rviz_ogre_vendor/lib:/opt/ros/humble/lib/x86_64-linux-gnu:/opt/ros/humble/lib:/usr/lib/x86_64-linux-gnu/gazebo-11/plugins PYTHONPATH=/home/tejaswini/ros2_ws/install/controller_manager/local/lib/python3.10/dist-packages:/home/tejaswini/ros2_ws/install/controller_manager_msgs/local/lib/python3.10/dist-packages:/home/tejaswini/ros2_ws/install/control_msgs/local/lib/python3.10/dist-packages:${PYTHONPATH} /usr/bin/cmake /home/tejaswini/ros2_ws/src/ros-controls/gazebo_ros2_control/gazebo_ros2_control -DAMENT_CMAKE_SYMLINK_INSTALL=1 -DCMAKE_INSTALL_PREFIX=/home/tejaswini/ros2_ws/install/gazebo_ros2_control
[16.790s] Invoking command in '/home/tejaswini/ros2_ws/build/gazebo_ros2_control': AMENT_PREFIX_PATH=/home/tejaswini/ros2_ws/install/controller_manager:/home/tejaswini/ros2_ws/install/hardware_interface_testing:/home/tejaswini/ros2_ws/install/controller_interface:/home/tejaswini/ros2_ws/install/hardware_interface:/home/tejaswini/ros2_ws/install/control_toolbox:/home/tejaswini/ros2_ws/install/ros2_control_test_assets:/home/tejaswini/ros2_ws/install/realtime_tools:/home/tejaswini/ros2_ws/install/controller_manager_msgs:/home/tejaswini/ros2_ws/install/control_msgs:${AMENT_PREFIX_PATH} CMAKE_PREFIX_PATH=/home/tejaswini/ros2_ws/install/controller_manager:/home/tejaswini/ros2_ws/install/hardware_interface_testing:/home/tejaswini/ros2_ws/install/controller_interface:/home/tejaswini/ros2_ws/install/hardware_interface:/home/tejaswini/ros2_ws/install/control_toolbox:/home/tejaswini/ros2_ws/install/ros2_control_test_assets:/home/tejaswini/ros2_ws/install/realtime_tools:/home/tejaswini/ros2_ws/install/controller_manager_msgs:/home/tejaswini/ros2_ws/install/control_msgs:/home/tejaswini/ros2_ws/install/task1_pkg:/opt/ros/humble LD_LIBRARY_PATH=/home/tejaswini/ros2_ws/install/controller_manager/lib:/home/tejaswini/ros2_ws/install/hardware_interface_testing/lib:/home/tejaswini/ros2_ws/install/controller_interface/lib:/home/tejaswini/ros2_ws/install/hardware_interface/lib:/home/tejaswini/ros2_ws/install/control_toolbox/lib:/home/tejaswini/ros2_ws/install/realtime_tools/lib:/home/tejaswini/ros2_ws/install/controller_manager_msgs/lib:/home/tejaswini/ros2_ws/install/control_msgs/lib:/usr/lib/x86_64-linux-gnu/gazebo-11/plugins:/opt/ros/humble/opt/rviz_ogre_vendor/lib:/opt/ros/humble/lib/x86_64-linux-gnu:/opt/ros/humble/lib:/usr/lib/x86_64-linux-gnu/gazebo-11/plugins PYTHONPATH=/home/tejaswini/ros2_ws/install/controller_manager/local/lib/python3.10/dist-packages:/home/tejaswini/ros2_ws/install/controller_manager_msgs/local/lib/python3.10/dist-packages:/home/tejaswini/ros2_ws/install/control_msgs/local/lib/python3.10/dist-packages:${PYTHONPATH} /usr/bin/cmake --build /home/tejaswini/ros2_ws/build/gazebo_ros2_control -- -j16 -l16
[89.760s] [ 25%] [32mBuilding CXX object CMakeFiles/gazebo_hardware_plugins.dir/src/gazebo_system.cpp.o[0m
[89.761s] [ 50%] [32mBuilding CXX object CMakeFiles/gazebo_ros2_control.dir/src/gazebo_ros2_control_plugin.cpp.o[0m
[89.761s] [ 75%] [32m[1mLinking CXX shared library libgazebo_ros2_control.so[0m
[89.761s] [ 75%] Built target gazebo_ros2_control
[89.761s] In file included from [01m[K/home/tejaswini/ros2_ws/src/ros-controls/control_toolbox/include/control_toolbox/pid.hpp:41[m[K,
[89.761s]                  from [01m[K/home/tejaswini/ros2_ws/src/ros-controls/gazebo_ros2_control/gazebo_ros2_control/src/gazebo_system.cpp:23[m[K:
[89.761s] [01m[K/home/tejaswini/ros2_ws/src/ros-controls/realtime_tools/include/realtime_tools/realtime_buffer.h:25:2:[m[K [01;35m[Kwarning: [m[K#warning "This header include is deprecated. Please update your code to use 'realtime_buffer.hpp' header." [[01;35m[K]8;;https://gcc.gnu.org/onlinedocs/gcc/Warning-Options.html#index-Wcpp-Wcpp]8;;[m[K]
[89.761s]    25 | #[01;35m[Kwarning[m[K \
[89.761s]       |  [01;35m[K^~~~~~~[m[K
[89.761s] In file included from [01m[K/home/tejaswini/ros2_ws/src/ros-controls/control_toolbox/include/control_toolbox/pid.hpp:41[m[K,
[89.762s]                  from [01m[K/home/tejaswini/ros2_ws/src/ros-controls/gazebo_ros2_control/gazebo_ros2_control/include/gazebo_ros2_control/gazebo_system.hpp:28[m[K,
[89.762s]                  from [01m[K/home/tejaswini/ros2_ws/src/ros-controls/gazebo_ros2_control/gazebo_ros2_control/src/gazebo_ros2_control_plugin.cpp:45[m[K:
[89.762s] [01m[K/home/tejaswini/ros2_ws/src/ros-controls/realtime_tools/include/realtime_tools/realtime_buffer.h:25:2:[m[K [01;35m[Kwarning: [m[K#warning "This header include is deprecated. Please update your code to use 'realtime_buffer.hpp' header." [[01;35m[K]8;;https://gcc.gnu.org/onlinedocs/gcc/Warning-Options.html#index-Wcpp-Wcpp]8;;[m[K]
[89.762s]    25 | #[01;35m[Kwarning[m[K \
[89.762s]       |  [01;35m[K^~~~~~~[m[K
[90.647s] [100%] [32m[1mLinking CXX shared library libgazebo_hardware_plugins.so[0m
[91.374s] [100%] Built target gazebo_hardware_plugins
[91.397s] Invoked command in '/home/tejaswini/ros2_ws/build/gazebo_ros2_control' returned '0': AMENT_PREFIX_PATH=/home/tejaswini/ros2_ws/install/controller_manager:/home/tejaswini/ros2_ws/install/hardware_interface_testing:/home/tejaswini/ros2_ws/install/controller_interface:/home/tejaswini/ros2_ws/install/hardware_interface:/home/tejaswini/ros2_ws/install/control_toolbox:/home/tejaswini/ros2_ws/install/ros2_control_test_assets:/home/tejaswini/ros2_ws/install/realtime_tools:/home/tejaswini/ros2_ws/install/controller_manager_msgs:/home/tejaswini/ros2_ws/install/control_msgs:${AMENT_PREFIX_PATH} CMAKE_PREFIX_PATH=/home/tejaswini/ros2_ws/install/controller_manager:/home/tejaswini/ros2_ws/install/hardware_interface_testing:/home/tejaswini/ros2_ws/install/controller_interface:/home/tejaswini/ros2_ws/install/hardware_interface:/home/tejaswini/ros2_ws/install/control_toolbox:/home/tejaswini/ros2_ws/install/ros2_control_test_assets:/home/tejaswini/ros2_ws/install/realtime_tools:/home/tejaswini/ros2_ws/install/controller_manager_msgs:/home/tejaswini/ros2_ws/install/control_msgs:/home/tejaswini/ros2_ws/install/task1_pkg:/opt/ros/humble LD_LIBRARY_PATH=/home/tejaswini/ros2_ws/install/controller_manager/lib:/home/tejaswini/ros2_ws/install/hardware_interface_testing/lib:/home/tejaswini/ros2_ws/install/controller_interface/lib:/home/tejaswini/ros2_ws/install/hardware_interface/lib:/home/tejaswini/ros2_ws/install/control_toolbox/lib:/home/tejaswini/ros2_ws/install/realtime_tools/lib:/home/tejaswini/ros2_ws/install/controller_manager_msgs/lib:/home/tejaswini/ros2_ws/install/control_msgs/lib:/usr/lib/x86_64-linux-gnu/gazebo-11/plugins:/opt/ros/humble/opt/rviz_ogre_vendor/lib:/opt/ros/humble/lib/x86_64-linux-gnu:/opt/ros/humble/lib:/usr/lib/x86_64-linux-gnu/gazebo-11/plugins PYTHONPATH=/home/tejaswini/ros2_ws/install/controller_manager/local/lib/python3.10/dist-packages:/home/tejaswini/ros2_ws/install/controller_manager_msgs/local/lib/python3.10/dist-packages:/home/tejaswini/ros2_ws/install/control_msgs/local/lib/python3.10/dist-packages:${PYTHONPATH} /usr/bin/cmake --build /home/tejaswini/ros2_ws/build/gazebo_ros2_control -- -j16 -l16
[91.546s] Invoking command in '/home/tejaswini/ros2_ws/build/gazebo_ros2_control': AMENT_PREFIX_PATH=/home/tejaswini/ros2_ws/install/controller_manager:/home/tejaswini/ros2_ws/install/hardware_interface_testing:/home/tejaswini/ros2_ws/install/controller_interface:/home/tejaswini/ros2_ws/install/hardware_interface:/home/tejaswini/ros2_ws/install/control_toolbox:/home/tejaswini/ros2_ws/install/ros2_control_test_assets:/home/tejaswini/ros2_ws/install/realtime_tools:/home/tejaswini/ros2_ws/install/controller_manager_msgs:/home/tejaswini/ros2_ws/install/control_msgs:${AMENT_PREFIX_PATH} CMAKE_PREFIX_PATH=/home/tejaswini/ros2_ws/install/controller_manager:/home/tejaswini/ros2_ws/install/hardware_interface_testing:/home/tejaswini/ros2_ws/install/controller_interface:/home/tejaswini/ros2_ws/install/hardware_interface:/home/tejaswini/ros2_ws/install/control_toolbox:/home/tejaswini/ros2_ws/install/ros2_control_test_assets:/home/tejaswini/ros2_ws/install/realtime_tools:/home/tejaswini/ros2_ws/install/controller_manager_msgs:/home/tejaswini/ros2_ws/install/control_msgs:/home/tejaswini/ros2_ws/install/task1_pkg:/opt/ros/humble LD_LIBRARY_PATH=/home/tejaswini/ros2_ws/install/controller_manager/lib:/home/tejaswini/ros2_ws/install/hardware_interface_testing/lib:/home/tejaswini/ros2_ws/install/controller_interface/lib:/home/tejaswini/ros2_ws/install/hardware_interface/lib:/home/tejaswini/ros2_ws/install/control_toolbox/lib:/home/tejaswini/ros2_ws/install/realtime_tools/lib:/home/tejaswini/ros2_ws/install/controller_manager_msgs/lib:/home/tejaswini/ros2_ws/install/control_msgs/lib:/usr/lib/x86_64-linux-gnu/gazebo-11/plugins:/opt/ros/humble/opt/rviz_ogre_vendor/lib:/opt/ros/humble/lib/x86_64-linux-gnu:/opt/ros/humble/lib:/usr/lib/x86_64-linux-gnu/gazebo-11/plugins PYTHONPATH=/home/tejaswini/ros2_ws/install/controller_manager/local/lib/python3.10/dist-packages:/home/tejaswini/ros2_ws/install/controller_manager_msgs/local/lib/python3.10/dist-packages:/home/tejaswini/ros2_ws/install/control_msgs/local/lib/python3.10/dist-packages:${PYTHONPATH} /usr/bin/cmake --install /home/tejaswini/ros2_ws/build/gazebo_ros2_control
[91.632s] -- Install configuration: ""
[91.633s] -- Execute custom install script
[91.635s] -- Symlinking: /home/tejaswini/ros2_ws/install/gazebo_ros2_control/lib/libgazebo_ros2_control.so
[91.636s] -- Symlinking: /home/tejaswini/ros2_ws/install/gazebo_ros2_control/lib/libgazebo_hardware_plugins.so
[91.638s] -- Symlinking: /home/tejaswini/ros2_ws/install/gazebo_ros2_control/share/gazebo_ros2_control/environment/library_path.sh
[91.641s] -- Symlinking: /home/tejaswini/ros2_ws/install/gazebo_ros2_control/share/gazebo_ros2_control/environment/library_path.dsv
[91.660s] -- Symlinking: /home/tejaswini/ros2_ws/install/gazebo_ros2_control/include/gazebo_ros2_control/gazebo_ros2_control_plugin.hpp
[91.723s] -- Symlinking: /home/tejaswini/ros2_ws/install/gazebo_ros2_control/include/gazebo_ros2_control/gazebo_system.hpp
[91.754s] -- Symlinking: /home/tejaswini/ros2_ws/install/gazebo_ros2_control/include/gazebo_ros2_control/gazebo_system_interface.hpp
[91.772s] -- Symlinking: /home/tejaswini/ros2_ws/install/gazebo_ros2_control/share/gazebo_ros2_control//gazebo_hardware_plugins.xml
[91.803s] -- Symlinking: /home/tejaswini/ros2_ws/install/gazebo_ros2_control/share/ament_index/resource_index/package_run_dependencies/gazebo_ros2_control
[91.820s] -- Symlinking: /home/tejaswini/ros2_ws/install/gazebo_ros2_control/share/ament_index/resource_index/parent_prefix_path/gazebo_ros2_control
[91.828s] -- Symlinking: /home/tejaswini/ros2_ws/install/gazebo_ros2_control/share/gazebo_ros2_control/environment/ament_prefix_path.sh
[91.837s] -- Symlinking: /home/tejaswini/ros2_ws/install/gazebo_ros2_control/share/gazebo_ros2_control/environment/ament_prefix_path.dsv
[91.849s] -- Symlinking: /home/tejaswini/ros2_ws/install/gazebo_ros2_control/share/gazebo_ros2_control/environment/path.sh
[91.873s] -- Symlinking: /home/tejaswini/ros2_ws/install/gazebo_ros2_control/share/gazebo_ros2_control/environment/path.dsv
[91.926s] -- Symlinking: /home/tejaswini/ros2_ws/install/gazebo_ros2_control/share/gazebo_ros2_control/local_setup.bash
[91.970s] -- Symlinking: /home/tejaswini/ros2_ws/install/gazebo_ros2_control/share/gazebo_ros2_control/local_setup.sh
[91.986s] -- Symlinking: /home/tejaswini/ros2_ws/install/gazebo_ros2_control/share/gazebo_ros2_control/local_setup.zsh
[92.011s] -- Symlinking: /home/tejaswini/ros2_ws/install/gazebo_ros2_control/share/gazebo_ros2_control/local_setup.dsv
[92.053s] -- Symlinking: /home/tejaswini/ros2_ws/install/gazebo_ros2_control/share/gazebo_ros2_control/package.dsv
[92.066s] -- Symlinking: /home/tejaswini/ros2_ws/install/gazebo_ros2_control/share/ament_index/resource_index/packages/gazebo_ros2_control
[92.078s] -- Symlinking: /home/tejaswini/ros2_ws/install/gazebo_ros2_control/share/ament_index/resource_index/gazebo_ros2_control__pluginlib__plugin/gazebo_ros2_control
[92.089s] -- Symlinking: /home/tejaswini/ros2_ws/install/gazebo_ros2_control/share/gazebo_ros2_control/cmake/ament_cmake_export_include_directories-extras.cmake
[92.103s] -- Symlinking: /home/tejaswini/ros2_ws/install/gazebo_ros2_control/share/gazebo_ros2_control/cmake/ament_cmake_export_dependencies-extras.cmake
[92.117s] -- Symlinking: /home/tejaswini/ros2_ws/install/gazebo_ros2_control/share/gazebo_ros2_control/cmake/ament_cmake_export_libraries-extras.cmake
[92.148s] -- Symlinking: /home/tejaswini/ros2_ws/install/gazebo_ros2_control/share/gazebo_ros2_control/cmake/gazebo_ros2_controlConfig.cmake
[92.162s] -- Symlinking: /home/tejaswini/ros2_ws/install/gazebo_ros2_control/share/gazebo_ros2_control/cmake/gazebo_ros2_controlConfig-version.cmake
[92.177s] -- Symlinking: /home/tejaswini/ros2_ws/install/gazebo_ros2_control/share/gazebo_ros2_control/package.xml
[93.326s] Invoked command in '/home/tejaswini/ros2_ws/build/gazebo_ros2_control' returned '0': AMENT_PREFIX_PATH=/home/tejaswini/ros2_ws/install/controller_manager:/home/tejaswini/ros2_ws/install/hardware_interface_testing:/home/tejaswini/ros2_ws/install/controller_interface:/home/tejaswini/ros2_ws/install/hardware_interface:/home/tejaswini/ros2_ws/install/control_toolbox:/home/tejaswini/ros2_ws/install/ros2_control_test_assets:/home/tejaswini/ros2_ws/install/realtime_tools:/home/tejaswini/ros2_ws/install/controller_manager_msgs:/home/tejaswini/ros2_ws/install/control_msgs:${AMENT_PREFIX_PATH} CMAKE_PREFIX_PATH=/home/tejaswini/ros2_ws/install/controller_manager:/home/tejaswini/ros2_ws/install/hardware_interface_testing:/home/tejaswini/ros2_ws/install/controller_interface:/home/tejaswini/ros2_ws/install/hardware_interface:/home/tejaswini/ros2_ws/install/control_toolbox:/home/tejaswini/ros2_ws/install/ros2_control_test_assets:/home/tejaswini/ros2_ws/install/realtime_tools:/home/tejaswini/ros2_ws/install/controller_manager_msgs:/home/tejaswini/ros2_ws/install/control_msgs:/home/tejaswini/ros2_ws/install/task1_pkg:/opt/ros/humble LD_LIBRARY_PATH=/home/tejaswini/ros2_ws/install/controller_manager/lib:/home/tejaswini/ros2_ws/install/hardware_interface_testing/lib:/home/tejaswini/ros2_ws/install/controller_interface/lib:/home/tejaswini/ros2_ws/install/hardware_interface/lib:/home/tejaswini/ros2_ws/install/control_toolbox/lib:/home/tejaswini/ros2_ws/install/realtime_tools/lib:/home/tejaswini/ros2_ws/install/controller_manager_msgs/lib:/home/tejaswini/ros2_ws/install/control_msgs/lib:/usr/lib/x86_64-linux-gnu/gazebo-11/plugins:/opt/ros/humble/opt/rviz_ogre_vendor/lib:/opt/ros/humble/lib/x86_64-linux-gnu:/opt/ros/humble/lib:/usr/lib/x86_64-linux-gnu/gazebo-11/plugins PYTHONPATH=/home/tejaswini/ros2_ws/install/controller_manager/local/lib/python3.10/dist-packages:/home/tejaswini/ros2_ws/install/controller_manager_msgs/local/lib/python3.10/dist-packages:/home/tejaswini/ros2_ws/install/control_msgs/local/lib/python3.10/dist-packages:${PYTHONPATH} /usr/bin/cmake --install /home/tejaswini/ros2_ws/build/gazebo_ros2_control
