[0.269s] Invoking command in '/home/tejaswini/ros2_ws/build/velocity_controllers': AMENT_PREFIX_PATH=/home/tejaswini/ros2_ws/install/forward_command_controller:/home/tejaswini/ros2_ws/install/controller_manager:/home/tejaswini/ros2_ws/install/hardware_interface_testing:/home/tejaswini/ros2_ws/install/controller_interface:/home/tejaswini/ros2_ws/install/hardware_interface:/home/tejaswini/ros2_ws/install/ros2_control_test_assets:/home/tejaswini/ros2_ws/install/realtime_tools:/home/tejaswini/ros2_ws/install/controller_manager_msgs:/home/tejaswini/ros2_ws/install/control_msgs:${AMENT_PREFIX_PATH} CMAKE_PREFIX_PATH=/home/tejaswini/ros2_ws/install/forward_command_controller:/home/tejaswini/ros2_ws/install/controller_manager:/home/tejaswini/ros2_ws/install/hardware_interface_testing:/home/tejaswini/ros2_ws/install/controller_interface:/home/tejaswini/ros2_ws/install/hardware_interface:/home/tejaswini/ros2_ws/install/ros2_control_test_assets:/home/tejaswini/ros2_ws/install/realtime_tools:/home/tejaswini/ros2_ws/install/controller_manager_msgs:/home/tejaswini/ros2_ws/install/control_msgs:/home/tejaswini/ros2_ws/install/task1_pkg:/opt/ros/humble LD_LIBRARY_PATH=/home/tejaswini/ros2_ws/install/forward_command_controller/lib:/home/tejaswini/ros2_ws/install/controller_manager/lib:/home/tejaswini/ros2_ws/install/hardware_interface_testing/lib:/home/tejaswini/ros2_ws/install/controller_interface/lib:/home/tejaswini/ros2_ws/install/hardware_interface/lib:/home/tejaswini/ros2_ws/install/realtime_tools/lib:/home/tejaswini/ros2_ws/install/controller_manager_msgs/lib:/home/tejaswini/ros2_ws/install/control_msgs/lib:/usr/lib/x86_64-linux-gnu/gazebo-11/plugins:/opt/ros/humble/opt/rviz_ogre_vendor/lib:/opt/ros/humble/lib/x86_64-linux-gnu:/opt/ros/humble/lib:/usr/lib/x86_64-linux-gnu/gazebo-11/plugins PYTHONPATH=/home/tejaswini/ros2_ws/install/controller_manager/local/lib/python3.10/dist-packages:/home/tejaswini/ros2_ws/install/controller_manager_msgs/local/lib/python3.10/dist-packages:/home/tejaswini/ros2_ws/install/control_msgs/local/lib/python3.10/dist-packages:${PYTHONPATH} /usr/bin/cmake /home/tejaswini/ros2_ws/src/ros-controls/ros2_controllers/velocity_controllers -DAMENT_CMAKE_SYMLINK_INSTALL=1 -DCMAKE_INSTALL_PREFIX=/home/tejaswini/ros2_ws/install/velocity_controllers
[0.483s] -- The CXX compiler identification is GNU 11.4.0
[0.492s] -- Detecting CXX compiler ABI info
[0.687s] -- Detecting CXX compiler ABI info - done
[0.696s] -- Check for working CXX compiler: /usr/bin/c++ - skipped
[0.696s] -- Detecting CXX compile features
[0.696s] -- Detecting CXX compile features - done
[0.700s] -- Found ament_cmake: 1.3.11 (/opt/ros/humble/share/ament_cmake/cmake)
[1.047s] -- Found Python3: /usr/bin/python3 (found version "3.10.12") found components: Interpreter 
[1.160s] -- Override CMake install command with custom implementation using symlinks instead of copying resources
[1.441s] -- Found forward_command_controller: 2.39.0 (/home/tejaswini/ros2_ws/install/forward_command_controller/share/forward_command_controller/cmake)
[1.848s] -- Found rosidl_generator_c: 3.1.6 (/opt/ros/humble/share/rosidl_generator_c/cmake)
[1.901s] -- Found rosidl_adapter: 3.1.6 (/opt/ros/humble/share/rosidl_adapter/cmake)
[1.979s] -- Found rosidl_generator_cpp: 3.1.6 (/opt/ros/humble/share/rosidl_generator_cpp/cmake)
[2.091s] -- Using all available rosidl_typesupport_c: rosidl_typesupport_fastrtps_c;rosidl_typesupport_introspection_c
[2.254s] -- Using all available rosidl_typesupport_cpp: rosidl_typesupport_fastrtps_cpp;rosidl_typesupport_introspection_cpp
[4.144s] -- Found rmw_implementation_cmake: 6.1.2 (/opt/ros/humble/share/rmw_implementation_cmake/cmake)
[4.206s] -- Found rmw_fastrtps_cpp: 6.2.7 (/opt/ros/humble/share/rmw_fastrtps_cpp/cmake)
[4.617s] -- Found TinyXML2 via Config file: TinyXML2_DIR-NOTFOUND
[4.918s] -- Found OpenSSL: /usr/lib/x86_64-linux-gnu/libcrypto.so (found version "3.0.2")  
[4.933s] -- Found TinyXML2 via Config file: TinyXML2_DIR-NOTFOUND
[5.016s] -- Found FastRTPS: /opt/ros/humble/include  
[5.036s] -- Found TinyXML2 via Config file: TinyXML2_DIR-NOTFOUND
[5.065s] -- Found TinyXML2 via Config file: TinyXML2_DIR-NOTFOUND
[5.107s] -- Using RMW implementation 'rmw_fastrtps_cpp' as default
[5.146s] -- Looking for C++ include pthread.h
[5.507s] -- Looking for C++ include pthread.h - found
[5.508s] -- Performing Test CMAKE_HAVE_LIBC_PTHREAD
[6.216s] -- Performing Test CMAKE_HAVE_LIBC_PTHREAD - Success
[6.218s] -- Found Threads: TRUE  
[6.476s] -- Found parameter_traits: 0.3.9 (/opt/ros/humble/share/parameter_traits/cmake)
[6.635s] -- Found ament_cmake_gmock: 1.3.11 (/opt/ros/humble/share/ament_cmake_gmock/cmake)
[6.636s] -- Found controller_manager: 2.45.0 (/home/tejaswini/ros2_ws/install/controller_manager/share/controller_manager/cmake)
[6.709s] -- Found ros2_control_test_assets: 2.45.0 (/home/tejaswini/ros2_ws/install/ros2_control_test_assets/share/ros2_control_test_assets/cmake)
[6.713s] -- Found gmock sources under '/opt/ros/humble/src/gmock_vendor': C++ tests using 'Google Mock' will be built
[6.862s] -- The C compiler identification is GNU 11.4.0
[6.910s] -- Detecting C compiler ABI info
[7.311s] -- Detecting C compiler ABI info - done
[7.347s] -- Check for working C compiler: /usr/bin/cc - skipped
[7.347s] -- Detecting C compile features
[7.348s] -- Detecting C compile features - done
[7.363s] -- Found ament_cmake_gtest: 1.3.11 (/opt/ros/humble/share/ament_cmake_gtest/cmake)
[7.380s] -- Found gtest sources under '/opt/ros/humble/src/gtest_vendor': C++ tests using 'Google Test' will be built
[8.221s] -- Configuring done
[8.372s] -- Generating done
[8.396s] -- Build files have been written to: /home/tejaswini/ros2_ws/build/velocity_controllers
[8.435s] Invoked command in '/home/tejaswini/ros2_ws/build/velocity_controllers' returned '0': AMENT_PREFIX_PATH=/home/tejaswini/ros2_ws/install/forward_command_controller:/home/tejaswini/ros2_ws/install/controller_manager:/home/tejaswini/ros2_ws/install/hardware_interface_testing:/home/tejaswini/ros2_ws/install/controller_interface:/home/tejaswini/ros2_ws/install/hardware_interface:/home/tejaswini/ros2_ws/install/ros2_control_test_assets:/home/tejaswini/ros2_ws/install/realtime_tools:/home/tejaswini/ros2_ws/install/controller_manager_msgs:/home/tejaswini/ros2_ws/install/control_msgs:${AMENT_PREFIX_PATH} CMAKE_PREFIX_PATH=/home/tejaswini/ros2_ws/install/forward_command_controller:/home/tejaswini/ros2_ws/install/controller_manager:/home/tejaswini/ros2_ws/install/hardware_interface_testing:/home/tejaswini/ros2_ws/install/controller_interface:/home/tejaswini/ros2_ws/install/hardware_interface:/home/tejaswini/ros2_ws/install/ros2_control_test_assets:/home/tejaswini/ros2_ws/install/realtime_tools:/home/tejaswini/ros2_ws/install/controller_manager_msgs:/home/tejaswini/ros2_ws/install/control_msgs:/home/tejaswini/ros2_ws/install/task1_pkg:/opt/ros/humble LD_LIBRARY_PATH=/home/tejaswini/ros2_ws/install/forward_command_controller/lib:/home/tejaswini/ros2_ws/install/controller_manager/lib:/home/tejaswini/ros2_ws/install/hardware_interface_testing/lib:/home/tejaswini/ros2_ws/install/controller_interface/lib:/home/tejaswini/ros2_ws/install/hardware_interface/lib:/home/tejaswini/ros2_ws/install/realtime_tools/lib:/home/tejaswini/ros2_ws/install/controller_manager_msgs/lib:/home/tejaswini/ros2_ws/install/control_msgs/lib:/usr/lib/x86_64-linux-gnu/gazebo-11/plugins:/opt/ros/humble/opt/rviz_ogre_vendor/lib:/opt/ros/humble/lib/x86_64-linux-gnu:/opt/ros/humble/lib:/usr/lib/x86_64-linux-gnu/gazebo-11/plugins PYTHONPATH=/home/tejaswini/ros2_ws/install/controller_manager/local/lib/python3.10/dist-packages:/home/tejaswini/ros2_ws/install/controller_manager_msgs/local/lib/python3.10/dist-packages:/home/tejaswini/ros2_ws/install/control_msgs/local/lib/python3.10/dist-packages:${PYTHONPATH} /usr/bin/cmake /home/tejaswini/ros2_ws/src/ros-controls/ros2_controllers/velocity_controllers -DAMENT_CMAKE_SYMLINK_INSTALL=1 -DCMAKE_INSTALL_PREFIX=/home/tejaswini/ros2_ws/install/velocity_controllers
[8.446s] Invoking command in '/home/tejaswini/ros2_ws/build/velocity_controllers': AMENT_PREFIX_PATH=/home/tejaswini/ros2_ws/install/forward_command_controller:/home/tejaswini/ros2_ws/install/controller_manager:/home/tejaswini/ros2_ws/install/hardware_interface_testing:/home/tejaswini/ros2_ws/install/controller_interface:/home/tejaswini/ros2_ws/install/hardware_interface:/home/tejaswini/ros2_ws/install/ros2_control_test_assets:/home/tejaswini/ros2_ws/install/realtime_tools:/home/tejaswini/ros2_ws/install/controller_manager_msgs:/home/tejaswini/ros2_ws/install/control_msgs:${AMENT_PREFIX_PATH} CMAKE_PREFIX_PATH=/home/tejaswini/ros2_ws/install/forward_command_controller:/home/tejaswini/ros2_ws/install/controller_manager:/home/tejaswini/ros2_ws/install/hardware_interface_testing:/home/tejaswini/ros2_ws/install/controller_interface:/home/tejaswini/ros2_ws/install/hardware_interface:/home/tejaswini/ros2_ws/install/ros2_control_test_assets:/home/tejaswini/ros2_ws/install/realtime_tools:/home/tejaswini/ros2_ws/install/controller_manager_msgs:/home/tejaswini/ros2_ws/install/control_msgs:/home/tejaswini/ros2_ws/install/task1_pkg:/opt/ros/humble LD_LIBRARY_PATH=/home/tejaswini/ros2_ws/install/forward_command_controller/lib:/home/tejaswini/ros2_ws/install/controller_manager/lib:/home/tejaswini/ros2_ws/install/hardware_interface_testing/lib:/home/tejaswini/ros2_ws/install/controller_interface/lib:/home/tejaswini/ros2_ws/install/hardware_interface/lib:/home/tejaswini/ros2_ws/install/realtime_tools/lib:/home/tejaswini/ros2_ws/install/controller_manager_msgs/lib:/home/tejaswini/ros2_ws/install/control_msgs/lib:/usr/lib/x86_64-linux-gnu/gazebo-11/plugins:/opt/ros/humble/opt/rviz_ogre_vendor/lib:/opt/ros/humble/lib/x86_64-linux-gnu:/opt/ros/humble/lib:/usr/lib/x86_64-linux-gnu/gazebo-11/plugins PYTHONPATH=/home/tejaswini/ros2_ws/install/controller_manager/local/lib/python3.10/dist-packages:/home/tejaswini/ros2_ws/install/controller_manager_msgs/local/lib/python3.10/dist-packages:/home/tejaswini/ros2_ws/install/control_msgs/local/lib/python3.10/dist-packages:${PYTHONPATH} /usr/bin/cmake --build /home/tejaswini/ros2_ws/build/velocity_controllers -- -j16 -l16
[16.425s] [  9%] [32mBuilding CXX object gmock/CMakeFiles/gmock_main.dir/src/gmock_main.cc.o[0m
[16.425s] [ 18%] [32mBuilding CXX object gmock/CMakeFiles/gmock.dir/src/gmock-all.cc.o[0m
[16.425s] [ 27%] [32mBuilding CXX object gmock/CMakeFiles/gmock.dir/opt/ros/humble/src/gtest_vendor/src/gtest-all.cc.o[0m
[16.425s] [ 36%] [32mBuilding CXX object CMakeFiles/velocity_controllers.dir/src/joint_group_velocity_controller.cpp.o[0m
[16.426s] [ 45%] [32m[1mLinking CXX static library libgmock_main.a[0m
[16.426s] [ 45%] Built target gmock_main
[16.434s] In file included from [01m[K/home/tejaswini/ros2_ws/src/ros-controls/ros2_controllers/forward_command_controller/include/forward_command_controller/forward_controllers_base.hpp:27[m[K,
[16.434s]                  from [01m[K/home/tejaswini/ros2_ws/src/ros-controls/ros2_controllers/forward_command_controller/include/forward_command_controller/forward_command_controller.hpp:22[m[K,
[16.435s]                  from [01m[K/home/tejaswini/ros2_ws/src/ros-controls/ros2_controllers/velocity_controllers/include/velocity_controllers/joint_group_velocity_controller.hpp:20[m[K,
[16.435s]                  from [01m[K/home/tejaswini/ros2_ws/src/ros-controls/ros2_controllers/velocity_controllers/src/joint_group_velocity_controller.cpp:21[m[K:
[16.435s] [01m[K/home/tejaswini/ros2_ws/src/ros-controls/realtime_tools/include/realtime_tools/realtime_buffer.h:25:2:[m[K [01;35m[Kwarning: [m[K#warning "This header include is deprecated. Please update your code to use 'realtime_buffer.hpp' header." [[01;35m[K]8;;https://gcc.gnu.org/onlinedocs/gcc/Warning-Options.html#index-Wcpp-Wcpp]8;;[m[K]
[16.435s]    25 | #[01;35m[Kwarning[m[K \
[16.435s]       |  [01;35m[K^~~~~~~[m[K
[19.955s] [ 54%] [32m[1mLinking CXX static library libgmock.a[0m
[20.550s] [ 54%] Built target gmock
[22.746s] [ 63%] [32m[1mLinking CXX shared library libvelocity_controllers.so[0m
[23.487s] [ 63%] Built target velocity_controllers
[23.525s] [ 72%] [32mBuilding CXX object CMakeFiles/test_load_joint_group_velocity_controller.dir/test/test_load_joint_group_velocity_controller.cpp.o[0m
[35.673s] [ 81%] [32m[1mLinking CXX executable test_load_joint_group_velocity_controller[0m
[37.234s] [ 81%] Built target test_load_joint_group_velocity_controller
[37.284s] [ 90%] [32mBuilding CXX object CMakeFiles/test_joint_group_velocity_controller.dir/test/test_joint_group_velocity_controller.cpp.o[0m
[37.743s] In file included from [01m[K/home/tejaswini/ros2_ws/src/ros-controls/ros2_controllers/forward_command_controller/include/forward_command_controller/forward_controllers_base.hpp:27[m[K,
[37.744s]                  from [01m[K/home/tejaswini/ros2_ws/src/ros-controls/ros2_controllers/forward_command_controller/include/forward_command_controller/forward_command_controller.hpp:22[m[K,
[37.744s]                  from [01m[K/home/tejaswini/ros2_ws/src/ros-controls/ros2_controllers/velocity_controllers/include/velocity_controllers/joint_group_velocity_controller.hpp:20[m[K,
[37.745s]                  from [01m[K/home/tejaswini/ros2_ws/src/ros-controls/ros2_controllers/velocity_controllers/test/test_joint_group_velocity_controller.hpp:27[m[K,
[37.746s]                  from [01m[K/home/tejaswini/ros2_ws/src/ros-controls/ros2_controllers/velocity_controllers/test/test_joint_group_velocity_controller.cpp:28[m[K:
[37.746s] [01m[K/home/tejaswini/ros2_ws/src/ros-controls/realtime_tools/include/realtime_tools/realtime_buffer.h:25:2:[m[K [01;35m[Kwarning: [m[K#warning "This header include is deprecated. Please update your code to use 'realtime_buffer.hpp' header." [[01;35m[K]8;;https://gcc.gnu.org/onlinedocs/gcc/Warning-Options.html#index-Wcpp-Wcpp]8;;[m[K]
[37.747s]    25 | #[01;35m[Kwarning[m[K \
[37.747s]       |  [01;35m[K^~~~~~~[m[K
[48.629s] [100%] [32m[1mLinking CXX executable test_joint_group_velocity_controller[0m
[49.248s] [100%] Built target test_joint_group_velocity_controller
[49.268s] Invoked command in '/home/tejaswini/ros2_ws/build/velocity_controllers' returned '0': AMENT_PREFIX_PATH=/home/tejaswini/ros2_ws/install/forward_command_controller:/home/tejaswini/ros2_ws/install/controller_manager:/home/tejaswini/ros2_ws/install/hardware_interface_testing:/home/tejaswini/ros2_ws/install/controller_interface:/home/tejaswini/ros2_ws/install/hardware_interface:/home/tejaswini/ros2_ws/install/ros2_control_test_assets:/home/tejaswini/ros2_ws/install/realtime_tools:/home/tejaswini/ros2_ws/install/controller_manager_msgs:/home/tejaswini/ros2_ws/install/control_msgs:${AMENT_PREFIX_PATH} CMAKE_PREFIX_PATH=/home/tejaswini/ros2_ws/install/forward_command_controller:/home/tejaswini/ros2_ws/install/controller_manager:/home/tejaswini/ros2_ws/install/hardware_interface_testing:/home/tejaswini/ros2_ws/install/controller_interface:/home/tejaswini/ros2_ws/install/hardware_interface:/home/tejaswini/ros2_ws/install/ros2_control_test_assets:/home/tejaswini/ros2_ws/install/realtime_tools:/home/tejaswini/ros2_ws/install/controller_manager_msgs:/home/tejaswini/ros2_ws/install/control_msgs:/home/tejaswini/ros2_ws/install/task1_pkg:/opt/ros/humble LD_LIBRARY_PATH=/home/tejaswini/ros2_ws/install/forward_command_controller/lib:/home/tejaswini/ros2_ws/install/controller_manager/lib:/home/tejaswini/ros2_ws/install/hardware_interface_testing/lib:/home/tejaswini/ros2_ws/install/controller_interface/lib:/home/tejaswini/ros2_ws/install/hardware_interface/lib:/home/tejaswini/ros2_ws/install/realtime_tools/lib:/home/tejaswini/ros2_ws/install/controller_manager_msgs/lib:/home/tejaswini/ros2_ws/install/control_msgs/lib:/usr/lib/x86_64-linux-gnu/gazebo-11/plugins:/opt/ros/humble/opt/rviz_ogre_vendor/lib:/opt/ros/humble/lib/x86_64-linux-gnu:/opt/ros/humble/lib:/usr/lib/x86_64-linux-gnu/gazebo-11/plugins PYTHONPATH=/home/tejaswini/ros2_ws/install/controller_manager/local/lib/python3.10/dist-packages:/home/tejaswini/ros2_ws/install/controller_manager_msgs/local/lib/python3.10/dist-packages:/home/tejaswini/ros2_ws/install/control_msgs/local/lib/python3.10/dist-packages:${PYTHONPATH} /usr/bin/cmake --build /home/tejaswini/ros2_ws/build/velocity_controllers -- -j16 -l16
[49.270s] Invoking command in '/home/tejaswini/ros2_ws/build/velocity_controllers': AMENT_PREFIX_PATH=/home/tejaswini/ros2_ws/install/forward_command_controller:/home/tejaswini/ros2_ws/install/controller_manager:/home/tejaswini/ros2_ws/install/hardware_interface_testing:/home/tejaswini/ros2_ws/install/controller_interface:/home/tejaswini/ros2_ws/install/hardware_interface:/home/tejaswini/ros2_ws/install/ros2_control_test_assets:/home/tejaswini/ros2_ws/install/realtime_tools:/home/tejaswini/ros2_ws/install/controller_manager_msgs:/home/tejaswini/ros2_ws/install/control_msgs:${AMENT_PREFIX_PATH} CMAKE_PREFIX_PATH=/home/tejaswini/ros2_ws/install/forward_command_controller:/home/tejaswini/ros2_ws/install/controller_manager:/home/tejaswini/ros2_ws/install/hardware_interface_testing:/home/tejaswini/ros2_ws/install/controller_interface:/home/tejaswini/ros2_ws/install/hardware_interface:/home/tejaswini/ros2_ws/install/ros2_control_test_assets:/home/tejaswini/ros2_ws/install/realtime_tools:/home/tejaswini/ros2_ws/install/controller_manager_msgs:/home/tejaswini/ros2_ws/install/control_msgs:/home/tejaswini/ros2_ws/install/task1_pkg:/opt/ros/humble LD_LIBRARY_PATH=/home/tejaswini/ros2_ws/install/forward_command_controller/lib:/home/tejaswini/ros2_ws/install/controller_manager/lib:/home/tejaswini/ros2_ws/install/hardware_interface_testing/lib:/home/tejaswini/ros2_ws/install/controller_interface/lib:/home/tejaswini/ros2_ws/install/hardware_interface/lib:/home/tejaswini/ros2_ws/install/realtime_tools/lib:/home/tejaswini/ros2_ws/install/controller_manager_msgs/lib:/home/tejaswini/ros2_ws/install/control_msgs/lib:/usr/lib/x86_64-linux-gnu/gazebo-11/plugins:/opt/ros/humble/opt/rviz_ogre_vendor/lib:/opt/ros/humble/lib/x86_64-linux-gnu:/opt/ros/humble/lib:/usr/lib/x86_64-linux-gnu/gazebo-11/plugins PYTHONPATH=/home/tejaswini/ros2_ws/install/controller_manager/local/lib/python3.10/dist-packages:/home/tejaswini/ros2_ws/install/controller_manager_msgs/local/lib/python3.10/dist-packages:/home/tejaswini/ros2_ws/install/control_msgs/local/lib/python3.10/dist-packages:${PYTHONPATH} /usr/bin/cmake --install /home/tejaswini/ros2_ws/build/velocity_controllers
[49.291s] -- Install configuration: ""
[49.292s] -- Execute custom install script
[49.293s] -- Symlinking: /home/tejaswini/ros2_ws/install/velocity_controllers/share/velocity_controllers//velocity_controllers_plugins.xml
[49.307s] -- Symlinking: /home/tejaswini/ros2_ws/install/velocity_controllers/include/velocity_controllers/velocity_controllers/joint_group_velocity_controller.hpp
[49.318s] -- Symlinking: /home/tejaswini/ros2_ws/install/velocity_controllers/include/velocity_controllers/velocity_controllers/visibility_control.h
[49.335s] -- Symlinking: /home/tejaswini/ros2_ws/install/velocity_controllers/share/velocity_controllers/environment/library_path.sh
[49.345s] -- Symlinking: /home/tejaswini/ros2_ws/install/velocity_controllers/share/velocity_controllers/environment/library_path.dsv
[49.356s] -- Symlinking: /home/tejaswini/ros2_ws/install/velocity_controllers/share/ament_index/resource_index/package_run_dependencies/velocity_controllers
[49.384s] -- Symlinking: /home/tejaswini/ros2_ws/install/velocity_controllers/share/ament_index/resource_index/parent_prefix_path/velocity_controllers
[49.396s] -- Symlinking: /home/tejaswini/ros2_ws/install/velocity_controllers/share/velocity_controllers/environment/ament_prefix_path.sh
[49.408s] -- Symlinking: /home/tejaswini/ros2_ws/install/velocity_controllers/share/velocity_controllers/environment/ament_prefix_path.dsv
[49.420s] -- Symlinking: /home/tejaswini/ros2_ws/install/velocity_controllers/share/velocity_controllers/environment/path.sh
[49.435s] -- Symlinking: /home/tejaswini/ros2_ws/install/velocity_controllers/share/velocity_controllers/environment/path.dsv
[49.449s] -- Symlinking: /home/tejaswini/ros2_ws/install/velocity_controllers/share/velocity_controllers/local_setup.bash
[49.462s] -- Symlinking: /home/tejaswini/ros2_ws/install/velocity_controllers/share/velocity_controllers/local_setup.sh
[49.476s] -- Symlinking: /home/tejaswini/ros2_ws/install/velocity_controllers/share/velocity_controllers/local_setup.zsh
[49.491s] -- Symlinking: /home/tejaswini/ros2_ws/install/velocity_controllers/share/velocity_controllers/local_setup.dsv
[49.504s] -- Symlinking: /home/tejaswini/ros2_ws/install/velocity_controllers/share/velocity_controllers/package.dsv
[49.518s] -- Symlinking: /home/tejaswini/ros2_ws/install/velocity_controllers/share/ament_index/resource_index/packages/velocity_controllers
[49.533s] -- Symlinking: /home/tejaswini/ros2_ws/install/velocity_controllers/share/ament_index/resource_index/controller_interface__pluginlib__plugin/velocity_controllers
[49.557s] -- Symlinking: /home/tejaswini/ros2_ws/install/velocity_controllers/share/velocity_controllers/cmake/ament_cmake_export_targets-extras.cmake
[49.568s] -- Symlinking: /home/tejaswini/ros2_ws/install/velocity_controllers/share/velocity_controllers/cmake/ament_cmake_export_dependencies-extras.cmake
[49.578s] -- Symlinking: /home/tejaswini/ros2_ws/install/velocity_controllers/share/velocity_controllers/cmake/velocity_controllersConfig.cmake
[49.590s] -- Symlinking: /home/tejaswini/ros2_ws/install/velocity_controllers/share/velocity_controllers/cmake/velocity_controllersConfig-version.cmake
[49.607s] -- Symlinking: /home/tejaswini/ros2_ws/install/velocity_controllers/share/velocity_controllers/package.xml
[49.634s] -- Installing: /home/tejaswini/ros2_ws/install/velocity_controllers/lib/libvelocity_controllers.so
[49.635s] -- Set runtime path of "/home/tejaswini/ros2_ws/install/velocity_controllers/lib/libvelocity_controllers.so" to ""
[49.635s] -- Installing: /home/tejaswini/ros2_ws/install/velocity_controllers/share/velocity_controllers/cmake/export_velocity_controllersExport.cmake
[49.635s] -- Installing: /home/tejaswini/ros2_ws/install/velocity_controllers/share/velocity_controllers/cmake/export_velocity_controllersExport-noconfig.cmake
[49.638s] Invoked command in '/home/tejaswini/ros2_ws/build/velocity_controllers' returned '0': AMENT_PREFIX_PATH=/home/tejaswini/ros2_ws/install/forward_command_controller:/home/tejaswini/ros2_ws/install/controller_manager:/home/tejaswini/ros2_ws/install/hardware_interface_testing:/home/tejaswini/ros2_ws/install/controller_interface:/home/tejaswini/ros2_ws/install/hardware_interface:/home/tejaswini/ros2_ws/install/ros2_control_test_assets:/home/tejaswini/ros2_ws/install/realtime_tools:/home/tejaswini/ros2_ws/install/controller_manager_msgs:/home/tejaswini/ros2_ws/install/control_msgs:${AMENT_PREFIX_PATH} CMAKE_PREFIX_PATH=/home/tejaswini/ros2_ws/install/forward_command_controller:/home/tejaswini/ros2_ws/install/controller_manager:/home/tejaswini/ros2_ws/install/hardware_interface_testing:/home/tejaswini/ros2_ws/install/controller_interface:/home/tejaswini/ros2_ws/install/hardware_interface:/home/tejaswini/ros2_ws/install/ros2_control_test_assets:/home/tejaswini/ros2_ws/install/realtime_tools:/home/tejaswini/ros2_ws/install/controller_manager_msgs:/home/tejaswini/ros2_ws/install/control_msgs:/home/tejaswini/ros2_ws/install/task1_pkg:/opt/ros/humble LD_LIBRARY_PATH=/home/tejaswini/ros2_ws/install/forward_command_controller/lib:/home/tejaswini/ros2_ws/install/controller_manager/lib:/home/tejaswini/ros2_ws/install/hardware_interface_testing/lib:/home/tejaswini/ros2_ws/install/controller_interface/lib:/home/tejaswini/ros2_ws/install/hardware_interface/lib:/home/tejaswini/ros2_ws/install/realtime_tools/lib:/home/tejaswini/ros2_ws/install/controller_manager_msgs/lib:/home/tejaswini/ros2_ws/install/control_msgs/lib:/usr/lib/x86_64-linux-gnu/gazebo-11/plugins:/opt/ros/humble/opt/rviz_ogre_vendor/lib:/opt/ros/humble/lib/x86_64-linux-gnu:/opt/ros/humble/lib:/usr/lib/x86_64-linux-gnu/gazebo-11/plugins PYTHONPATH=/home/tejaswini/ros2_ws/install/controller_manager/local/lib/python3.10/dist-packages:/home/tejaswini/ros2_ws/install/controller_manager_msgs/local/lib/python3.10/dist-packages:/home/tejaswini/ros2_ws/install/control_msgs/local/lib/python3.10/dist-packages:${PYTHONPATH} /usr/bin/cmake --install /home/tejaswini/ros2_ws/build/velocity_controllers
