-- The CXX compiler identification is GNU 11.4.0
-- Detecting CXX compiler ABI info
-- Detecting CXX compiler ABI info - done
-- Check for working CXX compiler: /usr/bin/c++ - skipped
-- Detecting CXX compile features
-- Detecting CXX compile features - done
-- Found ament_cmake: 1.3.11 (/opt/ros/humble/share/ament_cmake/cmake)
-- Found Python3: /usr/bin/python3 (found version "3.10.12") found components: Interpreter 
-- Override CMake install command with custom implementation using symlinks instead of copying resources
-- Found ament_cmake_pytest: 1.3.11 (/opt/ros/humble/share/ament_cmake_pytest/cmake)
-- Configuring done
-- Generating done
-- Build files have been written to: /home/tejaswini/ros2_ws/build/ros2_control_demo_example_13
-- Install configuration: ""
-- Execute custom install script
-- Symlinking: /home/tejaswini/ros2_ws/install/ros2_control_demo_example_13/share/ros2_control_demo_example_13/ros2_control/threedofbot.ros2_control.xacro
-- Symlinking: /home/tejaswini/ros2_ws/install/ros2_control_demo_example_13/share/ros2_control_demo_example_13/urdf/three_robots.urdf.xacro
-- Symlinking: /home/tejaswini/ros2_ws/install/ros2_control_demo_example_13/share/ros2_control_demo_example_13/rviz/three_robots.rviz
-- Symlinking: /home/tejaswini/ros2_ws/install/ros2_control_demo_example_13/share/ros2_control_demo_example_13/launch/three_robots.launch.py
-- Symlinking: /home/tejaswini/ros2_ws/install/ros2_control_demo_example_13/share/ros2_control_demo_example_13/config/three_robots_controllers.yaml
-- Symlinking: /home/tejaswini/ros2_ws/install/ros2_control_demo_example_13/share/ros2_control_demo_example_13/config/three_robots_position_command_publishers.yaml
-- Symlinking: /home/tejaswini/ros2_ws/install/ros2_control_demo_example_13/share/ament_index/resource_index/package_run_dependencies/ros2_control_demo_example_13
-- Symlinking: /home/tejaswini/ros2_ws/install/ros2_control_demo_example_13/share/ament_index/resource_index/parent_prefix_path/ros2_control_demo_example_13
-- Symlinking: /home/tejaswini/ros2_ws/install/ros2_control_demo_example_13/share/ros2_control_demo_example_13/environment/ament_prefix_path.sh
-- Symlinking: /home/tejaswini/ros2_ws/install/ros2_control_demo_example_13/share/ros2_control_demo_example_13/environment/ament_prefix_path.dsv
-- Symlinking: /home/tejaswini/ros2_ws/install/ros2_control_demo_example_13/share/ros2_control_demo_example_13/environment/path.sh
-- Symlinking: /home/tejaswini/ros2_ws/install/ros2_control_demo_example_13/share/ros2_control_demo_example_13/environment/path.dsv
-- Symlinking: /home/tejaswini/ros2_ws/install/ros2_control_demo_example_13/share/ros2_control_demo_example_13/local_setup.bash
-- Symlinking: /home/tejaswini/ros2_ws/install/ros2_control_demo_example_13/share/ros2_control_demo_example_13/local_setup.sh
-- Symlinking: /home/tejaswini/ros2_ws/install/ros2_control_demo_example_13/share/ros2_control_demo_example_13/local_setup.zsh
-- Symlinking: /home/tejaswini/ros2_ws/install/ros2_control_demo_example_13/share/ros2_control_demo_example_13/local_setup.dsv
-- Symlinking: /home/tejaswini/ros2_ws/install/ros2_control_demo_example_13/share/ros2_control_demo_example_13/package.dsv
-- Symlinking: /home/tejaswini/ros2_ws/install/ros2_control_demo_example_13/share/ament_index/resource_index/packages/ros2_control_demo_example_13
-- Symlinking: /home/tejaswini/ros2_ws/install/ros2_control_demo_example_13/share/ros2_control_demo_example_13/cmake/ros2_control_demo_example_13Config.cmake
-- Symlinking: /home/tejaswini/ros2_ws/install/ros2_control_demo_example_13/share/ros2_control_demo_example_13/cmake/ros2_control_demo_example_13Config-version.cmake
-- Symlinking: /home/tejaswini/ros2_ws/install/ros2_control_demo_example_13/share/ros2_control_demo_example_13/package.xml
