[0.020s] Invoking command in '/home/tejaswini/ros2_ws/build/realtime_tools': CMAKE_PREFIX_PATH=/home/tejaswini/ros2_ws/install/task1_pkg:/opt/ros/humble /usr/bin/cmake /home/tejaswini/ros2_ws/src/ros-controls/realtime_tools -DAMENT_CMAKE_SYMLINK_INSTALL=1 -DCMAKE_INSTALL_PREFIX=/home/tejaswini/ros2_ws/install/realtime_tools
[0.230s] -- The CXX compiler identification is GNU 11.4.0
[0.230s] -- Detecting CXX compiler ABI info
[0.231s] -- Detecting CXX compiler ABI info - done
[0.231s] -- Check for working CXX compiler: /usr/bin/c++ - skipped
[0.231s] -- Detecting CXX compile features
[0.231s] -- Detecting CXX compile features - done
[0.235s] -- Found ament_cmake: 1.3.11 (/opt/ros/humble/share/ament_cmake/cmake)
[0.401s] -- Found Python3: /usr/bin/python3 (found version "3.10.12") found components: Interpreter 
[0.464s] -- Override CMake install command with custom implementation using symlinks instead of copying resources
[0.513s] -- Found rclcpp: 16.0.11 (/opt/ros/humble/share/rclcpp/cmake)
[0.586s] -- Found rosidl_generator_c: 3.1.6 (/opt/ros/humble/share/rosidl_generator_c/cmake)
[0.594s] -- Found rosidl_adapter: 3.1.6 (/opt/ros/humble/share/rosidl_adapter/cmake)
[0.609s] -- Found rosidl_generator_cpp: 3.1.6 (/opt/ros/humble/share/rosidl_generator_cpp/cmake)
[0.630s] -- Using all available rosidl_typesupport_c: rosidl_typesupport_fastrtps_c;rosidl_typesupport_introspection_c
[0.655s] -- Using all available rosidl_typesupport_cpp: rosidl_typesupport_fastrtps_cpp;rosidl_typesupport_introspection_cpp
[0.716s] -- Found rmw_implementation_cmake: 6.1.2 (/opt/ros/humble/share/rmw_implementation_cmake/cmake)
[0.721s] -- Found rmw_fastrtps_cpp: 6.2.7 (/opt/ros/humble/share/rmw_fastrtps_cpp/cmake)
[0.823s] -- Found OpenSSL: /usr/lib/x86_64-linux-gnu/libcrypto.so (found version "3.0.2")  
[0.858s] -- Found FastRTPS: /opt/ros/humble/include  
[0.896s] -- Using RMW implementation 'rmw_fastrtps_cpp' as default
[0.907s] -- Looking for C++ include pthread.h
[0.999s] -- Looking for C++ include pthread.h - found
[1.000s] -- Performing Test CMAKE_HAVE_LIBC_PTHREAD
[1.086s] -- Performing Test CMAKE_HAVE_LIBC_PTHREAD - Success
[1.087s] -- Found Threads: TRUE  
[1.148s] -- Found rclcpp_action: 16.0.11 (/opt/ros/humble/share/rclcpp_action/cmake)
[1.182s] -- Found ament_cmake_gmock: 1.3.11 (/opt/ros/humble/share/ament_cmake_gmock/cmake)
[1.183s] -- Found lifecycle_msgs: 1.2.1 (/opt/ros/humble/share/lifecycle_msgs/cmake)
[1.192s] -- Found rclcpp_lifecycle: 16.0.11 (/opt/ros/humble/share/rclcpp_lifecycle/cmake)
[1.201s] -- Found test_msgs: 1.2.1 (/opt/ros/humble/share/test_msgs/cmake)
[1.216s] -- Found gmock sources under '/opt/ros/humble/src/gmock_vendor': C++ tests using 'Google Mock' will be built
[1.261s] -- The C compiler identification is GNU 11.4.0
[1.268s] -- Detecting C compiler ABI info
[1.331s] -- Detecting C compiler ABI info - done
[1.342s] -- Check for working C compiler: /usr/bin/cc - skipped
[1.343s] -- Detecting C compile features
[1.343s] -- Detecting C compile features - done
[1.348s] -- Found ament_cmake_gtest: 1.3.11 (/opt/ros/humble/share/ament_cmake_gtest/cmake)
[1.350s] -- Found gtest sources under '/opt/ros/humble/src/gtest_vendor': C++ tests using 'Google Test' will be built
[1.418s] -- Configuring done
[1.450s] -- Generating done
[1.463s] -- Build files have been written to: /home/tejaswini/ros2_ws/build/realtime_tools
[1.475s] Invoked command in '/home/tejaswini/ros2_ws/build/realtime_tools' returned '0': CMAKE_PREFIX_PATH=/home/tejaswini/ros2_ws/install/task1_pkg:/opt/ros/humble /usr/bin/cmake /home/tejaswini/ros2_ws/src/ros-controls/realtime_tools -DAMENT_CMAKE_SYMLINK_INSTALL=1 -DCMAKE_INSTALL_PREFIX=/home/tejaswini/ros2_ws/install/realtime_tools
[1.476s] Invoking command in '/home/tejaswini/ros2_ws/build/realtime_tools': CMAKE_PREFIX_PATH=/home/tejaswini/ros2_ws/install/task1_pkg:/opt/ros/humble /usr/bin/cmake --build /home/tejaswini/ros2_ws/build/realtime_tools -- -j16 -l16
[1.521s] [  3%] [32mBuilding CXX object CMakeFiles/thread_priority.dir/src/realtime_helpers.cpp.o[0m
[1.525s] [  7%] [32mBuilding CXX object gmock/CMakeFiles/gmock_main.dir/src/gmock_main.cc.o[0m
[1.527s] [ 15%] [32mBuilding CXX object gmock/CMakeFiles/gmock.dir/src/gmock-all.cc.o[0m
[1.527s] [ 15%] [32mBuilding CXX object gmock/CMakeFiles/gmock.dir/opt/ros/humble/src/gtest_vendor/src/gtest-all.cc.o[0m
[1.529s] [ 19%] [32mBuilding CXX object CMakeFiles/realtime_tools.dir/src/realtime_clock.cpp.o[0m
[1.530s] [ 23%] [32mBuilding CXX object CMakeFiles/realtime_tools.dir/src/realtime_helpers.cpp.o[0m
[2.220s] [ 26%] [32m[1mLinking CXX shared library libthread_priority.so[0m
[2.347s] [ 26%] Built target thread_priority
[2.829s] [ 30%] [32m[1mLinking CXX shared library librealtime_tools.so[0m
[2.984s] [ 30%] Built target realtime_tools
[3.423s] [ 34%] [32m[1mLinking CXX static library libgmock_main.a[0m
[3.473s] [ 34%] Built target gmock_main
[6.679s] [ 38%] [32m[1mLinking CXX static library libgmock.a[0m
[6.896s] [ 38%] Built target gmock
[6.958s] [ 42%] [32mBuilding CXX object CMakeFiles/thread_priority_tests.dir/test/thread_priority_tests.cpp.o[0m
[6.976s] [ 46%] [32mBuilding CXX object CMakeFiles/realtime_buffer_tests.dir/test/realtime_buffer_tests.cpp.o[0m
[6.976s] [ 50%] [32mBuilding CXX object CMakeFiles/realtime_box_tests.dir/test/realtime_box_tests.cpp.o[0m
[6.985s] [ 53%] [32mBuilding CXX object CMakeFiles/realtime_clock_tests.dir/test/realtime_clock_tests.cpp.o[0m
[6.994s] [ 57%] [32mBuilding CXX object CMakeFiles/realtime_publisher_tests.dir/test/realtime_publisher_tests.cpp.o[0m
[7.006s] [ 61%] [32mBuilding CXX object CMakeFiles/realtime_server_goal_handle_tests.dir/test/realtime_server_goal_handle_tests.cpp.o[0m
[7.009s] [ 65%] [32mBuilding CXX object CMakeFiles/realtime_publisher_tests_non_polling.dir/test/realtime_publisher_tests_non_polling.cpp.o[0m
[7.009s] [ 69%] [32mBuilding CXX object CMakeFiles/test_async_function_handler.dir/test/test_async_function_handler.cpp.o[0m
[9.783s] [ 73%] [32m[1mLinking CXX executable realtime_box_tests[0m
[10.208s] [ 73%] Built target realtime_box_tests
[10.306s] [ 76%] [32m[1mLinking CXX executable realtime_buffer_tests[0m
[10.343s] [ 80%] [32m[1mLinking CXX executable thread_priority_tests[0m
[10.587s] [ 80%] Built target realtime_buffer_tests
[10.599s] [ 80%] Built target thread_priority_tests
[10.676s] [ 84%] [32m[1mLinking CXX executable realtime_clock_tests[0m
[10.942s] [ 84%] Built target realtime_clock_tests
[17.454s] [ 88%] [32m[1mLinking CXX executable test_async_function_handler[0m
[18.265s] [ 88%] Built target test_async_function_handler
[24.411s] [ 92%] [32m[1mLinking CXX executable realtime_server_goal_handle_tests[0m
[24.895s] [ 92%] Built target realtime_server_goal_handle_tests
[25.200s] [ 96%] [32m[1mLinking CXX executable realtime_publisher_tests_non_polling[0m
[25.821s] [ 96%] Built target realtime_publisher_tests_non_polling
[27.196s] [100%] [32m[1mLinking CXX executable realtime_publisher_tests[0m
[27.774s] [100%] Built target realtime_publisher_tests
[27.795s] Invoked command in '/home/tejaswini/ros2_ws/build/realtime_tools' returned '0': CMAKE_PREFIX_PATH=/home/tejaswini/ros2_ws/install/task1_pkg:/opt/ros/humble /usr/bin/cmake --build /home/tejaswini/ros2_ws/build/realtime_tools -- -j16 -l16
[27.802s] Invoking command in '/home/tejaswini/ros2_ws/build/realtime_tools': CMAKE_PREFIX_PATH=/home/tejaswini/ros2_ws/install/task1_pkg:/opt/ros/humble /usr/bin/cmake --install /home/tejaswini/ros2_ws/build/realtime_tools
[27.812s] -- Install configuration: ""
[27.813s] -- Execute custom install script
[27.814s] -- Symlinking: /home/tejaswini/ros2_ws/install/realtime_tools/include/realtime_tools/realtime_tools/async_function_handler.hpp
[27.824s] -- Symlinking: /home/tejaswini/ros2_ws/install/realtime_tools/include/realtime_tools/realtime_tools/realtime_box.h
[27.840s] -- Symlinking: /home/tejaswini/ros2_ws/install/realtime_tools/include/realtime_tools/realtime_tools/realtime_box.hpp
[27.858s] -- Symlinking: /home/tejaswini/ros2_ws/install/realtime_tools/include/realtime_tools/realtime_tools/realtime_box_best_effort.h
[27.871s] -- Symlinking: /home/tejaswini/ros2_ws/install/realtime_tools/include/realtime_tools/realtime_tools/realtime_buffer.h
[27.884s] -- Symlinking: /home/tejaswini/ros2_ws/install/realtime_tools/include/realtime_tools/realtime_tools/realtime_buffer.hpp
[27.898s] -- Symlinking: /home/tejaswini/ros2_ws/install/realtime_tools/include/realtime_tools/realtime_tools/realtime_clock.h
[27.910s] -- Symlinking: /home/tejaswini/ros2_ws/install/realtime_tools/include/realtime_tools/realtime_tools/realtime_clock.hpp
[27.926s] -- Symlinking: /home/tejaswini/ros2_ws/install/realtime_tools/include/realtime_tools/realtime_tools/realtime_helpers.hpp
[27.942s] -- Symlinking: /home/tejaswini/ros2_ws/install/realtime_tools/include/realtime_tools/realtime_tools/realtime_publisher.h
[27.958s] -- Symlinking: /home/tejaswini/ros2_ws/install/realtime_tools/include/realtime_tools/realtime_tools/realtime_publisher.hpp
[27.974s] -- Symlinking: /home/tejaswini/ros2_ws/install/realtime_tools/include/realtime_tools/realtime_tools/realtime_server_goal_handle.h
[27.990s] -- Symlinking: /home/tejaswini/ros2_ws/install/realtime_tools/include/realtime_tools/realtime_tools/realtime_server_goal_handle.hpp
[28.006s] -- Symlinking: /home/tejaswini/ros2_ws/install/realtime_tools/include/realtime_tools/realtime_tools/thread_priority.hpp
[28.023s] -- Symlinking: /home/tejaswini/ros2_ws/install/realtime_tools/share/realtime_tools/environment/library_path.sh
[28.036s] -- Symlinking: /home/tejaswini/ros2_ws/install/realtime_tools/share/realtime_tools/environment/library_path.dsv
[28.060s] -- Symlinking: /home/tejaswini/ros2_ws/install/realtime_tools/share/ament_index/resource_index/package_run_dependencies/realtime_tools
[28.071s] -- Symlinking: /home/tejaswini/ros2_ws/install/realtime_tools/share/ament_index/resource_index/parent_prefix_path/realtime_tools
[28.086s] -- Symlinking: /home/tejaswini/ros2_ws/install/realtime_tools/share/realtime_tools/environment/ament_prefix_path.sh
[28.101s] -- Symlinking: /home/tejaswini/ros2_ws/install/realtime_tools/share/realtime_tools/environment/ament_prefix_path.dsv
[28.117s] -- Symlinking: /home/tejaswini/ros2_ws/install/realtime_tools/share/realtime_tools/environment/path.sh
[28.131s] -- Symlinking: /home/tejaswini/ros2_ws/install/realtime_tools/share/realtime_tools/environment/path.dsv
[28.156s] -- Symlinking: /home/tejaswini/ros2_ws/install/realtime_tools/share/realtime_tools/local_setup.bash
[28.170s] -- Symlinking: /home/tejaswini/ros2_ws/install/realtime_tools/share/realtime_tools/local_setup.sh
[28.186s] -- Symlinking: /home/tejaswini/ros2_ws/install/realtime_tools/share/realtime_tools/local_setup.zsh
[28.195s] -- Symlinking: /home/tejaswini/ros2_ws/install/realtime_tools/share/realtime_tools/local_setup.dsv
[28.211s] -- Symlinking: /home/tejaswini/ros2_ws/install/realtime_tools/share/realtime_tools/package.dsv
[28.227s] -- Symlinking: /home/tejaswini/ros2_ws/install/realtime_tools/share/ament_index/resource_index/packages/realtime_tools
[28.237s] -- Symlinking: /home/tejaswini/ros2_ws/install/realtime_tools/share/realtime_tools/cmake/ament_cmake_export_targets-extras.cmake
[28.252s] -- Symlinking: /home/tejaswini/ros2_ws/install/realtime_tools/share/realtime_tools/cmake/ament_cmake_export_dependencies-extras.cmake
[28.268s] -- Symlinking: /home/tejaswini/ros2_ws/install/realtime_tools/share/realtime_tools/cmake/realtime_toolsConfig.cmake
[28.284s] -- Symlinking: /home/tejaswini/ros2_ws/install/realtime_tools/share/realtime_tools/cmake/realtime_toolsConfig-version.cmake
[28.300s] -- Symlinking: /home/tejaswini/ros2_ws/install/realtime_tools/share/realtime_tools/package.xml
[28.314s] -- Installing: /home/tejaswini/ros2_ws/install/realtime_tools/lib/librealtime_tools.so
[28.317s] -- Set runtime path of "/home/tejaswini/ros2_ws/install/realtime_tools/lib/librealtime_tools.so" to ""
[28.318s] -- Installing: /home/tejaswini/ros2_ws/install/realtime_tools/lib/libthread_priority.so
[28.320s] -- Set runtime path of "/home/tejaswini/ros2_ws/install/realtime_tools/lib/libthread_priority.so" to ""
[28.321s] -- Installing: /home/tejaswini/ros2_ws/install/realtime_tools/share/realtime_tools/cmake/export_realtime_toolsExport.cmake
[28.322s] -- Installing: /home/tejaswini/ros2_ws/install/realtime_tools/share/realtime_tools/cmake/export_realtime_toolsExport-noconfig.cmake
[28.335s] Invoked command in '/home/tejaswini/ros2_ws/build/realtime_tools' returned '0': CMAKE_PREFIX_PATH=/home/tejaswini/ros2_ws/install/task1_pkg:/opt/ros/humble /usr/bin/cmake --install /home/tejaswini/ros2_ws/build/realtime_tools
